[0.534s] Invoking command in '/home/ritesh/rc-car/ros2_ws/src/my_robot_controller': PYTHONPATH=/home/ritesh/rc-car/ros2_ws/build/my_robot_controller/prefix_override:/usr/local/lib/python3.10/dist-packages/colcon_core/task/python/colcon_distutils_commands:/home/ritesh/rc-car/ros2_ws/install/my_robot_controller/lib/python3.10/site-packages:${PYTHONPATH} /usr/bin/python3 -W ignore:setup.py install is deprecated setup.py egg_info --egg-base ../../build/my_robot_controller build --build-base /home/ritesh/rc-car/ros2_ws/build/my_robot_controller/build install --record /home/ritesh/rc-car/ros2_ws/build/my_robot_controller/install.log --single-version-externally-managed install_data
[0.701s] running egg_info
[0.702s] writing ../../build/my_robot_controller/my_robot_controller.egg-info/PKG-INFO
[0.702s] writing dependency_links to ../../build/my_robot_controller/my_robot_controller.egg-info/dependency_links.txt
[0.702s] writing entry points to ../../build/my_robot_controller/my_robot_controller.egg-info/entry_points.txt
[0.702s] writing requirements to ../../build/my_robot_controller/my_robot_controller.egg-info/requires.txt
[0.702s] writing top-level names to ../../build/my_robot_controller/my_robot_controller.egg-info/top_level.txt
[0.704s] reading manifest file '../../build/my_robot_controller/my_robot_controller.egg-info/SOURCES.txt'
[0.704s] writing manifest file '../../build/my_robot_controller/my_robot_controller.egg-info/SOURCES.txt'
[0.704s] running build
[0.704s] running build_py
[0.705s] copying my_robot_controller/turtle_controller.py -> /home/ritesh/rc-car/ros2_ws/build/my_robot_controller/build/lib/my_robot_controller
[0.705s] running install
[0.705s] running install_lib
[0.706s] copying /home/ritesh/rc-car/ros2_ws/build/my_robot_controller/build/lib/my_robot_controller/turtle_controller.py -> /home/ritesh/rc-car/ros2_ws/install/my_robot_controller/lib/python3.10/site-packages/my_robot_controller
[0.706s] byte-compiling /home/ritesh/rc-car/ros2_ws/install/my_robot_controller/lib/python3.10/site-packages/my_robot_controller/turtle_controller.py to turtle_controller.cpython-310.pyc
[0.707s] running install_data
[0.707s] running install_egg_info
[0.708s] removing '/home/ritesh/rc-car/ros2_ws/install/my_robot_controller/lib/python3.10/site-packages/my_robot_controller-0.0.0-py3.10.egg-info' (and everything under it)
[0.709s] Copying ../../build/my_robot_controller/my_robot_controller.egg-info to /home/ritesh/rc-car/ros2_ws/install/my_robot_controller/lib/python3.10/site-packages/my_robot_controller-0.0.0-py3.10.egg-info
[0.709s] running install_scripts
[0.726s] Installing draw_circle script to /home/ritesh/rc-car/ros2_ws/install/my_robot_controller/lib/my_robot_controller
[0.727s] Installing pose_subscriber script to /home/ritesh/rc-car/ros2_ws/install/my_robot_controller/lib/my_robot_controller
[0.727s] Installing test_node script to /home/ritesh/rc-car/ros2_ws/install/my_robot_controller/lib/my_robot_controller
[0.727s] Installing turtle_controller script to /home/ritesh/rc-car/ros2_ws/install/my_robot_controller/lib/my_robot_controller
[0.727s] writing list of installed files to '/home/ritesh/rc-car/ros2_ws/build/my_robot_controller/install.log'
[0.745s] Invoked command in '/home/ritesh/rc-car/ros2_ws/src/my_robot_controller' returned '0': PYTHONPATH=/home/ritesh/rc-car/ros2_ws/build/my_robot_controller/prefix_override:/usr/local/lib/python3.10/dist-packages/colcon_core/task/python/colcon_distutils_commands:/home/ritesh/rc-car/ros2_ws/install/my_robot_controller/lib/python3.10/site-packages:${PYTHONPATH} /usr/bin/python3 -W ignore:setup.py install is deprecated setup.py egg_info --egg-base ../../build/my_robot_controller build --build-base /home/ritesh/rc-car/ros2_ws/build/my_robot_controller/build install --record /home/ritesh/rc-car/ros2_ws/build/my_robot_controller/install.log --single-version-externally-managed install_data
