[0.023s] Invoking command in '/home/ritesh/rc-car/ros2ws/build/rslidar_sdk': CMAKE_PREFIX_PATH=/home/ritesh/rc-car/ros2ws/install/rslidar_msg:/home/ritesh/rc-car/ros2ws/install/rslidar_sdk:/home/ritesh/rc-car/ros2ws/install/eufs_msgs:/opt/ros/humble LD_LIBRARY_PATH=/home/ritesh/rc-car/ros2ws/install/rslidar_msg/lib:/home/ritesh/rc-car/ros2ws/install/pcap/lib:/home/ritesh/rc-car/ros2ws/install/eufs_msgs/lib:/usr/lib/x86_64-linux-gnu/gazebo-11/plugins:/opt/ros/humble/opt/rviz_ogre_vendor/lib:/opt/ros/humble/lib/x86_64-linux-gnu:/opt/ros/humble/lib:/lib/hsl-install/lib /usr/bin/cmake --build /home/ritesh/rc-car/ros2ws/build/rslidar_sdk -- -j8 -l8
[0.092s] [100%] Built target rslidar_sdk_node
[0.104s] Invoked command in '/home/ritesh/rc-car/ros2ws/build/rslidar_sdk' returned '0': CMAKE_PREFIX_PATH=/home/ritesh/rc-car/ros2ws/install/rslidar_msg:/home/ritesh/rc-car/ros2ws/install/rslidar_sdk:/home/ritesh/rc-car/ros2ws/install/eufs_msgs:/opt/ros/humble LD_LIBRARY_PATH=/home/ritesh/rc-car/ros2ws/install/rslidar_msg/lib:/home/ritesh/rc-car/ros2ws/install/pcap/lib:/home/ritesh/rc-car/ros2ws/install/eufs_msgs/lib:/usr/lib/x86_64-linux-gnu/gazebo-11/plugins:/opt/ros/humble/opt/rviz_ogre_vendor/lib:/opt/ros/humble/lib/x86_64-linux-gnu:/opt/ros/humble/lib:/lib/hsl-install/lib /usr/bin/cmake --build /home/ritesh/rc-car/ros2ws/build/rslidar_sdk -- -j8 -l8
[0.143s] Invoking command in '/home/ritesh/rc-car/ros2ws/build/rslidar_sdk': CMAKE_PREFIX_PATH=/home/ritesh/rc-car/ros2ws/install/rslidar_msg:/home/ritesh/rc-car/ros2ws/install/rslidar_sdk:/home/ritesh/rc-car/ros2ws/install/eufs_msgs:/opt/ros/humble LD_LIBRARY_PATH=/home/ritesh/rc-car/ros2ws/install/rslidar_msg/lib:/home/ritesh/rc-car/ros2ws/install/pcap/lib:/home/ritesh/rc-car/ros2ws/install/eufs_msgs/lib:/usr/lib/x86_64-linux-gnu/gazebo-11/plugins:/opt/ros/humble/opt/rviz_ogre_vendor/lib:/opt/ros/humble/lib/x86_64-linux-gnu:/opt/ros/humble/lib:/lib/hsl-install/lib /usr/bin/cmake --install /home/ritesh/rc-car/ros2ws/build/rslidar_sdk
[0.149s] -- Install configuration: "Release"
[0.149s] -- Up-to-date: /home/ritesh/rc-car/ros2ws/install/rslidar_sdk/lib/rslidar_sdk/rslidar_sdk_node
[0.149s] -- Up-to-date: /home/ritesh/rc-car/ros2ws/install/rslidar_sdk/share/rslidar_sdk/launch
[0.150s] -- Up-to-date: /home/ritesh/rc-car/ros2ws/install/rslidar_sdk/share/rslidar_sdk/launch/start.py
[0.150s] -- Up-to-date: /home/ritesh/rc-car/ros2ws/install/rslidar_sdk/share/rslidar_sdk/launch/start.launch
[0.150s] -- Up-to-date: /home/ritesh/rc-car/ros2ws/install/rslidar_sdk/share/rslidar_sdk/launch/elequent_start.py
[0.150s] -- Up-to-date: /home/ritesh/rc-car/ros2ws/install/rslidar_sdk/share/rslidar_sdk/rviz
[0.150s] -- Up-to-date: /home/ritesh/rc-car/ros2ws/install/rslidar_sdk/share/rslidar_sdk/rviz/rviz.rviz
[0.150s] -- Up-to-date: /home/ritesh/rc-car/ros2ws/install/rslidar_sdk/share/rslidar_sdk/rviz/rviz2.rviz
[0.151s] -- Up-to-date: /home/ritesh/rc-car/ros2ws/install/rslidar_sdk/share/ament_index/resource_index/package_run_dependencies/rslidar_sdk
[0.151s] -- Up-to-date: /home/ritesh/rc-car/ros2ws/install/rslidar_sdk/share/ament_index/resource_index/parent_prefix_path/rslidar_sdk
[0.151s] -- Up-to-date: /home/ritesh/rc-car/ros2ws/install/rslidar_sdk/share/rslidar_sdk/environment/ament_prefix_path.sh
[0.151s] -- Up-to-date: /home/ritesh/rc-car/ros2ws/install/rslidar_sdk/share/rslidar_sdk/environment/ament_prefix_path.dsv
[0.151s] -- Up-to-date: /home/ritesh/rc-car/ros2ws/install/rslidar_sdk/share/rslidar_sdk/environment/path.sh
[0.152s] -- Up-to-date: /home/ritesh/rc-car/ros2ws/install/rslidar_sdk/share/rslidar_sdk/environment/path.dsv
[0.152s] -- Up-to-date: /home/ritesh/rc-car/ros2ws/install/rslidar_sdk/share/rslidar_sdk/local_setup.bash
[0.152s] -- Up-to-date: /home/ritesh/rc-car/ros2ws/install/rslidar_sdk/share/rslidar_sdk/local_setup.sh
[0.152s] -- Up-to-date: /home/ritesh/rc-car/ros2ws/install/rslidar_sdk/share/rslidar_sdk/local_setup.zsh
[0.152s] -- Up-to-date: /home/ritesh/rc-car/ros2ws/install/rslidar_sdk/share/rslidar_sdk/local_setup.dsv
[0.152s] -- Installing: /home/ritesh/rc-car/ros2ws/install/rslidar_sdk/share/rslidar_sdk/package.dsv
[0.152s] -- Up-to-date: /home/ritesh/rc-car/ros2ws/install/rslidar_sdk/share/ament_index/resource_index/packages/rslidar_sdk
[0.153s] -- Up-to-date: /home/ritesh/rc-car/ros2ws/install/rslidar_sdk/share/rslidar_sdk/cmake/rslidar_sdkConfig.cmake
[0.153s] -- Up-to-date: /home/ritesh/rc-car/ros2ws/install/rslidar_sdk/share/rslidar_sdk/cmake/rslidar_sdkConfig-version.cmake
[0.153s] -- Up-to-date: /home/ritesh/rc-car/ros2ws/install/rslidar_sdk/share/rslidar_sdk/package.xml
[0.158s] Invoked command in '/home/ritesh/rc-car/ros2ws/build/rslidar_sdk' returned '0': CMAKE_PREFIX_PATH=/home/ritesh/rc-car/ros2ws/install/rslidar_msg:/home/ritesh/rc-car/ros2ws/install/rslidar_sdk:/home/ritesh/rc-car/ros2ws/install/eufs_msgs:/opt/ros/humble LD_LIBRARY_PATH=/home/ritesh/rc-car/ros2ws/install/rslidar_msg/lib:/home/ritesh/rc-car/ros2ws/install/pcap/lib:/home/ritesh/rc-car/ros2ws/install/eufs_msgs/lib:/usr/lib/x86_64-linux-gnu/gazebo-11/plugins:/opt/ros/humble/opt/rviz_ogre_vendor/lib:/opt/ros/humble/lib/x86_64-linux-gnu:/opt/ros/humble/lib:/lib/hsl-install/lib /usr/bin/cmake --install /home/ritesh/rc-car/ros2ws/build/rslidar_sdk
