[1.857s] Invoking command in '/home/ritesh/rc-car/ros2_ws/src/my_robot_controller': PYTHONPATH=/home/ritesh/rc-car/build/my_robot_controller/prefix_override:/usr/local/lib/python3.10/dist-packages/colcon_core/task/python/colcon_distutils_commands:/home/ritesh/rc-car/install/my_robot_controller/lib/python3.10/site-packages:${PYTHONPATH} /usr/bin/python3 -W ignore:setup.py install is deprecated setup.py egg_info --egg-base ../../../build/my_robot_controller build --build-base /home/ritesh/rc-car/build/my_robot_controller/build install --record /home/ritesh/rc-car/build/my_robot_controller/install.log --single-version-externally-managed install_data
[2.141s] running egg_info
[2.142s] writing ../../../build/my_robot_controller/my_robot_controller.egg-info/PKG-INFO
[2.143s] writing dependency_links to ../../../build/my_robot_controller/my_robot_controller.egg-info/dependency_links.txt
[2.143s] writing entry points to ../../../build/my_robot_controller/my_robot_controller.egg-info/entry_points.txt
[2.143s] writing requirements to ../../../build/my_robot_controller/my_robot_controller.egg-info/requires.txt
[2.144s] writing top-level names to ../../../build/my_robot_controller/my_robot_controller.egg-info/top_level.txt
[2.150s] reading manifest file '../../../build/my_robot_controller/my_robot_controller.egg-info/SOURCES.txt'
[2.150s] writing manifest file '../../../build/my_robot_controller/my_robot_controller.egg-info/SOURCES.txt'
[2.150s] running build
[2.150s] running build_py
[2.152s] running install
[2.152s] running install_lib
[2.154s] running install_data
[2.154s] running install_egg_info
[2.159s] removing '/home/ritesh/rc-car/install/my_robot_controller/lib/python3.10/site-packages/my_robot_controller-0.0.0-py3.10.egg-info' (and everything under it)
[2.159s] Copying ../../../build/my_robot_controller/my_robot_controller.egg-info to /home/ritesh/rc-car/install/my_robot_controller/lib/python3.10/site-packages/my_robot_controller-0.0.0-py3.10.egg-info
[2.165s] running install_scripts
[2.206s] Installing draw_circle script to /home/ritesh/rc-car/install/my_robot_controller/lib/my_robot_controller
[2.207s] Installing pose_subscriber script to /home/ritesh/rc-car/install/my_robot_controller/lib/my_robot_controller
[2.207s] Installing test_node script to /home/ritesh/rc-car/install/my_robot_controller/lib/my_robot_controller
[2.207s] Installing turtle_controller script to /home/ritesh/rc-car/install/my_robot_controller/lib/my_robot_controller
[2.210s] writing list of installed files to '/home/ritesh/rc-car/build/my_robot_controller/install.log'
[2.246s] Invoked command in '/home/ritesh/rc-car/ros2_ws/src/my_robot_controller' returned '0': PYTHONPATH=/home/ritesh/rc-car/build/my_robot_controller/prefix_override:/usr/local/lib/python3.10/dist-packages/colcon_core/task/python/colcon_distutils_commands:/home/ritesh/rc-car/install/my_robot_controller/lib/python3.10/site-packages:${PYTHONPATH} /usr/bin/python3 -W ignore:setup.py install is deprecated setup.py egg_info --egg-base ../../../build/my_robot_controller build --build-base /home/ritesh/rc-car/build/my_robot_controller/build install --record /home/ritesh/rc-car/build/my_robot_controller/install.log --single-version-externally-managed install_data
