[0.543s] Invoking command in '/home/ritesh/rc-car/ros2ws/src/control': PYTHONPATH=/home/ritesh/rc-car/ros2ws/build/control/prefix_override:/usr/local/lib/python3.10/dist-packages/colcon_core/task/python/colcon_distutils_commands:/home/ritesh/rc-car/ros2ws/install/control/lib/python3.10/site-packages:${PYTHONPATH} /usr/bin/python3 -W ignore:setup.py install is deprecated setup.py egg_info --egg-base ../../build/control build --build-base /home/ritesh/rc-car/ros2ws/build/control/build install --record /home/ritesh/rc-car/ros2ws/build/control/install.log --single-version-externally-managed install_data
[0.731s] running egg_info
[0.731s] creating ../../build/control/control.egg-info
[0.732s] writing ../../build/control/control.egg-info/PKG-INFO
[0.732s] writing dependency_links to ../../build/control/control.egg-info/dependency_links.txt
[0.732s] writing entry points to ../../build/control/control.egg-info/entry_points.txt
[0.732s] writing requirements to ../../build/control/control.egg-info/requires.txt
[0.732s] writing top-level names to ../../build/control/control.egg-info/top_level.txt
[0.732s] writing manifest file '../../build/control/control.egg-info/SOURCES.txt'
[0.732s] reading manifest file '../../build/control/control.egg-info/SOURCES.txt'
[0.732s] writing manifest file '../../build/control/control.egg-info/SOURCES.txt'
[0.734s] running build
[0.734s] running build_py
[0.734s] creating /home/ritesh/rc-car/ros2ws/build/control/build
[0.734s] creating /home/ritesh/rc-car/ros2ws/build/control/build/lib
[0.734s] creating /home/ritesh/rc-car/ros2ws/build/control/build/lib/control
[0.734s] copying control/__init__.py -> /home/ritesh/rc-car/ros2ws/build/control/build/lib/control
[0.734s] copying control/give_control.py -> /home/ritesh/rc-car/ros2ws/build/control/build/lib/control
[0.734s] running install
[0.734s] running install_lib
[0.735s] creating /home/ritesh/rc-car/ros2ws/install/control/lib/python3.10/site-packages/control
[0.735s] copying /home/ritesh/rc-car/ros2ws/build/control/build/lib/control/__init__.py -> /home/ritesh/rc-car/ros2ws/install/control/lib/python3.10/site-packages/control
[0.736s] copying /home/ritesh/rc-car/ros2ws/build/control/build/lib/control/give_control.py -> /home/ritesh/rc-car/ros2ws/install/control/lib/python3.10/site-packages/control
[0.736s] byte-compiling /home/ritesh/rc-car/ros2ws/install/control/lib/python3.10/site-packages/control/__init__.py to __init__.cpython-310.pyc
[0.736s] byte-compiling /home/ritesh/rc-car/ros2ws/install/control/lib/python3.10/site-packages/control/give_control.py to give_control.cpython-310.pyc
[0.736s] running install_data
[0.736s] creating /home/ritesh/rc-car/ros2ws/install/control/share
[0.736s] creating /home/ritesh/rc-car/ros2ws/install/control/share/ament_index
[0.736s] creating /home/ritesh/rc-car/ros2ws/install/control/share/ament_index/resource_index
[0.736s] creating /home/ritesh/rc-car/ros2ws/install/control/share/ament_index/resource_index/packages
[0.736s] copying resource/control -> /home/ritesh/rc-car/ros2ws/install/control/share/ament_index/resource_index/packages
[0.736s] creating /home/ritesh/rc-car/ros2ws/install/control/share/control
[0.738s] copying package.xml -> /home/ritesh/rc-car/ros2ws/install/control/share/control
[0.739s] running install_egg_info
[0.739s] Copying ../../build/control/control.egg-info to /home/ritesh/rc-car/ros2ws/install/control/lib/python3.10/site-packages/control-0.0.0-py3.10.egg-info
[0.739s] running install_scripts
[0.761s] Installing give_control script to /home/ritesh/rc-car/ros2ws/install/control/lib/control
[0.761s] writing list of installed files to '/home/ritesh/rc-car/ros2ws/build/control/install.log'
[0.789s] Invoked command in '/home/ritesh/rc-car/ros2ws/src/control' returned '0': PYTHONPATH=/home/ritesh/rc-car/ros2ws/build/control/prefix_override:/usr/local/lib/python3.10/dist-packages/colcon_core/task/python/colcon_distutils_commands:/home/ritesh/rc-car/ros2ws/install/control/lib/python3.10/site-packages:${PYTHONPATH} /usr/bin/python3 -W ignore:setup.py install is deprecated setup.py egg_info --egg-base ../../build/control build --build-base /home/ritesh/rc-car/ros2ws/build/control/build install --record /home/ritesh/rc-car/ros2ws/build/control/install.log --single-version-externally-managed install_data
