[0.122s] DEBUG:colcon:Command line arguments: ['/usr/local/bin/colcon', 'build']
[0.122s] DEBUG:colcon:Parsed command line arguments: Namespace(log_base=None, log_level=None, verb_name='build', build_base='build', install_base='install', merge_install=False, symlink_install=False, test_result_base=None, continue_on_error=False, executor='parallel', parallel_workers=8, event_handlers=None, ignore_user_meta=False, metas=['./colcon.meta'], base_paths=['.'], packages_ignore=None, packages_ignore_regex=None, paths=None, packages_up_to=None, packages_up_to_regex=None, packages_above=None, packages_above_and_dependencies=None, packages_above_depth=None, packages_select_by_dep=None, packages_skip_by_dep=None, packages_skip_up_to=None, packages_select_build_failed=False, packages_skip_build_finished=False, packages_select_test_failures=False, packages_skip_test_passed=False, packages_select=None, packages_skip=None, packages_select_regex=None, packages_skip_regex=None, packages_start=None, packages_end=None, cmake_args=None, cmake_target=None, cmake_target_skip_unavailable=False, cmake_clean_cache=False, cmake_clean_first=False, cmake_force_configure=False, ament_cmake_args=None, catkin_cmake_args=None, catkin_skip_building_tests=False, verb_parser=<colcon_defaults.argument_parser.defaults.DefaultArgumentsDecorator object at 0x79c4875fdbd0>, verb_extension=<colcon_core.verb.build.BuildVerb object at 0x79c4875fcd90>, main=<bound method BuildVerb.main of <colcon_core.verb.build.BuildVerb object at 0x79c4875fcd90>>)
[0.261s] Level 1:colcon.colcon_core.package_discovery:discover_packages(colcon_meta) check parameters
[0.261s] Level 1:colcon.colcon_core.package_discovery:discover_packages(recursive) check parameters
[0.261s] Level 1:colcon.colcon_core.package_discovery:discover_packages(ignore) check parameters
[0.261s] Level 1:colcon.colcon_core.package_discovery:discover_packages(path) check parameters
[0.261s] Level 1:colcon.colcon_core.package_discovery:discover_packages(colcon_meta) discover
[0.261s] Level 1:colcon.colcon_core.package_discovery:discover_packages(recursive) discover
[0.261s] INFO:colcon.colcon_core.package_discovery:Crawling recursively for packages in '/home/ritesh/rc-car/ros2'
[0.262s] Level 1:colcon.colcon_core.package_identification:_identify(.) by extensions ['ignore', 'ignore_ament_install']
[0.262s] Level 1:colcon.colcon_core.package_identification:_identify(.) by extension 'ignore'
[0.262s] Level 1:colcon.colcon_core.package_identification:_identify(.) by extension 'ignore_ament_install'
[0.262s] Level 1:colcon.colcon_core.package_identification:_identify(.) by extensions ['colcon_pkg']
[0.262s] Level 1:colcon.colcon_core.package_identification:_identify(.) by extension 'colcon_pkg'
[0.262s] Level 1:colcon.colcon_core.package_identification:_identify(.) by extensions ['colcon_meta']
[0.262s] Level 1:colcon.colcon_core.package_identification:_identify(.) by extension 'colcon_meta'
[0.262s] Level 1:colcon.colcon_core.package_identification:_identify(.) by extensions ['ros']
[0.262s] Level 1:colcon.colcon_core.package_identification:_identify(.) by extension 'ros'
[0.273s] Level 1:colcon.colcon_core.package_identification:_identify(.) by extensions ['cmake', 'python']
[0.273s] Level 1:colcon.colcon_core.package_identification:_identify(.) by extension 'cmake'
[0.273s] Level 1:colcon.colcon_core.package_identification:_identify(.) by extension 'python'
[0.273s] Level 1:colcon.colcon_core.package_identification:_identify(.) by extensions ['python_setup_py']
[0.273s] Level 1:colcon.colcon_core.package_identification:_identify(.) by extension 'python_setup_py'
[0.273s] Level 1:colcon.colcon_core.package_identification:_identify(build) by extensions ['ignore', 'ignore_ament_install']
[0.273s] Level 1:colcon.colcon_core.package_identification:_identify(build) by extension 'ignore'
[0.273s] Level 1:colcon.colcon_core.package_identification:_identify(build) ignored
[0.273s] Level 1:colcon.colcon_core.package_identification:_identify(install) by extensions ['ignore', 'ignore_ament_install']
[0.273s] Level 1:colcon.colcon_core.package_identification:_identify(install) by extension 'ignore'
[0.273s] Level 1:colcon.colcon_core.package_identification:_identify(install) ignored
[0.274s] Level 1:colcon.colcon_core.package_identification:_identify(log) by extensions ['ignore', 'ignore_ament_install']
[0.274s] Level 1:colcon.colcon_core.package_identification:_identify(log) by extension 'ignore'
[0.274s] Level 1:colcon.colcon_core.package_identification:_identify(log) ignored
[0.274s] Level 1:colcon.colcon_core.package_identification:_identify(src) by extensions ['ignore', 'ignore_ament_install']
[0.274s] Level 1:colcon.colcon_core.package_identification:_identify(src) by extension 'ignore'
[0.274s] Level 1:colcon.colcon_core.package_identification:_identify(src) by extension 'ignore_ament_install'
[0.274s] Level 1:colcon.colcon_core.package_identification:_identify(src) by extensions ['colcon_pkg']
[0.274s] Level 1:colcon.colcon_core.package_identification:_identify(src) by extension 'colcon_pkg'
[0.274s] Level 1:colcon.colcon_core.package_identification:_identify(src) by extensions ['colcon_meta']
[0.274s] Level 1:colcon.colcon_core.package_identification:_identify(src) by extension 'colcon_meta'
[0.274s] Level 1:colcon.colcon_core.package_identification:_identify(src) by extensions ['ros']
[0.274s] Level 1:colcon.colcon_core.package_identification:_identify(src) by extension 'ros'
[0.274s] Level 1:colcon.colcon_core.package_identification:_identify(src) by extensions ['cmake', 'python']
[0.274s] Level 1:colcon.colcon_core.package_identification:_identify(src) by extension 'cmake'
[0.274s] Level 1:colcon.colcon_core.package_identification:_identify(src) by extension 'python'
[0.274s] Level 1:colcon.colcon_core.package_identification:_identify(src) by extensions ['python_setup_py']
[0.274s] Level 1:colcon.colcon_core.package_identification:_identify(src) by extension 'python_setup_py'
[0.274s] Level 1:colcon.colcon_core.package_identification:_identify(src/controller) by extensions ['ignore', 'ignore_ament_install']
[0.274s] Level 1:colcon.colcon_core.package_identification:_identify(src/controller) by extension 'ignore'
[0.274s] Level 1:colcon.colcon_core.package_identification:_identify(src/controller) by extension 'ignore_ament_install'
[0.274s] Level 1:colcon.colcon_core.package_identification:_identify(src/controller) by extensions ['colcon_pkg']
[0.274s] Level 1:colcon.colcon_core.package_identification:_identify(src/controller) by extension 'colcon_pkg'
[0.275s] Level 1:colcon.colcon_core.package_identification:_identify(src/controller) by extensions ['colcon_meta']
[0.275s] Level 1:colcon.colcon_core.package_identification:_identify(src/controller) by extension 'colcon_meta'
[0.275s] Level 1:colcon.colcon_core.package_identification:_identify(src/controller) by extensions ['ros']
[0.275s] Level 1:colcon.colcon_core.package_identification:_identify(src/controller) by extension 'ros'
[0.276s] DEBUG:colcon.colcon_core.package_identification:Failed to parse potential ROS package manifest in'src/controller': Error(s) in package 'src/controller/package.xml':
The manifest contains invalid XML:
mismatched tag: line 26, column 2
[0.276s] Level 1:colcon.colcon_core.package_identification:_identify(src/controller) by extensions ['cmake', 'python']
[0.276s] Level 1:colcon.colcon_core.package_identification:_identify(src/controller) by extension 'cmake'
[0.276s] Level 1:colcon.colcon_core.package_identification:_identify(src/controller) by extension 'python'
[0.276s] DEBUG:colcon.colcon_core.package_identification:Python package in 'src/controller' passes arguments to the setup() function which requires a different identification extension than 'python'
[0.276s] Level 1:colcon.colcon_core.package_identification:_identify(src/controller) by extensions ['python_setup_py']
[0.276s] Level 1:colcon.colcon_core.package_identification:_identify(src/controller) by extension 'python_setup_py'
[0.514s] DEBUG:colcon.colcon_core.package_identification:Package 'src/controller' with type 'python' and name 'controller'
[0.514s] Level 1:colcon.colcon_core.package_identification:_identify(src/eufs_msgs) by extensions ['ignore', 'ignore_ament_install']
[0.515s] Level 1:colcon.colcon_core.package_identification:_identify(src/eufs_msgs) by extension 'ignore'
[0.515s] Level 1:colcon.colcon_core.package_identification:_identify(src/eufs_msgs) by extension 'ignore_ament_install'
[0.515s] Level 1:colcon.colcon_core.package_identification:_identify(src/eufs_msgs) by extensions ['colcon_pkg']
[0.515s] Level 1:colcon.colcon_core.package_identification:_identify(src/eufs_msgs) by extension 'colcon_pkg'
[0.515s] Level 1:colcon.colcon_core.package_identification:_identify(src/eufs_msgs) by extensions ['colcon_meta']
[0.515s] Level 1:colcon.colcon_core.package_identification:_identify(src/eufs_msgs) by extension 'colcon_meta'
[0.515s] Level 1:colcon.colcon_core.package_identification:_identify(src/eufs_msgs) by extensions ['ros']
[0.515s] Level 1:colcon.colcon_core.package_identification:_identify(src/eufs_msgs) by extension 'ros'
[0.517s] DEBUG:colcon.colcon_core.package_identification:Package 'src/eufs_msgs' with type 'ros.ament_cmake' and name 'eufs_msgs'
[0.517s] Level 1:colcon.colcon_core.package_identification:_identify(src/rslidar_msg) by extensions ['ignore', 'ignore_ament_install']
[0.517s] Level 1:colcon.colcon_core.package_identification:_identify(src/rslidar_msg) by extension 'ignore'
[0.517s] Level 1:colcon.colcon_core.package_identification:_identify(src/rslidar_msg) by extension 'ignore_ament_install'
[0.517s] Level 1:colcon.colcon_core.package_identification:_identify(src/rslidar_msg) by extensions ['colcon_pkg']
[0.517s] Level 1:colcon.colcon_core.package_identification:_identify(src/rslidar_msg) by extension 'colcon_pkg'
[0.517s] Level 1:colcon.colcon_core.package_identification:_identify(src/rslidar_msg) by extensions ['colcon_meta']
[0.517s] Level 1:colcon.colcon_core.package_identification:_identify(src/rslidar_msg) by extension 'colcon_meta'
[0.517s] Level 1:colcon.colcon_core.package_identification:_identify(src/rslidar_msg) by extensions ['ros']
[0.517s] Level 1:colcon.colcon_core.package_identification:_identify(src/rslidar_msg) by extension 'ros'
[0.519s] DEBUG:colcon.colcon_core.package_identification:Package 'src/rslidar_msg' with type 'ros.ament_cmake' and name 'rslidar_msg'
[0.519s] Level 1:colcon.colcon_core.package_identification:_identify(src/rslidar_sdk) by extensions ['ignore', 'ignore_ament_install']
[0.519s] Level 1:colcon.colcon_core.package_identification:_identify(src/rslidar_sdk) by extension 'ignore'
[0.519s] Level 1:colcon.colcon_core.package_identification:_identify(src/rslidar_sdk) by extension 'ignore_ament_install'
[0.519s] Level 1:colcon.colcon_core.package_identification:_identify(src/rslidar_sdk) by extensions ['colcon_pkg']
[0.519s] Level 1:colcon.colcon_core.package_identification:_identify(src/rslidar_sdk) by extension 'colcon_pkg'
[0.520s] Level 1:colcon.colcon_core.package_identification:_identify(src/rslidar_sdk) by extensions ['colcon_meta']
[0.520s] Level 1:colcon.colcon_core.package_identification:_identify(src/rslidar_sdk) by extension 'colcon_meta'
[0.520s] Level 1:colcon.colcon_core.package_identification:_identify(src/rslidar_sdk) by extensions ['ros']
[0.520s] Level 1:colcon.colcon_core.package_identification:_identify(src/rslidar_sdk) by extension 'ros'
[0.525s] DEBUG:colcon.colcon_core.package_identification:Package 'src/rslidar_sdk' with type 'ros.ament_cmake' and name 'rslidar_sdk'
[0.525s] Level 1:colcon.colcon_core.package_discovery:discover_packages(recursive) using defaults
[0.525s] Level 1:colcon.colcon_core.package_discovery:discover_packages(ignore) discover
[0.525s] Level 1:colcon.colcon_core.package_discovery:discover_packages(ignore) using defaults
[0.525s] Level 1:colcon.colcon_core.package_discovery:discover_packages(path) discover
[0.525s] Level 1:colcon.colcon_core.package_discovery:discover_packages(path) using defaults
[0.544s] Level 5:colcon.colcon_core.verb:set package 'controller' build argument 'cmake_args' from command line to 'None'
[0.544s] Level 5:colcon.colcon_core.verb:set package 'controller' build argument 'cmake_target' from command line to 'None'
[0.544s] Level 5:colcon.colcon_core.verb:set package 'controller' build argument 'cmake_target_skip_unavailable' from command line to 'False'
[0.544s] Level 5:colcon.colcon_core.verb:set package 'controller' build argument 'cmake_clean_cache' from command line to 'False'
[0.544s] Level 5:colcon.colcon_core.verb:set package 'controller' build argument 'cmake_clean_first' from command line to 'False'
[0.544s] Level 5:colcon.colcon_core.verb:set package 'controller' build argument 'cmake_force_configure' from command line to 'False'
[0.544s] Level 5:colcon.colcon_core.verb:set package 'controller' build argument 'ament_cmake_args' from command line to 'None'
[0.544s] Level 5:colcon.colcon_core.verb:set package 'controller' build argument 'catkin_cmake_args' from command line to 'None'
[0.544s] Level 5:colcon.colcon_core.verb:set package 'controller' build argument 'catkin_skip_building_tests' from command line to 'False'
[0.544s] DEBUG:colcon.colcon_core.verb:Building package 'controller' with the following arguments: {'ament_cmake_args': None, 'build_base': '/home/ritesh/rc-car/ros2/build/controller', 'catkin_cmake_args': None, 'catkin_skip_building_tests': False, 'cmake_args': None, 'cmake_clean_cache': False, 'cmake_clean_first': False, 'cmake_force_configure': False, 'cmake_target': None, 'cmake_target_skip_unavailable': False, 'install_base': '/home/ritesh/rc-car/ros2/install/controller', 'merge_install': False, 'path': '/home/ritesh/rc-car/ros2/src/controller', 'symlink_install': False, 'test_result_base': None}
[0.545s] Level 5:colcon.colcon_core.verb:set package 'eufs_msgs' build argument 'cmake_args' from command line to 'None'
[0.545s] Level 5:colcon.colcon_core.verb:set package 'eufs_msgs' build argument 'cmake_target' from command line to 'None'
[0.545s] Level 5:colcon.colcon_core.verb:set package 'eufs_msgs' build argument 'cmake_target_skip_unavailable' from command line to 'False'
[0.545s] Level 5:colcon.colcon_core.verb:set package 'eufs_msgs' build argument 'cmake_clean_cache' from command line to 'False'
[0.545s] Level 5:colcon.colcon_core.verb:set package 'eufs_msgs' build argument 'cmake_clean_first' from command line to 'False'
[0.545s] Level 5:colcon.colcon_core.verb:set package 'eufs_msgs' build argument 'cmake_force_configure' from command line to 'False'
[0.545s] Level 5:colcon.colcon_core.verb:set package 'eufs_msgs' build argument 'ament_cmake_args' from command line to 'None'
[0.545s] Level 5:colcon.colcon_core.verb:set package 'eufs_msgs' build argument 'catkin_cmake_args' from command line to 'None'
[0.545s] Level 5:colcon.colcon_core.verb:set package 'eufs_msgs' build argument 'catkin_skip_building_tests' from command line to 'False'
[0.545s] DEBUG:colcon.colcon_core.verb:Building package 'eufs_msgs' with the following arguments: {'ament_cmake_args': None, 'build_base': '/home/ritesh/rc-car/ros2/build/eufs_msgs', 'catkin_cmake_args': None, 'catkin_skip_building_tests': False, 'cmake_args': None, 'cmake_clean_cache': False, 'cmake_clean_first': False, 'cmake_force_configure': False, 'cmake_target': None, 'cmake_target_skip_unavailable': False, 'install_base': '/home/ritesh/rc-car/ros2/install/eufs_msgs', 'merge_install': False, 'path': '/home/ritesh/rc-car/ros2/src/eufs_msgs', 'symlink_install': False, 'test_result_base': None}
[0.545s] Level 5:colcon.colcon_core.verb:set package 'rslidar_msg' build argument 'cmake_args' from command line to 'None'
[0.545s] Level 5:colcon.colcon_core.verb:set package 'rslidar_msg' build argument 'cmake_target' from command line to 'None'
[0.545s] Level 5:colcon.colcon_core.verb:set package 'rslidar_msg' build argument 'cmake_target_skip_unavailable' from command line to 'False'
[0.545s] Level 5:colcon.colcon_core.verb:set package 'rslidar_msg' build argument 'cmake_clean_cache' from command line to 'False'
[0.545s] Level 5:colcon.colcon_core.verb:set package 'rslidar_msg' build argument 'cmake_clean_first' from command line to 'False'
[0.545s] Level 5:colcon.colcon_core.verb:set package 'rslidar_msg' build argument 'cmake_force_configure' from command line to 'False'
[0.545s] Level 5:colcon.colcon_core.verb:set package 'rslidar_msg' build argument 'ament_cmake_args' from command line to 'None'
[0.545s] Level 5:colcon.colcon_core.verb:set package 'rslidar_msg' build argument 'catkin_cmake_args' from command line to 'None'
[0.545s] Level 5:colcon.colcon_core.verb:set package 'rslidar_msg' build argument 'catkin_skip_building_tests' from command line to 'False'
[0.545s] DEBUG:colcon.colcon_core.verb:Building package 'rslidar_msg' with the following arguments: {'ament_cmake_args': None, 'build_base': '/home/ritesh/rc-car/ros2/build/rslidar_msg', 'catkin_cmake_args': None, 'catkin_skip_building_tests': False, 'cmake_args': None, 'cmake_clean_cache': False, 'cmake_clean_first': False, 'cmake_force_configure': False, 'cmake_target': None, 'cmake_target_skip_unavailable': False, 'install_base': '/home/ritesh/rc-car/ros2/install/rslidar_msg', 'merge_install': False, 'path': '/home/ritesh/rc-car/ros2/src/rslidar_msg', 'symlink_install': False, 'test_result_base': None}
[0.546s] Level 5:colcon.colcon_core.verb:set package 'rslidar_sdk' build argument 'cmake_args' from command line to 'None'
[0.546s] Level 5:colcon.colcon_core.verb:set package 'rslidar_sdk' build argument 'cmake_target' from command line to 'None'
[0.546s] Level 5:colcon.colcon_core.verb:set package 'rslidar_sdk' build argument 'cmake_target_skip_unavailable' from command line to 'False'
[0.546s] Level 5:colcon.colcon_core.verb:set package 'rslidar_sdk' build argument 'cmake_clean_cache' from command line to 'False'
[0.546s] Level 5:colcon.colcon_core.verb:set package 'rslidar_sdk' build argument 'cmake_clean_first' from command line to 'False'
[0.546s] Level 5:colcon.colcon_core.verb:set package 'rslidar_sdk' build argument 'cmake_force_configure' from command line to 'False'
[0.546s] Level 5:colcon.colcon_core.verb:set package 'rslidar_sdk' build argument 'ament_cmake_args' from command line to 'None'
[0.546s] Level 5:colcon.colcon_core.verb:set package 'rslidar_sdk' build argument 'catkin_cmake_args' from command line to 'None'
[0.546s] Level 5:colcon.colcon_core.verb:set package 'rslidar_sdk' build argument 'catkin_skip_building_tests' from command line to 'False'
[0.546s] DEBUG:colcon.colcon_core.verb:Building package 'rslidar_sdk' with the following arguments: {'ament_cmake_args': None, 'build_base': '/home/ritesh/rc-car/ros2/build/rslidar_sdk', 'catkin_cmake_args': None, 'catkin_skip_building_tests': False, 'cmake_args': None, 'cmake_clean_cache': False, 'cmake_clean_first': False, 'cmake_force_configure': False, 'cmake_target': None, 'cmake_target_skip_unavailable': False, 'install_base': '/home/ritesh/rc-car/ros2/install/rslidar_sdk', 'merge_install': False, 'path': '/home/ritesh/rc-car/ros2/src/rslidar_sdk', 'symlink_install': False, 'test_result_base': None}
[0.546s] INFO:colcon.colcon_core.executor:Executing jobs using 'parallel' executor
[0.547s] DEBUG:colcon.colcon_parallel_executor.executor.parallel:run_until_complete
[0.548s] INFO:colcon.colcon_ros.task.ament_cmake.build:Building ROS package in '/home/ritesh/rc-car/ros2/src/rslidar_msg' with build type 'ament_cmake'
[0.548s] INFO:colcon.colcon_cmake.task.cmake.build:Building CMake package in '/home/ritesh/rc-car/ros2/src/rslidar_msg'
[0.550s] INFO:colcon.colcon_core.plugin_system:Skipping extension 'colcon_core.shell.bat': Not used on non-Windows systems
[0.550s] INFO:colcon.colcon_core.shell:Skip shell extension 'powershell' for command environment: Not usable outside of PowerShell
[0.550s] DEBUG:colcon.colcon_core.shell:Skip shell extension 'dsv' for command environment
[0.554s] INFO:colcon.colcon_core.task.python.build:Building Python package in '/home/ritesh/rc-car/ros2/src/controller'
[0.555s] INFO:colcon.colcon_core.shell:Skip shell extension 'powershell' for command environment: Not usable outside of PowerShell
[0.555s] DEBUG:colcon.colcon_core.shell:Skip shell extension 'dsv' for command environment
[0.558s] INFO:colcon.colcon_ros.task.ament_cmake.build:Building ROS package in '/home/ritesh/rc-car/ros2/src/eufs_msgs' with build type 'ament_cmake'
[0.558s] INFO:colcon.colcon_cmake.task.cmake.build:Building CMake package in '/home/ritesh/rc-car/ros2/src/eufs_msgs'
[0.559s] INFO:colcon.colcon_core.shell:Skip shell extension 'powershell' for command environment: Not usable outside of PowerShell
[0.559s] DEBUG:colcon.colcon_core.shell:Skip shell extension 'dsv' for command environment
[0.575s] DEBUG:colcon.colcon_core.event_handler.log_command:Invoking command in '/home/ritesh/rc-car/ros2/build/rslidar_msg': CMAKE_PREFIX_PATH=/opt/ros/humble /usr/bin/cmake --build /home/ritesh/rc-car/ros2/build/rslidar_msg -- -j8 -l8
[0.858s] DEBUG:colcon.colcon_core.event_handler.log_command:Invoking command in '/home/ritesh/rc-car/ros2/build/eufs_msgs': CMAKE_PREFIX_PATH=/opt/ros/humble /usr/bin/cmake --build /home/ritesh/rc-car/ros2/build/eufs_msgs -- -j8 -l8
[1.039s] DEBUG:colcon.colcon_core.event_handler.log_command:Invoked command in '/home/ritesh/rc-car/ros2/build/rslidar_msg' returned '0': CMAKE_PREFIX_PATH=/opt/ros/humble /usr/bin/cmake --build /home/ritesh/rc-car/ros2/build/rslidar_msg -- -j8 -l8
[1.244s] DEBUG:colcon.colcon_core.event_handler.log_command:Invoking command in '/home/ritesh/rc-car/ros2/build/rslidar_msg': CMAKE_PREFIX_PATH=/opt/ros/humble /usr/bin/cmake --install /home/ritesh/rc-car/ros2/build/rslidar_msg
[1.328s] Level 1:colcon.colcon_core.environment:create_environment_scripts_only(rslidar_msg)
[1.329s] DEBUG:colcon.colcon_core.event_handler.log_command:Invoked command in '/home/ritesh/rc-car/ros2/build/rslidar_msg' returned '0': CMAKE_PREFIX_PATH=/opt/ros/humble /usr/bin/cmake --install /home/ritesh/rc-car/ros2/build/rslidar_msg
[1.331s] Level 1:colcon.colcon_core.environment:checking '/home/ritesh/rc-car/ros2/install/rslidar_msg' for CMake module files
[1.332s] Level 1:colcon.colcon_core.environment:checking '/home/ritesh/rc-car/ros2/install/rslidar_msg' for CMake config files
[1.332s] Level 1:colcon.colcon_core.shell:create_environment_hook('rslidar_msg', 'cmake_prefix_path')
[1.333s] INFO:colcon.colcon_core.shell:Creating environment hook '/home/ritesh/rc-car/ros2/install/rslidar_msg/share/rslidar_msg/hook/cmake_prefix_path.ps1'
[1.336s] INFO:colcon.colcon_core.shell:Creating environment descriptor '/home/ritesh/rc-car/ros2/install/rslidar_msg/share/rslidar_msg/hook/cmake_prefix_path.dsv'
[1.337s] INFO:colcon.colcon_core.shell:Creating environment hook '/home/ritesh/rc-car/ros2/install/rslidar_msg/share/rslidar_msg/hook/cmake_prefix_path.sh'
[1.342s] Level 1:colcon.colcon_core.environment:checking '/home/ritesh/rc-car/ros2/install/rslidar_msg/lib'
[1.342s] Level 1:colcon.colcon_core.shell:create_environment_hook('rslidar_msg', 'ld_library_path_lib')
[1.342s] INFO:colcon.colcon_core.shell:Creating environment hook '/home/ritesh/rc-car/ros2/install/rslidar_msg/share/rslidar_msg/hook/ld_library_path_lib.ps1'
[1.343s] INFO:colcon.colcon_core.shell:Creating environment descriptor '/home/ritesh/rc-car/ros2/install/rslidar_msg/share/rslidar_msg/hook/ld_library_path_lib.dsv'
[1.347s] INFO:colcon.colcon_core.shell:Creating environment hook '/home/ritesh/rc-car/ros2/install/rslidar_msg/share/rslidar_msg/hook/ld_library_path_lib.sh'
[1.347s] Level 1:colcon.colcon_core.environment:checking '/home/ritesh/rc-car/ros2/install/rslidar_msg/bin'
[1.347s] Level 1:colcon.colcon_core.environment:checking '/home/ritesh/rc-car/ros2/install/rslidar_msg/lib/pkgconfig/rslidar_msg.pc'
[1.348s] Level 1:colcon.colcon_core.environment:checking '/home/ritesh/rc-car/ros2/install/rslidar_msg/lib/python3.10/site-packages'
[1.348s] Level 1:colcon.colcon_core.environment:checking '/home/ritesh/rc-car/ros2/install/rslidar_msg/bin'
[1.348s] INFO:colcon.colcon_core.shell:Creating package script '/home/ritesh/rc-car/ros2/install/rslidar_msg/share/rslidar_msg/package.ps1'
[1.349s] INFO:colcon.colcon_core.shell:Creating package descriptor '/home/ritesh/rc-car/ros2/install/rslidar_msg/share/rslidar_msg/package.dsv'
[1.350s] INFO:colcon.colcon_core.shell:Creating package script '/home/ritesh/rc-car/ros2/install/rslidar_msg/share/rslidar_msg/package.sh'
[1.356s] INFO:colcon.colcon_core.shell:Creating package script '/home/ritesh/rc-car/ros2/install/rslidar_msg/share/rslidar_msg/package.bash'
[1.357s] INFO:colcon.colcon_core.shell:Creating package script '/home/ritesh/rc-car/ros2/install/rslidar_msg/share/rslidar_msg/package.zsh'
[1.357s] Level 1:colcon.colcon_core.environment:create_file_with_runtime_dependencies(/home/ritesh/rc-car/ros2/install/rslidar_msg/share/colcon-core/packages/rslidar_msg)
[1.407s] DEBUG:colcon.colcon_core.event_handler.log_command:Invoking command in '/home/ritesh/rc-car/ros2/src/controller': PYTHONPATH=/home/ritesh/rc-car/ros2/build/controller/prefix_override:/usr/local/lib/python3.10/dist-packages/colcon_core/task/python/colcon_distutils_commands:/home/ritesh/rc-car/ros2/install/controller/lib/python3.10/site-packages:${PYTHONPATH} /usr/bin/python3 -W ignore:setup.py install is deprecated setup.py egg_info --egg-base ../../build/controller build --build-base /home/ritesh/rc-car/ros2/build/controller/build install --record /home/ritesh/rc-car/ros2/build/controller/install.log --single-version-externally-managed install_data
[1.454s] DEBUG:colcon.colcon_core.event_handler.log_command:Invoked command in '/home/ritesh/rc-car/ros2/build/eufs_msgs' returned '0': CMAKE_PREFIX_PATH=/opt/ros/humble /usr/bin/cmake --build /home/ritesh/rc-car/ros2/build/eufs_msgs -- -j8 -l8
[1.481s] Level 1:colcon.colcon_core.environment:create_environment_scripts_only(rslidar_msg)
[1.481s] Level 1:colcon.colcon_core.environment:checking '/home/ritesh/rc-car/ros2/install/rslidar_msg' for CMake module files
[1.482s] Level 1:colcon.colcon_core.environment:checking '/home/ritesh/rc-car/ros2/install/rslidar_msg' for CMake config files
[1.483s] Level 1:colcon.colcon_core.shell:create_environment_hook('rslidar_msg', 'cmake_prefix_path')
[1.483s] INFO:colcon.colcon_core.shell:Creating environment hook '/home/ritesh/rc-car/ros2/install/rslidar_msg/share/rslidar_msg/hook/cmake_prefix_path.ps1'
[1.485s] INFO:colcon.colcon_core.shell:Creating environment descriptor '/home/ritesh/rc-car/ros2/install/rslidar_msg/share/rslidar_msg/hook/cmake_prefix_path.dsv'
[1.485s] INFO:colcon.colcon_core.shell:Creating environment hook '/home/ritesh/rc-car/ros2/install/rslidar_msg/share/rslidar_msg/hook/cmake_prefix_path.sh'
[1.486s] Level 1:colcon.colcon_core.environment:checking '/home/ritesh/rc-car/ros2/install/rslidar_msg/lib'
[1.486s] Level 1:colcon.colcon_core.shell:create_environment_hook('rslidar_msg', 'ld_library_path_lib')
[1.486s] INFO:colcon.colcon_core.shell:Creating environment hook '/home/ritesh/rc-car/ros2/install/rslidar_msg/share/rslidar_msg/hook/ld_library_path_lib.ps1'
[1.487s] INFO:colcon.colcon_core.shell:Creating environment descriptor '/home/ritesh/rc-car/ros2/install/rslidar_msg/share/rslidar_msg/hook/ld_library_path_lib.dsv'
[1.487s] INFO:colcon.colcon_core.shell:Creating environment hook '/home/ritesh/rc-car/ros2/install/rslidar_msg/share/rslidar_msg/hook/ld_library_path_lib.sh'
[1.488s] Level 1:colcon.colcon_core.environment:checking '/home/ritesh/rc-car/ros2/install/rslidar_msg/bin'
[1.488s] Level 1:colcon.colcon_core.environment:checking '/home/ritesh/rc-car/ros2/install/rslidar_msg/lib/pkgconfig/rslidar_msg.pc'
[1.488s] Level 1:colcon.colcon_core.environment:checking '/home/ritesh/rc-car/ros2/install/rslidar_msg/lib/python3.10/site-packages'
[1.488s] Level 1:colcon.colcon_core.environment:checking '/home/ritesh/rc-car/ros2/install/rslidar_msg/bin'
[1.490s] INFO:colcon.colcon_core.shell:Creating package script '/home/ritesh/rc-car/ros2/install/rslidar_msg/share/rslidar_msg/package.ps1'
[1.491s] INFO:colcon.colcon_core.shell:Creating package descriptor '/home/ritesh/rc-car/ros2/install/rslidar_msg/share/rslidar_msg/package.dsv'
[1.492s] INFO:colcon.colcon_core.shell:Creating package script '/home/ritesh/rc-car/ros2/install/rslidar_msg/share/rslidar_msg/package.sh'
[1.493s] INFO:colcon.colcon_core.shell:Creating package script '/home/ritesh/rc-car/ros2/install/rslidar_msg/share/rslidar_msg/package.bash'
[1.494s] INFO:colcon.colcon_core.shell:Creating package script '/home/ritesh/rc-car/ros2/install/rslidar_msg/share/rslidar_msg/package.zsh'
[1.495s] Level 1:colcon.colcon_core.environment:create_file_with_runtime_dependencies(/home/ritesh/rc-car/ros2/install/rslidar_msg/share/colcon-core/packages/rslidar_msg)
[1.497s] INFO:colcon.colcon_ros.task.ament_cmake.build:Building ROS package in '/home/ritesh/rc-car/ros2/src/rslidar_sdk' with build type 'ament_cmake'
[1.497s] INFO:colcon.colcon_cmake.task.cmake.build:Building CMake package in '/home/ritesh/rc-car/ros2/src/rslidar_sdk'
[1.497s] INFO:colcon.colcon_core.shell:Skip shell extension 'powershell' for command environment: Not usable outside of PowerShell
[1.497s] DEBUG:colcon.colcon_core.shell:Skip shell extension 'dsv' for command environment
[1.521s] DEBUG:colcon.colcon_core.event_handler.log_command:Invoking command in '/home/ritesh/rc-car/ros2/build/rslidar_sdk': AMENT_PREFIX_PATH=/home/ritesh/rc-car/ros2/install/rslidar_msg:${AMENT_PREFIX_PATH} CMAKE_PREFIX_PATH=/home/ritesh/rc-car/ros2/install/rslidar_msg:/opt/ros/humble LD_LIBRARY_PATH=/home/ritesh/rc-car/ros2/install/rslidar_msg/lib:/home/ritesh/local_yaml_cpp/lib:/home/ritesh/local_libpcap/lib:/usr/lib/x86_64-linux-gnu/gazebo-11/plugins:/opt/ros/humble/opt/rviz_ogre_vendor/lib:/opt/ros/humble/lib/x86_64-linux-gnu:/opt/ros/humble/lib:/lib/hsl-install/lib PYTHONPATH=/home/ritesh/rc-car/ros2/install/rslidar_msg/local/lib/python3.10/dist-packages:${PYTHONPATH} /usr/bin/cmake --build /home/ritesh/rc-car/ros2/build/rslidar_sdk -- -j8 -l8
[1.726s] Level 1:colcon.colcon_core.environment:checking '/home/ritesh/rc-car/ros2/install/controller' for CMake module files
[1.727s] Level 1:colcon.colcon_core.environment:checking '/home/ritesh/rc-car/ros2/install/controller' for CMake config files
[1.727s] Level 1:colcon.colcon_core.environment:checking '/home/ritesh/rc-car/ros2/install/controller/lib'
[1.727s] Level 1:colcon.colcon_core.environment:checking '/home/ritesh/rc-car/ros2/install/controller/bin'
[1.728s] Level 1:colcon.colcon_core.environment:checking '/home/ritesh/rc-car/ros2/install/controller/lib/pkgconfig/controller.pc'
[1.728s] Level 1:colcon.colcon_core.environment:checking '/home/ritesh/rc-car/ros2/install/controller/lib/python3.10/site-packages'
[1.728s] Level 1:colcon.colcon_core.shell:create_environment_hook('controller', 'pythonpath')
[1.728s] INFO:colcon.colcon_core.shell:Creating environment hook '/home/ritesh/rc-car/ros2/install/controller/share/controller/hook/pythonpath.ps1'
[1.729s] DEBUG:colcon.colcon_core.event_handler.log_command:Invoked command in '/home/ritesh/rc-car/ros2/src/controller' returned '0': PYTHONPATH=/home/ritesh/rc-car/ros2/build/controller/prefix_override:/usr/local/lib/python3.10/dist-packages/colcon_core/task/python/colcon_distutils_commands:/home/ritesh/rc-car/ros2/install/controller/lib/python3.10/site-packages:${PYTHONPATH} /usr/bin/python3 -W ignore:setup.py install is deprecated setup.py egg_info --egg-base ../../build/controller build --build-base /home/ritesh/rc-car/ros2/build/controller/build install --record /home/ritesh/rc-car/ros2/build/controller/install.log --single-version-externally-managed install_data
[1.732s] INFO:colcon.colcon_core.shell:Creating environment descriptor '/home/ritesh/rc-car/ros2/install/controller/share/controller/hook/pythonpath.dsv'
[1.732s] INFO:colcon.colcon_core.shell:Creating environment hook '/home/ritesh/rc-car/ros2/install/controller/share/controller/hook/pythonpath.sh'
[1.733s] Level 1:colcon.colcon_core.environment:checking '/home/ritesh/rc-car/ros2/install/controller/bin'
[1.733s] Level 1:colcon.colcon_core.environment:create_environment_scripts_only(controller)
[1.733s] INFO:colcon.colcon_core.shell:Creating package script '/home/ritesh/rc-car/ros2/install/controller/share/controller/package.ps1'
[1.734s] INFO:colcon.colcon_core.shell:Creating package descriptor '/home/ritesh/rc-car/ros2/install/controller/share/controller/package.dsv'
[1.734s] INFO:colcon.colcon_core.shell:Creating package script '/home/ritesh/rc-car/ros2/install/controller/share/controller/package.sh'
[1.742s] INFO:colcon.colcon_core.shell:Creating package script '/home/ritesh/rc-car/ros2/install/controller/share/controller/package.bash'
[1.743s] INFO:colcon.colcon_core.shell:Creating package script '/home/ritesh/rc-car/ros2/install/controller/share/controller/package.zsh'
[1.743s] Level 1:colcon.colcon_core.environment:create_file_with_runtime_dependencies(/home/ritesh/rc-car/ros2/install/controller/share/colcon-core/packages/controller)
[2.358s] DEBUG:colcon.colcon_core.event_handler.log_command:Invoked command in '/home/ritesh/rc-car/ros2/build/rslidar_sdk' returned '2': AMENT_PREFIX_PATH=/home/ritesh/rc-car/ros2/install/rslidar_msg:${AMENT_PREFIX_PATH} CMAKE_PREFIX_PATH=/home/ritesh/rc-car/ros2/install/rslidar_msg:/opt/ros/humble LD_LIBRARY_PATH=/home/ritesh/rc-car/ros2/install/rslidar_msg/lib:/home/ritesh/local_yaml_cpp/lib:/home/ritesh/local_libpcap/lib:/usr/lib/x86_64-linux-gnu/gazebo-11/plugins:/opt/ros/humble/opt/rviz_ogre_vendor/lib:/opt/ros/humble/lib/x86_64-linux-gnu:/opt/ros/humble/lib:/lib/hsl-install/lib PYTHONPATH=/home/ritesh/rc-car/ros2/install/rslidar_msg/local/lib/python3.10/dist-packages:${PYTHONPATH} /usr/bin/cmake --build /home/ritesh/rc-car/ros2/build/rslidar_sdk -- -j8 -l8
[2.396s] Level 1:colcon.colcon_core.environment:create_environment_scripts_only(rslidar_sdk)
[2.396s] Level 1:colcon.colcon_core.environment:checking '/home/ritesh/rc-car/ros2/install/rslidar_sdk' for CMake module files
[2.397s] Level 1:colcon.colcon_core.environment:checking '/home/ritesh/rc-car/ros2/install/rslidar_sdk' for CMake config files
[2.397s] Level 1:colcon.colcon_core.environment:checking '/home/ritesh/rc-car/ros2/install/rslidar_sdk/bin'
[2.397s] Level 1:colcon.colcon_core.environment:checking '/home/ritesh/rc-car/ros2/install/rslidar_sdk/lib/pkgconfig/rslidar_sdk.pc'
[2.397s] Level 1:colcon.colcon_core.environment:checking '/home/ritesh/rc-car/ros2/install/rslidar_sdk/lib/python3.10/site-packages'
[2.398s] Level 1:colcon.colcon_core.environment:checking '/home/ritesh/rc-car/ros2/install/rslidar_sdk/bin'
[2.398s] INFO:colcon.colcon_core.shell:Creating package script '/home/ritesh/rc-car/ros2/install/rslidar_sdk/share/rslidar_sdk/package.ps1'
[2.399s] INFO:colcon.colcon_core.shell:Creating package descriptor '/home/ritesh/rc-car/ros2/install/rslidar_sdk/share/rslidar_sdk/package.dsv'
[2.400s] INFO:colcon.colcon_core.shell:Creating package script '/home/ritesh/rc-car/ros2/install/rslidar_sdk/share/rslidar_sdk/package.sh'
[2.401s] INFO:colcon.colcon_core.shell:Creating package script '/home/ritesh/rc-car/ros2/install/rslidar_sdk/share/rslidar_sdk/package.bash'
[2.402s] INFO:colcon.colcon_core.shell:Creating package script '/home/ritesh/rc-car/ros2/install/rslidar_sdk/share/rslidar_sdk/package.zsh'
[2.403s] Level 1:colcon.colcon_core.environment:create_file_with_runtime_dependencies(/home/ritesh/rc-car/ros2/install/rslidar_sdk/share/colcon-core/packages/rslidar_sdk)
[3.214s] DEBUG:colcon.colcon_parallel_executor.executor.parallel:closing loop
[3.215s] DEBUG:colcon.colcon_parallel_executor.executor.parallel:loop closed
[3.215s] DEBUG:colcon.colcon_parallel_executor.executor.parallel:run_until_complete finished with '2'
[3.215s] DEBUG:colcon.colcon_core.event_reactor:joining thread
[3.219s] INFO:colcon.colcon_core.plugin_system:Skipping extension 'colcon_notification.desktop_notification.terminal_notifier': Not used on non-Darwin systems
[3.219s] INFO:colcon.colcon_core.plugin_system:Skipping extension 'colcon_notification.desktop_notification.win32': Not used on non-Windows systems
[3.219s] INFO:colcon.colcon_notification.desktop_notification:Sending desktop notification using 'notify2'
[28.245s] DEBUG:colcon.colcon_notification.desktop_notification.notify2:Failed to initialize notify2: org.freedesktop.DBus.Error.NoReply: Did not receive a reply. Possible causes include: the remote application did not send a reply, the message bus security policy blocked the reply, the reply timeout expired, or the network connection was broken.
[28.245s] DEBUG:colcon.colcon_core.event_reactor:joined thread
[28.246s] INFO:colcon.colcon_core.shell:Creating prefix script '/home/ritesh/rc-car/ros2/install/local_setup.ps1'
[28.247s] INFO:colcon.colcon_core.shell:Creating prefix util module '/home/ritesh/rc-car/ros2/install/_local_setup_util_ps1.py'
[28.248s] INFO:colcon.colcon_core.shell:Creating prefix chain script '/home/ritesh/rc-car/ros2/install/setup.ps1'
[28.250s] INFO:colcon.colcon_core.shell:Creating prefix script '/home/ritesh/rc-car/ros2/install/local_setup.sh'
[28.250s] INFO:colcon.colcon_core.shell:Creating prefix util module '/home/ritesh/rc-car/ros2/install/_local_setup_util_sh.py'
[28.251s] INFO:colcon.colcon_core.shell:Creating prefix chain script '/home/ritesh/rc-car/ros2/install/setup.sh'
[28.252s] INFO:colcon.colcon_core.shell:Creating prefix script '/home/ritesh/rc-car/ros2/install/local_setup.bash'
[28.253s] INFO:colcon.colcon_core.shell:Creating prefix chain script '/home/ritesh/rc-car/ros2/install/setup.bash'
[28.254s] INFO:colcon.colcon_core.shell:Creating prefix script '/home/ritesh/rc-car/ros2/install/local_setup.zsh'
[28.255s] INFO:colcon.colcon_core.shell:Creating prefix chain script '/home/ritesh/rc-car/ros2/install/setup.zsh'
