[0.023s] Invoking command in '/home/ritesh/rc-car/ros2ws/build/rslidar_msg': CMAKE_PREFIX_PATH=${CMAKE_PREFIX_PATH}:/opt/ros/humble /usr/bin/cmake --build /home/ritesh/rc-car/ros2ws/build/rslidar_msg -- -j8 -l8
[0.323s] [  3%] Built target rslidar_msg__cpp
[0.323s] [ 12%] Built target rslidar_msg__rosidl_generator_c
[0.323s] [ 12%] Built target ament_cmake_python_copy_rslidar_msg
[0.323s] [ 22%] Built target rslidar_msg__rosidl_typesupport_introspection_c
[0.323s] [ 32%] Built target rslidar_msg__rosidl_typesupport_fastrtps_c
[0.323s] [ 41%] Built target rslidar_msg__rosidl_typesupport_cpp
[0.323s] [ 51%] Built target rslidar_msg__rosidl_typesupport_fastrtps_cpp
[0.323s] [ 61%] Built target rslidar_msg__rosidl_typesupport_introspection_cpp
[0.323s] [ 70%] Built target rslidar_msg__rosidl_typesupport_c
[0.324s] [ 70%] Built target rslidar_msg
[0.324s] [ 74%] Built target rslidar_msg__py
[0.324s] [ 80%] Built target rslidar_msg__rosidl_generator_py
[0.372s] [ 87%] Built target rslidar_msg__rosidl_typesupport_fastrtps_c__pyext
[0.372s] [ 93%] Built target rslidar_msg__rosidl_typesupport_introspection_c__pyext
[0.374s] [100%] Built target rslidar_msg__rosidl_typesupport_c__pyext
[0.453s] running egg_info
[0.453s] writing rslidar_msg.egg-info/PKG-INFO
[0.453s] writing dependency_links to rslidar_msg.egg-info/dependency_links.txt
[0.453s] writing top-level names to rslidar_msg.egg-info/top_level.txt
[0.456s] reading manifest file 'rslidar_msg.egg-info/SOURCES.txt'
[0.456s] writing manifest file 'rslidar_msg.egg-info/SOURCES.txt'
[0.501s] [100%] Built target ament_cmake_python_build_rslidar_msg_egg
[0.616s] Invoked command in '/home/ritesh/rc-car/ros2ws/build/rslidar_msg' returned '0': CMAKE_PREFIX_PATH=${CMAKE_PREFIX_PATH}:/opt/ros/humble /usr/bin/cmake --build /home/ritesh/rc-car/ros2ws/build/rslidar_msg -- -j8 -l8
[0.764s] Invoking command in '/home/ritesh/rc-car/ros2ws/build/rslidar_msg': CMAKE_PREFIX_PATH=${CMAKE_PREFIX_PATH}:/opt/ros/humble /usr/bin/cmake --install /home/ritesh/rc-car/ros2ws/build/rslidar_msg
[0.779s] -- Install configuration: ""
[0.779s] -- Up-to-date: /home/ritesh/rc-car/ros2ws/install/rslidar_msg/share/ament_index/resource_index/rosidl_interfaces/rslidar_msg
[0.782s] -- Up-to-date: /home/ritesh/rc-car/ros2ws/install/rslidar_msg/include/rslidar_msg/rslidar_msg
[0.782s] -- Up-to-date: /home/ritesh/rc-car/ros2ws/install/rslidar_msg/include/rslidar_msg/rslidar_msg/msg
[0.783s] -- Up-to-date: /home/ritesh/rc-car/ros2ws/install/rslidar_msg/include/rslidar_msg/rslidar_msg/msg/rosidl_generator_c__visibility_control.h
[0.783s] -- Up-to-date: /home/ritesh/rc-car/ros2ws/install/rslidar_msg/include/rslidar_msg/rslidar_msg/msg/detail
[0.783s] -- Up-to-date: /home/ritesh/rc-car/ros2ws/install/rslidar_msg/include/rslidar_msg/rslidar_msg/msg/detail/rslidar_packet__functions.c
[0.783s] -- Up-to-date: /home/ritesh/rc-car/ros2ws/install/rslidar_msg/include/rslidar_msg/rslidar_msg/msg/detail/rslidar_packet__struct.h
[0.783s] -- Up-to-date: /home/ritesh/rc-car/ros2ws/install/rslidar_msg/include/rslidar_msg/rslidar_msg/msg/detail/rslidar_packet__functions.h
[0.783s] -- Up-to-date: /home/ritesh/rc-car/ros2ws/install/rslidar_msg/include/rslidar_msg/rslidar_msg/msg/detail/rslidar_packet__type_support.h
[0.783s] -- Up-to-date: /home/ritesh/rc-car/ros2ws/install/rslidar_msg/include/rslidar_msg/rslidar_msg/msg/rslidar_packet.h
[0.783s] -- Up-to-date: /home/ritesh/rc-car/ros2ws/install/rslidar_msg/share/rslidar_msg/environment/library_path.sh
[0.785s] -- Up-to-date: /home/ritesh/rc-car/ros2ws/install/rslidar_msg/share/rslidar_msg/environment/library_path.dsv
[0.786s] -- Up-to-date: /home/ritesh/rc-car/ros2ws/install/rslidar_msg/lib/librslidar_msg__rosidl_generator_c.so
[0.786s] -- Up-to-date: /home/ritesh/rc-car/ros2ws/install/rslidar_msg/include/rslidar_msg/rslidar_msg
[0.786s] -- Up-to-date: /home/ritesh/rc-car/ros2ws/install/rslidar_msg/include/rslidar_msg/rslidar_msg/msg
[0.786s] -- Up-to-date: /home/ritesh/rc-car/ros2ws/install/rslidar_msg/include/rslidar_msg/rslidar_msg/msg/rosidl_typesupport_fastrtps_c__visibility_control.h
[0.786s] -- Up-to-date: /home/ritesh/rc-car/ros2ws/install/rslidar_msg/include/rslidar_msg/rslidar_msg/msg/detail
[0.786s] -- Up-to-date: /home/ritesh/rc-car/ros2ws/install/rslidar_msg/include/rslidar_msg/rslidar_msg/msg/detail/rslidar_packet__rosidl_typesupport_fastrtps_c.h
[0.786s] -- Up-to-date: /home/ritesh/rc-car/ros2ws/install/rslidar_msg/lib/librslidar_msg__rosidl_typesupport_fastrtps_c.so
[0.786s] -- Up-to-date: /home/ritesh/rc-car/ros2ws/install/rslidar_msg/include/rslidar_msg/rslidar_msg
[0.787s] -- Up-to-date: /home/ritesh/rc-car/ros2ws/install/rslidar_msg/include/rslidar_msg/rslidar_msg/msg
[0.787s] -- Up-to-date: /home/ritesh/rc-car/ros2ws/install/rslidar_msg/include/rslidar_msg/rslidar_msg/msg/rslidar_packet.hpp
[0.787s] -- Up-to-date: /home/ritesh/rc-car/ros2ws/install/rslidar_msg/include/rslidar_msg/rslidar_msg/msg/detail
[0.787s] -- Up-to-date: /home/ritesh/rc-car/ros2ws/install/rslidar_msg/include/rslidar_msg/rslidar_msg/msg/detail/rslidar_packet__traits.hpp
[0.787s] -- Up-to-date: /home/ritesh/rc-car/ros2ws/install/rslidar_msg/include/rslidar_msg/rslidar_msg/msg/detail/rslidar_packet__struct.hpp
[0.787s] -- Up-to-date: /home/ritesh/rc-car/ros2ws/install/rslidar_msg/include/rslidar_msg/rslidar_msg/msg/detail/rslidar_packet__builder.hpp
[0.788s] -- Up-to-date: /home/ritesh/rc-car/ros2ws/install/rslidar_msg/include/rslidar_msg/rslidar_msg
[0.788s] -- Up-to-date: /home/ritesh/rc-car/ros2ws/install/rslidar_msg/include/rslidar_msg/rslidar_msg/msg
[0.788s] -- Up-to-date: /home/ritesh/rc-car/ros2ws/install/rslidar_msg/include/rslidar_msg/rslidar_msg/msg/rosidl_typesupport_fastrtps_cpp__visibility_control.h
[0.788s] -- Up-to-date: /home/ritesh/rc-car/ros2ws/install/rslidar_msg/include/rslidar_msg/rslidar_msg/msg/detail
[0.788s] -- Up-to-date: /home/ritesh/rc-car/ros2ws/install/rslidar_msg/include/rslidar_msg/rslidar_msg/msg/detail/rslidar_packet__rosidl_typesupport_fastrtps_cpp.hpp
[0.788s] -- Up-to-date: /home/ritesh/rc-car/ros2ws/install/rslidar_msg/include/rslidar_msg/rslidar_msg/msg/detail/dds_fastrtps
[0.789s] -- Up-to-date: /home/ritesh/rc-car/ros2ws/install/rslidar_msg/lib/librslidar_msg__rosidl_typesupport_fastrtps_cpp.so
[0.789s] -- Up-to-date: /home/ritesh/rc-car/ros2ws/install/rslidar_msg/include/rslidar_msg/rslidar_msg
[0.789s] -- Up-to-date: /home/ritesh/rc-car/ros2ws/install/rslidar_msg/include/rslidar_msg/rslidar_msg/msg
[0.789s] -- Up-to-date: /home/ritesh/rc-car/ros2ws/install/rslidar_msg/include/rslidar_msg/rslidar_msg/msg/rosidl_typesupport_introspection_c__visibility_control.h
[0.790s] -- Up-to-date: /home/ritesh/rc-car/ros2ws/install/rslidar_msg/include/rslidar_msg/rslidar_msg/msg/detail
[0.790s] -- Up-to-date: /home/ritesh/rc-car/ros2ws/install/rslidar_msg/include/rslidar_msg/rslidar_msg/msg/detail/rslidar_packet__type_support.c
[0.790s] -- Up-to-date: /home/ritesh/rc-car/ros2ws/install/rslidar_msg/include/rslidar_msg/rslidar_msg/msg/detail/rslidar_packet__rosidl_typesupport_introspection_c.h
[0.790s] -- Up-to-date: /home/ritesh/rc-car/ros2ws/install/rslidar_msg/lib/librslidar_msg__rosidl_typesupport_introspection_c.so
[0.790s] -- Up-to-date: /home/ritesh/rc-car/ros2ws/install/rslidar_msg/lib/librslidar_msg__rosidl_typesupport_c.so
[0.791s] -- Up-to-date: /home/ritesh/rc-car/ros2ws/install/rslidar_msg/include/rslidar_msg/rslidar_msg
[0.791s] -- Up-to-date: /home/ritesh/rc-car/ros2ws/install/rslidar_msg/include/rslidar_msg/rslidar_msg/msg
[0.791s] -- Up-to-date: /home/ritesh/rc-car/ros2ws/install/rslidar_msg/include/rslidar_msg/rslidar_msg/msg/detail
[0.791s] -- Up-to-date: /home/ritesh/rc-car/ros2ws/install/rslidar_msg/include/rslidar_msg/rslidar_msg/msg/detail/rslidar_packet__type_support.cpp
[0.791s] -- Up-to-date: /home/ritesh/rc-car/ros2ws/install/rslidar_msg/include/rslidar_msg/rslidar_msg/msg/detail/rslidar_packet__rosidl_typesupport_introspection_cpp.hpp
[0.792s] -- Up-to-date: /home/ritesh/rc-car/ros2ws/install/rslidar_msg/lib/librslidar_msg__rosidl_typesupport_introspection_cpp.so
[0.792s] -- Up-to-date: /home/ritesh/rc-car/ros2ws/install/rslidar_msg/lib/librslidar_msg__rosidl_typesupport_cpp.so
[0.793s] -- Up-to-date: /home/ritesh/rc-car/ros2ws/install/rslidar_msg/share/rslidar_msg/environment/pythonpath.sh
[0.793s] -- Up-to-date: /home/ritesh/rc-car/ros2ws/install/rslidar_msg/share/rslidar_msg/environment/pythonpath.dsv
[0.793s] -- Up-to-date: /home/ritesh/rc-car/ros2ws/install/rslidar_msg/local/lib/python3.10/dist-packages/rslidar_msg-0.0.0-py3.10.egg-info
[0.793s] -- Installing: /home/ritesh/rc-car/ros2ws/install/rslidar_msg/local/lib/python3.10/dist-packages/rslidar_msg-0.0.0-py3.10.egg-info/SOURCES.txt
[0.793s] -- Installing: /home/ritesh/rc-car/ros2ws/install/rslidar_msg/local/lib/python3.10/dist-packages/rslidar_msg-0.0.0-py3.10.egg-info/top_level.txt
[0.794s] -- Installing: /home/ritesh/rc-car/ros2ws/install/rslidar_msg/local/lib/python3.10/dist-packages/rslidar_msg-0.0.0-py3.10.egg-info/dependency_links.txt
[0.794s] -- Installing: /home/ritesh/rc-car/ros2ws/install/rslidar_msg/local/lib/python3.10/dist-packages/rslidar_msg-0.0.0-py3.10.egg-info/PKG-INFO
[0.794s] -- Up-to-date: /home/ritesh/rc-car/ros2ws/install/rslidar_msg/local/lib/python3.10/dist-packages/rslidar_msg
[0.794s] -- Up-to-date: /home/ritesh/rc-car/ros2ws/install/rslidar_msg/local/lib/python3.10/dist-packages/rslidar_msg/msg
[0.795s] -- Up-to-date: /home/ritesh/rc-car/ros2ws/install/rslidar_msg/local/lib/python3.10/dist-packages/rslidar_msg/msg/_rslidar_packet.py
[0.795s] -- Up-to-date: /home/ritesh/rc-car/ros2ws/install/rslidar_msg/local/lib/python3.10/dist-packages/rslidar_msg/msg/__init__.py
[0.795s] -- Up-to-date: /home/ritesh/rc-car/ros2ws/install/rslidar_msg/local/lib/python3.10/dist-packages/rslidar_msg/msg/_rslidar_packet_s.c
[0.795s] -- Up-to-date: /home/ritesh/rc-car/ros2ws/install/rslidar_msg/local/lib/python3.10/dist-packages/rslidar_msg/_rslidar_msg_s.ep.rosidl_typesupport_introspection_c.c
[0.795s] -- Up-to-date: /home/ritesh/rc-car/ros2ws/install/rslidar_msg/local/lib/python3.10/dist-packages/rslidar_msg/__init__.py
[0.795s] -- Up-to-date: /home/ritesh/rc-car/ros2ws/install/rslidar_msg/local/lib/python3.10/dist-packages/rslidar_msg/rslidar_msg_s__rosidl_typesupport_introspection_c.cpython-310-x86_64-linux-gnu.so
[0.795s] -- Up-to-date: /home/ritesh/rc-car/ros2ws/install/rslidar_msg/local/lib/python3.10/dist-packages/rslidar_msg/rslidar_msg_s__rosidl_typesupport_c.cpython-310-x86_64-linux-gnu.so
[0.796s] -- Up-to-date: /home/ritesh/rc-car/ros2ws/install/rslidar_msg/local/lib/python3.10/dist-packages/rslidar_msg/librslidar_msg__rosidl_generator_py.so
[0.796s] -- Up-to-date: /home/ritesh/rc-car/ros2ws/install/rslidar_msg/local/lib/python3.10/dist-packages/rslidar_msg/_rslidar_msg_s.ep.rosidl_typesupport_c.c
[0.796s] -- Up-to-date: /home/ritesh/rc-car/ros2ws/install/rslidar_msg/local/lib/python3.10/dist-packages/rslidar_msg/_rslidar_msg_s.ep.rosidl_typesupport_fastrtps_c.c
[0.796s] -- Up-to-date: /home/ritesh/rc-car/ros2ws/install/rslidar_msg/local/lib/python3.10/dist-packages/rslidar_msg/rslidar_msg_s__rosidl_typesupport_fastrtps_c.cpython-310-x86_64-linux-gnu.so
[0.849s] Listing '/home/ritesh/rc-car/ros2ws/install/rslidar_msg/local/lib/python3.10/dist-packages/rslidar_msg'...
[0.849s] Listing '/home/ritesh/rc-car/ros2ws/install/rslidar_msg/local/lib/python3.10/dist-packages/rslidar_msg/msg'...
[0.857s] -- Up-to-date: /home/ritesh/rc-car/ros2ws/install/rslidar_msg/local/lib/python3.10/dist-packages/rslidar_msg/rslidar_msg_s__rosidl_typesupport_fastrtps_c.cpython-310-x86_64-linux-gnu.so
[0.858s] -- Up-to-date: /home/ritesh/rc-car/ros2ws/install/rslidar_msg/local/lib/python3.10/dist-packages/rslidar_msg/rslidar_msg_s__rosidl_typesupport_introspection_c.cpython-310-x86_64-linux-gnu.so
[0.858s] -- Up-to-date: /home/ritesh/rc-car/ros2ws/install/rslidar_msg/local/lib/python3.10/dist-packages/rslidar_msg/rslidar_msg_s__rosidl_typesupport_c.cpython-310-x86_64-linux-gnu.so
[0.858s] -- Up-to-date: /home/ritesh/rc-car/ros2ws/install/rslidar_msg/lib/librslidar_msg__rosidl_generator_py.so
[0.858s] -- Up-to-date: /home/ritesh/rc-car/ros2ws/install/rslidar_msg/share/rslidar_msg/msg/RslidarPacket.idl
[0.858s] -- Up-to-date: /home/ritesh/rc-car/ros2ws/install/rslidar_msg/share/rslidar_msg/msg/RslidarPacket.msg
[0.858s] -- Up-to-date: /home/ritesh/rc-car/ros2ws/install/rslidar_msg/share/ament_index/resource_index/package_run_dependencies/rslidar_msg
[0.859s] -- Up-to-date: /home/ritesh/rc-car/ros2ws/install/rslidar_msg/share/ament_index/resource_index/parent_prefix_path/rslidar_msg
[0.859s] -- Up-to-date: /home/ritesh/rc-car/ros2ws/install/rslidar_msg/share/rslidar_msg/environment/ament_prefix_path.sh
[0.859s] -- Up-to-date: /home/ritesh/rc-car/ros2ws/install/rslidar_msg/share/rslidar_msg/environment/ament_prefix_path.dsv
[0.859s] -- Up-to-date: /home/ritesh/rc-car/ros2ws/install/rslidar_msg/share/rslidar_msg/environment/path.sh
[0.859s] -- Up-to-date: /home/ritesh/rc-car/ros2ws/install/rslidar_msg/share/rslidar_msg/environment/path.dsv
[0.860s] -- Up-to-date: /home/ritesh/rc-car/ros2ws/install/rslidar_msg/share/rslidar_msg/local_setup.bash
[0.860s] -- Up-to-date: /home/ritesh/rc-car/ros2ws/install/rslidar_msg/share/rslidar_msg/local_setup.sh
[0.860s] -- Up-to-date: /home/ritesh/rc-car/ros2ws/install/rslidar_msg/share/rslidar_msg/local_setup.zsh
[0.860s] -- Up-to-date: /home/ritesh/rc-car/ros2ws/install/rslidar_msg/share/rslidar_msg/local_setup.dsv
[0.860s] -- Installing: /home/ritesh/rc-car/ros2ws/install/rslidar_msg/share/rslidar_msg/package.dsv
[0.860s] -- Up-to-date: /home/ritesh/rc-car/ros2ws/install/rslidar_msg/share/ament_index/resource_index/packages/rslidar_msg
[0.861s] -- Up-to-date: /home/ritesh/rc-car/ros2ws/install/rslidar_msg/share/rslidar_msg/cmake/export_rslidar_msg__rosidl_generator_cExport.cmake
[0.861s] -- Up-to-date: /home/ritesh/rc-car/ros2ws/install/rslidar_msg/share/rslidar_msg/cmake/export_rslidar_msg__rosidl_generator_cExport-noconfig.cmake
[0.861s] -- Up-to-date: /home/ritesh/rc-car/ros2ws/install/rslidar_msg/share/rslidar_msg/cmake/export_rslidar_msg__rosidl_typesupport_fastrtps_cExport.cmake
[0.861s] -- Up-to-date: /home/ritesh/rc-car/ros2ws/install/rslidar_msg/share/rslidar_msg/cmake/export_rslidar_msg__rosidl_typesupport_fastrtps_cExport-noconfig.cmake
[0.862s] -- Up-to-date: /home/ritesh/rc-car/ros2ws/install/rslidar_msg/share/rslidar_msg/cmake/export_rslidar_msg__rosidl_generator_cppExport.cmake
[0.862s] -- Up-to-date: /home/ritesh/rc-car/ros2ws/install/rslidar_msg/share/rslidar_msg/cmake/export_rslidar_msg__rosidl_typesupport_fastrtps_cppExport.cmake
[0.862s] -- Up-to-date: /home/ritesh/rc-car/ros2ws/install/rslidar_msg/share/rslidar_msg/cmake/export_rslidar_msg__rosidl_typesupport_fastrtps_cppExport-noconfig.cmake
[0.862s] -- Up-to-date: /home/ritesh/rc-car/ros2ws/install/rslidar_msg/share/rslidar_msg/cmake/rslidar_msg__rosidl_typesupport_introspection_cExport.cmake
[0.862s] -- Up-to-date: /home/ritesh/rc-car/ros2ws/install/rslidar_msg/share/rslidar_msg/cmake/rslidar_msg__rosidl_typesupport_introspection_cExport-noconfig.cmake
[0.863s] -- Up-to-date: /home/ritesh/rc-car/ros2ws/install/rslidar_msg/share/rslidar_msg/cmake/rslidar_msg__rosidl_typesupport_cExport.cmake
[0.863s] -- Up-to-date: /home/ritesh/rc-car/ros2ws/install/rslidar_msg/share/rslidar_msg/cmake/rslidar_msg__rosidl_typesupport_cExport-noconfig.cmake
[0.863s] -- Up-to-date: /home/ritesh/rc-car/ros2ws/install/rslidar_msg/share/rslidar_msg/cmake/rslidar_msg__rosidl_typesupport_introspection_cppExport.cmake
[0.863s] -- Up-to-date: /home/ritesh/rc-car/ros2ws/install/rslidar_msg/share/rslidar_msg/cmake/rslidar_msg__rosidl_typesupport_introspection_cppExport-noconfig.cmake
[0.863s] -- Up-to-date: /home/ritesh/rc-car/ros2ws/install/rslidar_msg/share/rslidar_msg/cmake/rslidar_msg__rosidl_typesupport_cppExport.cmake
[0.863s] -- Up-to-date: /home/ritesh/rc-car/ros2ws/install/rslidar_msg/share/rslidar_msg/cmake/rslidar_msg__rosidl_typesupport_cppExport-noconfig.cmake
[0.864s] -- Up-to-date: /home/ritesh/rc-car/ros2ws/install/rslidar_msg/share/rslidar_msg/cmake/export_rslidar_msg__rosidl_generator_pyExport.cmake
[0.864s] -- Up-to-date: /home/ritesh/rc-car/ros2ws/install/rslidar_msg/share/rslidar_msg/cmake/export_rslidar_msg__rosidl_generator_pyExport-noconfig.cmake
[0.864s] -- Up-to-date: /home/ritesh/rc-car/ros2ws/install/rslidar_msg/share/rslidar_msg/cmake/rosidl_cmake-extras.cmake
[0.864s] -- Up-to-date: /home/ritesh/rc-car/ros2ws/install/rslidar_msg/share/rslidar_msg/cmake/ament_cmake_export_dependencies-extras.cmake
[0.864s] -- Up-to-date: /home/ritesh/rc-car/ros2ws/install/rslidar_msg/share/rslidar_msg/cmake/ament_cmake_export_include_directories-extras.cmake
[0.864s] -- Up-to-date: /home/ritesh/rc-car/ros2ws/install/rslidar_msg/share/rslidar_msg/cmake/ament_cmake_export_libraries-extras.cmake
[0.864s] -- Up-to-date: /home/ritesh/rc-car/ros2ws/install/rslidar_msg/share/rslidar_msg/cmake/ament_cmake_export_targets-extras.cmake
[0.865s] -- Up-to-date: /home/ritesh/rc-car/ros2ws/install/rslidar_msg/share/rslidar_msg/cmake/rosidl_cmake_export_typesupport_targets-extras.cmake
[0.865s] -- Up-to-date: /home/ritesh/rc-car/ros2ws/install/rslidar_msg/share/rslidar_msg/cmake/rosidl_cmake_export_typesupport_libraries-extras.cmake
[0.865s] -- Up-to-date: /home/ritesh/rc-car/ros2ws/install/rslidar_msg/share/rslidar_msg/cmake/rslidar_msgConfig.cmake
[0.865s] -- Up-to-date: /home/ritesh/rc-car/ros2ws/install/rslidar_msg/share/rslidar_msg/cmake/rslidar_msgConfig-version.cmake
[0.865s] -- Up-to-date: /home/ritesh/rc-car/ros2ws/install/rslidar_msg/share/rslidar_msg/package.xml
[0.870s] Invoked command in '/home/ritesh/rc-car/ros2ws/build/rslidar_msg' returned '0': CMAKE_PREFIX_PATH=${CMAKE_PREFIX_PATH}:/opt/ros/humble /usr/bin/cmake --install /home/ritesh/rc-car/ros2ws/build/rslidar_msg
