[0.285s] Invoking command in '/home/ritesh/rc-car/ros2ws/build/pcap': /usr/bin/cmake --build /home/ritesh/rc-car/ros2ws/build/pcap -- -j8 -l8
[0.362s] [  3%] Built target SerializeTarget
[0.404s] [ 44%] Built target pcap
[0.419s] [ 85%] Built target pcap_static
[0.453s] [ 90%] Built target fuzz_pcap
[0.459s] [ 95%] Built target fuzz_both
[0.460s] [100%] Built target fuzz_filter
[0.559s] Invoked command in '/home/ritesh/rc-car/ros2ws/build/pcap' returned '0': /usr/bin/cmake --build /home/ritesh/rc-car/ros2ws/build/pcap -- -j8 -l8
[0.782s] Invoking command in '/home/ritesh/rc-car/ros2ws/build/pcap': /usr/bin/cmake --install /home/ritesh/rc-car/ros2ws/build/pcap
[0.794s] -- Install configuration: ""
[0.794s] -- Up-to-date: /home/ritesh/rc-car/ros2ws/install/pcap/lib/libpcap.so.1.10.1
[0.794s] -- Up-to-date: /home/ritesh/rc-car/ros2ws/install/pcap/lib/libpcap.so.1
[0.794s] -- Up-to-date: /home/ritesh/rc-car/ros2ws/install/pcap/lib/libpcap.so
[0.795s] -- Up-to-date: /home/ritesh/rc-car/ros2ws/install/pcap/lib/libpcap.a
[0.795s] -- Up-to-date: /home/ritesh/rc-car/ros2ws/install/pcap/include/pcap
[0.795s] -- Up-to-date: /home/ritesh/rc-car/ros2ws/install/pcap/include/pcap/vlan.h
[0.795s] -- Up-to-date: /home/ritesh/rc-car/ros2ws/install/pcap/include/pcap/nflog.h
[0.795s] -- Up-to-date: /home/ritesh/rc-car/ros2ws/install/pcap/include/pcap/dlt.h
[0.795s] -- Up-to-date: /home/ritesh/rc-car/ros2ws/install/pcap/include/pcap/can_socketcan.h
[0.795s] -- Up-to-date: /home/ritesh/rc-car/ros2ws/install/pcap/include/pcap/pcap-inttypes.h
[0.795s] -- Up-to-date: /home/ritesh/rc-car/ros2ws/install/pcap/include/pcap/pcap.h
[0.795s] -- Up-to-date: /home/ritesh/rc-car/ros2ws/install/pcap/include/pcap/usb.h
[0.795s] -- Up-to-date: /home/ritesh/rc-car/ros2ws/install/pcap/include/pcap/ipnet.h
[0.795s] -- Up-to-date: /home/ritesh/rc-car/ros2ws/install/pcap/include/pcap/bluetooth.h
[0.795s] -- Up-to-date: /home/ritesh/rc-car/ros2ws/install/pcap/include/pcap/sll.h
[0.795s] -- Up-to-date: /home/ritesh/rc-car/ros2ws/install/pcap/include/pcap/funcattrs.h
[0.795s] -- Up-to-date: /home/ritesh/rc-car/ros2ws/install/pcap/include/pcap/namedb.h
[0.795s] -- Up-to-date: /home/ritesh/rc-car/ros2ws/install/pcap/include/pcap/compiler-tests.h
[0.795s] -- Up-to-date: /home/ritesh/rc-car/ros2ws/install/pcap/include/pcap/bpf.h
[0.795s] -- Up-to-date: /home/ritesh/rc-car/ros2ws/install/pcap/include/pcap/socket.h
[0.795s] -- Up-to-date: /home/ritesh/rc-car/ros2ws/install/pcap/include/pcap.h
[0.795s] -- Up-to-date: /home/ritesh/rc-car/ros2ws/install/pcap/include/pcap-bpf.h
[0.796s] -- Up-to-date: /home/ritesh/rc-car/ros2ws/install/pcap/include/pcap-namedb.h
[0.796s] -- Up-to-date: /home/ritesh/rc-car/ros2ws/install/pcap/bin/pcap-config
[0.796s] -- Up-to-date: /home/ritesh/rc-car/ros2ws/install/pcap/lib/pkgconfig/libpcap.pc
[0.796s] -- Up-to-date: /home/ritesh/rc-car/ros2ws/install/pcap/share/man/man1/pcap-config.1
[0.796s] -- Up-to-date: /home/ritesh/rc-car/ros2ws/install/pcap/share/man/man3/pcap_activate.3pcap
[0.796s] -- Up-to-date: /home/ritesh/rc-car/ros2ws/install/pcap/share/man/man3/pcap_breakloop.3pcap
[0.796s] -- Up-to-date: /home/ritesh/rc-car/ros2ws/install/pcap/share/man/man3/pcap_can_set_rfmon.3pcap
[0.796s] -- Up-to-date: /home/ritesh/rc-car/ros2ws/install/pcap/share/man/man3/pcap_close.3pcap
[0.796s] -- Up-to-date: /home/ritesh/rc-car/ros2ws/install/pcap/share/man/man3/pcap_create.3pcap
[0.796s] -- Up-to-date: /home/ritesh/rc-car/ros2ws/install/pcap/share/man/man3/pcap_datalink_name_to_val.3pcap
[0.796s] -- Up-to-date: /home/ritesh/rc-car/ros2ws/install/pcap/share/man/man3/pcap_datalink_val_to_name.3pcap
[0.796s] -- Up-to-date: /home/ritesh/rc-car/ros2ws/install/pcap/share/man/man3/pcap_dump.3pcap
[0.796s] -- Up-to-date: /home/ritesh/rc-car/ros2ws/install/pcap/share/man/man3/pcap_dump_close.3pcap
[0.796s] -- Up-to-date: /home/ritesh/rc-car/ros2ws/install/pcap/share/man/man3/pcap_dump_file.3pcap
[0.796s] -- Up-to-date: /home/ritesh/rc-car/ros2ws/install/pcap/share/man/man3/pcap_dump_flush.3pcap
[0.796s] -- Up-to-date: /home/ritesh/rc-car/ros2ws/install/pcap/share/man/man3/pcap_dump_ftell.3pcap
[0.801s] -- Up-to-date: /home/ritesh/rc-car/ros2ws/install/pcap/share/man/man3/pcap_file.3pcap
[0.802s] -- Up-to-date: /home/ritesh/rc-car/ros2ws/install/pcap/share/man/man3/pcap_fileno.3pcap
[0.802s] -- Up-to-date: /home/ritesh/rc-car/ros2ws/install/pcap/share/man/man3/pcap_findalldevs.3pcap
[0.802s] -- Up-to-date: /home/ritesh/rc-car/ros2ws/install/pcap/share/man/man3/pcap_freecode.3pcap
[0.802s] -- Up-to-date: /home/ritesh/rc-car/ros2ws/install/pcap/share/man/man3/pcap_get_required_select_timeout.3pcap
[0.802s] -- Up-to-date: /home/ritesh/rc-car/ros2ws/install/pcap/share/man/man3/pcap_get_selectable_fd.3pcap
[0.802s] -- Up-to-date: /home/ritesh/rc-car/ros2ws/install/pcap/share/man/man3/pcap_geterr.3pcap
[0.802s] -- Up-to-date: /home/ritesh/rc-car/ros2ws/install/pcap/share/man/man3/pcap_init.3pcap
[0.802s] -- Up-to-date: /home/ritesh/rc-car/ros2ws/install/pcap/share/man/man3/pcap_inject.3pcap
[0.802s] -- Up-to-date: /home/ritesh/rc-car/ros2ws/install/pcap/share/man/man3/pcap_is_swapped.3pcap
[0.802s] -- Up-to-date: /home/ritesh/rc-car/ros2ws/install/pcap/share/man/man3/pcap_lib_version.3pcap
[0.802s] -- Up-to-date: /home/ritesh/rc-car/ros2ws/install/pcap/share/man/man3/pcap_lookupdev.3pcap
[0.802s] -- Up-to-date: /home/ritesh/rc-car/ros2ws/install/pcap/share/man/man3/pcap_lookupnet.3pcap
[0.802s] -- Up-to-date: /home/ritesh/rc-car/ros2ws/install/pcap/share/man/man3/pcap_loop.3pcap
[0.802s] -- Up-to-date: /home/ritesh/rc-car/ros2ws/install/pcap/share/man/man3/pcap_major_version.3pcap
[0.802s] -- Up-to-date: /home/ritesh/rc-car/ros2ws/install/pcap/share/man/man3/pcap_next_ex.3pcap
[0.802s] -- Up-to-date: /home/ritesh/rc-car/ros2ws/install/pcap/share/man/man3/pcap_offline_filter.3pcap
[0.803s] -- Up-to-date: /home/ritesh/rc-car/ros2ws/install/pcap/share/man/man3/pcap_open_live.3pcap
[0.803s] -- Up-to-date: /home/ritesh/rc-car/ros2ws/install/pcap/share/man/man3/pcap_set_buffer_size.3pcap
[0.803s] -- Up-to-date: /home/ritesh/rc-car/ros2ws/install/pcap/share/man/man3/pcap_set_datalink.3pcap
[0.803s] -- Up-to-date: /home/ritesh/rc-car/ros2ws/install/pcap/share/man/man3/pcap_set_promisc.3pcap
[0.803s] -- Up-to-date: /home/ritesh/rc-car/ros2ws/install/pcap/share/man/man3/pcap_set_protocol_linux.3pcap
[0.803s] -- Up-to-date: /home/ritesh/rc-car/ros2ws/install/pcap/share/man/man3/pcap_set_rfmon.3pcap
[0.803s] -- Up-to-date: /home/ritesh/rc-car/ros2ws/install/pcap/share/man/man3/pcap_set_snaplen.3pcap
[0.803s] -- Up-to-date: /home/ritesh/rc-car/ros2ws/install/pcap/share/man/man3/pcap_set_timeout.3pcap
[0.803s] -- Up-to-date: /home/ritesh/rc-car/ros2ws/install/pcap/share/man/man3/pcap_setdirection.3pcap
[0.803s] -- Up-to-date: /home/ritesh/rc-car/ros2ws/install/pcap/share/man/man3/pcap_setfilter.3pcap
[0.803s] -- Up-to-date: /home/ritesh/rc-car/ros2ws/install/pcap/share/man/man3/pcap_setnonblock.3pcap
[0.803s] -- Up-to-date: /home/ritesh/rc-car/ros2ws/install/pcap/share/man/man3/pcap_snapshot.3pcap
[0.803s] -- Up-to-date: /home/ritesh/rc-car/ros2ws/install/pcap/share/man/man3/pcap_stats.3pcap
[0.803s] -- Up-to-date: /home/ritesh/rc-car/ros2ws/install/pcap/share/man/man3/pcap_statustostr.3pcap
[0.803s] -- Up-to-date: /home/ritesh/rc-car/ros2ws/install/pcap/share/man/man3/pcap_strerror.3pcap
[0.803s] -- Up-to-date: /home/ritesh/rc-car/ros2ws/install/pcap/share/man/man3/pcap_tstamp_type_name_to_val.3pcap
[0.803s] -- Up-to-date: /home/ritesh/rc-car/ros2ws/install/pcap/share/man/man3/pcap_tstamp_type_val_to_name.3pcap
[0.803s] -- Up-to-date: /home/ritesh/rc-car/ros2ws/install/pcap/share/man/man3/pcap.3pcap
[0.803s] -- Up-to-date: /home/ritesh/rc-car/ros2ws/install/pcap/share/man/man3/pcap_compile.3pcap
[0.803s] -- Up-to-date: /home/ritesh/rc-car/ros2ws/install/pcap/share/man/man3/pcap_datalink.3pcap
[0.804s] -- Up-to-date: /home/ritesh/rc-car/ros2ws/install/pcap/share/man/man3/pcap_dump_open.3pcap
[0.804s] -- Up-to-date: /home/ritesh/rc-car/ros2ws/install/pcap/share/man/man3/pcap_get_tstamp_precision.3pcap
[0.804s] -- Up-to-date: /home/ritesh/rc-car/ros2ws/install/pcap/share/man/man3/pcap_list_datalinks.3pcap
[0.804s] -- Up-to-date: /home/ritesh/rc-car/ros2ws/install/pcap/share/man/man3/pcap_list_tstamp_types.3pcap
[0.804s] -- Up-to-date: /home/ritesh/rc-car/ros2ws/install/pcap/share/man/man3/pcap_open_dead.3pcap
[0.804s] -- Up-to-date: /home/ritesh/rc-car/ros2ws/install/pcap/share/man/man3/pcap_open_offline.3pcap
[0.804s] -- Up-to-date: /home/ritesh/rc-car/ros2ws/install/pcap/share/man/man3/pcap_set_immediate_mode.3pcap
[0.804s] -- Up-to-date: /home/ritesh/rc-car/ros2ws/install/pcap/share/man/man3/pcap_set_tstamp_precision.3pcap
[0.804s] -- Up-to-date: /home/ritesh/rc-car/ros2ws/install/pcap/share/man/man3/pcap_set_tstamp_type.3pcap
[0.804s] -- Symlinking: /home/ritesh/rc-car/ros2ws/install/pcap/share/man/man3/pcap_datalink_val_to_name.3pcap to pcap_datalink_val_to_description.3pcap
[0.828s] -- Symlinking: /home/ritesh/rc-car/ros2ws/install/pcap/share/man/man3/pcap_datalink_val_to_name.3pcap to pcap_datalink_val_to_description_or_dlt.3pcap
[0.867s] -- Symlinking: /home/ritesh/rc-car/ros2ws/install/pcap/share/man/man3/pcap_dump_open.3pcap to pcap_dump_fopen.3pcap
[0.910s] -- Symlinking: /home/ritesh/rc-car/ros2ws/install/pcap/share/man/man3/pcap_findalldevs.3pcap to pcap_freealldevs.3pcap
[0.939s] -- Symlinking: /home/ritesh/rc-car/ros2ws/install/pcap/share/man/man3/pcap_geterr.3pcap to pcap_perror.3pcap
[0.974s] -- Symlinking: /home/ritesh/rc-car/ros2ws/install/pcap/share/man/man3/pcap_inject.3pcap to pcap_sendpacket.3pcap
[1.010s] -- Symlinking: /home/ritesh/rc-car/ros2ws/install/pcap/share/man/man3/pcap_list_datalinks.3pcap to pcap_free_datalinks.3pcap
[1.038s] -- Symlinking: /home/ritesh/rc-car/ros2ws/install/pcap/share/man/man3/pcap_list_tstamp_types.3pcap to pcap_free_tstamp_types.3pcap
[1.065s] -- Symlinking: /home/ritesh/rc-car/ros2ws/install/pcap/share/man/man3/pcap_loop.3pcap to pcap_dispatch.3pcap
[1.091s] -- Symlinking: /home/ritesh/rc-car/ros2ws/install/pcap/share/man/man3/pcap_major_version.3pcap to pcap_minor_version.3pcap
[1.115s] -- Symlinking: /home/ritesh/rc-car/ros2ws/install/pcap/share/man/man3/pcap_next_ex.3pcap to pcap_next.3pcap
[1.142s] -- Symlinking: /home/ritesh/rc-car/ros2ws/install/pcap/share/man/man3/pcap_open_dead.3pcap to pcap_open_dead_with_tstamp_precision.3pcap
[1.173s] -- Symlinking: /home/ritesh/rc-car/ros2ws/install/pcap/share/man/man3/pcap_open_offline.3pcap to pcap_open_offline_with_tstamp_precision.3pcap
[1.201s] -- Symlinking: /home/ritesh/rc-car/ros2ws/install/pcap/share/man/man3/pcap_open_offline.3pcap to pcap_fopen_offline.3pcap
[1.226s] -- Symlinking: /home/ritesh/rc-car/ros2ws/install/pcap/share/man/man3/pcap_open_offline.3pcap to pcap_fopen_offline_with_tstamp_precision.3pcap
[1.255s] -- Symlinking: /home/ritesh/rc-car/ros2ws/install/pcap/share/man/man3/pcap_tstamp_type_val_to_name.3pcap to pcap_tstamp_type_val_to_description.3pcap
[1.279s] -- Symlinking: /home/ritesh/rc-car/ros2ws/install/pcap/share/man/man3/pcap_setnonblock.3pcap to pcap_getnonblock.3pcap
[1.303s] -- Up-to-date: /home/ritesh/rc-car/ros2ws/install/pcap/share/man/man5/pcap-savefile.5
[1.303s] -- Up-to-date: /home/ritesh/rc-car/ros2ws/install/pcap/share/man/man7/pcap-filter.7
[1.303s] -- Up-to-date: /home/ritesh/rc-car/ros2ws/install/pcap/share/man/man7/pcap-linktype.7
[1.303s] -- Up-to-date: /home/ritesh/rc-car/ros2ws/install/pcap/share/man/man7/pcap-tstamp.7
[1.307s] Invoked command in '/home/ritesh/rc-car/ros2ws/build/pcap' returned '0': /usr/bin/cmake --install /home/ritesh/rc-car/ros2ws/build/pcap
