[0.506s] Invoking command in '/home/ritesh/rc-car/ros2ws/read_data': PYTHONPATH=/home/ritesh/rc-car/ros2ws/build/read_data/prefix_override:/usr/local/lib/python3.10/dist-packages/colcon_core/task/python/colcon_distutils_commands:/home/ritesh/rc-car/ros2ws/install/read_data/lib/python3.10/site-packages:${PYTHONPATH} /usr/bin/python3 -W ignore:setup.py install is deprecated setup.py egg_info --egg-base ../build/read_data build --build-base /home/ritesh/rc-car/ros2ws/build/read_data/build install --record /home/ritesh/rc-car/ros2ws/build/read_data/install.log --single-version-externally-managed install_data
[0.661s] running egg_info
[0.662s] writing ../build/read_data/read_data.egg-info/PKG-INFO
[0.662s] writing dependency_links to ../build/read_data/read_data.egg-info/dependency_links.txt
[0.662s] writing entry points to ../build/read_data/read_data.egg-info/entry_points.txt
[0.662s] writing requirements to ../build/read_data/read_data.egg-info/requires.txt
[0.662s] writing top-level names to ../build/read_data/read_data.egg-info/top_level.txt
[0.664s] reading manifest file '../build/read_data/read_data.egg-info/SOURCES.txt'
[0.664s] writing manifest file '../build/read_data/read_data.egg-info/SOURCES.txt'
[0.664s] running build
[0.665s] running build_py
[0.665s] running install
[0.665s] running install_lib
[0.666s] running install_data
[0.666s] running install_egg_info
[0.667s] removing '/home/ritesh/rc-car/ros2ws/install/read_data/lib/python3.10/site-packages/read_data-0.0.0-py3.10.egg-info' (and everything under it)
[0.668s] Copying ../build/read_data/read_data.egg-info to /home/ritesh/rc-car/ros2ws/install/read_data/lib/python3.10/site-packages/read_data-0.0.0-py3.10.egg-info
[0.668s] running install_scripts
[0.684s] Installing read_imu script to /home/ritesh/rc-car/ros2ws/install/read_data/lib/read_data
[0.684s] Installing read_wheelspeed script to /home/ritesh/rc-car/ros2ws/install/read_data/lib/read_data
[0.684s] writing list of installed files to '/home/ritesh/rc-car/ros2ws/build/read_data/install.log'
[0.701s] Invoked command in '/home/ritesh/rc-car/ros2ws/read_data' returned '0': PYTHONPATH=/home/ritesh/rc-car/ros2ws/build/read_data/prefix_override:/usr/local/lib/python3.10/dist-packages/colcon_core/task/python/colcon_distutils_commands:/home/ritesh/rc-car/ros2ws/install/read_data/lib/python3.10/site-packages:${PYTHONPATH} /usr/bin/python3 -W ignore:setup.py install is deprecated setup.py egg_info --egg-base ../build/read_data build --build-base /home/ritesh/rc-car/ros2ws/build/read_data/build install --record /home/ritesh/rc-car/ros2ws/build/read_data/install.log --single-version-externally-managed install_data
