/home/ritesh/rc-car/ros2ws/install/read_data/lib/python3.10/site-packages/read_data/read_cone.py
/home/ritesh/rc-car/ros2ws/install/read_data/lib/python3.10/site-packages/read_data/__init__.py
/home/ritesh/rc-car/ros2ws/install/read_data/lib/python3.10/site-packages/read_data/read_imu.py
/home/ritesh/rc-car/ros2ws/install/read_data/lib/python3.10/site-packages/read_data/read_wheelspeed.py
/home/ritesh/rc-car/ros2ws/install/read_data/lib/python3.10/site-packages/read_data/allData.py
/home/ritesh/rc-car/ros2ws/install/read_data/lib/python3.10/site-packages/read_data/__pycache__/read_cone.cpython-310.pyc
/home/ritesh/rc-car/ros2ws/install/read_data/lib/python3.10/site-packages/read_data/__pycache__/__init__.cpython-310.pyc
/home/ritesh/rc-car/ros2ws/install/read_data/lib/python3.10/site-packages/read_data/__pycache__/read_imu.cpython-310.pyc
/home/ritesh/rc-car/ros2ws/install/read_data/lib/python3.10/site-packages/read_data/__pycache__/read_wheelspeed.cpython-310.pyc
/home/ritesh/rc-car/ros2ws/install/read_data/lib/python3.10/site-packages/read_data/__pycache__/allData.cpython-310.pyc
/home/ritesh/rc-car/ros2ws/install/read_data/share/ament_index/resource_index/packages/read_data
/home/ritesh/rc-car/ros2ws/install/read_data/share/read_data/package.xml
/home/ritesh/rc-car/ros2ws/install/read_data/lib/python3.10/site-packages/read_data-0.0.0-py3.10.egg-info/requires.txt
/home/ritesh/rc-car/ros2ws/install/read_data/lib/python3.10/site-packages/read_data-0.0.0-py3.10.egg-info/zip-safe
/home/ritesh/rc-car/ros2ws/install/read_data/lib/python3.10/site-packages/read_data-0.0.0-py3.10.egg-info/SOURCES.txt
/home/ritesh/rc-car/ros2ws/install/read_data/lib/python3.10/site-packages/read_data-0.0.0-py3.10.egg-info/top_level.txt
/home/ritesh/rc-car/ros2ws/install/read_data/lib/python3.10/site-packages/read_data-0.0.0-py3.10.egg-info/dependency_links.txt
/home/ritesh/rc-car/ros2ws/install/read_data/lib/python3.10/site-packages/read_data-0.0.0-py3.10.egg-info/PKG-INFO
/home/ritesh/rc-car/ros2ws/install/read_data/lib/python3.10/site-packages/read_data-0.0.0-py3.10.egg-info/entry_points.txt
/home/ritesh/rc-car/ros2ws/install/read_data/lib/read_data/read_imu
/home/ritesh/rc-car/ros2ws/install/read_data/lib/read_data/read_wheelspeed
