running egg_info
writing ../build/read_data/read_data.egg-info/PKG-INFO
writing dependency_links to ../build/read_data/read_data.egg-info/dependency_links.txt
writing entry points to ../build/read_data/read_data.egg-info/entry_points.txt
writing requirements to ../build/read_data/read_data.egg-info/requires.txt
writing top-level names to ../build/read_data/read_data.egg-info/top_level.txt
reading manifest file '../build/read_data/read_data.egg-info/SOURCES.txt'
writing manifest file '../build/read_data/read_data.egg-info/SOURCES.txt'
running build
running build_py
copying read_data/read_cone.py -> /home/ritesh/rc-car/ros2ws/build/read_data/build/lib/read_data
copying read_data/read_imu.py -> /home/ritesh/rc-car/ros2ws/build/read_data/build/lib/read_data
copying read_data/read_wheelspeed.py -> /home/ritesh/rc-car/ros2ws/build/read_data/build/lib/read_data
copying read_data/allData.py -> /home/ritesh/rc-car/ros2ws/build/read_data/build/lib/read_data
running install
running install_lib
copying /home/ritesh/rc-car/ros2ws/build/read_data/build/lib/read_data/read_cone.py -> /home/ritesh/rc-car/ros2ws/install/read_data/lib/python3.10/site-packages/read_data
copying /home/ritesh/rc-car/ros2ws/build/read_data/build/lib/read_data/read_imu.py -> /home/ritesh/rc-car/ros2ws/install/read_data/lib/python3.10/site-packages/read_data
copying /home/ritesh/rc-car/ros2ws/build/read_data/build/lib/read_data/read_wheelspeed.py -> /home/ritesh/rc-car/ros2ws/install/read_data/lib/python3.10/site-packages/read_data
copying /home/ritesh/rc-car/ros2ws/build/read_data/build/lib/read_data/allData.py -> /home/ritesh/rc-car/ros2ws/install/read_data/lib/python3.10/site-packages/read_data
byte-compiling /home/ritesh/rc-car/ros2ws/install/read_data/lib/python3.10/site-packages/read_data/read_cone.py to read_cone.cpython-310.pyc
byte-compiling /home/ritesh/rc-car/ros2ws/install/read_data/lib/python3.10/site-packages/read_data/read_imu.py to read_imu.cpython-310.pyc
byte-compiling /home/ritesh/rc-car/ros2ws/install/read_data/lib/python3.10/site-packages/read_data/read_wheelspeed.py to read_wheelspeed.cpython-310.pyc
byte-compiling /home/ritesh/rc-car/ros2ws/install/read_data/lib/python3.10/site-packages/read_data/allData.py to allData.cpython-310.pyc
running install_data
copying package.xml -> /home/ritesh/rc-car/ros2ws/install/read_data/share/read_data
running install_egg_info
removing '/home/ritesh/rc-car/ros2ws/install/read_data/lib/python3.10/site-packages/read_data-0.0.0-py3.10.egg-info' (and everything under it)
Copying ../build/read_data/read_data.egg-info to /home/ritesh/rc-car/ros2ws/install/read_data/lib/python3.10/site-packages/read_data-0.0.0-py3.10.egg-info
running install_scripts
Installing read_imu script to /home/ritesh/rc-car/ros2ws/install/read_data/lib/read_data
Installing read_wheelspeed script to /home/ritesh/rc-car/ros2ws/install/read_data/lib/read_data
writing list of installed files to '/home/ritesh/rc-car/ros2ws/build/read_data/install.log'
