[0.300s] Invoking command in '/home/ritesh/rc-car/ros2/build/eufs_msgs': CMAKE_PREFIX_PATH=/opt/ros/humble /usr/bin/cmake --build /home/ritesh/rc-car/ros2/build/eufs_msgs -- -j8 -l8
[0.462s] [  0%] Built target eufs_msgs__cpp
[0.481s] [ 12%] Built target eufs_msgs__rosidl_generator_c
[0.504s] [ 12%] Built target ament_cmake_python_copy_eufs_msgs
[0.563s] [ 25%] Built target eufs_msgs__rosidl_typesupport_c
[0.574s] [ 38%] Built target eufs_msgs__rosidl_typesupport_introspection_c
[0.583s] [ 51%] Built target eufs_msgs__rosidl_typesupport_fastrtps_c
[0.592s] [ 64%] Built target eufs_msgs__rosidl_typesupport_introspection_cpp
[0.597s] [ 76%] Built target eufs_msgs__rosidl_typesupport_fastrtps_cpp
[0.600s] [ 88%] Built target eufs_msgs__rosidl_typesupport_cpp
[0.639s] [ 88%] Built target eufs_msgs
[0.703s] [ 88%] Built target eufs_msgs__py
[0.802s] running egg_info
[0.806s] writing eufs_msgs.egg-info/PKG-INFO
[0.807s] writing dependency_links to eufs_msgs.egg-info/dependency_links.txt
[0.807s] [100%] Built target eufs_msgs__rosidl_generator_py
[0.807s] writing top-level names to eufs_msgs.egg-info/top_level.txt
[0.810s] reading manifest file 'eufs_msgs.egg-info/SOURCES.txt'
[0.811s] writing manifest file 'eufs_msgs.egg-info/SOURCES.txt'
[0.849s] [100%] Built target ament_cmake_python_build_eufs_msgs_egg
[0.856s] [100%] Built target eufs_msgs__rosidl_typesupport_introspection_c__pyext
[0.856s] [100%] Built target eufs_msgs__rosidl_typesupport_fastrtps_c__pyext
[0.862s] [100%] Built target eufs_msgs__rosidl_typesupport_c__pyext
[0.896s] Invoked command in '/home/ritesh/rc-car/ros2/build/eufs_msgs' returned '0': CMAKE_PREFIX_PATH=/opt/ros/humble /usr/bin/cmake --build /home/ritesh/rc-car/ros2/build/eufs_msgs -- -j8 -l8
