[0.924s] Invoking command in '/home/ritesh/rc-car/ros2/src/controller': PYTHONPATH=/home/ritesh/rc-car/ros2/build/controller/prefix_override:/usr/local/lib/python3.10/dist-packages/colcon_core/task/python/colcon_distutils_commands:/home/ritesh/rc-car/ros2/install/controller/lib/python3.10/site-packages:${PYTHONPATH} /usr/bin/python3 -W ignore:setup.py install is deprecated setup.py egg_info --egg-base ../../build/controller build --build-base /home/ritesh/rc-car/ros2/build/controller/build install --record /home/ritesh/rc-car/ros2/build/controller/install.log --single-version-externally-managed install_data
[1.185s] running egg_info
[1.185s] writing ../../build/controller/controller.egg-info/PKG-INFO
[1.186s] writing dependency_links to ../../build/controller/controller.egg-info/dependency_links.txt
[1.186s] writing entry points to ../../build/controller/controller.egg-info/entry_points.txt
[1.186s] writing requirements to ../../build/controller/controller.egg-info/requires.txt
[1.186s] writing top-level names to ../../build/controller/controller.egg-info/top_level.txt
[1.188s] reading manifest file '../../build/controller/controller.egg-info/SOURCES.txt'
[1.189s] writing manifest file '../../build/controller/controller.egg-info/SOURCES.txt'
[1.189s] running build
[1.189s] running build_py
[1.189s] running install
[1.190s] running install_lib
[1.191s] running install_data
[1.191s] running install_egg_info
[1.194s] removing '/home/ritesh/rc-car/ros2/install/controller/lib/python3.10/site-packages/controller-0.0.0-py3.10.egg-info' (and everything under it)
[1.194s] Copying ../../build/controller/controller.egg-info to /home/ritesh/rc-car/ros2/install/controller/lib/python3.10/site-packages/controller-0.0.0-py3.10.egg-info
[1.194s] running install_scripts
[1.215s] Installing give_c script to /home/ritesh/rc-car/ros2/install/controller/lib/controller
[1.216s] writing list of installed files to '/home/ritesh/rc-car/ros2/build/controller/install.log'
[1.256s] Invoked command in '/home/ritesh/rc-car/ros2/src/controller' returned '0': PYTHONPATH=/home/ritesh/rc-car/ros2/build/controller/prefix_override:/usr/local/lib/python3.10/dist-packages/colcon_core/task/python/colcon_distutils_commands:/home/ritesh/rc-car/ros2/install/controller/lib/python3.10/site-packages:${PYTHONPATH} /usr/bin/python3 -W ignore:setup.py install is deprecated setup.py egg_info --egg-base ../../build/controller build --build-base /home/ritesh/rc-car/ros2/build/controller/build install --record /home/ritesh/rc-car/ros2/build/controller/install.log --single-version-externally-managed install_data
