[0.539s] Invoking command in '/home/ritesh/rc-car/ros2_ws/build/my_robot_controller': PYTHONPATH=/home/ritesh/rc-car/ros2_ws/build/my_robot_controller/prefix_override:/usr/local/lib/python3.10/dist-packages/colcon_core/task/python/colcon_distutils_commands:/home/ritesh/rc-car/ros2_ws/install/my_robot_controller/lib/python3.10/site-packages:${PYTHONPATH} /usr/bin/python3 -W ignore:setup.py install is deprecated setup.py develop --uninstall --editable --build-directory /home/ritesh/rc-car/ros2_ws/build/my_robot_controller/build
[0.729s] running develop
[0.729s] /usr/lib/python3/dist-packages/setuptools/command/easy_install.py:158: EasyInstallDeprecationWarning: easy_install command is deprecated. Use build and pip and other standards-based tools.
[0.729s]   warnings.warn(
[0.836s] Removing /home/ritesh/rc-car/ros2_ws/install/my_robot_controller/lib/python3.10/site-packages/my-robot-controller.egg-link (link to .)
[0.859s] Invoked command in '/home/ritesh/rc-car/ros2_ws/build/my_robot_controller' returned '0': PYTHONPATH=/home/ritesh/rc-car/ros2_ws/build/my_robot_controller/prefix_override:/usr/local/lib/python3.10/dist-packages/colcon_core/task/python/colcon_distutils_commands:/home/ritesh/rc-car/ros2_ws/install/my_robot_controller/lib/python3.10/site-packages:${PYTHONPATH} /usr/bin/python3 -W ignore:setup.py install is deprecated setup.py develop --uninstall --editable --build-directory /home/ritesh/rc-car/ros2_ws/build/my_robot_controller/build
[0.860s] Invoking command in '/home/ritesh/rc-car/ros2_ws/src/my_robot_controller': PYTHONPATH=/home/ritesh/rc-car/ros2_ws/build/my_robot_controller/prefix_override:/usr/local/lib/python3.10/dist-packages/colcon_core/task/python/colcon_distutils_commands:/home/ritesh/rc-car/ros2_ws/install/my_robot_controller/lib/python3.10/site-packages:${PYTHONPATH} /usr/bin/python3 -W ignore:setup.py install is deprecated setup.py egg_info --egg-base ../../build/my_robot_controller build --build-base /home/ritesh/rc-car/ros2_ws/build/my_robot_controller/build install --record /home/ritesh/rc-car/ros2_ws/build/my_robot_controller/install.log --single-version-externally-managed install_data --force
[1.027s] running egg_info
[1.028s] writing ../../build/my_robot_controller/my_robot_controller.egg-info/PKG-INFO
[1.028s] writing dependency_links to ../../build/my_robot_controller/my_robot_controller.egg-info/dependency_links.txt
[1.028s] writing entry points to ../../build/my_robot_controller/my_robot_controller.egg-info/entry_points.txt
[1.028s] writing requirements to ../../build/my_robot_controller/my_robot_controller.egg-info/requires.txt
[1.028s] writing top-level names to ../../build/my_robot_controller/my_robot_controller.egg-info/top_level.txt
[1.030s] reading manifest file '../../build/my_robot_controller/my_robot_controller.egg-info/SOURCES.txt'
[1.030s] writing manifest file '../../build/my_robot_controller/my_robot_controller.egg-info/SOURCES.txt'
[1.030s] running build
[1.030s] running build_py
[1.030s] copying my_robot_controller/my_first_node.py -> /home/ritesh/rc-car/ros2_ws/build/my_robot_controller/build/lib/my_robot_controller
[1.031s] running install
[1.031s] running install_lib
[1.032s] creating /home/ritesh/rc-car/ros2_ws/install/my_robot_controller/lib/python3.10/site-packages/my_robot_controller
[1.032s] copying /home/ritesh/rc-car/ros2_ws/build/my_robot_controller/build/lib/my_robot_controller/my_first_node.py -> /home/ritesh/rc-car/ros2_ws/install/my_robot_controller/lib/python3.10/site-packages/my_robot_controller
[1.032s] copying /home/ritesh/rc-car/ros2_ws/build/my_robot_controller/build/lib/my_robot_controller/__init__.py -> /home/ritesh/rc-car/ros2_ws/install/my_robot_controller/lib/python3.10/site-packages/my_robot_controller
[1.032s] byte-compiling /home/ritesh/rc-car/ros2_ws/install/my_robot_controller/lib/python3.10/site-packages/my_robot_controller/my_first_node.py to my_first_node.cpython-310.pyc
[1.032s] byte-compiling /home/ritesh/rc-car/ros2_ws/install/my_robot_controller/lib/python3.10/site-packages/my_robot_controller/__init__.py to __init__.cpython-310.pyc
[1.033s] running install_data
[1.033s] copying resource/my_robot_controller -> /home/ritesh/rc-car/ros2_ws/install/my_robot_controller/share/ament_index/resource_index/packages
[1.033s] copying package.xml -> /home/ritesh/rc-car/ros2_ws/install/my_robot_controller/share/my_robot_controller
[1.033s] running install_egg_info
[1.034s] Copying ../../build/my_robot_controller/my_robot_controller.egg-info to /home/ritesh/rc-car/ros2_ws/install/my_robot_controller/lib/python3.10/site-packages/my_robot_controller-0.0.0-py3.10.egg-info
[1.035s] running install_scripts
[1.051s] Installing test_node script to /home/ritesh/rc-car/ros2_ws/install/my_robot_controller/lib/my_robot_controller
[1.051s] writing list of installed files to '/home/ritesh/rc-car/ros2_ws/build/my_robot_controller/install.log'
[1.068s] Invoked command in '/home/ritesh/rc-car/ros2_ws/src/my_robot_controller' returned '0': PYTHONPATH=/home/ritesh/rc-car/ros2_ws/build/my_robot_controller/prefix_override:/usr/local/lib/python3.10/dist-packages/colcon_core/task/python/colcon_distutils_commands:/home/ritesh/rc-car/ros2_ws/install/my_robot_controller/lib/python3.10/site-packages:${PYTHONPATH} /usr/bin/python3 -W ignore:setup.py install is deprecated setup.py egg_info --egg-base ../../build/my_robot_controller build --build-base /home/ritesh/rc-car/ros2_ws/build/my_robot_controller/build install --record /home/ritesh/rc-car/ros2_ws/build/my_robot_controller/install.log --single-version-externally-managed install_data --force
