[0.028s] Invoking command in '/home/ritesh/rc-car/ros2/build/rslidar_msg': CMAKE_PREFIX_PATH=/opt/ros/humble /usr/bin/cmake --build /home/ritesh/rc-car/ros2/build/rslidar_msg -- -j8 -l8
[0.353s] [35m[1mConsolidate compiler generated dependencies of target rslidar_msg__rosidl_generator_c[0m
[0.353s] [  0%] Built target ament_cmake_python_copy_rslidar_msg
[0.353s] [  3%] Built target rslidar_msg__cpp
[0.353s] [ 12%] Built target rslidar_msg__rosidl_generator_c
[0.353s] [35m[1mConsolidate compiler generated dependencies of target rslidar_msg__rosidl_typesupport_cpp[0m
[0.353s] [35m[1mConsolidate compiler generated dependencies of target rslidar_msg__rosidl_typesupport_fastrtps_c[0m
[0.353s] [35m[1mConsolidate compiler generated dependencies of target rslidar_msg__rosidl_typesupport_introspection_cpp[0m
[0.353s] [35m[1mConsolidate compiler generated dependencies of target rslidar_msg__rosidl_typesupport_fastrtps_cpp[0m
[0.353s] [35m[1mConsolidate compiler generated dependencies of target rslidar_msg__rosidl_typesupport_introspection_c[0m
[0.354s] [ 22%] Built target rslidar_msg__rosidl_typesupport_cpp
[0.354s] [ 41%] Built target rslidar_msg__rosidl_typesupport_introspection_cpp
[0.354s] [ 41%] Built target rslidar_msg__rosidl_typesupport_introspection_c
[0.354s] [ 51%] Built target rslidar_msg__rosidl_typesupport_fastrtps_c
[0.354s] [ 61%] Built target rslidar_msg__rosidl_typesupport_fastrtps_cpp
[0.354s] [35m[1mConsolidate compiler generated dependencies of target rslidar_msg__rosidl_typesupport_c[0m
[0.354s] [ 70%] Built target rslidar_msg__rosidl_typesupport_c
[0.354s] [ 70%] Built target rslidar_msg
[0.365s] [ 74%] Built target rslidar_msg__py
[0.386s] [35m[1mConsolidate compiler generated dependencies of target rslidar_msg__rosidl_generator_py[0m
[0.418s] [ 80%] Built target rslidar_msg__rosidl_generator_py
[0.450s] [35m[1mConsolidate compiler generated dependencies of target rslidar_msg__rosidl_typesupport_introspection_c__pyext[0m
[0.451s] [35m[1mConsolidate compiler generated dependencies of target rslidar_msg__rosidl_typesupport_fastrtps_c__pyext[0m
[0.456s] [35m[1mConsolidate compiler generated dependencies of target rslidar_msg__rosidl_typesupport_c__pyext[0m
[0.486s] [ 87%] Built target rslidar_msg__rosidl_typesupport_introspection_c__pyext
[0.494s] [ 93%] Built target rslidar_msg__rosidl_typesupport_fastrtps_c__pyext
[0.495s] [100%] Built target rslidar_msg__rosidl_typesupport_c__pyext
[0.580s] running egg_info
[0.581s] writing rslidar_msg.egg-info/PKG-INFO
[0.581s] writing dependency_links to rslidar_msg.egg-info/dependency_links.txt
[0.581s] writing top-level names to rslidar_msg.egg-info/top_level.txt
[0.594s] reading manifest file 'rslidar_msg.egg-info/SOURCES.txt'
[0.595s] writing manifest file 'rslidar_msg.egg-info/SOURCES.txt'
[0.677s] [100%] Built target ament_cmake_python_build_rslidar_msg_egg
[0.720s] Invoked command in '/home/ritesh/rc-car/ros2/build/rslidar_msg' returned '0': CMAKE_PREFIX_PATH=/opt/ros/humble /usr/bin/cmake --build /home/ritesh/rc-car/ros2/build/rslidar_msg -- -j8 -l8
[0.945s] Invoking command in '/home/ritesh/rc-car/ros2/build/rslidar_msg': CMAKE_PREFIX_PATH=/opt/ros/humble /usr/bin/cmake --install /home/ritesh/rc-car/ros2/build/rslidar_msg
[0.965s] -- Install configuration: ""
[0.966s] -- Up-to-date: /home/ritesh/rc-car/ros2/install/rslidar_msg/share/ament_index/resource_index/rosidl_interfaces/rslidar_msg
[0.971s] -- Up-to-date: /home/ritesh/rc-car/ros2/install/rslidar_msg/include/rslidar_msg/rslidar_msg
[0.971s] -- Up-to-date: /home/ritesh/rc-car/ros2/install/rslidar_msg/include/rslidar_msg/rslidar_msg/msg
[0.971s] -- Up-to-date: /home/ritesh/rc-car/ros2/install/rslidar_msg/include/rslidar_msg/rslidar_msg/msg/rosidl_generator_c__visibility_control.h
[0.971s] -- Up-to-date: /home/ritesh/rc-car/ros2/install/rslidar_msg/include/rslidar_msg/rslidar_msg/msg/detail
[0.971s] -- Up-to-date: /home/ritesh/rc-car/ros2/install/rslidar_msg/include/rslidar_msg/rslidar_msg/msg/detail/rslidar_packet__functions.c
[0.971s] -- Up-to-date: /home/ritesh/rc-car/ros2/install/rslidar_msg/include/rslidar_msg/rslidar_msg/msg/detail/rslidar_packet__struct.h
[0.972s] -- Up-to-date: /home/ritesh/rc-car/ros2/install/rslidar_msg/include/rslidar_msg/rslidar_msg/msg/detail/rslidar_packet__functions.h
[0.972s] -- Up-to-date: /home/ritesh/rc-car/ros2/install/rslidar_msg/include/rslidar_msg/rslidar_msg/msg/detail/rslidar_packet__type_support.h
[0.972s] -- Up-to-date: /home/ritesh/rc-car/ros2/install/rslidar_msg/include/rslidar_msg/rslidar_msg/msg/rslidar_packet.h
[0.972s] -- Up-to-date: /home/ritesh/rc-car/ros2/install/rslidar_msg/share/rslidar_msg/environment/library_path.sh
[0.972s] -- Up-to-date: /home/ritesh/rc-car/ros2/install/rslidar_msg/share/rslidar_msg/environment/library_path.dsv
[0.975s] -- Up-to-date: /home/ritesh/rc-car/ros2/install/rslidar_msg/lib/librslidar_msg__rosidl_generator_c.so
[0.975s] -- Up-to-date: /home/ritesh/rc-car/ros2/install/rslidar_msg/include/rslidar_msg/rslidar_msg
[0.975s] -- Up-to-date: /home/ritesh/rc-car/ros2/install/rslidar_msg/include/rslidar_msg/rslidar_msg/msg
[0.975s] -- Up-to-date: /home/ritesh/rc-car/ros2/install/rslidar_msg/include/rslidar_msg/rslidar_msg/msg/rosidl_typesupport_fastrtps_c__visibility_control.h
[0.975s] -- Up-to-date: /home/ritesh/rc-car/ros2/install/rslidar_msg/include/rslidar_msg/rslidar_msg/msg/detail
[0.975s] -- Up-to-date: /home/ritesh/rc-car/ros2/install/rslidar_msg/include/rslidar_msg/rslidar_msg/msg/detail/rslidar_packet__rosidl_typesupport_fastrtps_c.h
[0.975s] -- Up-to-date: /home/ritesh/rc-car/ros2/install/rslidar_msg/lib/librslidar_msg__rosidl_typesupport_fastrtps_c.so
[0.975s] -- Up-to-date: /home/ritesh/rc-car/ros2/install/rslidar_msg/include/rslidar_msg/rslidar_msg
[0.975s] -- Up-to-date: /home/ritesh/rc-car/ros2/install/rslidar_msg/include/rslidar_msg/rslidar_msg/msg
[0.975s] -- Up-to-date: /home/ritesh/rc-car/ros2/install/rslidar_msg/include/rslidar_msg/rslidar_msg/msg/rslidar_packet.hpp
[0.975s] -- Up-to-date: /home/ritesh/rc-car/ros2/install/rslidar_msg/include/rslidar_msg/rslidar_msg/msg/detail
[0.975s] -- Up-to-date: /home/ritesh/rc-car/ros2/install/rslidar_msg/include/rslidar_msg/rslidar_msg/msg/detail/rslidar_packet__traits.hpp
[0.975s] -- Up-to-date: /home/ritesh/rc-car/ros2/install/rslidar_msg/include/rslidar_msg/rslidar_msg/msg/detail/rslidar_packet__struct.hpp
[0.975s] -- Up-to-date: /home/ritesh/rc-car/ros2/install/rslidar_msg/include/rslidar_msg/rslidar_msg/msg/detail/rslidar_packet__builder.hpp
[0.975s] -- Up-to-date: /home/ritesh/rc-car/ros2/install/rslidar_msg/include/rslidar_msg/rslidar_msg
[0.975s] -- Up-to-date: /home/ritesh/rc-car/ros2/install/rslidar_msg/include/rslidar_msg/rslidar_msg/msg
[0.975s] -- Up-to-date: /home/ritesh/rc-car/ros2/install/rslidar_msg/include/rslidar_msg/rslidar_msg/msg/rosidl_typesupport_fastrtps_cpp__visibility_control.h
[0.976s] -- Up-to-date: /home/ritesh/rc-car/ros2/install/rslidar_msg/include/rslidar_msg/rslidar_msg/msg/detail
[0.976s] -- Up-to-date: /home/ritesh/rc-car/ros2/install/rslidar_msg/include/rslidar_msg/rslidar_msg/msg/detail/rslidar_packet__rosidl_typesupport_fastrtps_cpp.hpp
[0.976s] -- Up-to-date: /home/ritesh/rc-car/ros2/install/rslidar_msg/include/rslidar_msg/rslidar_msg/msg/detail/dds_fastrtps
[0.976s] -- Up-to-date: /home/ritesh/rc-car/ros2/install/rslidar_msg/lib/librslidar_msg__rosidl_typesupport_fastrtps_cpp.so
[0.976s] -- Up-to-date: /home/ritesh/rc-car/ros2/install/rslidar_msg/include/rslidar_msg/rslidar_msg
[0.976s] -- Up-to-date: /home/ritesh/rc-car/ros2/install/rslidar_msg/include/rslidar_msg/rslidar_msg/msg
[0.976s] -- Up-to-date: /home/ritesh/rc-car/ros2/install/rslidar_msg/include/rslidar_msg/rslidar_msg/msg/rosidl_typesupport_introspection_c__visibility_control.h
[0.976s] -- Up-to-date: /home/ritesh/rc-car/ros2/install/rslidar_msg/include/rslidar_msg/rslidar_msg/msg/detail
[0.976s] -- Up-to-date: /home/ritesh/rc-car/ros2/install/rslidar_msg/include/rslidar_msg/rslidar_msg/msg/detail/rslidar_packet__type_support.c
[0.976s] -- Up-to-date: /home/ritesh/rc-car/ros2/install/rslidar_msg/include/rslidar_msg/rslidar_msg/msg/detail/rslidar_packet__rosidl_typesupport_introspection_c.h
[0.976s] -- Up-to-date: /home/ritesh/rc-car/ros2/install/rslidar_msg/lib/librslidar_msg__rosidl_typesupport_introspection_c.so
[0.976s] -- Up-to-date: /home/ritesh/rc-car/ros2/install/rslidar_msg/lib/librslidar_msg__rosidl_typesupport_c.so
[0.976s] -- Up-to-date: /home/ritesh/rc-car/ros2/install/rslidar_msg/include/rslidar_msg/rslidar_msg
[0.976s] -- Up-to-date: /home/ritesh/rc-car/ros2/install/rslidar_msg/include/rslidar_msg/rslidar_msg/msg
[0.976s] -- Up-to-date: /home/ritesh/rc-car/ros2/install/rslidar_msg/include/rslidar_msg/rslidar_msg/msg/detail
[0.983s] -- Up-to-date: /home/ritesh/rc-car/ros2/install/rslidar_msg/include/rslidar_msg/rslidar_msg/msg/detail/rslidar_packet__type_support.cpp
[0.983s] -- Up-to-date: /home/ritesh/rc-car/ros2/install/rslidar_msg/include/rslidar_msg/rslidar_msg/msg/detail/rslidar_packet__rosidl_typesupport_introspection_cpp.hpp
[0.984s] -- Up-to-date: /home/ritesh/rc-car/ros2/install/rslidar_msg/lib/librslidar_msg__rosidl_typesupport_introspection_cpp.so
[0.984s] -- Up-to-date: /home/ritesh/rc-car/ros2/install/rslidar_msg/lib/librslidar_msg__rosidl_typesupport_cpp.so
[0.984s] -- Up-to-date: /home/ritesh/rc-car/ros2/install/rslidar_msg/share/rslidar_msg/environment/pythonpath.sh
[0.984s] -- Up-to-date: /home/ritesh/rc-car/ros2/install/rslidar_msg/share/rslidar_msg/environment/pythonpath.dsv
[0.984s] -- Up-to-date: /home/ritesh/rc-car/ros2/install/rslidar_msg/local/lib/python3.10/dist-packages/rslidar_msg-0.0.0-py3.10.egg-info
[0.984s] -- Installing: /home/ritesh/rc-car/ros2/install/rslidar_msg/local/lib/python3.10/dist-packages/rslidar_msg-0.0.0-py3.10.egg-info/SOURCES.txt
[0.984s] -- Installing: /home/ritesh/rc-car/ros2/install/rslidar_msg/local/lib/python3.10/dist-packages/rslidar_msg-0.0.0-py3.10.egg-info/top_level.txt
[0.984s] -- Installing: /home/ritesh/rc-car/ros2/install/rslidar_msg/local/lib/python3.10/dist-packages/rslidar_msg-0.0.0-py3.10.egg-info/dependency_links.txt
[0.984s] -- Installing: /home/ritesh/rc-car/ros2/install/rslidar_msg/local/lib/python3.10/dist-packages/rslidar_msg-0.0.0-py3.10.egg-info/PKG-INFO
[0.984s] -- Up-to-date: /home/ritesh/rc-car/ros2/install/rslidar_msg/local/lib/python3.10/dist-packages/rslidar_msg
[0.984s] -- Up-to-date: /home/ritesh/rc-car/ros2/install/rslidar_msg/local/lib/python3.10/dist-packages/rslidar_msg/msg
[0.984s] -- Up-to-date: /home/ritesh/rc-car/ros2/install/rslidar_msg/local/lib/python3.10/dist-packages/rslidar_msg/msg/_rslidar_packet.py
[0.984s] -- Up-to-date: /home/ritesh/rc-car/ros2/install/rslidar_msg/local/lib/python3.10/dist-packages/rslidar_msg/msg/__init__.py
[0.984s] -- Up-to-date: /home/ritesh/rc-car/ros2/install/rslidar_msg/local/lib/python3.10/dist-packages/rslidar_msg/msg/_rslidar_packet_s.c
[0.984s] -- Up-to-date: /home/ritesh/rc-car/ros2/install/rslidar_msg/local/lib/python3.10/dist-packages/rslidar_msg/_rslidar_msg_s.ep.rosidl_typesupport_introspection_c.c
[0.984s] -- Up-to-date: /home/ritesh/rc-car/ros2/install/rslidar_msg/local/lib/python3.10/dist-packages/rslidar_msg/__init__.py
[0.984s] -- Up-to-date: /home/ritesh/rc-car/ros2/install/rslidar_msg/local/lib/python3.10/dist-packages/rslidar_msg/rslidar_msg_s__rosidl_typesupport_introspection_c.cpython-310-x86_64-linux-gnu.so
[0.985s] -- Up-to-date: /home/ritesh/rc-car/ros2/install/rslidar_msg/local/lib/python3.10/dist-packages/rslidar_msg/rslidar_msg_s__rosidl_typesupport_c.cpython-310-x86_64-linux-gnu.so
[0.985s] -- Up-to-date: /home/ritesh/rc-car/ros2/install/rslidar_msg/local/lib/python3.10/dist-packages/rslidar_msg/librslidar_msg__rosidl_generator_py.so
[0.985s] -- Up-to-date: /home/ritesh/rc-car/ros2/install/rslidar_msg/local/lib/python3.10/dist-packages/rslidar_msg/_rslidar_msg_s.ep.rosidl_typesupport_c.c
[0.985s] -- Up-to-date: /home/ritesh/rc-car/ros2/install/rslidar_msg/local/lib/python3.10/dist-packages/rslidar_msg/_rslidar_msg_s.ep.rosidl_typesupport_fastrtps_c.c
[0.985s] -- Up-to-date: /home/ritesh/rc-car/ros2/install/rslidar_msg/local/lib/python3.10/dist-packages/rslidar_msg/rslidar_msg_s__rosidl_typesupport_fastrtps_c.cpython-310-x86_64-linux-gnu.so
[1.033s] Listing '/home/ritesh/rc-car/ros2/install/rslidar_msg/local/lib/python3.10/dist-packages/rslidar_msg'...
[1.033s] Listing '/home/ritesh/rc-car/ros2/install/rslidar_msg/local/lib/python3.10/dist-packages/rslidar_msg/msg'...
[1.037s] -- Up-to-date: /home/ritesh/rc-car/ros2/install/rslidar_msg/local/lib/python3.10/dist-packages/rslidar_msg/rslidar_msg_s__rosidl_typesupport_fastrtps_c.cpython-310-x86_64-linux-gnu.so
[1.038s] -- Up-to-date: /home/ritesh/rc-car/ros2/install/rslidar_msg/local/lib/python3.10/dist-packages/rslidar_msg/rslidar_msg_s__rosidl_typesupport_introspection_c.cpython-310-x86_64-linux-gnu.so
[1.038s] -- Up-to-date: /home/ritesh/rc-car/ros2/install/rslidar_msg/local/lib/python3.10/dist-packages/rslidar_msg/rslidar_msg_s__rosidl_typesupport_c.cpython-310-x86_64-linux-gnu.so
[1.039s] -- Up-to-date: /home/ritesh/rc-car/ros2/install/rslidar_msg/lib/librslidar_msg__rosidl_generator_py.so
[1.039s] -- Up-to-date: /home/ritesh/rc-car/ros2/install/rslidar_msg/share/rslidar_msg/msg/RslidarPacket.idl
[1.039s] -- Up-to-date: /home/ritesh/rc-car/ros2/install/rslidar_msg/share/rslidar_msg/msg/RslidarPacket.msg
[1.040s] -- Up-to-date: /home/ritesh/rc-car/ros2/install/rslidar_msg/share/ament_index/resource_index/package_run_dependencies/rslidar_msg
[1.040s] -- Up-to-date: /home/ritesh/rc-car/ros2/install/rslidar_msg/share/ament_index/resource_index/parent_prefix_path/rslidar_msg
[1.040s] -- Up-to-date: /home/ritesh/rc-car/ros2/install/rslidar_msg/share/rslidar_msg/environment/ament_prefix_path.sh
[1.040s] -- Up-to-date: /home/ritesh/rc-car/ros2/install/rslidar_msg/share/rslidar_msg/environment/ament_prefix_path.dsv
[1.041s] -- Up-to-date: /home/ritesh/rc-car/ros2/install/rslidar_msg/share/rslidar_msg/environment/path.sh
[1.041s] -- Up-to-date: /home/ritesh/rc-car/ros2/install/rslidar_msg/share/rslidar_msg/environment/path.dsv
[1.041s] -- Up-to-date: /home/ritesh/rc-car/ros2/install/rslidar_msg/share/rslidar_msg/local_setup.bash
[1.041s] -- Up-to-date: /home/ritesh/rc-car/ros2/install/rslidar_msg/share/rslidar_msg/local_setup.sh
[1.041s] -- Up-to-date: /home/ritesh/rc-car/ros2/install/rslidar_msg/share/rslidar_msg/local_setup.zsh
[1.042s] -- Up-to-date: /home/ritesh/rc-car/ros2/install/rslidar_msg/share/rslidar_msg/local_setup.dsv
[1.042s] -- Installing: /home/ritesh/rc-car/ros2/install/rslidar_msg/share/rslidar_msg/package.dsv
[1.042s] -- Up-to-date: /home/ritesh/rc-car/ros2/install/rslidar_msg/share/ament_index/resource_index/packages/rslidar_msg
[1.042s] -- Up-to-date: /home/ritesh/rc-car/ros2/install/rslidar_msg/share/rslidar_msg/cmake/export_rslidar_msg__rosidl_generator_cExport.cmake
[1.043s] -- Up-to-date: /home/ritesh/rc-car/ros2/install/rslidar_msg/share/rslidar_msg/cmake/export_rslidar_msg__rosidl_generator_cExport-noconfig.cmake
[1.043s] -- Up-to-date: /home/ritesh/rc-car/ros2/install/rslidar_msg/share/rslidar_msg/cmake/export_rslidar_msg__rosidl_typesupport_fastrtps_cExport.cmake
[1.043s] -- Up-to-date: /home/ritesh/rc-car/ros2/install/rslidar_msg/share/rslidar_msg/cmake/export_rslidar_msg__rosidl_typesupport_fastrtps_cExport-noconfig.cmake
[1.043s] -- Up-to-date: /home/ritesh/rc-car/ros2/install/rslidar_msg/share/rslidar_msg/cmake/export_rslidar_msg__rosidl_generator_cppExport.cmake
[1.044s] -- Up-to-date: /home/ritesh/rc-car/ros2/install/rslidar_msg/share/rslidar_msg/cmake/export_rslidar_msg__rosidl_typesupport_fastrtps_cppExport.cmake
[1.044s] -- Up-to-date: /home/ritesh/rc-car/ros2/install/rslidar_msg/share/rslidar_msg/cmake/export_rslidar_msg__rosidl_typesupport_fastrtps_cppExport-noconfig.cmake
[1.044s] -- Up-to-date: /home/ritesh/rc-car/ros2/install/rslidar_msg/share/rslidar_msg/cmake/rslidar_msg__rosidl_typesupport_introspection_cExport.cmake
[1.045s] -- Up-to-date: /home/ritesh/rc-car/ros2/install/rslidar_msg/share/rslidar_msg/cmake/rslidar_msg__rosidl_typesupport_introspection_cExport-noconfig.cmake
[1.045s] -- Up-to-date: /home/ritesh/rc-car/ros2/install/rslidar_msg/share/rslidar_msg/cmake/rslidar_msg__rosidl_typesupport_cExport.cmake
[1.045s] -- Up-to-date: /home/ritesh/rc-car/ros2/install/rslidar_msg/share/rslidar_msg/cmake/rslidar_msg__rosidl_typesupport_cExport-noconfig.cmake
[1.045s] -- Up-to-date: /home/ritesh/rc-car/ros2/install/rslidar_msg/share/rslidar_msg/cmake/rslidar_msg__rosidl_typesupport_introspection_cppExport.cmake
[1.045s] -- Up-to-date: /home/ritesh/rc-car/ros2/install/rslidar_msg/share/rslidar_msg/cmake/rslidar_msg__rosidl_typesupport_introspection_cppExport-noconfig.cmake
[1.046s] -- Up-to-date: /home/ritesh/rc-car/ros2/install/rslidar_msg/share/rslidar_msg/cmake/rslidar_msg__rosidl_typesupport_cppExport.cmake
[1.046s] -- Up-to-date: /home/ritesh/rc-car/ros2/install/rslidar_msg/share/rslidar_msg/cmake/rslidar_msg__rosidl_typesupport_cppExport-noconfig.cmake
[1.046s] -- Up-to-date: /home/ritesh/rc-car/ros2/install/rslidar_msg/share/rslidar_msg/cmake/export_rslidar_msg__rosidl_generator_pyExport.cmake
[1.046s] -- Up-to-date: /home/ritesh/rc-car/ros2/install/rslidar_msg/share/rslidar_msg/cmake/export_rslidar_msg__rosidl_generator_pyExport-noconfig.cmake
[1.046s] -- Up-to-date: /home/ritesh/rc-car/ros2/install/rslidar_msg/share/rslidar_msg/cmake/rosidl_cmake-extras.cmake
[1.047s] -- Up-to-date: /home/ritesh/rc-car/ros2/install/rslidar_msg/share/rslidar_msg/cmake/ament_cmake_export_dependencies-extras.cmake
[1.047s] -- Up-to-date: /home/ritesh/rc-car/ros2/install/rslidar_msg/share/rslidar_msg/cmake/ament_cmake_export_include_directories-extras.cmake
[1.047s] -- Up-to-date: /home/ritesh/rc-car/ros2/install/rslidar_msg/share/rslidar_msg/cmake/ament_cmake_export_libraries-extras.cmake
[1.047s] -- Up-to-date: /home/ritesh/rc-car/ros2/install/rslidar_msg/share/rslidar_msg/cmake/ament_cmake_export_targets-extras.cmake
[1.047s] -- Up-to-date: /home/ritesh/rc-car/ros2/install/rslidar_msg/share/rslidar_msg/cmake/rosidl_cmake_export_typesupport_targets-extras.cmake
[1.047s] -- Up-to-date: /home/ritesh/rc-car/ros2/install/rslidar_msg/share/rslidar_msg/cmake/rosidl_cmake_export_typesupport_libraries-extras.cmake
[1.048s] -- Up-to-date: /home/ritesh/rc-car/ros2/install/rslidar_msg/share/rslidar_msg/cmake/rslidar_msgConfig.cmake
[1.048s] -- Up-to-date: /home/ritesh/rc-car/ros2/install/rslidar_msg/share/rslidar_msg/cmake/rslidar_msgConfig-version.cmake
[1.049s] -- Up-to-date: /home/ritesh/rc-car/ros2/install/rslidar_msg/share/rslidar_msg/package.xml
[1.051s] Invoked command in '/home/ritesh/rc-car/ros2/build/rslidar_msg' returned '0': CMAKE_PREFIX_PATH=/opt/ros/humble /usr/bin/cmake --install /home/ritesh/rc-car/ros2/build/rslidar_msg
