[0.011s] Invoking command in '/home/ritesh/rc-car/ros2ws/build/rslidar_sdk': AMENT_PREFIX_PATH=/home/ritesh/rc-car/ros2ws/install/rslidar_msg:${AMENT_PREFIX_PATH} CMAKE_PREFIX_PATH=/home/ritesh/rc-car/ros2ws/install/rslidar_msg:/opt/ros/humble LD_LIBRARY_PATH=/home/ritesh/rc-car/ros2ws/install/rslidar_msg/lib:/usr/lib/x86_64-linux-gnu/gazebo-11/plugins:/opt/ros/humble/opt/rviz_ogre_vendor/lib:/opt/ros/humble/lib/x86_64-linux-gnu:/opt/ros/humble/lib:/lib/hsl-install/lib PYTHONPATH=/home/ritesh/rc-car/ros2ws/install/rslidar_msg/local/lib/python3.10/dist-packages:${PYTHONPATH} /usr/bin/cmake --build /home/ritesh/rc-car/ros2ws/build/rslidar_sdk -- -j8 -l8
[0.099s] [100%] Built target rslidar_sdk_node
[0.110s] Invoked command in '/home/ritesh/rc-car/ros2ws/build/rslidar_sdk' returned '0': AMENT_PREFIX_PATH=/home/ritesh/rc-car/ros2ws/install/rslidar_msg:${AMENT_PREFIX_PATH} CMAKE_PREFIX_PATH=/home/ritesh/rc-car/ros2ws/install/rslidar_msg:/opt/ros/humble LD_LIBRARY_PATH=/home/ritesh/rc-car/ros2ws/install/rslidar_msg/lib:/usr/lib/x86_64-linux-gnu/gazebo-11/plugins:/opt/ros/humble/opt/rviz_ogre_vendor/lib:/opt/ros/humble/lib/x86_64-linux-gnu:/opt/ros/humble/lib:/lib/hsl-install/lib PYTHONPATH=/home/ritesh/rc-car/ros2ws/install/rslidar_msg/local/lib/python3.10/dist-packages:${PYTHONPATH} /usr/bin/cmake --build /home/ritesh/rc-car/ros2ws/build/rslidar_sdk -- -j8 -l8
[0.189s] Invoking command in '/home/ritesh/rc-car/ros2ws/build/rslidar_sdk': AMENT_PREFIX_PATH=/home/ritesh/rc-car/ros2ws/install/rslidar_msg:${AMENT_PREFIX_PATH} CMAKE_PREFIX_PATH=/home/ritesh/rc-car/ros2ws/install/rslidar_msg:/opt/ros/humble LD_LIBRARY_PATH=/home/ritesh/rc-car/ros2ws/install/rslidar_msg/lib:/usr/lib/x86_64-linux-gnu/gazebo-11/plugins:/opt/ros/humble/opt/rviz_ogre_vendor/lib:/opt/ros/humble/lib/x86_64-linux-gnu:/opt/ros/humble/lib:/lib/hsl-install/lib PYTHONPATH=/home/ritesh/rc-car/ros2ws/install/rslidar_msg/local/lib/python3.10/dist-packages:${PYTHONPATH} /usr/bin/cmake --install /home/ritesh/rc-car/ros2ws/build/rslidar_sdk
[0.197s] -- Install configuration: "Release"
[0.197s] -- Up-to-date: /home/ritesh/rc-car/ros2ws/install/rslidar_sdk/lib/rslidar_sdk/rslidar_sdk_node
[0.197s] -- Up-to-date: /home/ritesh/rc-car/ros2ws/install/rslidar_sdk/share/rslidar_sdk/launch
[0.197s] -- Up-to-date: /home/ritesh/rc-car/ros2ws/install/rslidar_sdk/share/rslidar_sdk/launch/start.py
[0.198s] -- Up-to-date: /home/ritesh/rc-car/ros2ws/install/rslidar_sdk/share/rslidar_sdk/launch/start.launch
[0.198s] -- Up-to-date: /home/ritesh/rc-car/ros2ws/install/rslidar_sdk/share/rslidar_sdk/launch/elequent_start.py
[0.198s] -- Up-to-date: /home/ritesh/rc-car/ros2ws/install/rslidar_sdk/share/rslidar_sdk/rviz
[0.198s] -- Up-to-date: /home/ritesh/rc-car/ros2ws/install/rslidar_sdk/share/rslidar_sdk/rviz/rviz.rviz
[0.198s] -- Up-to-date: /home/ritesh/rc-car/ros2ws/install/rslidar_sdk/share/rslidar_sdk/rviz/rviz2.rviz
[0.198s] -- Up-to-date: /home/ritesh/rc-car/ros2ws/install/rslidar_sdk/share/ament_index/resource_index/package_run_dependencies/rslidar_sdk
[0.198s] -- Up-to-date: /home/ritesh/rc-car/ros2ws/install/rslidar_sdk/share/ament_index/resource_index/parent_prefix_path/rslidar_sdk
[0.198s] -- Up-to-date: /home/ritesh/rc-car/ros2ws/install/rslidar_sdk/share/rslidar_sdk/environment/ament_prefix_path.sh
[0.198s] -- Up-to-date: /home/ritesh/rc-car/ros2ws/install/rslidar_sdk/share/rslidar_sdk/environment/ament_prefix_path.dsv
[0.198s] -- Up-to-date: /home/ritesh/rc-car/ros2ws/install/rslidar_sdk/share/rslidar_sdk/environment/path.sh
[0.198s] -- Up-to-date: /home/ritesh/rc-car/ros2ws/install/rslidar_sdk/share/rslidar_sdk/environment/path.dsv
[0.198s] -- Up-to-date: /home/ritesh/rc-car/ros2ws/install/rslidar_sdk/share/rslidar_sdk/local_setup.bash
[0.198s] -- Up-to-date: /home/ritesh/rc-car/ros2ws/install/rslidar_sdk/share/rslidar_sdk/local_setup.sh
[0.198s] -- Up-to-date: /home/ritesh/rc-car/ros2ws/install/rslidar_sdk/share/rslidar_sdk/local_setup.zsh
[0.198s] -- Up-to-date: /home/ritesh/rc-car/ros2ws/install/rslidar_sdk/share/rslidar_sdk/local_setup.dsv
[0.198s] -- Installing: /home/ritesh/rc-car/ros2ws/install/rslidar_sdk/share/rslidar_sdk/package.dsv
[0.199s] -- Up-to-date: /home/ritesh/rc-car/ros2ws/install/rslidar_sdk/share/ament_index/resource_index/packages/rslidar_sdk
[0.199s] -- Up-to-date: /home/ritesh/rc-car/ros2ws/install/rslidar_sdk/share/rslidar_sdk/cmake/rslidar_sdkConfig.cmake
[0.199s] -- Up-to-date: /home/ritesh/rc-car/ros2ws/install/rslidar_sdk/share/rslidar_sdk/cmake/rslidar_sdkConfig-version.cmake
[0.199s] -- Up-to-date: /home/ritesh/rc-car/ros2ws/install/rslidar_sdk/share/rslidar_sdk/package.xml
[0.202s] Invoked command in '/home/ritesh/rc-car/ros2ws/build/rslidar_sdk' returned '0': AMENT_PREFIX_PATH=/home/ritesh/rc-car/ros2ws/install/rslidar_msg:${AMENT_PREFIX_PATH} CMAKE_PREFIX_PATH=/home/ritesh/rc-car/ros2ws/install/rslidar_msg:/opt/ros/humble LD_LIBRARY_PATH=/home/ritesh/rc-car/ros2ws/install/rslidar_msg/lib:/usr/lib/x86_64-linux-gnu/gazebo-11/plugins:/opt/ros/humble/opt/rviz_ogre_vendor/lib:/opt/ros/humble/lib/x86_64-linux-gnu:/opt/ros/humble/lib:/lib/hsl-install/lib PYTHONPATH=/home/ritesh/rc-car/ros2ws/install/rslidar_msg/local/lib/python3.10/dist-packages:${PYTHONPATH} /usr/bin/cmake --install /home/ritesh/rc-car/ros2ws/build/rslidar_sdk
