[0.094s] DEBUG:colcon:Command line arguments: ['/usr/local/bin/colcon', 'build']
[0.094s] DEBUG:colcon:Parsed command line arguments: Namespace(log_base=None, log_level=None, verb_name='build', build_base='build', install_base='install', merge_install=False, symlink_install=False, test_result_base=None, continue_on_error=False, executor='parallel', parallel_workers=8, event_handlers=None, ignore_user_meta=False, metas=['./colcon.meta'], base_paths=['.'], packages_ignore=None, packages_ignore_regex=None, paths=None, packages_up_to=None, packages_up_to_regex=None, packages_above=None, packages_above_and_dependencies=None, packages_above_depth=None, packages_select_by_dep=None, packages_skip_by_dep=None, packages_skip_up_to=None, packages_select_build_failed=False, packages_skip_build_finished=False, packages_select_test_failures=False, packages_skip_test_passed=False, packages_select=None, packages_skip=None, packages_select_regex=None, packages_skip_regex=None, packages_start=None, packages_end=None, cmake_args=None, cmake_target=None, cmake_target_skip_unavailable=False, cmake_clean_cache=False, cmake_clean_first=False, cmake_force_configure=False, ament_cmake_args=None, catkin_cmake_args=None, catkin_skip_building_tests=False, verb_parser=<colcon_defaults.argument_parser.defaults.DefaultArgumentsDecorator object at 0x73553cb09b40>, verb_extension=<colcon_core.verb.build.BuildVerb object at 0x73553cb08d00>, main=<bound method BuildVerb.main of <colcon_core.verb.build.BuildVerb object at 0x73553cb08d00>>)
[0.198s] Level 1:colcon.colcon_core.package_discovery:discover_packages(colcon_meta) check parameters
[0.198s] Level 1:colcon.colcon_core.package_discovery:discover_packages(recursive) check parameters
[0.198s] Level 1:colcon.colcon_core.package_discovery:discover_packages(ignore) check parameters
[0.198s] Level 1:colcon.colcon_core.package_discovery:discover_packages(path) check parameters
[0.198s] Level 1:colcon.colcon_core.package_discovery:discover_packages(colcon_meta) discover
[0.198s] Level 1:colcon.colcon_core.package_discovery:discover_packages(recursive) discover
[0.198s] INFO:colcon.colcon_core.package_discovery:Crawling recursively for packages in '/home/ritesh/rc-car/ros2ws'
[0.198s] Level 1:colcon.colcon_core.package_identification:_identify(.) by extensions ['ignore', 'ignore_ament_install']
[0.198s] Level 1:colcon.colcon_core.package_identification:_identify(.) by extension 'ignore'
[0.198s] Level 1:colcon.colcon_core.package_identification:_identify(.) by extension 'ignore_ament_install'
[0.198s] Level 1:colcon.colcon_core.package_identification:_identify(.) by extensions ['colcon_pkg']
[0.198s] Level 1:colcon.colcon_core.package_identification:_identify(.) by extension 'colcon_pkg'
[0.199s] Level 1:colcon.colcon_core.package_identification:_identify(.) by extensions ['colcon_meta']
[0.199s] Level 1:colcon.colcon_core.package_identification:_identify(.) by extension 'colcon_meta'
[0.199s] Level 1:colcon.colcon_core.package_identification:_identify(.) by extensions ['ros']
[0.199s] Level 1:colcon.colcon_core.package_identification:_identify(.) by extension 'ros'
[0.206s] Level 1:colcon.colcon_core.package_identification:_identify(.) by extensions ['cmake', 'python']
[0.206s] Level 1:colcon.colcon_core.package_identification:_identify(.) by extension 'cmake'
[0.206s] Level 1:colcon.colcon_core.package_identification:_identify(.) by extension 'python'
[0.206s] Level 1:colcon.colcon_core.package_identification:_identify(.) by extensions ['python_setup_py']
[0.206s] Level 1:colcon.colcon_core.package_identification:_identify(.) by extension 'python_setup_py'
[0.207s] Level 1:colcon.colcon_core.package_identification:_identify(build) by extensions ['ignore', 'ignore_ament_install']
[0.207s] Level 1:colcon.colcon_core.package_identification:_identify(build) by extension 'ignore'
[0.207s] Level 1:colcon.colcon_core.package_identification:_identify(build) ignored
[0.207s] Level 1:colcon.colcon_core.package_identification:_identify(install) by extensions ['ignore', 'ignore_ament_install']
[0.207s] Level 1:colcon.colcon_core.package_identification:_identify(install) by extension 'ignore'
[0.207s] Level 1:colcon.colcon_core.package_identification:_identify(install) ignored
[0.207s] Level 1:colcon.colcon_core.package_identification:_identify(log) by extensions ['ignore', 'ignore_ament_install']
[0.207s] Level 1:colcon.colcon_core.package_identification:_identify(log) by extension 'ignore'
[0.207s] Level 1:colcon.colcon_core.package_identification:_identify(log) ignored
[0.207s] Level 1:colcon.colcon_core.package_identification:_identify(src) by extensions ['ignore', 'ignore_ament_install']
[0.207s] Level 1:colcon.colcon_core.package_identification:_identify(src) by extension 'ignore'
[0.207s] Level 1:colcon.colcon_core.package_identification:_identify(src) by extension 'ignore_ament_install'
[0.207s] Level 1:colcon.colcon_core.package_identification:_identify(src) by extensions ['colcon_pkg']
[0.207s] Level 1:colcon.colcon_core.package_identification:_identify(src) by extension 'colcon_pkg'
[0.207s] Level 1:colcon.colcon_core.package_identification:_identify(src) by extensions ['colcon_meta']
[0.207s] Level 1:colcon.colcon_core.package_identification:_identify(src) by extension 'colcon_meta'
[0.207s] Level 1:colcon.colcon_core.package_identification:_identify(src) by extensions ['ros']
[0.207s] Level 1:colcon.colcon_core.package_identification:_identify(src) by extension 'ros'
[0.207s] Level 1:colcon.colcon_core.package_identification:_identify(src) by extensions ['cmake', 'python']
[0.207s] Level 1:colcon.colcon_core.package_identification:_identify(src) by extension 'cmake'
[0.207s] Level 1:colcon.colcon_core.package_identification:_identify(src) by extension 'python'
[0.207s] Level 1:colcon.colcon_core.package_identification:_identify(src) by extensions ['python_setup_py']
[0.207s] Level 1:colcon.colcon_core.package_identification:_identify(src) by extension 'python_setup_py'
[0.207s] Level 1:colcon.colcon_core.package_identification:_identify(src/eufs_msgs) by extensions ['ignore', 'ignore_ament_install']
[0.207s] Level 1:colcon.colcon_core.package_identification:_identify(src/eufs_msgs) by extension 'ignore'
[0.207s] Level 1:colcon.colcon_core.package_identification:_identify(src/eufs_msgs) by extension 'ignore_ament_install'
[0.207s] Level 1:colcon.colcon_core.package_identification:_identify(src/eufs_msgs) by extensions ['colcon_pkg']
[0.207s] Level 1:colcon.colcon_core.package_identification:_identify(src/eufs_msgs) by extension 'colcon_pkg'
[0.207s] Level 1:colcon.colcon_core.package_identification:_identify(src/eufs_msgs) by extensions ['colcon_meta']
[0.207s] Level 1:colcon.colcon_core.package_identification:_identify(src/eufs_msgs) by extension 'colcon_meta'
[0.208s] Level 1:colcon.colcon_core.package_identification:_identify(src/eufs_msgs) by extensions ['ros']
[0.208s] Level 1:colcon.colcon_core.package_identification:_identify(src/eufs_msgs) by extension 'ros'
[0.209s] DEBUG:colcon.colcon_core.package_identification:Package 'src/eufs_msgs' with type 'ros.ament_cmake' and name 'eufs_msgs'
[0.209s] Level 1:colcon.colcon_core.package_identification:_identify(src/read_data) by extensions ['ignore', 'ignore_ament_install']
[0.209s] Level 1:colcon.colcon_core.package_identification:_identify(src/read_data) by extension 'ignore'
[0.209s] Level 1:colcon.colcon_core.package_identification:_identify(src/read_data) by extension 'ignore_ament_install'
[0.210s] Level 1:colcon.colcon_core.package_identification:_identify(src/read_data) by extensions ['colcon_pkg']
[0.210s] Level 1:colcon.colcon_core.package_identification:_identify(src/read_data) by extension 'colcon_pkg'
[0.210s] Level 1:colcon.colcon_core.package_identification:_identify(src/read_data) by extensions ['colcon_meta']
[0.210s] Level 1:colcon.colcon_core.package_identification:_identify(src/read_data) by extension 'colcon_meta'
[0.210s] Level 1:colcon.colcon_core.package_identification:_identify(src/read_data) by extensions ['ros']
[0.210s] Level 1:colcon.colcon_core.package_identification:_identify(src/read_data) by extension 'ros'
[0.210s] DEBUG:colcon.colcon_core.package_identification:Package 'src/read_data' with type 'ros.ament_python' and name 'read_data'
[0.210s] Level 1:colcon.colcon_core.package_discovery:discover_packages(recursive) using defaults
[0.210s] Level 1:colcon.colcon_core.package_discovery:discover_packages(ignore) discover
[0.210s] Level 1:colcon.colcon_core.package_discovery:discover_packages(ignore) using defaults
[0.210s] Level 1:colcon.colcon_core.package_discovery:discover_packages(path) discover
[0.210s] Level 1:colcon.colcon_core.package_discovery:discover_packages(path) using defaults
[0.225s] Level 5:colcon.colcon_core.verb:set package 'eufs_msgs' build argument 'cmake_args' from command line to 'None'
[0.225s] Level 5:colcon.colcon_core.verb:set package 'eufs_msgs' build argument 'cmake_target' from command line to 'None'
[0.225s] Level 5:colcon.colcon_core.verb:set package 'eufs_msgs' build argument 'cmake_target_skip_unavailable' from command line to 'False'
[0.225s] Level 5:colcon.colcon_core.verb:set package 'eufs_msgs' build argument 'cmake_clean_cache' from command line to 'False'
[0.225s] Level 5:colcon.colcon_core.verb:set package 'eufs_msgs' build argument 'cmake_clean_first' from command line to 'False'
[0.225s] Level 5:colcon.colcon_core.verb:set package 'eufs_msgs' build argument 'cmake_force_configure' from command line to 'False'
[0.225s] Level 5:colcon.colcon_core.verb:set package 'eufs_msgs' build argument 'ament_cmake_args' from command line to 'None'
[0.225s] Level 5:colcon.colcon_core.verb:set package 'eufs_msgs' build argument 'catkin_cmake_args' from command line to 'None'
[0.225s] Level 5:colcon.colcon_core.verb:set package 'eufs_msgs' build argument 'catkin_skip_building_tests' from command line to 'False'
[0.225s] DEBUG:colcon.colcon_core.verb:Building package 'eufs_msgs' with the following arguments: {'ament_cmake_args': None, 'build_base': '/home/ritesh/rc-car/ros2ws/build/eufs_msgs', 'catkin_cmake_args': None, 'catkin_skip_building_tests': False, 'cmake_args': None, 'cmake_clean_cache': False, 'cmake_clean_first': False, 'cmake_force_configure': False, 'cmake_target': None, 'cmake_target_skip_unavailable': False, 'install_base': '/home/ritesh/rc-car/ros2ws/install/eufs_msgs', 'merge_install': False, 'path': '/home/ritesh/rc-car/ros2ws/src/eufs_msgs', 'symlink_install': False, 'test_result_base': None}
[0.225s] Level 5:colcon.colcon_core.verb:set package 'read_data' build argument 'cmake_args' from command line to 'None'
[0.225s] Level 5:colcon.colcon_core.verb:set package 'read_data' build argument 'cmake_target' from command line to 'None'
[0.225s] Level 5:colcon.colcon_core.verb:set package 'read_data' build argument 'cmake_target_skip_unavailable' from command line to 'False'
[0.225s] Level 5:colcon.colcon_core.verb:set package 'read_data' build argument 'cmake_clean_cache' from command line to 'False'
[0.225s] Level 5:colcon.colcon_core.verb:set package 'read_data' build argument 'cmake_clean_first' from command line to 'False'
[0.225s] Level 5:colcon.colcon_core.verb:set package 'read_data' build argument 'cmake_force_configure' from command line to 'False'
[0.225s] Level 5:colcon.colcon_core.verb:set package 'read_data' build argument 'ament_cmake_args' from command line to 'None'
[0.225s] Level 5:colcon.colcon_core.verb:set package 'read_data' build argument 'catkin_cmake_args' from command line to 'None'
[0.225s] Level 5:colcon.colcon_core.verb:set package 'read_data' build argument 'catkin_skip_building_tests' from command line to 'False'
[0.225s] DEBUG:colcon.colcon_core.verb:Building package 'read_data' with the following arguments: {'ament_cmake_args': None, 'build_base': '/home/ritesh/rc-car/ros2ws/build/read_data', 'catkin_cmake_args': None, 'catkin_skip_building_tests': False, 'cmake_args': None, 'cmake_clean_cache': False, 'cmake_clean_first': False, 'cmake_force_configure': False, 'cmake_target': None, 'cmake_target_skip_unavailable': False, 'install_base': '/home/ritesh/rc-car/ros2ws/install/read_data', 'merge_install': False, 'path': '/home/ritesh/rc-car/ros2ws/src/read_data', 'symlink_install': False, 'test_result_base': None}
[0.225s] INFO:colcon.colcon_core.executor:Executing jobs using 'parallel' executor
[0.226s] DEBUG:colcon.colcon_parallel_executor.executor.parallel:run_until_complete
[0.226s] INFO:colcon.colcon_ros.task.ament_cmake.build:Building ROS package in '/home/ritesh/rc-car/ros2ws/src/eufs_msgs' with build type 'ament_cmake'
[0.226s] INFO:colcon.colcon_cmake.task.cmake.build:Building CMake package in '/home/ritesh/rc-car/ros2ws/src/eufs_msgs'
[0.228s] INFO:colcon.colcon_core.plugin_system:Skipping extension 'colcon_core.shell.bat': Not used on non-Windows systems
[0.228s] INFO:colcon.colcon_core.shell:Skip shell extension 'powershell' for command environment: Not usable outside of PowerShell
[0.228s] DEBUG:colcon.colcon_core.shell:Skip shell extension 'dsv' for command environment
[0.231s] INFO:colcon.colcon_ros.task.ament_python.build:Building ROS package in '/home/ritesh/rc-car/ros2ws/src/read_data' with build type 'ament_python'
[0.232s] Level 1:colcon.colcon_core.shell:create_environment_hook('read_data', 'ament_prefix_path')
[0.232s] INFO:colcon.colcon_core.shell:Creating environment hook '/home/ritesh/rc-car/ros2ws/install/read_data/share/read_data/hook/ament_prefix_path.ps1'
[0.232s] INFO:colcon.colcon_core.shell:Creating environment descriptor '/home/ritesh/rc-car/ros2ws/install/read_data/share/read_data/hook/ament_prefix_path.dsv'
[0.233s] INFO:colcon.colcon_core.shell:Creating environment hook '/home/ritesh/rc-car/ros2ws/install/read_data/share/read_data/hook/ament_prefix_path.sh'
[0.233s] INFO:colcon.colcon_core.shell:Skip shell extension 'powershell' for command environment: Not usable outside of PowerShell
[0.233s] DEBUG:colcon.colcon_core.shell:Skip shell extension 'dsv' for command environment
[0.239s] DEBUG:colcon.colcon_core.event_handler.log_command:Invoking command in '/home/ritesh/rc-car/ros2ws/build/eufs_msgs': CMAKE_PREFIX_PATH=/opt/ros/humble /usr/bin/cmake /home/ritesh/rc-car/ros2ws/src/eufs_msgs -DCMAKE_INSTALL_PREFIX=/home/ritesh/rc-car/ros2ws/install/eufs_msgs
[0.427s] INFO:colcon.colcon_core.task.python.build:Building Python package in '/home/ritesh/rc-car/ros2ws/src/read_data'
[0.428s] INFO:colcon.colcon_core.shell:Skip shell extension 'powershell' for command environment: Not usable outside of PowerShell
[0.428s] DEBUG:colcon.colcon_core.shell:Skip shell extension 'dsv' for command environment
[0.808s] DEBUG:colcon.colcon_core.event_handler.log_command:Invoking command in '/home/ritesh/rc-car/ros2ws/src/read_data': PYTHONPATH=/home/ritesh/rc-car/ros2ws/build/read_data/prefix_override:/usr/local/lib/python3.10/dist-packages/colcon_core/task/python/colcon_distutils_commands:/home/ritesh/rc-car/ros2ws/install/read_data/lib/python3.10/site-packages:${PYTHONPATH} /usr/bin/python3 -W ignore:setup.py install is deprecated setup.py egg_info --egg-base ../../build/read_data build --build-base /home/ritesh/rc-car/ros2ws/build/read_data/build install --record /home/ritesh/rc-car/ros2ws/build/read_data/install.log --single-version-externally-managed install_data
[1.026s] DEBUG:colcon.colcon_core.event_handler.log_command:Invoked command in '/home/ritesh/rc-car/ros2ws/src/read_data' returned '0': PYTHONPATH=/home/ritesh/rc-car/ros2ws/build/read_data/prefix_override:/usr/local/lib/python3.10/dist-packages/colcon_core/task/python/colcon_distutils_commands:/home/ritesh/rc-car/ros2ws/install/read_data/lib/python3.10/site-packages:${PYTHONPATH} /usr/bin/python3 -W ignore:setup.py install is deprecated setup.py egg_info --egg-base ../../build/read_data build --build-base /home/ritesh/rc-car/ros2ws/build/read_data/build install --record /home/ritesh/rc-car/ros2ws/build/read_data/install.log --single-version-externally-managed install_data
[1.028s] Level 1:colcon.colcon_core.environment:checking '/home/ritesh/rc-car/ros2ws/install/read_data' for CMake module files
[1.028s] Level 1:colcon.colcon_core.environment:checking '/home/ritesh/rc-car/ros2ws/install/read_data' for CMake config files
[1.029s] Level 1:colcon.colcon_core.environment:checking '/home/ritesh/rc-car/ros2ws/install/read_data/lib'
[1.029s] Level 1:colcon.colcon_core.environment:checking '/home/ritesh/rc-car/ros2ws/install/read_data/bin'
[1.029s] Level 1:colcon.colcon_core.environment:checking '/home/ritesh/rc-car/ros2ws/install/read_data/lib/pkgconfig/read_data.pc'
[1.029s] Level 1:colcon.colcon_core.environment:checking '/home/ritesh/rc-car/ros2ws/install/read_data/lib/python3.10/site-packages'
[1.029s] Level 1:colcon.colcon_core.shell:create_environment_hook('read_data', 'pythonpath')
[1.029s] INFO:colcon.colcon_core.shell:Creating environment hook '/home/ritesh/rc-car/ros2ws/install/read_data/share/read_data/hook/pythonpath.ps1'
[1.030s] INFO:colcon.colcon_core.shell:Creating environment descriptor '/home/ritesh/rc-car/ros2ws/install/read_data/share/read_data/hook/pythonpath.dsv'
[1.030s] INFO:colcon.colcon_core.shell:Creating environment hook '/home/ritesh/rc-car/ros2ws/install/read_data/share/read_data/hook/pythonpath.sh'
[1.031s] Level 1:colcon.colcon_core.environment:checking '/home/ritesh/rc-car/ros2ws/install/read_data/bin'
[1.031s] Level 1:colcon.colcon_core.environment:create_environment_scripts_only(read_data)
[1.031s] INFO:colcon.colcon_core.shell:Creating package script '/home/ritesh/rc-car/ros2ws/install/read_data/share/read_data/package.ps1'
[1.032s] INFO:colcon.colcon_core.shell:Creating package descriptor '/home/ritesh/rc-car/ros2ws/install/read_data/share/read_data/package.dsv'
[1.032s] INFO:colcon.colcon_core.shell:Creating package script '/home/ritesh/rc-car/ros2ws/install/read_data/share/read_data/package.sh'
[1.033s] INFO:colcon.colcon_core.shell:Creating package script '/home/ritesh/rc-car/ros2ws/install/read_data/share/read_data/package.bash'
[1.034s] INFO:colcon.colcon_core.shell:Creating package script '/home/ritesh/rc-car/ros2ws/install/read_data/share/read_data/package.zsh'
[1.034s] Level 1:colcon.colcon_core.environment:create_file_with_runtime_dependencies(/home/ritesh/rc-car/ros2ws/install/read_data/share/colcon-core/packages/read_data)
[2.563s] DEBUG:colcon.colcon_core.event_handler.log_command:Invoked command in '/home/ritesh/rc-car/ros2ws/build/eufs_msgs' returned '0': CMAKE_PREFIX_PATH=/opt/ros/humble /usr/bin/cmake /home/ritesh/rc-car/ros2ws/src/eufs_msgs -DCMAKE_INSTALL_PREFIX=/home/ritesh/rc-car/ros2ws/install/eufs_msgs
[2.565s] DEBUG:colcon.colcon_core.event_handler.log_command:Invoking command in '/home/ritesh/rc-car/ros2ws/build/eufs_msgs': CMAKE_PREFIX_PATH=/opt/ros/humble /usr/bin/cmake --build /home/ritesh/rc-car/ros2ws/build/eufs_msgs -- -j8 -l8
[36.313s] DEBUG:colcon.colcon_core.event_handler.log_command:Invoked command in '/home/ritesh/rc-car/ros2ws/build/eufs_msgs' returned '0': CMAKE_PREFIX_PATH=/opt/ros/humble /usr/bin/cmake --build /home/ritesh/rc-car/ros2ws/build/eufs_msgs -- -j8 -l8
[37.608s] DEBUG:colcon.colcon_core.event_handler.log_command:Invoking command in '/home/ritesh/rc-car/ros2ws/build/eufs_msgs': CMAKE_PREFIX_PATH=/opt/ros/humble /usr/bin/cmake --install /home/ritesh/rc-car/ros2ws/build/eufs_msgs
[37.932s] Level 1:colcon.colcon_core.environment:create_environment_scripts_only(eufs_msgs)
[37.933s] Level 1:colcon.colcon_core.environment:checking '/home/ritesh/rc-car/ros2ws/install/eufs_msgs' for CMake module files
[37.933s] DEBUG:colcon.colcon_core.event_handler.log_command:Invoked command in '/home/ritesh/rc-car/ros2ws/build/eufs_msgs' returned '0': CMAKE_PREFIX_PATH=/opt/ros/humble /usr/bin/cmake --install /home/ritesh/rc-car/ros2ws/build/eufs_msgs
[37.933s] Level 1:colcon.colcon_core.environment:checking '/home/ritesh/rc-car/ros2ws/install/eufs_msgs' for CMake config files
[37.935s] Level 1:colcon.colcon_core.shell:create_environment_hook('eufs_msgs', 'cmake_prefix_path')
[37.935s] INFO:colcon.colcon_core.shell:Creating environment hook '/home/ritesh/rc-car/ros2ws/install/eufs_msgs/share/eufs_msgs/hook/cmake_prefix_path.ps1'
[37.935s] INFO:colcon.colcon_core.shell:Creating environment descriptor '/home/ritesh/rc-car/ros2ws/install/eufs_msgs/share/eufs_msgs/hook/cmake_prefix_path.dsv'
[37.936s] INFO:colcon.colcon_core.shell:Creating environment hook '/home/ritesh/rc-car/ros2ws/install/eufs_msgs/share/eufs_msgs/hook/cmake_prefix_path.sh'
[37.936s] Level 1:colcon.colcon_core.environment:checking '/home/ritesh/rc-car/ros2ws/install/eufs_msgs/lib'
[37.936s] Level 1:colcon.colcon_core.shell:create_environment_hook('eufs_msgs', 'ld_library_path_lib')
[37.936s] INFO:colcon.colcon_core.shell:Creating environment hook '/home/ritesh/rc-car/ros2ws/install/eufs_msgs/share/eufs_msgs/hook/ld_library_path_lib.ps1'
[37.937s] INFO:colcon.colcon_core.shell:Creating environment descriptor '/home/ritesh/rc-car/ros2ws/install/eufs_msgs/share/eufs_msgs/hook/ld_library_path_lib.dsv'
[37.937s] INFO:colcon.colcon_core.shell:Creating environment hook '/home/ritesh/rc-car/ros2ws/install/eufs_msgs/share/eufs_msgs/hook/ld_library_path_lib.sh'
[37.937s] Level 1:colcon.colcon_core.environment:checking '/home/ritesh/rc-car/ros2ws/install/eufs_msgs/bin'
[37.937s] Level 1:colcon.colcon_core.environment:checking '/home/ritesh/rc-car/ros2ws/install/eufs_msgs/lib/pkgconfig/eufs_msgs.pc'
[37.937s] Level 1:colcon.colcon_core.environment:checking '/home/ritesh/rc-car/ros2ws/install/eufs_msgs/lib/python3.10/site-packages'
[37.937s] Level 1:colcon.colcon_core.environment:checking '/home/ritesh/rc-car/ros2ws/install/eufs_msgs/bin'
[37.937s] INFO:colcon.colcon_core.shell:Creating package script '/home/ritesh/rc-car/ros2ws/install/eufs_msgs/share/eufs_msgs/package.ps1'
[37.938s] INFO:colcon.colcon_core.shell:Creating package descriptor '/home/ritesh/rc-car/ros2ws/install/eufs_msgs/share/eufs_msgs/package.dsv'
[37.938s] INFO:colcon.colcon_core.shell:Creating package script '/home/ritesh/rc-car/ros2ws/install/eufs_msgs/share/eufs_msgs/package.sh'
[37.938s] INFO:colcon.colcon_core.shell:Creating package script '/home/ritesh/rc-car/ros2ws/install/eufs_msgs/share/eufs_msgs/package.bash'
[37.939s] INFO:colcon.colcon_core.shell:Creating package script '/home/ritesh/rc-car/ros2ws/install/eufs_msgs/share/eufs_msgs/package.zsh'
[37.939s] Level 1:colcon.colcon_core.environment:create_file_with_runtime_dependencies(/home/ritesh/rc-car/ros2ws/install/eufs_msgs/share/colcon-core/packages/eufs_msgs)
[39.225s] Level 1:colcon.colcon_core.environment:create_environment_scripts_only(eufs_msgs)
[39.225s] Level 1:colcon.colcon_core.environment:checking '/home/ritesh/rc-car/ros2ws/install/eufs_msgs' for CMake module files
[39.226s] Level 1:colcon.colcon_core.environment:checking '/home/ritesh/rc-car/ros2ws/install/eufs_msgs' for CMake config files
[39.228s] Level 1:colcon.colcon_core.shell:create_environment_hook('eufs_msgs', 'cmake_prefix_path')
[39.229s] INFO:colcon.colcon_core.shell:Creating environment hook '/home/ritesh/rc-car/ros2ws/install/eufs_msgs/share/eufs_msgs/hook/cmake_prefix_path.ps1'
[39.229s] INFO:colcon.colcon_core.shell:Creating environment descriptor '/home/ritesh/rc-car/ros2ws/install/eufs_msgs/share/eufs_msgs/hook/cmake_prefix_path.dsv'
[39.229s] INFO:colcon.colcon_core.shell:Creating environment hook '/home/ritesh/rc-car/ros2ws/install/eufs_msgs/share/eufs_msgs/hook/cmake_prefix_path.sh'
[39.230s] Level 1:colcon.colcon_core.environment:checking '/home/ritesh/rc-car/ros2ws/install/eufs_msgs/lib'
[39.230s] Level 1:colcon.colcon_core.shell:create_environment_hook('eufs_msgs', 'ld_library_path_lib')
[39.230s] INFO:colcon.colcon_core.shell:Creating environment hook '/home/ritesh/rc-car/ros2ws/install/eufs_msgs/share/eufs_msgs/hook/ld_library_path_lib.ps1'
[39.231s] INFO:colcon.colcon_core.shell:Creating environment descriptor '/home/ritesh/rc-car/ros2ws/install/eufs_msgs/share/eufs_msgs/hook/ld_library_path_lib.dsv'
[39.231s] INFO:colcon.colcon_core.shell:Creating environment hook '/home/ritesh/rc-car/ros2ws/install/eufs_msgs/share/eufs_msgs/hook/ld_library_path_lib.sh'
[39.231s] Level 1:colcon.colcon_core.environment:checking '/home/ritesh/rc-car/ros2ws/install/eufs_msgs/bin'
[39.231s] Level 1:colcon.colcon_core.environment:checking '/home/ritesh/rc-car/ros2ws/install/eufs_msgs/lib/pkgconfig/eufs_msgs.pc'
[39.232s] Level 1:colcon.colcon_core.environment:checking '/home/ritesh/rc-car/ros2ws/install/eufs_msgs/lib/python3.10/site-packages'
[39.232s] Level 1:colcon.colcon_core.environment:checking '/home/ritesh/rc-car/ros2ws/install/eufs_msgs/bin'
[39.232s] INFO:colcon.colcon_core.shell:Creating package script '/home/ritesh/rc-car/ros2ws/install/eufs_msgs/share/eufs_msgs/package.ps1'
[39.233s] INFO:colcon.colcon_core.shell:Creating package descriptor '/home/ritesh/rc-car/ros2ws/install/eufs_msgs/share/eufs_msgs/package.dsv'
[39.233s] INFO:colcon.colcon_core.shell:Creating package script '/home/ritesh/rc-car/ros2ws/install/eufs_msgs/share/eufs_msgs/package.sh'
[39.234s] INFO:colcon.colcon_core.shell:Creating package script '/home/ritesh/rc-car/ros2ws/install/eufs_msgs/share/eufs_msgs/package.bash'
[39.234s] INFO:colcon.colcon_core.shell:Creating package script '/home/ritesh/rc-car/ros2ws/install/eufs_msgs/share/eufs_msgs/package.zsh'
[39.234s] Level 1:colcon.colcon_core.environment:create_file_with_runtime_dependencies(/home/ritesh/rc-car/ros2ws/install/eufs_msgs/share/colcon-core/packages/eufs_msgs)
[39.235s] DEBUG:colcon.colcon_parallel_executor.executor.parallel:closing loop
[39.235s] DEBUG:colcon.colcon_parallel_executor.executor.parallel:loop closed
[39.235s] DEBUG:colcon.colcon_parallel_executor.executor.parallel:run_until_complete finished with '0'
[39.235s] DEBUG:colcon.colcon_core.event_reactor:joining thread
[39.240s] INFO:colcon.colcon_core.plugin_system:Skipping extension 'colcon_notification.desktop_notification.terminal_notifier': Not used on non-Darwin systems
[39.240s] INFO:colcon.colcon_core.plugin_system:Skipping extension 'colcon_notification.desktop_notification.win32': Not used on non-Windows systems
[39.240s] INFO:colcon.colcon_notification.desktop_notification:Sending desktop notification using 'notify2'
[64.266s] DEBUG:colcon.colcon_notification.desktop_notification.notify2:Failed to initialize notify2: org.freedesktop.DBus.Error.NoReply: Did not receive a reply. Possible causes include: the remote application did not send a reply, the message bus security policy blocked the reply, the reply timeout expired, or the network connection was broken.
[64.267s] DEBUG:colcon.colcon_core.event_reactor:joined thread
[64.267s] INFO:colcon.colcon_core.shell:Creating prefix script '/home/ritesh/rc-car/ros2ws/install/local_setup.ps1'
[64.268s] INFO:colcon.colcon_core.shell:Creating prefix util module '/home/ritesh/rc-car/ros2ws/install/_local_setup_util_ps1.py'
[64.269s] INFO:colcon.colcon_core.shell:Creating prefix chain script '/home/ritesh/rc-car/ros2ws/install/setup.ps1'
[64.269s] INFO:colcon.colcon_core.shell:Creating prefix script '/home/ritesh/rc-car/ros2ws/install/local_setup.sh'
[64.270s] INFO:colcon.colcon_core.shell:Creating prefix util module '/home/ritesh/rc-car/ros2ws/install/_local_setup_util_sh.py'
[64.270s] INFO:colcon.colcon_core.shell:Creating prefix chain script '/home/ritesh/rc-car/ros2ws/install/setup.sh'
[64.271s] INFO:colcon.colcon_core.shell:Creating prefix script '/home/ritesh/rc-car/ros2ws/install/local_setup.bash'
[64.271s] INFO:colcon.colcon_core.shell:Creating prefix chain script '/home/ritesh/rc-car/ros2ws/install/setup.bash'
[64.272s] INFO:colcon.colcon_core.shell:Creating prefix script '/home/ritesh/rc-car/ros2ws/install/local_setup.zsh'
[64.272s] INFO:colcon.colcon_core.shell:Creating prefix chain script '/home/ritesh/rc-car/ros2ws/install/setup.zsh'
