[0m=============================================================[0m
[0m-- POINT_TYPE is XYZI[0m
[0m=============================================================[0m
[0m=============================================================[0m
[0m-- ROS Not Found. ROS Support is turned Off.[0m
[0m=============================================================[0m
[0m=============================================================[0m
[0m-- ROS2 Found. ROS2 Support is turned On.[0m
[0m=============================================================[0m
[01m[K/home/ritesh/rc-car/ros2/src/rslidar_sdk/node/rslidar_sdk_node.cpp:33:10:[m[K [01;31m[Kfatal error: [m[Kmanager/node_manager.hpp: No such file or directory
   33 | #include [01;31m[K"manager/node_manager.hpp"[m[K
      |          [01;31m[K^~~~~~~~~~~~~~~~~~~~~~~~~~[m[K
compilation terminated.
[01m[K/home/ritesh/rc-car/ros2/src/rslidar_sdk/src/manager/node_manager.cpp:33:10:[m[K [01;31m[Kfatal error: [m[Kmanager/node_manager.hpp: No such file or directory
   33 | #include [01;31m[K"manager/node_manager.hpp"[m[K
      |          [01;31m[K^~~~~~~~~~~~~~~~~~~~~~~~~~[m[K
compilation terminated.
gmake[2]: *** [CMakeFiles/rslidar_sdk_node.dir/build.make:76: CMakeFiles/rslidar_sdk_node.dir/node/rslidar_sdk_node.cpp.o] Error 1
gmake[2]: *** Waiting for unfinished jobs....
gmake[2]: *** [CMakeFiles/rslidar_sdk_node.dir/build.make:90: CMakeFiles/rslidar_sdk_node.dir/src/manager/node_manager.cpp.o] Error 1
gmake[1]: *** [CMakeFiles/Makefile2:137: CMakeFiles/rslidar_sdk_node.dir/all] Error 2
gmake: *** [Makefile:146: all] Error 2
