[0.124s] DEBUG:colcon:Command line arguments: ['/usr/local/bin/colcon', 'build']
[0.124s] DEBUG:colcon:Parsed command line arguments: Namespace(log_base=None, log_level=None, verb_name='build', build_base='build', install_base='install', merge_install=False, symlink_install=False, test_result_base=None, continue_on_error=False, executor='parallel', parallel_workers=8, event_handlers=None, ignore_user_meta=False, metas=['./colcon.meta'], base_paths=['.'], packages_ignore=None, packages_ignore_regex=None, paths=None, packages_up_to=None, packages_up_to_regex=None, packages_above=None, packages_above_and_dependencies=None, packages_above_depth=None, packages_select_by_dep=None, packages_skip_by_dep=None, packages_skip_up_to=None, packages_select_build_failed=False, packages_skip_build_finished=False, packages_select_test_failures=False, packages_skip_test_passed=False, packages_select=None, packages_skip=None, packages_select_regex=None, packages_skip_regex=None, packages_start=None, packages_end=None, cmake_args=None, cmake_target=None, cmake_target_skip_unavailable=False, cmake_clean_cache=False, cmake_clean_first=False, cmake_force_configure=False, ament_cmake_args=None, catkin_cmake_args=None, catkin_skip_building_tests=False, verb_parser=<colcon_defaults.argument_parser.defaults.DefaultArgumentsDecorator object at 0x79451e9e6950>, verb_extension=<colcon_core.verb.build.BuildVerb object at 0x79451e9e5b10>, main=<bound method BuildVerb.main of <colcon_core.verb.build.BuildVerb object at 0x79451e9e5b10>>)
[0.265s] Level 1:colcon.colcon_core.package_discovery:discover_packages(colcon_meta) check parameters
[0.265s] Level 1:colcon.colcon_core.package_discovery:discover_packages(recursive) check parameters
[0.265s] Level 1:colcon.colcon_core.package_discovery:discover_packages(ignore) check parameters
[0.265s] Level 1:colcon.colcon_core.package_discovery:discover_packages(path) check parameters
[0.265s] Level 1:colcon.colcon_core.package_discovery:discover_packages(colcon_meta) discover
[0.265s] Level 1:colcon.colcon_core.package_discovery:discover_packages(recursive) discover
[0.265s] INFO:colcon.colcon_core.package_discovery:Crawling recursively for packages in '/home/ritesh/rc-car/ros2ws'
[0.265s] Level 1:colcon.colcon_core.package_identification:_identify(.) by extensions ['ignore', 'ignore_ament_install']
[0.265s] Level 1:colcon.colcon_core.package_identification:_identify(.) by extension 'ignore'
[0.265s] Level 1:colcon.colcon_core.package_identification:_identify(.) by extension 'ignore_ament_install'
[0.265s] Level 1:colcon.colcon_core.package_identification:_identify(.) by extensions ['colcon_pkg']
[0.265s] Level 1:colcon.colcon_core.package_identification:_identify(.) by extension 'colcon_pkg'
[0.265s] Level 1:colcon.colcon_core.package_identification:_identify(.) by extensions ['colcon_meta']
[0.265s] Level 1:colcon.colcon_core.package_identification:_identify(.) by extension 'colcon_meta'
[0.265s] Level 1:colcon.colcon_core.package_identification:_identify(.) by extensions ['ros']
[0.265s] Level 1:colcon.colcon_core.package_identification:_identify(.) by extension 'ros'
[0.276s] Level 1:colcon.colcon_core.package_identification:_identify(.) by extensions ['cmake', 'python']
[0.276s] Level 1:colcon.colcon_core.package_identification:_identify(.) by extension 'cmake'
[0.276s] Level 1:colcon.colcon_core.package_identification:_identify(.) by extension 'python'
[0.276s] Level 1:colcon.colcon_core.package_identification:_identify(.) by extensions ['python_setup_py']
[0.276s] Level 1:colcon.colcon_core.package_identification:_identify(.) by extension 'python_setup_py'
[0.276s] Level 1:colcon.colcon_core.package_identification:_identify(build) by extensions ['ignore', 'ignore_ament_install']
[0.276s] Level 1:colcon.colcon_core.package_identification:_identify(build) by extension 'ignore'
[0.277s] Level 1:colcon.colcon_core.package_identification:_identify(build) ignored
[0.277s] Level 1:colcon.colcon_core.package_identification:_identify(install) by extensions ['ignore', 'ignore_ament_install']
[0.277s] Level 1:colcon.colcon_core.package_identification:_identify(install) by extension 'ignore'
[0.277s] Level 1:colcon.colcon_core.package_identification:_identify(install) ignored
[0.277s] Level 1:colcon.colcon_core.package_identification:_identify(log) by extensions ['ignore', 'ignore_ament_install']
[0.277s] Level 1:colcon.colcon_core.package_identification:_identify(log) by extension 'ignore'
[0.277s] Level 1:colcon.colcon_core.package_identification:_identify(log) ignored
[0.277s] Level 1:colcon.colcon_core.package_identification:_identify(src) by extensions ['ignore', 'ignore_ament_install']
[0.277s] Level 1:colcon.colcon_core.package_identification:_identify(src) by extension 'ignore'
[0.277s] Level 1:colcon.colcon_core.package_identification:_identify(src) by extension 'ignore_ament_install'
[0.277s] Level 1:colcon.colcon_core.package_identification:_identify(src) by extensions ['colcon_pkg']
[0.277s] Level 1:colcon.colcon_core.package_identification:_identify(src) by extension 'colcon_pkg'
[0.277s] Level 1:colcon.colcon_core.package_identification:_identify(src) by extensions ['colcon_meta']
[0.277s] Level 1:colcon.colcon_core.package_identification:_identify(src) by extension 'colcon_meta'
[0.277s] Level 1:colcon.colcon_core.package_identification:_identify(src) by extensions ['ros']
[0.277s] Level 1:colcon.colcon_core.package_identification:_identify(src) by extension 'ros'
[0.277s] Level 1:colcon.colcon_core.package_identification:_identify(src) by extensions ['cmake', 'python']
[0.277s] Level 1:colcon.colcon_core.package_identification:_identify(src) by extension 'cmake'
[0.277s] Level 1:colcon.colcon_core.package_identification:_identify(src) by extension 'python'
[0.278s] Level 1:colcon.colcon_core.package_identification:_identify(src) by extensions ['python_setup_py']
[0.278s] Level 1:colcon.colcon_core.package_identification:_identify(src) by extension 'python_setup_py'
[0.278s] Level 1:colcon.colcon_core.package_identification:_identify(src/control) by extensions ['ignore', 'ignore_ament_install']
[0.278s] Level 1:colcon.colcon_core.package_identification:_identify(src/control) by extension 'ignore'
[0.278s] Level 1:colcon.colcon_core.package_identification:_identify(src/control) by extension 'ignore_ament_install'
[0.278s] Level 1:colcon.colcon_core.package_identification:_identify(src/control) by extensions ['colcon_pkg']
[0.278s] Level 1:colcon.colcon_core.package_identification:_identify(src/control) by extension 'colcon_pkg'
[0.278s] Level 1:colcon.colcon_core.package_identification:_identify(src/control) by extensions ['colcon_meta']
[0.278s] Level 1:colcon.colcon_core.package_identification:_identify(src/control) by extension 'colcon_meta'
[0.278s] Level 1:colcon.colcon_core.package_identification:_identify(src/control) by extensions ['ros']
[0.278s] Level 1:colcon.colcon_core.package_identification:_identify(src/control) by extension 'ros'
[0.280s] DEBUG:colcon.colcon_core.package_identification:Failed to parse potential ROS package manifest in'src/control': Error(s) in package 'src/control/package.xml':
The manifest contains invalid XML:
mismatched tag: line 23, column 2
[0.280s] Level 1:colcon.colcon_core.package_identification:_identify(src/control) by extensions ['cmake', 'python']
[0.280s] Level 1:colcon.colcon_core.package_identification:_identify(src/control) by extension 'cmake'
[0.280s] Level 1:colcon.colcon_core.package_identification:_identify(src/control) by extension 'python'
[0.280s] DEBUG:colcon.colcon_core.package_identification:Python package in 'src/control' passes arguments to the setup() function which requires a different identification extension than 'python'
[0.280s] Level 1:colcon.colcon_core.package_identification:_identify(src/control) by extensions ['python_setup_py']
[0.280s] Level 1:colcon.colcon_core.package_identification:_identify(src/control) by extension 'python_setup_py'
[0.516s] DEBUG:colcon.colcon_core.package_identification:Package 'src/control' with type 'python' and name 'control'
[0.516s] Level 1:colcon.colcon_core.package_identification:_identify(src/read_data) by extensions ['ignore', 'ignore_ament_install']
[0.516s] Level 1:colcon.colcon_core.package_identification:_identify(src/read_data) by extension 'ignore'
[0.516s] Level 1:colcon.colcon_core.package_identification:_identify(src/read_data) by extension 'ignore_ament_install'
[0.516s] Level 1:colcon.colcon_core.package_identification:_identify(src/read_data) by extensions ['colcon_pkg']
[0.516s] Level 1:colcon.colcon_core.package_identification:_identify(src/read_data) by extension 'colcon_pkg'
[0.517s] Level 1:colcon.colcon_core.package_identification:_identify(src/read_data) by extensions ['colcon_meta']
[0.517s] Level 1:colcon.colcon_core.package_identification:_identify(src/read_data) by extension 'colcon_meta'
[0.517s] Level 1:colcon.colcon_core.package_identification:_identify(src/read_data) by extensions ['ros']
[0.517s] Level 1:colcon.colcon_core.package_identification:_identify(src/read_data) by extension 'ros'
[0.517s] DEBUG:colcon.colcon_core.package_identification:Failed to parse potential ROS package manifest in'src/read_data': Error(s) in package 'src/read_data/package.xml':
The manifest contains invalid XML:
mismatched tag: line 23, column 2
[0.517s] Level 1:colcon.colcon_core.package_identification:_identify(src/read_data) by extensions ['cmake', 'python']
[0.517s] Level 1:colcon.colcon_core.package_identification:_identify(src/read_data) by extension 'cmake'
[0.517s] Level 1:colcon.colcon_core.package_identification:_identify(src/read_data) by extension 'python'
[0.517s] DEBUG:colcon.colcon_core.package_identification:Python package in 'src/read_data' passes arguments to the setup() function which requires a different identification extension than 'python'
[0.517s] Level 1:colcon.colcon_core.package_identification:_identify(src/read_data) by extensions ['python_setup_py']
[0.517s] Level 1:colcon.colcon_core.package_identification:_identify(src/read_data) by extension 'python_setup_py'
[0.750s] DEBUG:colcon.colcon_core.package_identification:Package 'src/read_data' with type 'python' and name 'read_data'
[0.750s] Level 1:colcon.colcon_core.package_identification:_identify(src/rslidar_msg) by extensions ['ignore', 'ignore_ament_install']
[0.751s] Level 1:colcon.colcon_core.package_identification:_identify(src/rslidar_msg) by extension 'ignore'
[0.751s] Level 1:colcon.colcon_core.package_identification:_identify(src/rslidar_msg) by extension 'ignore_ament_install'
[0.751s] Level 1:colcon.colcon_core.package_identification:_identify(src/rslidar_msg) by extensions ['colcon_pkg']
[0.751s] Level 1:colcon.colcon_core.package_identification:_identify(src/rslidar_msg) by extension 'colcon_pkg'
[0.751s] Level 1:colcon.colcon_core.package_identification:_identify(src/rslidar_msg) by extensions ['colcon_meta']
[0.751s] Level 1:colcon.colcon_core.package_identification:_identify(src/rslidar_msg) by extension 'colcon_meta'
[0.751s] Level 1:colcon.colcon_core.package_identification:_identify(src/rslidar_msg) by extensions ['ros']
[0.751s] Level 1:colcon.colcon_core.package_identification:_identify(src/rslidar_msg) by extension 'ros'
[0.754s] DEBUG:colcon.colcon_core.package_identification:Package 'src/rslidar_msg' with type 'ros.ament_cmake' and name 'rslidar_msg'
[0.754s] Level 1:colcon.colcon_core.package_identification:_identify(src/rslidar_sdk) by extensions ['ignore', 'ignore_ament_install']
[0.754s] Level 1:colcon.colcon_core.package_identification:_identify(src/rslidar_sdk) by extension 'ignore'
[0.754s] Level 1:colcon.colcon_core.package_identification:_identify(src/rslidar_sdk) by extension 'ignore_ament_install'
[0.754s] Level 1:colcon.colcon_core.package_identification:_identify(src/rslidar_sdk) by extensions ['colcon_pkg']
[0.755s] Level 1:colcon.colcon_core.package_identification:_identify(src/rslidar_sdk) by extension 'colcon_pkg'
[0.755s] Level 1:colcon.colcon_core.package_identification:_identify(src/rslidar_sdk) by extensions ['colcon_meta']
[0.755s] Level 1:colcon.colcon_core.package_identification:_identify(src/rslidar_sdk) by extension 'colcon_meta'
[0.755s] Level 1:colcon.colcon_core.package_identification:_identify(src/rslidar_sdk) by extensions ['ros']
[0.755s] Level 1:colcon.colcon_core.package_identification:_identify(src/rslidar_sdk) by extension 'ros'
[0.761s] DEBUG:colcon.colcon_core.package_identification:Package 'src/rslidar_sdk' with type 'ros.ament_cmake' and name 'rslidar_sdk'
[0.761s] Level 1:colcon.colcon_core.package_discovery:discover_packages(recursive) using defaults
[0.761s] Level 1:colcon.colcon_core.package_discovery:discover_packages(ignore) discover
[0.761s] Level 1:colcon.colcon_core.package_discovery:discover_packages(ignore) using defaults
[0.762s] Level 1:colcon.colcon_core.package_discovery:discover_packages(path) discover
[0.762s] Level 1:colcon.colcon_core.package_discovery:discover_packages(path) using defaults
[0.782s] Level 5:colcon.colcon_core.verb:set package 'control' build argument 'cmake_args' from command line to 'None'
[0.782s] Level 5:colcon.colcon_core.verb:set package 'control' build argument 'cmake_target' from command line to 'None'
[0.782s] Level 5:colcon.colcon_core.verb:set package 'control' build argument 'cmake_target_skip_unavailable' from command line to 'False'
[0.782s] Level 5:colcon.colcon_core.verb:set package 'control' build argument 'cmake_clean_cache' from command line to 'False'
[0.782s] Level 5:colcon.colcon_core.verb:set package 'control' build argument 'cmake_clean_first' from command line to 'False'
[0.782s] Level 5:colcon.colcon_core.verb:set package 'control' build argument 'cmake_force_configure' from command line to 'False'
[0.782s] Level 5:colcon.colcon_core.verb:set package 'control' build argument 'ament_cmake_args' from command line to 'None'
[0.782s] Level 5:colcon.colcon_core.verb:set package 'control' build argument 'catkin_cmake_args' from command line to 'None'
[0.782s] Level 5:colcon.colcon_core.verb:set package 'control' build argument 'catkin_skip_building_tests' from command line to 'False'
[0.782s] DEBUG:colcon.colcon_core.verb:Building package 'control' with the following arguments: {'ament_cmake_args': None, 'build_base': '/home/ritesh/rc-car/ros2ws/build/control', 'catkin_cmake_args': None, 'catkin_skip_building_tests': False, 'cmake_args': None, 'cmake_clean_cache': False, 'cmake_clean_first': False, 'cmake_force_configure': False, 'cmake_target': None, 'cmake_target_skip_unavailable': False, 'install_base': '/home/ritesh/rc-car/ros2ws/install/control', 'merge_install': False, 'path': '/home/ritesh/rc-car/ros2ws/src/control', 'symlink_install': False, 'test_result_base': None}
[0.783s] Level 5:colcon.colcon_core.verb:set package 'read_data' build argument 'cmake_args' from command line to 'None'
[0.783s] Level 5:colcon.colcon_core.verb:set package 'read_data' build argument 'cmake_target' from command line to 'None'
[0.783s] Level 5:colcon.colcon_core.verb:set package 'read_data' build argument 'cmake_target_skip_unavailable' from command line to 'False'
[0.783s] Level 5:colcon.colcon_core.verb:set package 'read_data' build argument 'cmake_clean_cache' from command line to 'False'
[0.783s] Level 5:colcon.colcon_core.verb:set package 'read_data' build argument 'cmake_clean_first' from command line to 'False'
[0.783s] Level 5:colcon.colcon_core.verb:set package 'read_data' build argument 'cmake_force_configure' from command line to 'False'
[0.783s] Level 5:colcon.colcon_core.verb:set package 'read_data' build argument 'ament_cmake_args' from command line to 'None'
[0.783s] Level 5:colcon.colcon_core.verb:set package 'read_data' build argument 'catkin_cmake_args' from command line to 'None'
[0.783s] Level 5:colcon.colcon_core.verb:set package 'read_data' build argument 'catkin_skip_building_tests' from command line to 'False'
[0.783s] DEBUG:colcon.colcon_core.verb:Building package 'read_data' with the following arguments: {'ament_cmake_args': None, 'build_base': '/home/ritesh/rc-car/ros2ws/build/read_data', 'catkin_cmake_args': None, 'catkin_skip_building_tests': False, 'cmake_args': None, 'cmake_clean_cache': False, 'cmake_clean_first': False, 'cmake_force_configure': False, 'cmake_target': None, 'cmake_target_skip_unavailable': False, 'install_base': '/home/ritesh/rc-car/ros2ws/install/read_data', 'merge_install': False, 'path': '/home/ritesh/rc-car/ros2ws/src/read_data', 'symlink_install': False, 'test_result_base': None}
[0.783s] Level 5:colcon.colcon_core.verb:set package 'rslidar_msg' build argument 'cmake_args' from command line to 'None'
[0.783s] Level 5:colcon.colcon_core.verb:set package 'rslidar_msg' build argument 'cmake_target' from command line to 'None'
[0.783s] Level 5:colcon.colcon_core.verb:set package 'rslidar_msg' build argument 'cmake_target_skip_unavailable' from command line to 'False'
[0.783s] Level 5:colcon.colcon_core.verb:set package 'rslidar_msg' build argument 'cmake_clean_cache' from command line to 'False'
[0.783s] Level 5:colcon.colcon_core.verb:set package 'rslidar_msg' build argument 'cmake_clean_first' from command line to 'False'
[0.783s] Level 5:colcon.colcon_core.verb:set package 'rslidar_msg' build argument 'cmake_force_configure' from command line to 'False'
[0.783s] Level 5:colcon.colcon_core.verb:set package 'rslidar_msg' build argument 'ament_cmake_args' from command line to 'None'
[0.783s] Level 5:colcon.colcon_core.verb:set package 'rslidar_msg' build argument 'catkin_cmake_args' from command line to 'None'
[0.783s] Level 5:colcon.colcon_core.verb:set package 'rslidar_msg' build argument 'catkin_skip_building_tests' from command line to 'False'
[0.784s] DEBUG:colcon.colcon_core.verb:Building package 'rslidar_msg' with the following arguments: {'ament_cmake_args': None, 'build_base': '/home/ritesh/rc-car/ros2ws/build/rslidar_msg', 'catkin_cmake_args': None, 'catkin_skip_building_tests': False, 'cmake_args': None, 'cmake_clean_cache': False, 'cmake_clean_first': False, 'cmake_force_configure': False, 'cmake_target': None, 'cmake_target_skip_unavailable': False, 'install_base': '/home/ritesh/rc-car/ros2ws/install/rslidar_msg', 'merge_install': False, 'path': '/home/ritesh/rc-car/ros2ws/src/rslidar_msg', 'symlink_install': False, 'test_result_base': None}
[0.784s] Level 5:colcon.colcon_core.verb:set package 'rslidar_sdk' build argument 'cmake_args' from command line to 'None'
[0.784s] Level 5:colcon.colcon_core.verb:set package 'rslidar_sdk' build argument 'cmake_target' from command line to 'None'
[0.784s] Level 5:colcon.colcon_core.verb:set package 'rslidar_sdk' build argument 'cmake_target_skip_unavailable' from command line to 'False'
[0.784s] Level 5:colcon.colcon_core.verb:set package 'rslidar_sdk' build argument 'cmake_clean_cache' from command line to 'False'
[0.784s] Level 5:colcon.colcon_core.verb:set package 'rslidar_sdk' build argument 'cmake_clean_first' from command line to 'False'
[0.784s] Level 5:colcon.colcon_core.verb:set package 'rslidar_sdk' build argument 'cmake_force_configure' from command line to 'False'
[0.784s] Level 5:colcon.colcon_core.verb:set package 'rslidar_sdk' build argument 'ament_cmake_args' from command line to 'None'
[0.785s] Level 5:colcon.colcon_core.verb:set package 'rslidar_sdk' build argument 'catkin_cmake_args' from command line to 'None'
[0.785s] Level 5:colcon.colcon_core.verb:set package 'rslidar_sdk' build argument 'catkin_skip_building_tests' from command line to 'False'
[0.785s] DEBUG:colcon.colcon_core.verb:Building package 'rslidar_sdk' with the following arguments: {'ament_cmake_args': None, 'build_base': '/home/ritesh/rc-car/ros2ws/build/rslidar_sdk', 'catkin_cmake_args': None, 'catkin_skip_building_tests': False, 'cmake_args': None, 'cmake_clean_cache': False, 'cmake_clean_first': False, 'cmake_force_configure': False, 'cmake_target': None, 'cmake_target_skip_unavailable': False, 'install_base': '/home/ritesh/rc-car/ros2ws/install/rslidar_sdk', 'merge_install': False, 'path': '/home/ritesh/rc-car/ros2ws/src/rslidar_sdk', 'symlink_install': False, 'test_result_base': None}
[0.785s] INFO:colcon.colcon_core.executor:Executing jobs using 'parallel' executor
[0.786s] DEBUG:colcon.colcon_parallel_executor.executor.parallel:run_until_complete
[0.787s] INFO:colcon.colcon_ros.task.ament_cmake.build:Building ROS package in '/home/ritesh/rc-car/ros2ws/src/rslidar_msg' with build type 'ament_cmake'
[0.787s] INFO:colcon.colcon_cmake.task.cmake.build:Building CMake package in '/home/ritesh/rc-car/ros2ws/src/rslidar_msg'
[0.789s] INFO:colcon.colcon_core.plugin_system:Skipping extension 'colcon_core.shell.bat': Not used on non-Windows systems
[0.789s] INFO:colcon.colcon_core.shell:Skip shell extension 'powershell' for command environment: Not usable outside of PowerShell
[0.789s] DEBUG:colcon.colcon_core.shell:Skip shell extension 'dsv' for command environment
[0.804s] INFO:colcon.colcon_core.task.python.build:Building Python package in '/home/ritesh/rc-car/ros2ws/src/control'
[0.805s] INFO:colcon.colcon_core.shell:Skip shell extension 'powershell' for command environment: Not usable outside of PowerShell
[0.805s] DEBUG:colcon.colcon_core.shell:Skip shell extension 'dsv' for command environment
[0.809s] INFO:colcon.colcon_core.task.python.build:Building Python package in '/home/ritesh/rc-car/ros2ws/src/read_data'
[0.810s] INFO:colcon.colcon_core.shell:Skip shell extension 'powershell' for command environment: Not usable outside of PowerShell
[0.810s] DEBUG:colcon.colcon_core.shell:Skip shell extension 'dsv' for command environment
[0.822s] DEBUG:colcon.colcon_core.event_handler.log_command:Invoking command in '/home/ritesh/rc-car/ros2ws/build/rslidar_msg': CMAKE_PREFIX_PATH=${CMAKE_PREFIX_PATH}:/opt/ros/humble /usr/bin/cmake /home/ritesh/rc-car/ros2ws/src/rslidar_msg -DCMAKE_INSTALL_PREFIX=/home/ritesh/rc-car/ros2ws/install/rslidar_msg
[1.599s] DEBUG:colcon.colcon_core.event_handler.log_command:Invoking command in '/home/ritesh/rc-car/ros2ws/src/control': PYTHONPATH=/home/ritesh/rc-car/ros2ws/build/control/prefix_override:/usr/local/lib/python3.10/dist-packages/colcon_core/task/python/colcon_distutils_commands:/home/ritesh/rc-car/ros2ws/install/control/lib/python3.10/site-packages:${PYTHONPATH} /usr/bin/python3 -W ignore:setup.py install is deprecated setup.py egg_info --egg-base ../../build/control build --build-base /home/ritesh/rc-car/ros2ws/build/control/build install --record /home/ritesh/rc-car/ros2ws/build/control/install.log --single-version-externally-managed install_data
[1.759s] DEBUG:colcon.colcon_core.event_handler.log_command:Invoking command in '/home/ritesh/rc-car/ros2ws/src/read_data': PYTHONPATH=/home/ritesh/rc-car/ros2ws/build/read_data/prefix_override:/usr/local/lib/python3.10/dist-packages/colcon_core/task/python/colcon_distutils_commands:/home/ritesh/rc-car/ros2ws/install/read_data/lib/python3.10/site-packages:${PYTHONPATH} /usr/bin/python3 -W ignore:setup.py install is deprecated setup.py egg_info --egg-base ../../build/read_data build --build-base /home/ritesh/rc-car/ros2ws/build/read_data/build install --record /home/ritesh/rc-car/ros2ws/build/read_data/install.log --single-version-externally-managed install_data
[1.911s] Level 1:colcon.colcon_core.environment:checking '/home/ritesh/rc-car/ros2ws/install/control' for CMake module files
[1.911s] Level 1:colcon.colcon_core.environment:checking '/home/ritesh/rc-car/ros2ws/install/control' for CMake config files
[1.913s] Level 1:colcon.colcon_core.environment:checking '/home/ritesh/rc-car/ros2ws/install/control/lib'
[1.915s] DEBUG:colcon.colcon_core.event_handler.log_command:Invoked command in '/home/ritesh/rc-car/ros2ws/src/control' returned '0': PYTHONPATH=/home/ritesh/rc-car/ros2ws/build/control/prefix_override:/usr/local/lib/python3.10/dist-packages/colcon_core/task/python/colcon_distutils_commands:/home/ritesh/rc-car/ros2ws/install/control/lib/python3.10/site-packages:${PYTHONPATH} /usr/bin/python3 -W ignore:setup.py install is deprecated setup.py egg_info --egg-base ../../build/control build --build-base /home/ritesh/rc-car/ros2ws/build/control/build install --record /home/ritesh/rc-car/ros2ws/build/control/install.log --single-version-externally-managed install_data
[1.915s] Level 1:colcon.colcon_core.environment:checking '/home/ritesh/rc-car/ros2ws/install/control/bin'
[1.915s] Level 1:colcon.colcon_core.environment:checking '/home/ritesh/rc-car/ros2ws/install/control/lib/pkgconfig/control.pc'
[1.915s] Level 1:colcon.colcon_core.environment:checking '/home/ritesh/rc-car/ros2ws/install/control/lib/python3.10/site-packages'
[1.915s] Level 1:colcon.colcon_core.shell:create_environment_hook('control', 'pythonpath')
[1.916s] INFO:colcon.colcon_core.shell:Creating environment hook '/home/ritesh/rc-car/ros2ws/install/control/share/control/hook/pythonpath.ps1'
[1.917s] INFO:colcon.colcon_core.shell:Creating environment descriptor '/home/ritesh/rc-car/ros2ws/install/control/share/control/hook/pythonpath.dsv'
[1.917s] INFO:colcon.colcon_core.shell:Creating environment hook '/home/ritesh/rc-car/ros2ws/install/control/share/control/hook/pythonpath.sh'
[1.918s] Level 1:colcon.colcon_core.environment:checking '/home/ritesh/rc-car/ros2ws/install/control/bin'
[1.918s] Level 1:colcon.colcon_core.environment:create_environment_scripts_only(control)
[1.922s] INFO:colcon.colcon_core.shell:Creating package script '/home/ritesh/rc-car/ros2ws/install/control/share/control/package.ps1'
[1.923s] INFO:colcon.colcon_core.shell:Creating package descriptor '/home/ritesh/rc-car/ros2ws/install/control/share/control/package.dsv'
[1.924s] INFO:colcon.colcon_core.shell:Creating package script '/home/ritesh/rc-car/ros2ws/install/control/share/control/package.sh'
[1.925s] INFO:colcon.colcon_core.shell:Creating package script '/home/ritesh/rc-car/ros2ws/install/control/share/control/package.bash'
[1.926s] INFO:colcon.colcon_core.shell:Creating package script '/home/ritesh/rc-car/ros2ws/install/control/share/control/package.zsh'
[1.927s] Level 1:colcon.colcon_core.environment:create_file_with_runtime_dependencies(/home/ritesh/rc-car/ros2ws/install/control/share/colcon-core/packages/control)
[2.027s] Level 1:colcon.colcon_core.environment:checking '/home/ritesh/rc-car/ros2ws/install/read_data' for CMake module files
[2.027s] DEBUG:colcon.colcon_core.event_handler.log_command:Invoked command in '/home/ritesh/rc-car/ros2ws/src/read_data' returned '0': PYTHONPATH=/home/ritesh/rc-car/ros2ws/build/read_data/prefix_override:/usr/local/lib/python3.10/dist-packages/colcon_core/task/python/colcon_distutils_commands:/home/ritesh/rc-car/ros2ws/install/read_data/lib/python3.10/site-packages:${PYTHONPATH} /usr/bin/python3 -W ignore:setup.py install is deprecated setup.py egg_info --egg-base ../../build/read_data build --build-base /home/ritesh/rc-car/ros2ws/build/read_data/build install --record /home/ritesh/rc-car/ros2ws/build/read_data/install.log --single-version-externally-managed install_data
[2.028s] Level 1:colcon.colcon_core.environment:checking '/home/ritesh/rc-car/ros2ws/install/read_data' for CMake config files
[2.028s] Level 1:colcon.colcon_core.environment:checking '/home/ritesh/rc-car/ros2ws/install/read_data/lib'
[2.028s] Level 1:colcon.colcon_core.environment:checking '/home/ritesh/rc-car/ros2ws/install/read_data/bin'
[2.029s] Level 1:colcon.colcon_core.environment:checking '/home/ritesh/rc-car/ros2ws/install/read_data/lib/pkgconfig/read_data.pc'
[2.029s] Level 1:colcon.colcon_core.environment:checking '/home/ritesh/rc-car/ros2ws/install/read_data/lib/python3.10/site-packages'
[2.029s] Level 1:colcon.colcon_core.shell:create_environment_hook('read_data', 'pythonpath')
[2.029s] INFO:colcon.colcon_core.shell:Creating environment hook '/home/ritesh/rc-car/ros2ws/install/read_data/share/read_data/hook/pythonpath.ps1'
[2.030s] INFO:colcon.colcon_core.shell:Creating environment descriptor '/home/ritesh/rc-car/ros2ws/install/read_data/share/read_data/hook/pythonpath.dsv'
[2.031s] INFO:colcon.colcon_core.shell:Creating environment hook '/home/ritesh/rc-car/ros2ws/install/read_data/share/read_data/hook/pythonpath.sh'
[2.031s] Level 1:colcon.colcon_core.environment:checking '/home/ritesh/rc-car/ros2ws/install/read_data/bin'
[2.032s] Level 1:colcon.colcon_core.environment:create_environment_scripts_only(read_data)
[2.032s] INFO:colcon.colcon_core.shell:Creating package script '/home/ritesh/rc-car/ros2ws/install/read_data/share/read_data/package.ps1'
[2.032s] INFO:colcon.colcon_core.shell:Creating package descriptor '/home/ritesh/rc-car/ros2ws/install/read_data/share/read_data/package.dsv'
[2.033s] INFO:colcon.colcon_core.shell:Creating package script '/home/ritesh/rc-car/ros2ws/install/read_data/share/read_data/package.sh'
[2.033s] INFO:colcon.colcon_core.shell:Creating package script '/home/ritesh/rc-car/ros2ws/install/read_data/share/read_data/package.bash'
[2.034s] INFO:colcon.colcon_core.shell:Creating package script '/home/ritesh/rc-car/ros2ws/install/read_data/share/read_data/package.zsh'
[2.035s] Level 1:colcon.colcon_core.environment:create_file_with_runtime_dependencies(/home/ritesh/rc-car/ros2ws/install/read_data/share/colcon-core/packages/read_data)
[2.976s] DEBUG:colcon.colcon_core.event_handler.log_command:Invoked command in '/home/ritesh/rc-car/ros2ws/build/rslidar_msg' returned '0': CMAKE_PREFIX_PATH=${CMAKE_PREFIX_PATH}:/opt/ros/humble /usr/bin/cmake /home/ritesh/rc-car/ros2ws/src/rslidar_msg -DCMAKE_INSTALL_PREFIX=/home/ritesh/rc-car/ros2ws/install/rslidar_msg
[2.976s] DEBUG:colcon.colcon_core.event_handler.log_command:Invoking command in '/home/ritesh/rc-car/ros2ws/build/rslidar_msg': CMAKE_PREFIX_PATH=${CMAKE_PREFIX_PATH}:/opt/ros/humble /usr/bin/cmake --build /home/ritesh/rc-car/ros2ws/build/rslidar_msg -- -j8 -l8
[5.774s] DEBUG:colcon.colcon_core.event_handler.log_command:Invoked command in '/home/ritesh/rc-car/ros2ws/build/rslidar_msg' returned '0': CMAKE_PREFIX_PATH=${CMAKE_PREFIX_PATH}:/opt/ros/humble /usr/bin/cmake --build /home/ritesh/rc-car/ros2ws/build/rslidar_msg -- -j8 -l8
[5.877s] DEBUG:colcon.colcon_core.event_handler.log_command:Invoking command in '/home/ritesh/rc-car/ros2ws/build/rslidar_msg': CMAKE_PREFIX_PATH=${CMAKE_PREFIX_PATH}:/opt/ros/humble /usr/bin/cmake --install /home/ritesh/rc-car/ros2ws/build/rslidar_msg
[5.966s] Level 1:colcon.colcon_core.environment:create_environment_scripts_only(rslidar_msg)
[5.967s] Level 1:colcon.colcon_core.environment:checking '/home/ritesh/rc-car/ros2ws/install/rslidar_msg' for CMake module files
[5.967s] Level 1:colcon.colcon_core.environment:checking '/home/ritesh/rc-car/ros2ws/install/rslidar_msg' for CMake config files
[5.968s] DEBUG:colcon.colcon_core.event_handler.log_command:Invoked command in '/home/ritesh/rc-car/ros2ws/build/rslidar_msg' returned '0': CMAKE_PREFIX_PATH=${CMAKE_PREFIX_PATH}:/opt/ros/humble /usr/bin/cmake --install /home/ritesh/rc-car/ros2ws/build/rslidar_msg
[5.968s] Level 1:colcon.colcon_core.shell:create_environment_hook('rslidar_msg', 'cmake_prefix_path')
[5.968s] INFO:colcon.colcon_core.shell:Creating environment hook '/home/ritesh/rc-car/ros2ws/install/rslidar_msg/share/rslidar_msg/hook/cmake_prefix_path.ps1'
[5.969s] INFO:colcon.colcon_core.shell:Creating environment descriptor '/home/ritesh/rc-car/ros2ws/install/rslidar_msg/share/rslidar_msg/hook/cmake_prefix_path.dsv'
[5.969s] INFO:colcon.colcon_core.shell:Creating environment hook '/home/ritesh/rc-car/ros2ws/install/rslidar_msg/share/rslidar_msg/hook/cmake_prefix_path.sh'
[5.970s] Level 1:colcon.colcon_core.environment:checking '/home/ritesh/rc-car/ros2ws/install/rslidar_msg/lib'
[5.970s] Level 1:colcon.colcon_core.shell:create_environment_hook('rslidar_msg', 'ld_library_path_lib')
[5.970s] INFO:colcon.colcon_core.shell:Creating environment hook '/home/ritesh/rc-car/ros2ws/install/rslidar_msg/share/rslidar_msg/hook/ld_library_path_lib.ps1'
[5.970s] INFO:colcon.colcon_core.shell:Creating environment descriptor '/home/ritesh/rc-car/ros2ws/install/rslidar_msg/share/rslidar_msg/hook/ld_library_path_lib.dsv'
[5.971s] INFO:colcon.colcon_core.shell:Creating environment hook '/home/ritesh/rc-car/ros2ws/install/rslidar_msg/share/rslidar_msg/hook/ld_library_path_lib.sh'
[5.971s] Level 1:colcon.colcon_core.environment:checking '/home/ritesh/rc-car/ros2ws/install/rslidar_msg/bin'
[5.971s] Level 1:colcon.colcon_core.environment:checking '/home/ritesh/rc-car/ros2ws/install/rslidar_msg/lib/pkgconfig/rslidar_msg.pc'
[5.971s] Level 1:colcon.colcon_core.environment:checking '/home/ritesh/rc-car/ros2ws/install/rslidar_msg/lib/python3.10/site-packages'
[5.971s] Level 1:colcon.colcon_core.environment:checking '/home/ritesh/rc-car/ros2ws/install/rslidar_msg/bin'
[5.972s] INFO:colcon.colcon_core.shell:Creating package script '/home/ritesh/rc-car/ros2ws/install/rslidar_msg/share/rslidar_msg/package.ps1'
[5.972s] INFO:colcon.colcon_core.shell:Creating package descriptor '/home/ritesh/rc-car/ros2ws/install/rslidar_msg/share/rslidar_msg/package.dsv'
[5.973s] INFO:colcon.colcon_core.shell:Creating package script '/home/ritesh/rc-car/ros2ws/install/rslidar_msg/share/rslidar_msg/package.sh'
[5.973s] INFO:colcon.colcon_core.shell:Creating package script '/home/ritesh/rc-car/ros2ws/install/rslidar_msg/share/rslidar_msg/package.bash'
[5.973s] INFO:colcon.colcon_core.shell:Creating package script '/home/ritesh/rc-car/ros2ws/install/rslidar_msg/share/rslidar_msg/package.zsh'
[5.974s] Level 1:colcon.colcon_core.environment:create_file_with_runtime_dependencies(/home/ritesh/rc-car/ros2ws/install/rslidar_msg/share/colcon-core/packages/rslidar_msg)
[6.053s] Level 1:colcon.colcon_core.environment:create_environment_scripts_only(rslidar_msg)
[6.053s] Level 1:colcon.colcon_core.environment:checking '/home/ritesh/rc-car/ros2ws/install/rslidar_msg' for CMake module files
[6.054s] Level 1:colcon.colcon_core.environment:checking '/home/ritesh/rc-car/ros2ws/install/rslidar_msg' for CMake config files
[6.054s] Level 1:colcon.colcon_core.shell:create_environment_hook('rslidar_msg', 'cmake_prefix_path')
[6.055s] INFO:colcon.colcon_core.shell:Creating environment hook '/home/ritesh/rc-car/ros2ws/install/rslidar_msg/share/rslidar_msg/hook/cmake_prefix_path.ps1'
[6.055s] INFO:colcon.colcon_core.shell:Creating environment descriptor '/home/ritesh/rc-car/ros2ws/install/rslidar_msg/share/rslidar_msg/hook/cmake_prefix_path.dsv'
[6.056s] INFO:colcon.colcon_core.shell:Creating environment hook '/home/ritesh/rc-car/ros2ws/install/rslidar_msg/share/rslidar_msg/hook/cmake_prefix_path.sh'
[6.057s] Level 1:colcon.colcon_core.environment:checking '/home/ritesh/rc-car/ros2ws/install/rslidar_msg/lib'
[6.057s] Level 1:colcon.colcon_core.shell:create_environment_hook('rslidar_msg', 'ld_library_path_lib')
[6.058s] INFO:colcon.colcon_core.shell:Creating environment hook '/home/ritesh/rc-car/ros2ws/install/rslidar_msg/share/rslidar_msg/hook/ld_library_path_lib.ps1'
[6.058s] INFO:colcon.colcon_core.shell:Creating environment descriptor '/home/ritesh/rc-car/ros2ws/install/rslidar_msg/share/rslidar_msg/hook/ld_library_path_lib.dsv'
[6.059s] INFO:colcon.colcon_core.shell:Creating environment hook '/home/ritesh/rc-car/ros2ws/install/rslidar_msg/share/rslidar_msg/hook/ld_library_path_lib.sh'
[6.060s] Level 1:colcon.colcon_core.environment:checking '/home/ritesh/rc-car/ros2ws/install/rslidar_msg/bin'
[6.060s] Level 1:colcon.colcon_core.environment:checking '/home/ritesh/rc-car/ros2ws/install/rslidar_msg/lib/pkgconfig/rslidar_msg.pc'
[6.061s] Level 1:colcon.colcon_core.environment:checking '/home/ritesh/rc-car/ros2ws/install/rslidar_msg/lib/python3.10/site-packages'
[6.061s] Level 1:colcon.colcon_core.environment:checking '/home/ritesh/rc-car/ros2ws/install/rslidar_msg/bin'
[6.062s] INFO:colcon.colcon_core.shell:Creating package script '/home/ritesh/rc-car/ros2ws/install/rslidar_msg/share/rslidar_msg/package.ps1'
[6.062s] INFO:colcon.colcon_core.shell:Creating package descriptor '/home/ritesh/rc-car/ros2ws/install/rslidar_msg/share/rslidar_msg/package.dsv'
[6.063s] INFO:colcon.colcon_core.shell:Creating package script '/home/ritesh/rc-car/ros2ws/install/rslidar_msg/share/rslidar_msg/package.sh'
[6.064s] INFO:colcon.colcon_core.shell:Creating package script '/home/ritesh/rc-car/ros2ws/install/rslidar_msg/share/rslidar_msg/package.bash'
[6.065s] INFO:colcon.colcon_core.shell:Creating package script '/home/ritesh/rc-car/ros2ws/install/rslidar_msg/share/rslidar_msg/package.zsh'
[6.066s] Level 1:colcon.colcon_core.environment:create_file_with_runtime_dependencies(/home/ritesh/rc-car/ros2ws/install/rslidar_msg/share/colcon-core/packages/rslidar_msg)
[6.067s] INFO:colcon.colcon_ros.task.ament_cmake.build:Building ROS package in '/home/ritesh/rc-car/ros2ws/src/rslidar_sdk' with build type 'ament_cmake'
[6.068s] INFO:colcon.colcon_cmake.task.cmake.build:Building CMake package in '/home/ritesh/rc-car/ros2ws/src/rslidar_sdk'
[6.068s] INFO:colcon.colcon_core.shell:Skip shell extension 'powershell' for command environment: Not usable outside of PowerShell
[6.068s] DEBUG:colcon.colcon_core.shell:Skip shell extension 'dsv' for command environment
[6.090s] DEBUG:colcon.colcon_core.event_handler.log_command:Invoking command in '/home/ritesh/rc-car/ros2ws/build/rslidar_sdk': AMENT_PREFIX_PATH=/home/ritesh/rc-car/ros2ws/install/rslidar_msg:${AMENT_PREFIX_PATH} CMAKE_PREFIX_PATH=/home/ritesh/rc-car/ros2ws/install/rslidar_msg:/home/ritesh/rc-car/ros2ws/install/eufs_msgs:/opt/ros/humble LD_LIBRARY_PATH=/home/ritesh/rc-car/ros2ws/install/rslidar_msg/lib:/home/ritesh/rc-car/ros2ws/install/eufs_msgs/lib:/usr/lib/x86_64-linux-gnu/gazebo-11/plugins:/opt/ros/humble/opt/rviz_ogre_vendor/lib:/opt/ros/humble/lib/x86_64-linux-gnu:/opt/ros/humble/lib:/lib/hsl-install/lib PYTHONPATH=/home/ritesh/rc-car/ros2ws/install/rslidar_msg/local/lib/python3.10/dist-packages:${PYTHONPATH} /usr/bin/cmake /home/ritesh/rc-car/ros2ws/src/rslidar_sdk -DCMAKE_INSTALL_PREFIX=/home/ritesh/rc-car/ros2ws/install/rslidar_sdk
[6.658s] DEBUG:colcon.colcon_core.event_handler.log_command:Invoked command in '/home/ritesh/rc-car/ros2ws/build/rslidar_sdk' returned '0': AMENT_PREFIX_PATH=/home/ritesh/rc-car/ros2ws/install/rslidar_msg:${AMENT_PREFIX_PATH} CMAKE_PREFIX_PATH=/home/ritesh/rc-car/ros2ws/install/rslidar_msg:/home/ritesh/rc-car/ros2ws/install/eufs_msgs:/opt/ros/humble LD_LIBRARY_PATH=/home/ritesh/rc-car/ros2ws/install/rslidar_msg/lib:/home/ritesh/rc-car/ros2ws/install/eufs_msgs/lib:/usr/lib/x86_64-linux-gnu/gazebo-11/plugins:/opt/ros/humble/opt/rviz_ogre_vendor/lib:/opt/ros/humble/lib/x86_64-linux-gnu:/opt/ros/humble/lib:/lib/hsl-install/lib PYTHONPATH=/home/ritesh/rc-car/ros2ws/install/rslidar_msg/local/lib/python3.10/dist-packages:${PYTHONPATH} /usr/bin/cmake /home/ritesh/rc-car/ros2ws/src/rslidar_sdk -DCMAKE_INSTALL_PREFIX=/home/ritesh/rc-car/ros2ws/install/rslidar_sdk
[6.661s] DEBUG:colcon.colcon_core.event_handler.log_command:Invoking command in '/home/ritesh/rc-car/ros2ws/build/rslidar_sdk': AMENT_PREFIX_PATH=/home/ritesh/rc-car/ros2ws/install/rslidar_msg:${AMENT_PREFIX_PATH} CMAKE_PREFIX_PATH=/home/ritesh/rc-car/ros2ws/install/rslidar_msg:/home/ritesh/rc-car/ros2ws/install/eufs_msgs:/opt/ros/humble LD_LIBRARY_PATH=/home/ritesh/rc-car/ros2ws/install/rslidar_msg/lib:/home/ritesh/rc-car/ros2ws/install/eufs_msgs/lib:/usr/lib/x86_64-linux-gnu/gazebo-11/plugins:/opt/ros/humble/opt/rviz_ogre_vendor/lib:/opt/ros/humble/lib/x86_64-linux-gnu:/opt/ros/humble/lib:/lib/hsl-install/lib PYTHONPATH=/home/ritesh/rc-car/ros2ws/install/rslidar_msg/local/lib/python3.10/dist-packages:${PYTHONPATH} /usr/bin/cmake --build /home/ritesh/rc-car/ros2ws/build/rslidar_sdk -- -j8 -l8
[10.389s] DEBUG:colcon.colcon_core.event_handler.log_command:Invoked command in '/home/ritesh/rc-car/ros2ws/build/rslidar_sdk' returned '2': AMENT_PREFIX_PATH=/home/ritesh/rc-car/ros2ws/install/rslidar_msg:${AMENT_PREFIX_PATH} CMAKE_PREFIX_PATH=/home/ritesh/rc-car/ros2ws/install/rslidar_msg:/home/ritesh/rc-car/ros2ws/install/eufs_msgs:/opt/ros/humble LD_LIBRARY_PATH=/home/ritesh/rc-car/ros2ws/install/rslidar_msg/lib:/home/ritesh/rc-car/ros2ws/install/eufs_msgs/lib:/usr/lib/x86_64-linux-gnu/gazebo-11/plugins:/opt/ros/humble/opt/rviz_ogre_vendor/lib:/opt/ros/humble/lib/x86_64-linux-gnu:/opt/ros/humble/lib:/lib/hsl-install/lib PYTHONPATH=/home/ritesh/rc-car/ros2ws/install/rslidar_msg/local/lib/python3.10/dist-packages:${PYTHONPATH} /usr/bin/cmake --build /home/ritesh/rc-car/ros2ws/build/rslidar_sdk -- -j8 -l8
[10.421s] Level 1:colcon.colcon_core.environment:create_environment_scripts_only(rslidar_sdk)
[10.422s] Level 1:colcon.colcon_core.environment:checking '/home/ritesh/rc-car/ros2ws/install/rslidar_sdk' for CMake module files
[10.422s] Level 1:colcon.colcon_core.environment:checking '/home/ritesh/rc-car/ros2ws/install/rslidar_sdk' for CMake config files
[10.422s] Level 1:colcon.colcon_core.environment:checking '/home/ritesh/rc-car/ros2ws/install/rslidar_sdk/bin'
[10.422s] Level 1:colcon.colcon_core.environment:checking '/home/ritesh/rc-car/ros2ws/install/rslidar_sdk/lib/pkgconfig/rslidar_sdk.pc'
[10.423s] Level 1:colcon.colcon_core.environment:checking '/home/ritesh/rc-car/ros2ws/install/rslidar_sdk/lib/python3.10/site-packages'
[10.423s] Level 1:colcon.colcon_core.environment:checking '/home/ritesh/rc-car/ros2ws/install/rslidar_sdk/bin'
[10.423s] INFO:colcon.colcon_core.shell:Creating package script '/home/ritesh/rc-car/ros2ws/install/rslidar_sdk/share/rslidar_sdk/package.ps1'
[10.424s] INFO:colcon.colcon_core.shell:Creating package descriptor '/home/ritesh/rc-car/ros2ws/install/rslidar_sdk/share/rslidar_sdk/package.dsv'
[10.424s] INFO:colcon.colcon_core.shell:Creating package script '/home/ritesh/rc-car/ros2ws/install/rslidar_sdk/share/rslidar_sdk/package.sh'
[10.425s] INFO:colcon.colcon_core.shell:Creating package script '/home/ritesh/rc-car/ros2ws/install/rslidar_sdk/share/rslidar_sdk/package.bash'
[10.425s] INFO:colcon.colcon_core.shell:Creating package script '/home/ritesh/rc-car/ros2ws/install/rslidar_sdk/share/rslidar_sdk/package.zsh'
[10.426s] Level 1:colcon.colcon_core.environment:create_file_with_runtime_dependencies(/home/ritesh/rc-car/ros2ws/install/rslidar_sdk/share/colcon-core/packages/rslidar_sdk)
[10.436s] DEBUG:colcon.colcon_parallel_executor.executor.parallel:closing loop
[10.437s] DEBUG:colcon.colcon_parallel_executor.executor.parallel:loop closed
[10.437s] DEBUG:colcon.colcon_parallel_executor.executor.parallel:run_until_complete finished with '2'
[10.437s] DEBUG:colcon.colcon_core.event_reactor:joining thread
[10.442s] INFO:colcon.colcon_core.plugin_system:Skipping extension 'colcon_notification.desktop_notification.terminal_notifier': Not used on non-Darwin systems
[10.442s] INFO:colcon.colcon_core.plugin_system:Skipping extension 'colcon_notification.desktop_notification.win32': Not used on non-Windows systems
[10.442s] INFO:colcon.colcon_notification.desktop_notification:Sending desktop notification using 'notify2'
[35.470s] DEBUG:colcon.colcon_notification.desktop_notification.notify2:Failed to initialize notify2: org.freedesktop.DBus.Error.NoReply: Did not receive a reply. Possible causes include: the remote application did not send a reply, the message bus security policy blocked the reply, the reply timeout expired, or the network connection was broken.
[35.470s] DEBUG:colcon.colcon_core.event_reactor:joined thread
[35.471s] INFO:colcon.colcon_core.shell:Creating prefix script '/home/ritesh/rc-car/ros2ws/install/local_setup.ps1'
[35.472s] INFO:colcon.colcon_core.shell:Creating prefix util module '/home/ritesh/rc-car/ros2ws/install/_local_setup_util_ps1.py'
[35.473s] INFO:colcon.colcon_core.shell:Creating prefix chain script '/home/ritesh/rc-car/ros2ws/install/setup.ps1'
[35.474s] INFO:colcon.colcon_core.shell:Creating prefix script '/home/ritesh/rc-car/ros2ws/install/local_setup.sh'
[35.475s] INFO:colcon.colcon_core.shell:Creating prefix util module '/home/ritesh/rc-car/ros2ws/install/_local_setup_util_sh.py'
[35.475s] INFO:colcon.colcon_core.shell:Creating prefix chain script '/home/ritesh/rc-car/ros2ws/install/setup.sh'
[35.476s] INFO:colcon.colcon_core.shell:Creating prefix script '/home/ritesh/rc-car/ros2ws/install/local_setup.bash'
[35.477s] INFO:colcon.colcon_core.shell:Creating prefix chain script '/home/ritesh/rc-car/ros2ws/install/setup.bash'
[35.478s] INFO:colcon.colcon_core.shell:Creating prefix script '/home/ritesh/rc-car/ros2ws/install/local_setup.zsh'
[35.478s] INFO:colcon.colcon_core.shell:Creating prefix chain script '/home/ritesh/rc-car/ros2ws/install/setup.zsh'
