[0.503s] Invoking command in '/home/ritesh/rc-car/ros2ws/build/rslidar_sdk': CMAKE_PREFIX_PATH=${CMAKE_PREFIX_PATH}:/opt/ros/humble /usr/bin/cmake /home/ritesh/rc-car/ros2ws/src/rslidar_sdk -DCMAKE_INSTALL_PREFIX=/home/ritesh/rc-car/ros2ws/install/rslidar_sdk
[0.576s] -- The C compiler identification is GNU 11.4.0
[0.678s] -- The CXX compiler identification is GNU 11.4.0
[0.691s] -- Detecting C compiler ABI info
[0.817s] -- Detecting C compiler ABI info - done
[0.824s] -- Check for working C compiler: /usr/bin/cc - skipped
[0.824s] -- Detecting C compile features
[0.825s] -- Detecting C compile features - done
[0.829s] -- Detecting CXX compiler ABI info
[0.940s] -- Detecting CXX compiler ABI info - done
[0.955s] -- Check for working CXX compiler: /usr/bin/c++ - skipped
[0.956s] -- Detecting CXX compile features
[0.960s] -- Detecting CXX compile features - done
[0.964s] [0m=============================================================[0m
[0.964s] [0m-- POINT_TYPE is XYZI[0m
[0.964s] [0m=============================================================[0m
[0.974s] [0m=============================================================[0m
[0.974s] [0m-- ROS Not Found. ROS Support is turned Off.[0m
[0.975s] [0m=============================================================[0m
[1.135s] -- Found Python3: /usr/bin/python3 (found version "3.10.12") found components: Interpreter 
[1.272s] -- Found rosidl_generator_c: 3.1.5 (/opt/ros/humble/share/rosidl_generator_c/cmake)
[1.277s] -- Found rosidl_adapter: 3.1.5 (/opt/ros/humble/share/rosidl_adapter/cmake)
[1.285s] -- Found rosidl_generator_cpp: 3.1.5 (/opt/ros/humble/share/rosidl_generator_cpp/cmake)
[1.298s] -- Using all available rosidl_typesupport_c: rosidl_typesupport_fastrtps_c;rosidl_typesupport_introspection_c
[1.314s] -- Using all available rosidl_typesupport_cpp: rosidl_typesupport_fastrtps_cpp;rosidl_typesupport_introspection_cpp
[1.359s] -- Found rmw_implementation_cmake: 6.1.2 (/opt/ros/humble/share/rmw_implementation_cmake/cmake)
[1.361s] -- Found rmw_fastrtps_cpp: 6.2.7 (/opt/ros/humble/share/rmw_fastrtps_cpp/cmake)
[1.452s] -- Found OpenSSL: /usr/lib/x86_64-linux-gnu/libcrypto.so (found version "3.0.2")  
[1.470s] -- Found FastRTPS: /opt/ros/humble/include  
[1.493s] -- Using RMW implementation 'rmw_fastrtps_cpp' as default
[1.502s] -- Looking for pthread.h
[1.587s] -- Looking for pthread.h - found
[1.587s] -- Performing Test CMAKE_HAVE_LIBC_PTHREAD
[1.673s] -- Performing Test CMAKE_HAVE_LIBC_PTHREAD - Success
[1.674s] -- Found Threads: TRUE  
[1.727s] [0m=============================================================[0m
[1.727s] [0m-- ROS2 Found. ROS2 Support is turned On.[0m
[1.727s] [0m=============================================================[0m
[1.729s] -- Found sensor_msgs: 4.2.4 (/opt/ros/humble/share/sensor_msgs/cmake)
[1.771s] [31mCMake Error at CMakeLists.txt:129 (find_package):
[1.771s]   By not providing "Findrslidar_msg.cmake" in CMAKE_MODULE_PATH this project
[1.771s]   has asked CMake to find a package configuration file provided by
[1.771s]   "rslidar_msg", but CMake did not find one.
[1.771s] 
[1.771s]   Could not find a package configuration file provided by "rslidar_msg" with
[1.771s]   any of the following names:
[1.771s] 
[1.771s]     rslidar_msgConfig.cmake
[1.771s]     rslidar_msg-config.cmake
[1.771s] 
[1.771s]   Add the installation prefix of "rslidar_msg" to CMAKE_PREFIX_PATH or set
[1.772s]   "rslidar_msg_DIR" to a directory containing one of the above files.  If
[1.772s]   "rslidar_msg" provides a separate development package or SDK, be sure it
[1.772s]   has been installed.
[1.772s] 
[1.772s] [0m
[1.772s] -- Configuring incomplete, errors occurred!
[1.772s] See also "/home/ritesh/rc-car/ros2ws/build/rslidar_sdk/CMakeFiles/CMakeOutput.log".
[1.787s] Invoked command in '/home/ritesh/rc-car/ros2ws/build/rslidar_sdk' returned '1': CMAKE_PREFIX_PATH=${CMAKE_PREFIX_PATH}:/opt/ros/humble /usr/bin/cmake /home/ritesh/rc-car/ros2ws/src/rslidar_sdk -DCMAKE_INSTALL_PREFIX=/home/ritesh/rc-car/ros2ws/install/rslidar_sdk
