[1.169s] Invoking command in '/home/ritesh/rc-car/ros2ws/src/control': PYTHONPATH=/home/ritesh/rc-car/build/control/prefix_override:/usr/local/lib/python3.10/dist-packages/colcon_core/task/python/colcon_distutils_commands:/home/ritesh/rc-car/install/control/lib/python3.10/site-packages:${PYTHONPATH} /usr/bin/python3 -W ignore:setup.py install is deprecated setup.py egg_info --egg-base ../../../build/control build --build-base /home/ritesh/rc-car/build/control/build install --record /home/ritesh/rc-car/build/control/install.log --single-version-externally-managed install_data
[1.642s] running egg_info
[1.644s] writing ../../../build/control/control.egg-info/PKG-INFO
[1.644s] writing dependency_links to ../../../build/control/control.egg-info/dependency_links.txt
[1.644s] writing entry points to ../../../build/control/control.egg-info/entry_points.txt
[1.645s] writing requirements to ../../../build/control/control.egg-info/requires.txt
[1.645s] writing top-level names to ../../../build/control/control.egg-info/top_level.txt
[1.648s] reading manifest file '../../../build/control/control.egg-info/SOURCES.txt'
[1.648s] writing manifest file '../../../build/control/control.egg-info/SOURCES.txt'
[1.648s] running build
[1.648s] running build_py
[1.648s] copying control/give_control.py -> /home/ritesh/rc-car/build/control/build/lib/control
[1.649s] running install
[1.649s] running install_lib
[1.650s] copying /home/ritesh/rc-car/build/control/build/lib/control/give_control.py -> /home/ritesh/rc-car/install/control/lib/python3.10/site-packages/control
[1.650s] byte-compiling /home/ritesh/rc-car/install/control/lib/python3.10/site-packages/control/give_control.py to give_control.cpython-310.pyc
[1.651s] running install_data
[1.651s] running install_egg_info
[1.654s] removing '/home/ritesh/rc-car/install/control/lib/python3.10/site-packages/control-0.0.0-py3.10.egg-info' (and everything under it)
[1.654s] Copying ../../../build/control/control.egg-info to /home/ritesh/rc-car/install/control/lib/python3.10/site-packages/control-0.0.0-py3.10.egg-info
[1.655s] running install_scripts
[1.682s] Installing give_control script to /home/ritesh/rc-car/install/control/lib/control
[1.683s] writing list of installed files to '/home/ritesh/rc-car/build/control/install.log'
[1.730s] Invoked command in '/home/ritesh/rc-car/ros2ws/src/control' returned '0': PYTHONPATH=/home/ritesh/rc-car/build/control/prefix_override:/usr/local/lib/python3.10/dist-packages/colcon_core/task/python/colcon_distutils_commands:/home/ritesh/rc-car/install/control/lib/python3.10/site-packages:${PYTHONPATH} /usr/bin/python3 -W ignore:setup.py install is deprecated setup.py egg_info --egg-base ../../../build/control build --build-base /home/ritesh/rc-car/build/control/build install --record /home/ritesh/rc-car/build/control/install.log --single-version-externally-managed install_data
