[0.088s] DEBUG:colcon:Command line arguments: ['/usr/local/bin/colcon', 'build']
[0.088s] DEBUG:colcon:Parsed command line arguments: Namespace(log_base=None, log_level=None, verb_name='build', build_base='build', install_base='install', merge_install=False, symlink_install=False, test_result_base=None, continue_on_error=False, executor='parallel', parallel_workers=8, event_handlers=None, ignore_user_meta=False, metas=['./colcon.meta'], base_paths=['.'], packages_ignore=None, packages_ignore_regex=None, paths=None, packages_up_to=None, packages_up_to_regex=None, packages_above=None, packages_above_and_dependencies=None, packages_above_depth=None, packages_select_by_dep=None, packages_skip_by_dep=None, packages_skip_up_to=None, packages_select_build_failed=False, packages_skip_build_finished=False, packages_select_test_failures=False, packages_skip_test_passed=False, packages_select=None, packages_skip=None, packages_select_regex=None, packages_skip_regex=None, packages_start=None, packages_end=None, cmake_args=None, cmake_target=None, cmake_target_skip_unavailable=False, cmake_clean_cache=False, cmake_clean_first=False, cmake_force_configure=False, ament_cmake_args=None, catkin_cmake_args=None, catkin_skip_building_tests=False, verb_parser=<colcon_defaults.argument_parser.defaults.DefaultArgumentsDecorator object at 0x7d64ed309b70>, verb_extension=<colcon_core.verb.build.BuildVerb object at 0x7d64ed308d30>, main=<bound method BuildVerb.main of <colcon_core.verb.build.BuildVerb object at 0x7d64ed308d30>>)
[0.185s] Level 1:colcon.colcon_core.package_discovery:discover_packages(colcon_meta) check parameters
[0.185s] Level 1:colcon.colcon_core.package_discovery:discover_packages(recursive) check parameters
[0.185s] Level 1:colcon.colcon_core.package_discovery:discover_packages(ignore) check parameters
[0.185s] Level 1:colcon.colcon_core.package_discovery:discover_packages(path) check parameters
[0.185s] Level 1:colcon.colcon_core.package_discovery:discover_packages(colcon_meta) discover
[0.185s] Level 1:colcon.colcon_core.package_discovery:discover_packages(recursive) discover
[0.185s] INFO:colcon.colcon_core.package_discovery:Crawling recursively for packages in '/home/ritesh/rc-car'
[0.185s] Level 1:colcon.colcon_core.package_identification:_identify(.) by extensions ['ignore', 'ignore_ament_install']
[0.185s] Level 1:colcon.colcon_core.package_identification:_identify(.) by extension 'ignore'
[0.185s] Level 1:colcon.colcon_core.package_identification:_identify(.) by extension 'ignore_ament_install'
[0.185s] Level 1:colcon.colcon_core.package_identification:_identify(.) by extensions ['colcon_pkg']
[0.185s] Level 1:colcon.colcon_core.package_identification:_identify(.) by extension 'colcon_pkg'
[0.185s] Level 1:colcon.colcon_core.package_identification:_identify(.) by extensions ['colcon_meta']
[0.185s] Level 1:colcon.colcon_core.package_identification:_identify(.) by extension 'colcon_meta'
[0.185s] Level 1:colcon.colcon_core.package_identification:_identify(.) by extensions ['ros']
[0.185s] Level 1:colcon.colcon_core.package_identification:_identify(.) by extension 'ros'
[0.193s] Level 1:colcon.colcon_core.package_identification:_identify(.) by extensions ['cmake', 'python']
[0.193s] Level 1:colcon.colcon_core.package_identification:_identify(.) by extension 'cmake'
[0.193s] Level 1:colcon.colcon_core.package_identification:_identify(.) by extension 'python'
[0.193s] Level 1:colcon.colcon_core.package_identification:_identify(.) by extensions ['python_setup_py']
[0.193s] Level 1:colcon.colcon_core.package_identification:_identify(.) by extension 'python_setup_py'
[0.193s] Level 1:colcon.colcon_core.package_identification:_identify(IMU_code) by extensions ['ignore', 'ignore_ament_install']
[0.193s] Level 1:colcon.colcon_core.package_identification:_identify(IMU_code) by extension 'ignore'
[0.193s] Level 1:colcon.colcon_core.package_identification:_identify(IMU_code) by extension 'ignore_ament_install'
[0.193s] Level 1:colcon.colcon_core.package_identification:_identify(IMU_code) by extensions ['colcon_pkg']
[0.193s] Level 1:colcon.colcon_core.package_identification:_identify(IMU_code) by extension 'colcon_pkg'
[0.193s] Level 1:colcon.colcon_core.package_identification:_identify(IMU_code) by extensions ['colcon_meta']
[0.193s] Level 1:colcon.colcon_core.package_identification:_identify(IMU_code) by extension 'colcon_meta'
[0.193s] Level 1:colcon.colcon_core.package_identification:_identify(IMU_code) by extensions ['ros']
[0.193s] Level 1:colcon.colcon_core.package_identification:_identify(IMU_code) by extension 'ros'
[0.193s] Level 1:colcon.colcon_core.package_identification:_identify(IMU_code) by extensions ['cmake', 'python']
[0.193s] Level 1:colcon.colcon_core.package_identification:_identify(IMU_code) by extension 'cmake'
[0.193s] Level 1:colcon.colcon_core.package_identification:_identify(IMU_code) by extension 'python'
[0.193s] Level 1:colcon.colcon_core.package_identification:_identify(IMU_code) by extensions ['python_setup_py']
[0.193s] Level 1:colcon.colcon_core.package_identification:_identify(IMU_code) by extension 'python_setup_py'
[0.193s] Level 1:colcon.colcon_core.package_identification:_identify(betterBag) by extensions ['ignore', 'ignore_ament_install']
[0.193s] Level 1:colcon.colcon_core.package_identification:_identify(betterBag) by extension 'ignore'
[0.193s] Level 1:colcon.colcon_core.package_identification:_identify(betterBag) by extension 'ignore_ament_install'
[0.193s] Level 1:colcon.colcon_core.package_identification:_identify(betterBag) by extensions ['colcon_pkg']
[0.193s] Level 1:colcon.colcon_core.package_identification:_identify(betterBag) by extension 'colcon_pkg'
[0.193s] Level 1:colcon.colcon_core.package_identification:_identify(betterBag) by extensions ['colcon_meta']
[0.193s] Level 1:colcon.colcon_core.package_identification:_identify(betterBag) by extension 'colcon_meta'
[0.193s] Level 1:colcon.colcon_core.package_identification:_identify(betterBag) by extensions ['ros']
[0.193s] Level 1:colcon.colcon_core.package_identification:_identify(betterBag) by extension 'ros'
[0.194s] Level 1:colcon.colcon_core.package_identification:_identify(betterBag) by extensions ['cmake', 'python']
[0.194s] Level 1:colcon.colcon_core.package_identification:_identify(betterBag) by extension 'cmake'
[0.194s] Level 1:colcon.colcon_core.package_identification:_identify(betterBag) by extension 'python'
[0.194s] Level 1:colcon.colcon_core.package_identification:_identify(betterBag) by extensions ['python_setup_py']
[0.194s] Level 1:colcon.colcon_core.package_identification:_identify(betterBag) by extension 'python_setup_py'
[0.194s] Level 1:colcon.colcon_core.package_identification:_identify(build) by extensions ['ignore', 'ignore_ament_install']
[0.194s] Level 1:colcon.colcon_core.package_identification:_identify(build) by extension 'ignore'
[0.194s] Level 1:colcon.colcon_core.package_identification:_identify(build) ignored
[0.194s] Level 1:colcon.colcon_core.package_identification:_identify(install) by extensions ['ignore', 'ignore_ament_install']
[0.194s] Level 1:colcon.colcon_core.package_identification:_identify(install) by extension 'ignore'
[0.194s] Level 1:colcon.colcon_core.package_identification:_identify(install) ignored
[0.194s] Level 1:colcon.colcon_core.package_identification:_identify(log) by extensions ['ignore', 'ignore_ament_install']
[0.194s] Level 1:colcon.colcon_core.package_identification:_identify(log) by extension 'ignore'
[0.194s] Level 1:colcon.colcon_core.package_identification:_identify(log) ignored
[0.194s] Level 1:colcon.colcon_core.package_identification:_identify(ros2_ws) by extensions ['ignore', 'ignore_ament_install']
[0.194s] Level 1:colcon.colcon_core.package_identification:_identify(ros2_ws) by extension 'ignore'
[0.194s] Level 1:colcon.colcon_core.package_identification:_identify(ros2_ws) by extension 'ignore_ament_install'
[0.194s] Level 1:colcon.colcon_core.package_identification:_identify(ros2_ws) by extensions ['colcon_pkg']
[0.194s] Level 1:colcon.colcon_core.package_identification:_identify(ros2_ws) by extension 'colcon_pkg'
[0.194s] Level 1:colcon.colcon_core.package_identification:_identify(ros2_ws) by extensions ['colcon_meta']
[0.194s] Level 1:colcon.colcon_core.package_identification:_identify(ros2_ws) by extension 'colcon_meta'
[0.194s] Level 1:colcon.colcon_core.package_identification:_identify(ros2_ws) by extensions ['ros']
[0.194s] Level 1:colcon.colcon_core.package_identification:_identify(ros2_ws) by extension 'ros'
[0.194s] Level 1:colcon.colcon_core.package_identification:_identify(ros2_ws) by extensions ['cmake', 'python']
[0.194s] Level 1:colcon.colcon_core.package_identification:_identify(ros2_ws) by extension 'cmake'
[0.194s] Level 1:colcon.colcon_core.package_identification:_identify(ros2_ws) by extension 'python'
[0.194s] Level 1:colcon.colcon_core.package_identification:_identify(ros2_ws) by extensions ['python_setup_py']
[0.194s] Level 1:colcon.colcon_core.package_identification:_identify(ros2_ws) by extension 'python_setup_py'
[0.194s] Level 1:colcon.colcon_core.package_identification:_identify(ros2_ws/build) by extensions ['ignore', 'ignore_ament_install']
[0.194s] Level 1:colcon.colcon_core.package_identification:_identify(ros2_ws/build) by extension 'ignore'
[0.194s] Level 1:colcon.colcon_core.package_identification:_identify(ros2_ws/build) ignored
[0.194s] Level 1:colcon.colcon_core.package_identification:_identify(ros2_ws/install) by extensions ['ignore', 'ignore_ament_install']
[0.195s] Level 1:colcon.colcon_core.package_identification:_identify(ros2_ws/install) by extension 'ignore'
[0.195s] Level 1:colcon.colcon_core.package_identification:_identify(ros2_ws/install) ignored
[0.195s] Level 1:colcon.colcon_core.package_identification:_identify(ros2_ws/log) by extensions ['ignore', 'ignore_ament_install']
[0.195s] Level 1:colcon.colcon_core.package_identification:_identify(ros2_ws/log) by extension 'ignore'
[0.195s] Level 1:colcon.colcon_core.package_identification:_identify(ros2_ws/log) ignored
[0.195s] Level 1:colcon.colcon_core.package_identification:_identify(ros2_ws/src) by extensions ['ignore', 'ignore_ament_install']
[0.195s] Level 1:colcon.colcon_core.package_identification:_identify(ros2_ws/src) by extension 'ignore'
[0.195s] Level 1:colcon.colcon_core.package_identification:_identify(ros2_ws/src) by extension 'ignore_ament_install'
[0.195s] Level 1:colcon.colcon_core.package_identification:_identify(ros2_ws/src) by extensions ['colcon_pkg']
[0.195s] Level 1:colcon.colcon_core.package_identification:_identify(ros2_ws/src) by extension 'colcon_pkg'
[0.195s] Level 1:colcon.colcon_core.package_identification:_identify(ros2_ws/src) by extensions ['colcon_meta']
[0.195s] Level 1:colcon.colcon_core.package_identification:_identify(ros2_ws/src) by extension 'colcon_meta'
[0.195s] Level 1:colcon.colcon_core.package_identification:_identify(ros2_ws/src) by extensions ['ros']
[0.195s] Level 1:colcon.colcon_core.package_identification:_identify(ros2_ws/src) by extension 'ros'
[0.195s] Level 1:colcon.colcon_core.package_identification:_identify(ros2_ws/src) by extensions ['cmake', 'python']
[0.195s] Level 1:colcon.colcon_core.package_identification:_identify(ros2_ws/src) by extension 'cmake'
[0.195s] Level 1:colcon.colcon_core.package_identification:_identify(ros2_ws/src) by extension 'python'
[0.195s] Level 1:colcon.colcon_core.package_identification:_identify(ros2_ws/src) by extensions ['python_setup_py']
[0.195s] Level 1:colcon.colcon_core.package_identification:_identify(ros2_ws/src) by extension 'python_setup_py'
[0.195s] Level 1:colcon.colcon_core.package_identification:_identify(ros2_ws/src/my_robot_controller) by extensions ['ignore', 'ignore_ament_install']
[0.195s] Level 1:colcon.colcon_core.package_identification:_identify(ros2_ws/src/my_robot_controller) by extension 'ignore'
[0.195s] Level 1:colcon.colcon_core.package_identification:_identify(ros2_ws/src/my_robot_controller) by extension 'ignore_ament_install'
[0.195s] Level 1:colcon.colcon_core.package_identification:_identify(ros2_ws/src/my_robot_controller) by extensions ['colcon_pkg']
[0.195s] Level 1:colcon.colcon_core.package_identification:_identify(ros2_ws/src/my_robot_controller) by extension 'colcon_pkg'
[0.195s] Level 1:colcon.colcon_core.package_identification:_identify(ros2_ws/src/my_robot_controller) by extensions ['colcon_meta']
[0.195s] Level 1:colcon.colcon_core.package_identification:_identify(ros2_ws/src/my_robot_controller) by extension 'colcon_meta'
[0.195s] Level 1:colcon.colcon_core.package_identification:_identify(ros2_ws/src/my_robot_controller) by extensions ['ros']
[0.195s] Level 1:colcon.colcon_core.package_identification:_identify(ros2_ws/src/my_robot_controller) by extension 'ros'
[0.197s] DEBUG:colcon.colcon_core.package_identification:Package 'ros2_ws/src/my_robot_controller' with type 'ros.ament_python' and name 'my_robot_controller'
[0.197s] Level 1:colcon.colcon_core.package_identification:_identify(ros2ws) by extensions ['ignore', 'ignore_ament_install']
[0.197s] Level 1:colcon.colcon_core.package_identification:_identify(ros2ws) by extension 'ignore'
[0.197s] Level 1:colcon.colcon_core.package_identification:_identify(ros2ws) by extension 'ignore_ament_install'
[0.197s] Level 1:colcon.colcon_core.package_identification:_identify(ros2ws) by extensions ['colcon_pkg']
[0.197s] Level 1:colcon.colcon_core.package_identification:_identify(ros2ws) by extension 'colcon_pkg'
[0.197s] Level 1:colcon.colcon_core.package_identification:_identify(ros2ws) by extensions ['colcon_meta']
[0.197s] Level 1:colcon.colcon_core.package_identification:_identify(ros2ws) by extension 'colcon_meta'
[0.197s] Level 1:colcon.colcon_core.package_identification:_identify(ros2ws) by extensions ['ros']
[0.197s] Level 1:colcon.colcon_core.package_identification:_identify(ros2ws) by extension 'ros'
[0.197s] Level 1:colcon.colcon_core.package_identification:_identify(ros2ws) by extensions ['cmake', 'python']
[0.197s] Level 1:colcon.colcon_core.package_identification:_identify(ros2ws) by extension 'cmake'
[0.197s] Level 1:colcon.colcon_core.package_identification:_identify(ros2ws) by extension 'python'
[0.197s] Level 1:colcon.colcon_core.package_identification:_identify(ros2ws) by extensions ['python_setup_py']
[0.197s] Level 1:colcon.colcon_core.package_identification:_identify(ros2ws) by extension 'python_setup_py'
[0.198s] Level 1:colcon.colcon_core.package_identification:_identify(ros2ws/build) by extensions ['ignore', 'ignore_ament_install']
[0.198s] Level 1:colcon.colcon_core.package_identification:_identify(ros2ws/build) by extension 'ignore'
[0.198s] Level 1:colcon.colcon_core.package_identification:_identify(ros2ws/build) ignored
[0.198s] Level 1:colcon.colcon_core.package_identification:_identify(ros2ws/eufs_msgs) by extensions ['ignore', 'ignore_ament_install']
[0.198s] Level 1:colcon.colcon_core.package_identification:_identify(ros2ws/eufs_msgs) by extension 'ignore'
[0.198s] Level 1:colcon.colcon_core.package_identification:_identify(ros2ws/eufs_msgs) by extension 'ignore_ament_install'
[0.198s] Level 1:colcon.colcon_core.package_identification:_identify(ros2ws/eufs_msgs) by extensions ['colcon_pkg']
[0.198s] Level 1:colcon.colcon_core.package_identification:_identify(ros2ws/eufs_msgs) by extension 'colcon_pkg'
[0.198s] Level 1:colcon.colcon_core.package_identification:_identify(ros2ws/eufs_msgs) by extensions ['colcon_meta']
[0.198s] Level 1:colcon.colcon_core.package_identification:_identify(ros2ws/eufs_msgs) by extension 'colcon_meta'
[0.198s] Level 1:colcon.colcon_core.package_identification:_identify(ros2ws/eufs_msgs) by extensions ['ros']
[0.198s] Level 1:colcon.colcon_core.package_identification:_identify(ros2ws/eufs_msgs) by extension 'ros'
[0.198s] DEBUG:colcon.colcon_core.package_identification:Package 'ros2ws/eufs_msgs' with type 'ros.ament_cmake' and name 'eufs_msgs'
[0.198s] Level 1:colcon.colcon_core.package_identification:_identify(ros2ws/install) by extensions ['ignore', 'ignore_ament_install']
[0.198s] Level 1:colcon.colcon_core.package_identification:_identify(ros2ws/install) by extension 'ignore'
[0.198s] Level 1:colcon.colcon_core.package_identification:_identify(ros2ws/install) ignored
[0.199s] Level 1:colcon.colcon_core.package_identification:_identify(ros2ws/log) by extensions ['ignore', 'ignore_ament_install']
[0.199s] Level 1:colcon.colcon_core.package_identification:_identify(ros2ws/log) by extension 'ignore'
[0.199s] Level 1:colcon.colcon_core.package_identification:_identify(ros2ws/log) ignored
[0.199s] Level 1:colcon.colcon_core.package_identification:_identify(ros2ws/read_data) by extensions ['ignore', 'ignore_ament_install']
[0.199s] Level 1:colcon.colcon_core.package_identification:_identify(ros2ws/read_data) by extension 'ignore'
[0.199s] Level 1:colcon.colcon_core.package_identification:_identify(ros2ws/read_data) by extension 'ignore_ament_install'
[0.199s] Level 1:colcon.colcon_core.package_identification:_identify(ros2ws/read_data) by extensions ['colcon_pkg']
[0.199s] Level 1:colcon.colcon_core.package_identification:_identify(ros2ws/read_data) by extension 'colcon_pkg'
[0.199s] Level 1:colcon.colcon_core.package_identification:_identify(ros2ws/read_data) by extensions ['colcon_meta']
[0.199s] Level 1:colcon.colcon_core.package_identification:_identify(ros2ws/read_data) by extension 'colcon_meta'
[0.199s] Level 1:colcon.colcon_core.package_identification:_identify(ros2ws/read_data) by extensions ['ros']
[0.199s] Level 1:colcon.colcon_core.package_identification:_identify(ros2ws/read_data) by extension 'ros'
[0.199s] DEBUG:colcon.colcon_core.package_identification:Failed to parse potential ROS package manifest in'ros2ws/read_data': Error(s) in package 'ros2ws/read_data/package.xml':
The manifest contains invalid XML:
mismatched tag: line 23, column 2
[0.199s] Level 1:colcon.colcon_core.package_identification:_identify(ros2ws/read_data) by extensions ['cmake', 'python']
[0.199s] Level 1:colcon.colcon_core.package_identification:_identify(ros2ws/read_data) by extension 'cmake'
[0.199s] Level 1:colcon.colcon_core.package_identification:_identify(ros2ws/read_data) by extension 'python'
[0.199s] DEBUG:colcon.colcon_core.package_identification:Python package in 'ros2ws/read_data' passes arguments to the setup() function which requires a different identification extension than 'python'
[0.199s] Level 1:colcon.colcon_core.package_identification:_identify(ros2ws/read_data) by extensions ['python_setup_py']
[0.199s] Level 1:colcon.colcon_core.package_identification:_identify(ros2ws/read_data) by extension 'python_setup_py'
[0.364s] DEBUG:colcon.colcon_core.package_identification:Package 'ros2ws/read_data' with type 'python' and name 'read_data'
[0.364s] Level 1:colcon.colcon_core.package_identification:_identify(ros2ws/src) by extensions ['ignore', 'ignore_ament_install']
[0.364s] Level 1:colcon.colcon_core.package_identification:_identify(ros2ws/src) by extension 'ignore'
[0.364s] Level 1:colcon.colcon_core.package_identification:_identify(ros2ws/src) by extension 'ignore_ament_install'
[0.364s] Level 1:colcon.colcon_core.package_identification:_identify(ros2ws/src) by extensions ['colcon_pkg']
[0.364s] Level 1:colcon.colcon_core.package_identification:_identify(ros2ws/src) by extension 'colcon_pkg'
[0.364s] Level 1:colcon.colcon_core.package_identification:_identify(ros2ws/src) by extensions ['colcon_meta']
[0.364s] Level 1:colcon.colcon_core.package_identification:_identify(ros2ws/src) by extension 'colcon_meta'
[0.365s] Level 1:colcon.colcon_core.package_identification:_identify(ros2ws/src) by extensions ['ros']
[0.365s] Level 1:colcon.colcon_core.package_identification:_identify(ros2ws/src) by extension 'ros'
[0.365s] Level 1:colcon.colcon_core.package_identification:_identify(ros2ws/src) by extensions ['cmake', 'python']
[0.365s] Level 1:colcon.colcon_core.package_identification:_identify(ros2ws/src) by extension 'cmake'
[0.365s] Level 1:colcon.colcon_core.package_identification:_identify(ros2ws/src) by extension 'python'
[0.365s] Level 1:colcon.colcon_core.package_identification:_identify(ros2ws/src) by extensions ['python_setup_py']
[0.365s] Level 1:colcon.colcon_core.package_identification:_identify(ros2ws/src) by extension 'python_setup_py'
[0.365s] Level 1:colcon.colcon_core.package_identification:_identify(ros2ws/src/control) by extensions ['ignore', 'ignore_ament_install']
[0.365s] Level 1:colcon.colcon_core.package_identification:_identify(ros2ws/src/control) by extension 'ignore'
[0.365s] Level 1:colcon.colcon_core.package_identification:_identify(ros2ws/src/control) by extension 'ignore_ament_install'
[0.365s] Level 1:colcon.colcon_core.package_identification:_identify(ros2ws/src/control) by extensions ['colcon_pkg']
[0.365s] Level 1:colcon.colcon_core.package_identification:_identify(ros2ws/src/control) by extension 'colcon_pkg'
[0.365s] Level 1:colcon.colcon_core.package_identification:_identify(ros2ws/src/control) by extensions ['colcon_meta']
[0.365s] Level 1:colcon.colcon_core.package_identification:_identify(ros2ws/src/control) by extension 'colcon_meta'
[0.365s] Level 1:colcon.colcon_core.package_identification:_identify(ros2ws/src/control) by extensions ['ros']
[0.365s] Level 1:colcon.colcon_core.package_identification:_identify(ros2ws/src/control) by extension 'ros'
[0.365s] DEBUG:colcon.colcon_core.package_identification:Failed to parse potential ROS package manifest in'ros2ws/src/control': Error(s) in package 'ros2ws/src/control/package.xml':
The manifest contains invalid XML:
mismatched tag: line 23, column 2
[0.365s] Level 1:colcon.colcon_core.package_identification:_identify(ros2ws/src/control) by extensions ['cmake', 'python']
[0.365s] Level 1:colcon.colcon_core.package_identification:_identify(ros2ws/src/control) by extension 'cmake'
[0.365s] Level 1:colcon.colcon_core.package_identification:_identify(ros2ws/src/control) by extension 'python'
[0.365s] DEBUG:colcon.colcon_core.package_identification:Python package in 'ros2ws/src/control' passes arguments to the setup() function which requires a different identification extension than 'python'
[0.365s] Level 1:colcon.colcon_core.package_identification:_identify(ros2ws/src/control) by extensions ['python_setup_py']
[0.365s] Level 1:colcon.colcon_core.package_identification:_identify(ros2ws/src/control) by extension 'python_setup_py'
[0.529s] DEBUG:colcon.colcon_core.package_identification:Package 'ros2ws/src/control' with type 'python' and name 'control'
[0.529s] Level 1:colcon.colcon_core.package_identification:_identify(short_sim) by extensions ['ignore', 'ignore_ament_install']
[0.529s] Level 1:colcon.colcon_core.package_identification:_identify(short_sim) by extension 'ignore'
[0.529s] Level 1:colcon.colcon_core.package_identification:_identify(short_sim) by extension 'ignore_ament_install'
[0.529s] Level 1:colcon.colcon_core.package_identification:_identify(short_sim) by extensions ['colcon_pkg']
[0.529s] Level 1:colcon.colcon_core.package_identification:_identify(short_sim) by extension 'colcon_pkg'
[0.529s] Level 1:colcon.colcon_core.package_identification:_identify(short_sim) by extensions ['colcon_meta']
[0.529s] Level 1:colcon.colcon_core.package_identification:_identify(short_sim) by extension 'colcon_meta'
[0.529s] Level 1:colcon.colcon_core.package_identification:_identify(short_sim) by extensions ['ros']
[0.529s] Level 1:colcon.colcon_core.package_identification:_identify(short_sim) by extension 'ros'
[0.529s] Level 1:colcon.colcon_core.package_identification:_identify(short_sim) by extensions ['cmake', 'python']
[0.529s] Level 1:colcon.colcon_core.package_identification:_identify(short_sim) by extension 'cmake'
[0.529s] Level 1:colcon.colcon_core.package_identification:_identify(short_sim) by extension 'python'
[0.529s] Level 1:colcon.colcon_core.package_identification:_identify(short_sim) by extensions ['python_setup_py']
[0.529s] Level 1:colcon.colcon_core.package_identification:_identify(short_sim) by extension 'python_setup_py'
[0.529s] Level 1:colcon.colcon_core.package_identification:_identify(short_sim_with_cones) by extensions ['ignore', 'ignore_ament_install']
[0.529s] Level 1:colcon.colcon_core.package_identification:_identify(short_sim_with_cones) by extension 'ignore'
[0.529s] Level 1:colcon.colcon_core.package_identification:_identify(short_sim_with_cones) by extension 'ignore_ament_install'
[0.529s] Level 1:colcon.colcon_core.package_identification:_identify(short_sim_with_cones) by extensions ['colcon_pkg']
[0.529s] Level 1:colcon.colcon_core.package_identification:_identify(short_sim_with_cones) by extension 'colcon_pkg'
[0.529s] Level 1:colcon.colcon_core.package_identification:_identify(short_sim_with_cones) by extensions ['colcon_meta']
[0.529s] Level 1:colcon.colcon_core.package_identification:_identify(short_sim_with_cones) by extension 'colcon_meta'
[0.529s] Level 1:colcon.colcon_core.package_identification:_identify(short_sim_with_cones) by extensions ['ros']
[0.529s] Level 1:colcon.colcon_core.package_identification:_identify(short_sim_with_cones) by extension 'ros'
[0.529s] Level 1:colcon.colcon_core.package_identification:_identify(short_sim_with_cones) by extensions ['cmake', 'python']
[0.530s] Level 1:colcon.colcon_core.package_identification:_identify(short_sim_with_cones) by extension 'cmake'
[0.530s] Level 1:colcon.colcon_core.package_identification:_identify(short_sim_with_cones) by extension 'python'
[0.530s] Level 1:colcon.colcon_core.package_identification:_identify(short_sim_with_cones) by extensions ['python_setup_py']
[0.530s] Level 1:colcon.colcon_core.package_identification:_identify(short_sim_with_cones) by extension 'python_setup_py'
[0.530s] Level 1:colcon.colcon_core.package_discovery:discover_packages(recursive) using defaults
[0.530s] Level 1:colcon.colcon_core.package_discovery:discover_packages(ignore) discover
[0.530s] Level 1:colcon.colcon_core.package_discovery:discover_packages(ignore) using defaults
[0.530s] Level 1:colcon.colcon_core.package_discovery:discover_packages(path) discover
[0.530s] Level 1:colcon.colcon_core.package_discovery:discover_packages(path) using defaults
[0.544s] Level 5:colcon.colcon_core.verb:set package 'control' build argument 'cmake_args' from command line to 'None'
[0.544s] Level 5:colcon.colcon_core.verb:set package 'control' build argument 'cmake_target' from command line to 'None'
[0.544s] Level 5:colcon.colcon_core.verb:set package 'control' build argument 'cmake_target_skip_unavailable' from command line to 'False'
[0.544s] Level 5:colcon.colcon_core.verb:set package 'control' build argument 'cmake_clean_cache' from command line to 'False'
[0.544s] Level 5:colcon.colcon_core.verb:set package 'control' build argument 'cmake_clean_first' from command line to 'False'
[0.544s] Level 5:colcon.colcon_core.verb:set package 'control' build argument 'cmake_force_configure' from command line to 'False'
[0.544s] Level 5:colcon.colcon_core.verb:set package 'control' build argument 'ament_cmake_args' from command line to 'None'
[0.544s] Level 5:colcon.colcon_core.verb:set package 'control' build argument 'catkin_cmake_args' from command line to 'None'
[0.544s] Level 5:colcon.colcon_core.verb:set package 'control' build argument 'catkin_skip_building_tests' from command line to 'False'
[0.544s] DEBUG:colcon.colcon_core.verb:Building package 'control' with the following arguments: {'ament_cmake_args': None, 'build_base': '/home/ritesh/rc-car/build/control', 'catkin_cmake_args': None, 'catkin_skip_building_tests': False, 'cmake_args': None, 'cmake_clean_cache': False, 'cmake_clean_first': False, 'cmake_force_configure': False, 'cmake_target': None, 'cmake_target_skip_unavailable': False, 'install_base': '/home/ritesh/rc-car/install/control', 'merge_install': False, 'path': '/home/ritesh/rc-car/ros2ws/src/control', 'symlink_install': False, 'test_result_base': None}
[0.545s] Level 5:colcon.colcon_core.verb:set package 'eufs_msgs' build argument 'cmake_args' from command line to 'None'
[0.545s] Level 5:colcon.colcon_core.verb:set package 'eufs_msgs' build argument 'cmake_target' from command line to 'None'
[0.545s] Level 5:colcon.colcon_core.verb:set package 'eufs_msgs' build argument 'cmake_target_skip_unavailable' from command line to 'False'
[0.545s] Level 5:colcon.colcon_core.verb:set package 'eufs_msgs' build argument 'cmake_clean_cache' from command line to 'False'
[0.545s] Level 5:colcon.colcon_core.verb:set package 'eufs_msgs' build argument 'cmake_clean_first' from command line to 'False'
[0.545s] Level 5:colcon.colcon_core.verb:set package 'eufs_msgs' build argument 'cmake_force_configure' from command line to 'False'
[0.545s] Level 5:colcon.colcon_core.verb:set package 'eufs_msgs' build argument 'ament_cmake_args' from command line to 'None'
[0.545s] Level 5:colcon.colcon_core.verb:set package 'eufs_msgs' build argument 'catkin_cmake_args' from command line to 'None'
[0.545s] Level 5:colcon.colcon_core.verb:set package 'eufs_msgs' build argument 'catkin_skip_building_tests' from command line to 'False'
[0.545s] DEBUG:colcon.colcon_core.verb:Building package 'eufs_msgs' with the following arguments: {'ament_cmake_args': None, 'build_base': '/home/ritesh/rc-car/build/eufs_msgs', 'catkin_cmake_args': None, 'catkin_skip_building_tests': False, 'cmake_args': None, 'cmake_clean_cache': False, 'cmake_clean_first': False, 'cmake_force_configure': False, 'cmake_target': None, 'cmake_target_skip_unavailable': False, 'install_base': '/home/ritesh/rc-car/install/eufs_msgs', 'merge_install': False, 'path': '/home/ritesh/rc-car/ros2ws/eufs_msgs', 'symlink_install': False, 'test_result_base': None}
[0.545s] Level 5:colcon.colcon_core.verb:set package 'my_robot_controller' build argument 'cmake_args' from command line to 'None'
[0.545s] Level 5:colcon.colcon_core.verb:set package 'my_robot_controller' build argument 'cmake_target' from command line to 'None'
[0.545s] Level 5:colcon.colcon_core.verb:set package 'my_robot_controller' build argument 'cmake_target_skip_unavailable' from command line to 'False'
[0.545s] Level 5:colcon.colcon_core.verb:set package 'my_robot_controller' build argument 'cmake_clean_cache' from command line to 'False'
[0.545s] Level 5:colcon.colcon_core.verb:set package 'my_robot_controller' build argument 'cmake_clean_first' from command line to 'False'
[0.545s] Level 5:colcon.colcon_core.verb:set package 'my_robot_controller' build argument 'cmake_force_configure' from command line to 'False'
[0.545s] Level 5:colcon.colcon_core.verb:set package 'my_robot_controller' build argument 'ament_cmake_args' from command line to 'None'
[0.545s] Level 5:colcon.colcon_core.verb:set package 'my_robot_controller' build argument 'catkin_cmake_args' from command line to 'None'
[0.545s] Level 5:colcon.colcon_core.verb:set package 'my_robot_controller' build argument 'catkin_skip_building_tests' from command line to 'False'
[0.545s] DEBUG:colcon.colcon_core.verb:Building package 'my_robot_controller' with the following arguments: {'ament_cmake_args': None, 'build_base': '/home/ritesh/rc-car/build/my_robot_controller', 'catkin_cmake_args': None, 'catkin_skip_building_tests': False, 'cmake_args': None, 'cmake_clean_cache': False, 'cmake_clean_first': False, 'cmake_force_configure': False, 'cmake_target': None, 'cmake_target_skip_unavailable': False, 'install_base': '/home/ritesh/rc-car/install/my_robot_controller', 'merge_install': False, 'path': '/home/ritesh/rc-car/ros2_ws/src/my_robot_controller', 'symlink_install': False, 'test_result_base': None}
[0.545s] Level 5:colcon.colcon_core.verb:set package 'read_data' build argument 'cmake_args' from command line to 'None'
[0.545s] Level 5:colcon.colcon_core.verb:set package 'read_data' build argument 'cmake_target' from command line to 'None'
[0.545s] Level 5:colcon.colcon_core.verb:set package 'read_data' build argument 'cmake_target_skip_unavailable' from command line to 'False'
[0.545s] Level 5:colcon.colcon_core.verb:set package 'read_data' build argument 'cmake_clean_cache' from command line to 'False'
[0.545s] Level 5:colcon.colcon_core.verb:set package 'read_data' build argument 'cmake_clean_first' from command line to 'False'
[0.545s] Level 5:colcon.colcon_core.verb:set package 'read_data' build argument 'cmake_force_configure' from command line to 'False'
[0.545s] Level 5:colcon.colcon_core.verb:set package 'read_data' build argument 'ament_cmake_args' from command line to 'None'
[0.545s] Level 5:colcon.colcon_core.verb:set package 'read_data' build argument 'catkin_cmake_args' from command line to 'None'
[0.545s] Level 5:colcon.colcon_core.verb:set package 'read_data' build argument 'catkin_skip_building_tests' from command line to 'False'
[0.545s] DEBUG:colcon.colcon_core.verb:Building package 'read_data' with the following arguments: {'ament_cmake_args': None, 'build_base': '/home/ritesh/rc-car/build/read_data', 'catkin_cmake_args': None, 'catkin_skip_building_tests': False, 'cmake_args': None, 'cmake_clean_cache': False, 'cmake_clean_first': False, 'cmake_force_configure': False, 'cmake_target': None, 'cmake_target_skip_unavailable': False, 'install_base': '/home/ritesh/rc-car/install/read_data', 'merge_install': False, 'path': '/home/ritesh/rc-car/ros2ws/read_data', 'symlink_install': False, 'test_result_base': None}
[0.546s] INFO:colcon.colcon_core.executor:Executing jobs using 'parallel' executor
[0.546s] DEBUG:colcon.colcon_parallel_executor.executor.parallel:run_until_complete
[0.547s] INFO:colcon.colcon_core.task.python.build:Building Python package in '/home/ritesh/rc-car/ros2ws/src/control'
[0.548s] INFO:colcon.colcon_core.plugin_system:Skipping extension 'colcon_core.shell.bat': Not used on non-Windows systems
[0.548s] INFO:colcon.colcon_core.shell:Skip shell extension 'powershell' for command environment: Not usable outside of PowerShell
[0.548s] DEBUG:colcon.colcon_core.shell:Skip shell extension 'dsv' for command environment
[0.551s] INFO:colcon.colcon_ros.task.ament_cmake.build:Building ROS package in '/home/ritesh/rc-car/ros2ws/eufs_msgs' with build type 'ament_cmake'
[0.551s] INFO:colcon.colcon_cmake.task.cmake.build:Building CMake package in '/home/ritesh/rc-car/ros2ws/eufs_msgs'
[0.551s] INFO:colcon.colcon_core.shell:Skip shell extension 'powershell' for command environment: Not usable outside of PowerShell
[0.551s] DEBUG:colcon.colcon_core.shell:Skip shell extension 'dsv' for command environment
[0.554s] INFO:colcon.colcon_ros.task.ament_python.build:Building ROS package in '/home/ritesh/rc-car/ros2_ws/src/my_robot_controller' with build type 'ament_python'
[0.554s] Level 1:colcon.colcon_core.shell:create_environment_hook('my_robot_controller', 'ament_prefix_path')
[0.554s] INFO:colcon.colcon_core.shell:Creating environment hook '/home/ritesh/rc-car/install/my_robot_controller/share/my_robot_controller/hook/ament_prefix_path.ps1'
[0.554s] INFO:colcon.colcon_core.shell:Creating environment descriptor '/home/ritesh/rc-car/install/my_robot_controller/share/my_robot_controller/hook/ament_prefix_path.dsv'
[0.555s] INFO:colcon.colcon_core.shell:Creating environment hook '/home/ritesh/rc-car/install/my_robot_controller/share/my_robot_controller/hook/ament_prefix_path.sh'
[0.555s] INFO:colcon.colcon_core.shell:Skip shell extension 'powershell' for command environment: Not usable outside of PowerShell
[0.555s] DEBUG:colcon.colcon_core.shell:Skip shell extension 'dsv' for command environment
[0.557s] INFO:colcon.colcon_core.task.python.build:Building Python package in '/home/ritesh/rc-car/ros2ws/read_data'
[0.557s] INFO:colcon.colcon_core.shell:Skip shell extension 'powershell' for command environment: Not usable outside of PowerShell
[0.557s] DEBUG:colcon.colcon_core.shell:Skip shell extension 'dsv' for command environment
[0.729s] DEBUG:colcon.colcon_core.event_handler.log_command:Invoking command in '/home/ritesh/rc-car/build/eufs_msgs': CMAKE_PREFIX_PATH=/opt/ros/humble /usr/bin/cmake /home/ritesh/rc-car/ros2ws/eufs_msgs -DCMAKE_INSTALL_PREFIX=/home/ritesh/rc-car/install/eufs_msgs
[0.895s] INFO:colcon.colcon_core.task.python.build:Building Python package in '/home/ritesh/rc-car/ros2_ws/src/my_robot_controller'
[0.895s] INFO:colcon.colcon_core.shell:Skip shell extension 'powershell' for command environment: Not usable outside of PowerShell
[0.895s] DEBUG:colcon.colcon_core.shell:Skip shell extension 'dsv' for command environment
[1.082s] DEBUG:colcon.colcon_core.event_handler.log_command:Invoking command in '/home/ritesh/rc-car/ros2ws/src/control': PYTHONPATH=/home/ritesh/rc-car/build/control/prefix_override:/usr/local/lib/python3.10/dist-packages/colcon_core/task/python/colcon_distutils_commands:/home/ritesh/rc-car/install/control/lib/python3.10/site-packages:${PYTHONPATH} /usr/bin/python3 -W ignore:setup.py install is deprecated setup.py egg_info --egg-base ../../../build/control build --build-base /home/ritesh/rc-car/build/control/build install --record /home/ritesh/rc-car/build/control/install.log --single-version-externally-managed install_data
[1.289s] DEBUG:colcon.colcon_core.event_handler.log_command:Invoked command in '/home/ritesh/rc-car/ros2ws/src/control' returned '0': PYTHONPATH=/home/ritesh/rc-car/build/control/prefix_override:/usr/local/lib/python3.10/dist-packages/colcon_core/task/python/colcon_distutils_commands:/home/ritesh/rc-car/install/control/lib/python3.10/site-packages:${PYTHONPATH} /usr/bin/python3 -W ignore:setup.py install is deprecated setup.py egg_info --egg-base ../../../build/control build --build-base /home/ritesh/rc-car/build/control/build install --record /home/ritesh/rc-car/build/control/install.log --single-version-externally-managed install_data
[1.290s] Level 1:colcon.colcon_core.environment:checking '/home/ritesh/rc-car/install/control' for CMake module files
[1.290s] Level 1:colcon.colcon_core.environment:checking '/home/ritesh/rc-car/install/control' for CMake config files
[1.291s] Level 1:colcon.colcon_core.environment:checking '/home/ritesh/rc-car/install/control/lib'
[1.291s] Level 1:colcon.colcon_core.environment:checking '/home/ritesh/rc-car/install/control/bin'
[1.291s] Level 1:colcon.colcon_core.environment:checking '/home/ritesh/rc-car/install/control/lib/pkgconfig/control.pc'
[1.291s] Level 1:colcon.colcon_core.environment:checking '/home/ritesh/rc-car/install/control/lib/python3.10/site-packages'
[1.291s] Level 1:colcon.colcon_core.shell:create_environment_hook('control', 'pythonpath')
[1.292s] INFO:colcon.colcon_core.shell:Creating environment hook '/home/ritesh/rc-car/install/control/share/control/hook/pythonpath.ps1'
[1.292s] INFO:colcon.colcon_core.shell:Creating environment descriptor '/home/ritesh/rc-car/install/control/share/control/hook/pythonpath.dsv'
[1.292s] INFO:colcon.colcon_core.shell:Creating environment hook '/home/ritesh/rc-car/install/control/share/control/hook/pythonpath.sh'
[1.292s] Level 1:colcon.colcon_core.environment:checking '/home/ritesh/rc-car/install/control/bin'
[1.293s] Level 1:colcon.colcon_core.environment:create_environment_scripts_only(control)
[1.293s] INFO:colcon.colcon_core.shell:Creating package script '/home/ritesh/rc-car/install/control/share/control/package.ps1'
[1.293s] INFO:colcon.colcon_core.shell:Creating package descriptor '/home/ritesh/rc-car/install/control/share/control/package.dsv'
[1.294s] INFO:colcon.colcon_core.shell:Creating package script '/home/ritesh/rc-car/install/control/share/control/package.sh'
[1.294s] INFO:colcon.colcon_core.shell:Creating package script '/home/ritesh/rc-car/install/control/share/control/package.bash'
[1.295s] INFO:colcon.colcon_core.shell:Creating package script '/home/ritesh/rc-car/install/control/share/control/package.zsh'
[1.295s] Level 1:colcon.colcon_core.environment:create_file_with_runtime_dependencies(/home/ritesh/rc-car/install/control/share/colcon-core/packages/control)
[1.404s] DEBUG:colcon.colcon_core.event_handler.log_command:Invoking command in '/home/ritesh/rc-car/ros2_ws/src/my_robot_controller': PYTHONPATH=/home/ritesh/rc-car/build/my_robot_controller/prefix_override:/usr/local/lib/python3.10/dist-packages/colcon_core/task/python/colcon_distutils_commands:/home/ritesh/rc-car/install/my_robot_controller/lib/python3.10/site-packages:${PYTHONPATH} /usr/bin/python3 -W ignore:setup.py install is deprecated setup.py egg_info --egg-base ../../../build/my_robot_controller build --build-base /home/ritesh/rc-car/build/my_robot_controller/build install --record /home/ritesh/rc-car/build/my_robot_controller/install.log --single-version-externally-managed install_data
[1.413s] DEBUG:colcon.colcon_core.event_handler.log_command:Invoking command in '/home/ritesh/rc-car/ros2ws/read_data': PYTHONPATH=/home/ritesh/rc-car/build/read_data/prefix_override:/usr/local/lib/python3.10/dist-packages/colcon_core/task/python/colcon_distutils_commands:/home/ritesh/rc-car/install/read_data/lib/python3.10/site-packages:${PYTHONPATH} /usr/bin/python3 -W ignore:setup.py install is deprecated setup.py egg_info --egg-base ../../build/read_data build --build-base /home/ritesh/rc-car/build/read_data/build install --record /home/ritesh/rc-car/build/read_data/install.log --single-version-externally-managed install_data
[1.601s] Level 1:colcon.colcon_core.environment:checking '/home/ritesh/rc-car/install/my_robot_controller' for CMake module files
[1.602s] DEBUG:colcon.colcon_core.event_handler.log_command:Invoked command in '/home/ritesh/rc-car/ros2_ws/src/my_robot_controller' returned '0': PYTHONPATH=/home/ritesh/rc-car/build/my_robot_controller/prefix_override:/usr/local/lib/python3.10/dist-packages/colcon_core/task/python/colcon_distutils_commands:/home/ritesh/rc-car/install/my_robot_controller/lib/python3.10/site-packages:${PYTHONPATH} /usr/bin/python3 -W ignore:setup.py install is deprecated setup.py egg_info --egg-base ../../../build/my_robot_controller build --build-base /home/ritesh/rc-car/build/my_robot_controller/build install --record /home/ritesh/rc-car/build/my_robot_controller/install.log --single-version-externally-managed install_data
[1.602s] Level 1:colcon.colcon_core.environment:checking '/home/ritesh/rc-car/install/my_robot_controller' for CMake config files
[1.602s] Level 1:colcon.colcon_core.environment:checking '/home/ritesh/rc-car/install/my_robot_controller/lib'
[1.602s] Level 1:colcon.colcon_core.environment:checking '/home/ritesh/rc-car/install/my_robot_controller/bin'
[1.602s] Level 1:colcon.colcon_core.environment:checking '/home/ritesh/rc-car/install/my_robot_controller/lib/pkgconfig/my_robot_controller.pc'
[1.602s] Level 1:colcon.colcon_core.environment:checking '/home/ritesh/rc-car/install/my_robot_controller/lib/python3.10/site-packages'
[1.602s] Level 1:colcon.colcon_core.shell:create_environment_hook('my_robot_controller', 'pythonpath')
[1.603s] INFO:colcon.colcon_core.shell:Creating environment hook '/home/ritesh/rc-car/install/my_robot_controller/share/my_robot_controller/hook/pythonpath.ps1'
[1.603s] INFO:colcon.colcon_core.shell:Creating environment descriptor '/home/ritesh/rc-car/install/my_robot_controller/share/my_robot_controller/hook/pythonpath.dsv'
[1.603s] INFO:colcon.colcon_core.shell:Creating environment hook '/home/ritesh/rc-car/install/my_robot_controller/share/my_robot_controller/hook/pythonpath.sh'
[1.604s] Level 1:colcon.colcon_core.environment:checking '/home/ritesh/rc-car/install/my_robot_controller/bin'
[1.604s] Level 1:colcon.colcon_core.environment:create_environment_scripts_only(my_robot_controller)
[1.604s] INFO:colcon.colcon_core.shell:Creating package script '/home/ritesh/rc-car/install/my_robot_controller/share/my_robot_controller/package.ps1'
[1.604s] INFO:colcon.colcon_core.shell:Creating package descriptor '/home/ritesh/rc-car/install/my_robot_controller/share/my_robot_controller/package.dsv'
[1.604s] INFO:colcon.colcon_core.shell:Creating package script '/home/ritesh/rc-car/install/my_robot_controller/share/my_robot_controller/package.sh'
[1.605s] INFO:colcon.colcon_core.shell:Creating package script '/home/ritesh/rc-car/install/my_robot_controller/share/my_robot_controller/package.bash'
[1.605s] INFO:colcon.colcon_core.shell:Creating package script '/home/ritesh/rc-car/install/my_robot_controller/share/my_robot_controller/package.zsh'
[1.605s] Level 1:colcon.colcon_core.environment:create_file_with_runtime_dependencies(/home/ritesh/rc-car/install/my_robot_controller/share/colcon-core/packages/my_robot_controller)
[1.617s] Level 1:colcon.colcon_core.environment:checking '/home/ritesh/rc-car/install/read_data' for CMake module files
[1.617s] DEBUG:colcon.colcon_core.event_handler.log_command:Invoked command in '/home/ritesh/rc-car/ros2ws/read_data' returned '0': PYTHONPATH=/home/ritesh/rc-car/build/read_data/prefix_override:/usr/local/lib/python3.10/dist-packages/colcon_core/task/python/colcon_distutils_commands:/home/ritesh/rc-car/install/read_data/lib/python3.10/site-packages:${PYTHONPATH} /usr/bin/python3 -W ignore:setup.py install is deprecated setup.py egg_info --egg-base ../../build/read_data build --build-base /home/ritesh/rc-car/build/read_data/build install --record /home/ritesh/rc-car/build/read_data/install.log --single-version-externally-managed install_data
[1.617s] Level 1:colcon.colcon_core.environment:checking '/home/ritesh/rc-car/install/read_data' for CMake config files
[1.618s] Level 1:colcon.colcon_core.environment:checking '/home/ritesh/rc-car/install/read_data/lib'
[1.618s] Level 1:colcon.colcon_core.environment:checking '/home/ritesh/rc-car/install/read_data/bin'
[1.618s] Level 1:colcon.colcon_core.environment:checking '/home/ritesh/rc-car/install/read_data/lib/pkgconfig/read_data.pc'
[1.618s] Level 1:colcon.colcon_core.environment:checking '/home/ritesh/rc-car/install/read_data/lib/python3.10/site-packages'
[1.618s] Level 1:colcon.colcon_core.shell:create_environment_hook('read_data', 'pythonpath')
[1.618s] INFO:colcon.colcon_core.shell:Creating environment hook '/home/ritesh/rc-car/install/read_data/share/read_data/hook/pythonpath.ps1'
[1.619s] INFO:colcon.colcon_core.shell:Creating environment descriptor '/home/ritesh/rc-car/install/read_data/share/read_data/hook/pythonpath.dsv'
[1.619s] INFO:colcon.colcon_core.shell:Creating environment hook '/home/ritesh/rc-car/install/read_data/share/read_data/hook/pythonpath.sh'
[1.619s] Level 1:colcon.colcon_core.environment:checking '/home/ritesh/rc-car/install/read_data/bin'
[1.619s] Level 1:colcon.colcon_core.environment:create_environment_scripts_only(read_data)
[1.620s] INFO:colcon.colcon_core.shell:Creating package script '/home/ritesh/rc-car/install/read_data/share/read_data/package.ps1'
[1.620s] INFO:colcon.colcon_core.shell:Creating package descriptor '/home/ritesh/rc-car/install/read_data/share/read_data/package.dsv'
[1.620s] INFO:colcon.colcon_core.shell:Creating package script '/home/ritesh/rc-car/install/read_data/share/read_data/package.sh'
[1.621s] INFO:colcon.colcon_core.shell:Creating package script '/home/ritesh/rc-car/install/read_data/share/read_data/package.bash'
[1.621s] INFO:colcon.colcon_core.shell:Creating package script '/home/ritesh/rc-car/install/read_data/share/read_data/package.zsh'
[1.621s] Level 1:colcon.colcon_core.environment:create_file_with_runtime_dependencies(/home/ritesh/rc-car/install/read_data/share/colcon-core/packages/read_data)
[2.535s] DEBUG:colcon.colcon_core.event_handler.log_command:Invoked command in '/home/ritesh/rc-car/build/eufs_msgs' returned '0': CMAKE_PREFIX_PATH=/opt/ros/humble /usr/bin/cmake /home/ritesh/rc-car/ros2ws/eufs_msgs -DCMAKE_INSTALL_PREFIX=/home/ritesh/rc-car/install/eufs_msgs
[2.537s] DEBUG:colcon.colcon_core.event_handler.log_command:Invoking command in '/home/ritesh/rc-car/build/eufs_msgs': CMAKE_PREFIX_PATH=/opt/ros/humble /usr/bin/cmake --build /home/ritesh/rc-car/build/eufs_msgs -- -j8 -l8
[30.823s] DEBUG:colcon.colcon_core.event_handler.log_command:Invoked command in '/home/ritesh/rc-car/build/eufs_msgs' returned '0': CMAKE_PREFIX_PATH=/opt/ros/humble /usr/bin/cmake --build /home/ritesh/rc-car/build/eufs_msgs -- -j8 -l8
[32.022s] DEBUG:colcon.colcon_core.event_handler.log_command:Invoking command in '/home/ritesh/rc-car/build/eufs_msgs': CMAKE_PREFIX_PATH=/opt/ros/humble /usr/bin/cmake --install /home/ritesh/rc-car/build/eufs_msgs
[32.327s] Level 1:colcon.colcon_core.environment:create_environment_scripts_only(eufs_msgs)
[32.327s] DEBUG:colcon.colcon_core.event_handler.log_command:Invoked command in '/home/ritesh/rc-car/build/eufs_msgs' returned '0': CMAKE_PREFIX_PATH=/opt/ros/humble /usr/bin/cmake --install /home/ritesh/rc-car/build/eufs_msgs
[32.327s] Level 1:colcon.colcon_core.environment:checking '/home/ritesh/rc-car/install/eufs_msgs' for CMake module files
[32.328s] Level 1:colcon.colcon_core.environment:checking '/home/ritesh/rc-car/install/eufs_msgs' for CMake config files
[32.330s] Level 1:colcon.colcon_core.shell:create_environment_hook('eufs_msgs', 'cmake_prefix_path')
[32.330s] INFO:colcon.colcon_core.shell:Creating environment hook '/home/ritesh/rc-car/install/eufs_msgs/share/eufs_msgs/hook/cmake_prefix_path.ps1'
[32.330s] INFO:colcon.colcon_core.shell:Creating environment descriptor '/home/ritesh/rc-car/install/eufs_msgs/share/eufs_msgs/hook/cmake_prefix_path.dsv'
[32.330s] INFO:colcon.colcon_core.shell:Creating environment hook '/home/ritesh/rc-car/install/eufs_msgs/share/eufs_msgs/hook/cmake_prefix_path.sh'
[32.331s] Level 1:colcon.colcon_core.environment:checking '/home/ritesh/rc-car/install/eufs_msgs/lib'
[32.331s] Level 1:colcon.colcon_core.shell:create_environment_hook('eufs_msgs', 'ld_library_path_lib')
[32.331s] INFO:colcon.colcon_core.shell:Creating environment hook '/home/ritesh/rc-car/install/eufs_msgs/share/eufs_msgs/hook/ld_library_path_lib.ps1'
[32.331s] INFO:colcon.colcon_core.shell:Creating environment descriptor '/home/ritesh/rc-car/install/eufs_msgs/share/eufs_msgs/hook/ld_library_path_lib.dsv'
[32.332s] INFO:colcon.colcon_core.shell:Creating environment hook '/home/ritesh/rc-car/install/eufs_msgs/share/eufs_msgs/hook/ld_library_path_lib.sh'
[32.332s] Level 1:colcon.colcon_core.environment:checking '/home/ritesh/rc-car/install/eufs_msgs/bin'
[32.332s] Level 1:colcon.colcon_core.environment:checking '/home/ritesh/rc-car/install/eufs_msgs/lib/pkgconfig/eufs_msgs.pc'
[32.332s] Level 1:colcon.colcon_core.environment:checking '/home/ritesh/rc-car/install/eufs_msgs/lib/python3.10/site-packages'
[32.332s] Level 1:colcon.colcon_core.environment:checking '/home/ritesh/rc-car/install/eufs_msgs/bin'
[32.332s] INFO:colcon.colcon_core.shell:Creating package script '/home/ritesh/rc-car/install/eufs_msgs/share/eufs_msgs/package.ps1'
[32.333s] INFO:colcon.colcon_core.shell:Creating package descriptor '/home/ritesh/rc-car/install/eufs_msgs/share/eufs_msgs/package.dsv'
[32.333s] INFO:colcon.colcon_core.shell:Creating package script '/home/ritesh/rc-car/install/eufs_msgs/share/eufs_msgs/package.sh'
[32.333s] INFO:colcon.colcon_core.shell:Creating package script '/home/ritesh/rc-car/install/eufs_msgs/share/eufs_msgs/package.bash'
[32.333s] INFO:colcon.colcon_core.shell:Creating package script '/home/ritesh/rc-car/install/eufs_msgs/share/eufs_msgs/package.zsh'
[32.334s] Level 1:colcon.colcon_core.environment:create_file_with_runtime_dependencies(/home/ritesh/rc-car/install/eufs_msgs/share/colcon-core/packages/eufs_msgs)
[33.512s] Level 1:colcon.colcon_core.environment:create_environment_scripts_only(eufs_msgs)
[33.513s] Level 1:colcon.colcon_core.environment:checking '/home/ritesh/rc-car/install/eufs_msgs' for CMake module files
[33.513s] Level 1:colcon.colcon_core.environment:checking '/home/ritesh/rc-car/install/eufs_msgs' for CMake config files
[33.515s] Level 1:colcon.colcon_core.shell:create_environment_hook('eufs_msgs', 'cmake_prefix_path')
[33.515s] INFO:colcon.colcon_core.shell:Creating environment hook '/home/ritesh/rc-car/install/eufs_msgs/share/eufs_msgs/hook/cmake_prefix_path.ps1'
[33.515s] INFO:colcon.colcon_core.shell:Creating environment descriptor '/home/ritesh/rc-car/install/eufs_msgs/share/eufs_msgs/hook/cmake_prefix_path.dsv'
[33.516s] INFO:colcon.colcon_core.shell:Creating environment hook '/home/ritesh/rc-car/install/eufs_msgs/share/eufs_msgs/hook/cmake_prefix_path.sh'
[33.516s] Level 1:colcon.colcon_core.environment:checking '/home/ritesh/rc-car/install/eufs_msgs/lib'
[33.516s] Level 1:colcon.colcon_core.shell:create_environment_hook('eufs_msgs', 'ld_library_path_lib')
[33.516s] INFO:colcon.colcon_core.shell:Creating environment hook '/home/ritesh/rc-car/install/eufs_msgs/share/eufs_msgs/hook/ld_library_path_lib.ps1'
[33.516s] INFO:colcon.colcon_core.shell:Creating environment descriptor '/home/ritesh/rc-car/install/eufs_msgs/share/eufs_msgs/hook/ld_library_path_lib.dsv'
[33.517s] INFO:colcon.colcon_core.shell:Creating environment hook '/home/ritesh/rc-car/install/eufs_msgs/share/eufs_msgs/hook/ld_library_path_lib.sh'
[33.517s] Level 1:colcon.colcon_core.environment:checking '/home/ritesh/rc-car/install/eufs_msgs/bin'
[33.517s] Level 1:colcon.colcon_core.environment:checking '/home/ritesh/rc-car/install/eufs_msgs/lib/pkgconfig/eufs_msgs.pc'
[33.517s] Level 1:colcon.colcon_core.environment:checking '/home/ritesh/rc-car/install/eufs_msgs/lib/python3.10/site-packages'
[33.517s] Level 1:colcon.colcon_core.environment:checking '/home/ritesh/rc-car/install/eufs_msgs/bin'
[33.518s] INFO:colcon.colcon_core.shell:Creating package script '/home/ritesh/rc-car/install/eufs_msgs/share/eufs_msgs/package.ps1'
[33.518s] INFO:colcon.colcon_core.shell:Creating package descriptor '/home/ritesh/rc-car/install/eufs_msgs/share/eufs_msgs/package.dsv'
[33.518s] INFO:colcon.colcon_core.shell:Creating package script '/home/ritesh/rc-car/install/eufs_msgs/share/eufs_msgs/package.sh'
[33.519s] INFO:colcon.colcon_core.shell:Creating package script '/home/ritesh/rc-car/install/eufs_msgs/share/eufs_msgs/package.bash'
[33.519s] INFO:colcon.colcon_core.shell:Creating package script '/home/ritesh/rc-car/install/eufs_msgs/share/eufs_msgs/package.zsh'
[33.519s] Level 1:colcon.colcon_core.environment:create_file_with_runtime_dependencies(/home/ritesh/rc-car/install/eufs_msgs/share/colcon-core/packages/eufs_msgs)
[33.519s] DEBUG:colcon.colcon_parallel_executor.executor.parallel:closing loop
[33.520s] DEBUG:colcon.colcon_parallel_executor.executor.parallel:loop closed
[33.520s] DEBUG:colcon.colcon_parallel_executor.executor.parallel:run_until_complete finished with '0'
[33.520s] DEBUG:colcon.colcon_core.event_reactor:joining thread
[33.524s] INFO:colcon.colcon_core.plugin_system:Skipping extension 'colcon_notification.desktop_notification.terminal_notifier': Not used on non-Darwin systems
[33.524s] INFO:colcon.colcon_core.plugin_system:Skipping extension 'colcon_notification.desktop_notification.win32': Not used on non-Windows systems
[33.524s] INFO:colcon.colcon_notification.desktop_notification:Sending desktop notification using 'notify2'
[58.534s] DEBUG:colcon.colcon_notification.desktop_notification.notify2:Failed to initialize notify2: org.freedesktop.DBus.Error.NoReply: Did not receive a reply. Possible causes include: the remote application did not send a reply, the message bus security policy blocked the reply, the reply timeout expired, or the network connection was broken.
[58.535s] DEBUG:colcon.colcon_core.event_reactor:joined thread
[58.535s] INFO:colcon.colcon_core.shell:Creating prefix script '/home/ritesh/rc-car/install/local_setup.ps1'
[58.536s] INFO:colcon.colcon_core.shell:Creating prefix util module '/home/ritesh/rc-car/install/_local_setup_util_ps1.py'
[58.536s] INFO:colcon.colcon_core.shell:Creating prefix chain script '/home/ritesh/rc-car/install/setup.ps1'
[58.546s] INFO:colcon.colcon_core.shell:Creating prefix script '/home/ritesh/rc-car/install/local_setup.sh'
[58.546s] INFO:colcon.colcon_core.shell:Creating prefix util module '/home/ritesh/rc-car/install/_local_setup_util_sh.py'
[58.547s] INFO:colcon.colcon_core.shell:Creating prefix chain script '/home/ritesh/rc-car/install/setup.sh'
[58.547s] INFO:colcon.colcon_core.shell:Creating prefix script '/home/ritesh/rc-car/install/local_setup.bash'
[58.547s] INFO:colcon.colcon_core.shell:Creating prefix chain script '/home/ritesh/rc-car/install/setup.bash'
[58.548s] INFO:colcon.colcon_core.shell:Creating prefix script '/home/ritesh/rc-car/install/local_setup.zsh'
[58.548s] INFO:colcon.colcon_core.shell:Creating prefix chain script '/home/ritesh/rc-car/install/setup.zsh'
