[0.124s] DEBUG:colcon:Command line arguments: ['/usr/local/bin/colcon', 'build']
[0.124s] DEBUG:colcon:Parsed command line arguments: Namespace(log_base=None, log_level=None, verb_name='build', build_base='build', install_base='install', merge_install=False, symlink_install=False, test_result_base=None, continue_on_error=False, executor='parallel', parallel_workers=8, event_handlers=None, ignore_user_meta=False, metas=['./colcon.meta'], base_paths=['.'], packages_ignore=None, packages_ignore_regex=None, paths=None, packages_up_to=None, packages_up_to_regex=None, packages_above=None, packages_above_and_dependencies=None, packages_above_depth=None, packages_select_by_dep=None, packages_skip_by_dep=None, packages_skip_up_to=None, packages_select_build_failed=False, packages_skip_build_finished=False, packages_select_test_failures=False, packages_skip_test_passed=False, packages_select=None, packages_skip=None, packages_select_regex=None, packages_skip_regex=None, packages_start=None, packages_end=None, cmake_args=None, cmake_target=None, cmake_target_skip_unavailable=False, cmake_clean_cache=False, cmake_clean_first=False, cmake_force_configure=False, ament_cmake_args=None, catkin_cmake_args=None, catkin_skip_building_tests=False, verb_parser=<colcon_defaults.argument_parser.defaults.DefaultArgumentsDecorator object at 0x75c5a3ef9b70>, verb_extension=<colcon_core.verb.build.BuildVerb object at 0x75c5a3ef8d30>, main=<bound method BuildVerb.main of <colcon_core.verb.build.BuildVerb object at 0x75c5a3ef8d30>>)
[0.265s] Level 1:colcon.colcon_core.package_discovery:discover_packages(colcon_meta) check parameters
[0.265s] Level 1:colcon.colcon_core.package_discovery:discover_packages(recursive) check parameters
[0.266s] Level 1:colcon.colcon_core.package_discovery:discover_packages(ignore) check parameters
[0.266s] Level 1:colcon.colcon_core.package_discovery:discover_packages(path) check parameters
[0.266s] Level 1:colcon.colcon_core.package_discovery:discover_packages(colcon_meta) discover
[0.266s] Level 1:colcon.colcon_core.package_discovery:discover_packages(recursive) discover
[0.266s] INFO:colcon.colcon_core.package_discovery:Crawling recursively for packages in '/home/ritesh/rc-car/ros2'
[0.266s] Level 1:colcon.colcon_core.package_identification:_identify(.) by extensions ['ignore', 'ignore_ament_install']
[0.267s] Level 1:colcon.colcon_core.package_identification:_identify(.) by extension 'ignore'
[0.267s] Level 1:colcon.colcon_core.package_identification:_identify(.) by extension 'ignore_ament_install'
[0.267s] Level 1:colcon.colcon_core.package_identification:_identify(.) by extensions ['colcon_pkg']
[0.267s] Level 1:colcon.colcon_core.package_identification:_identify(.) by extension 'colcon_pkg'
[0.267s] Level 1:colcon.colcon_core.package_identification:_identify(.) by extensions ['colcon_meta']
[0.267s] Level 1:colcon.colcon_core.package_identification:_identify(.) by extension 'colcon_meta'
[0.268s] Level 1:colcon.colcon_core.package_identification:_identify(.) by extensions ['ros']
[0.268s] Level 1:colcon.colcon_core.package_identification:_identify(.) by extension 'ros'
[0.278s] Level 1:colcon.colcon_core.package_identification:_identify(.) by extensions ['cmake', 'python']
[0.279s] Level 1:colcon.colcon_core.package_identification:_identify(.) by extension 'cmake'
[0.279s] Level 1:colcon.colcon_core.package_identification:_identify(.) by extension 'python'
[0.279s] Level 1:colcon.colcon_core.package_identification:_identify(.) by extensions ['python_setup_py']
[0.279s] Level 1:colcon.colcon_core.package_identification:_identify(.) by extension 'python_setup_py'
[0.279s] Level 1:colcon.colcon_core.package_identification:_identify(build) by extensions ['ignore', 'ignore_ament_install']
[0.279s] Level 1:colcon.colcon_core.package_identification:_identify(build) by extension 'ignore'
[0.279s] Level 1:colcon.colcon_core.package_identification:_identify(build) ignored
[0.280s] Level 1:colcon.colcon_core.package_identification:_identify(install) by extensions ['ignore', 'ignore_ament_install']
[0.280s] Level 1:colcon.colcon_core.package_identification:_identify(install) by extension 'ignore'
[0.280s] Level 1:colcon.colcon_core.package_identification:_identify(install) ignored
[0.280s] Level 1:colcon.colcon_core.package_identification:_identify(log) by extensions ['ignore', 'ignore_ament_install']
[0.280s] Level 1:colcon.colcon_core.package_identification:_identify(log) by extension 'ignore'
[0.280s] Level 1:colcon.colcon_core.package_identification:_identify(log) ignored
[0.280s] Level 1:colcon.colcon_core.package_identification:_identify(src) by extensions ['ignore', 'ignore_ament_install']
[0.280s] Level 1:colcon.colcon_core.package_identification:_identify(src) by extension 'ignore'
[0.280s] Level 1:colcon.colcon_core.package_identification:_identify(src) by extension 'ignore_ament_install'
[0.280s] Level 1:colcon.colcon_core.package_identification:_identify(src) by extensions ['colcon_pkg']
[0.280s] Level 1:colcon.colcon_core.package_identification:_identify(src) by extension 'colcon_pkg'
[0.280s] Level 1:colcon.colcon_core.package_identification:_identify(src) by extensions ['colcon_meta']
[0.280s] Level 1:colcon.colcon_core.package_identification:_identify(src) by extension 'colcon_meta'
[0.280s] Level 1:colcon.colcon_core.package_identification:_identify(src) by extensions ['ros']
[0.280s] Level 1:colcon.colcon_core.package_identification:_identify(src) by extension 'ros'
[0.280s] Level 1:colcon.colcon_core.package_identification:_identify(src) by extensions ['cmake', 'python']
[0.280s] Level 1:colcon.colcon_core.package_identification:_identify(src) by extension 'cmake'
[0.280s] Level 1:colcon.colcon_core.package_identification:_identify(src) by extension 'python'
[0.280s] Level 1:colcon.colcon_core.package_identification:_identify(src) by extensions ['python_setup_py']
[0.280s] Level 1:colcon.colcon_core.package_identification:_identify(src) by extension 'python_setup_py'
[0.280s] Level 1:colcon.colcon_core.package_identification:_identify(src/controller) by extensions ['ignore', 'ignore_ament_install']
[0.281s] Level 1:colcon.colcon_core.package_identification:_identify(src/controller) by extension 'ignore'
[0.281s] Level 1:colcon.colcon_core.package_identification:_identify(src/controller) by extension 'ignore_ament_install'
[0.281s] Level 1:colcon.colcon_core.package_identification:_identify(src/controller) by extensions ['colcon_pkg']
[0.281s] Level 1:colcon.colcon_core.package_identification:_identify(src/controller) by extension 'colcon_pkg'
[0.281s] Level 1:colcon.colcon_core.package_identification:_identify(src/controller) by extensions ['colcon_meta']
[0.281s] Level 1:colcon.colcon_core.package_identification:_identify(src/controller) by extension 'colcon_meta'
[0.281s] Level 1:colcon.colcon_core.package_identification:_identify(src/controller) by extensions ['ros']
[0.281s] Level 1:colcon.colcon_core.package_identification:_identify(src/controller) by extension 'ros'
[0.282s] DEBUG:colcon.colcon_core.package_identification:Failed to parse potential ROS package manifest in'src/controller': Error(s) in package 'src/controller/package.xml':
The manifest contains invalid XML:
mismatched tag: line 26, column 2
[0.282s] Level 1:colcon.colcon_core.package_identification:_identify(src/controller) by extensions ['cmake', 'python']
[0.282s] Level 1:colcon.colcon_core.package_identification:_identify(src/controller) by extension 'cmake'
[0.283s] Level 1:colcon.colcon_core.package_identification:_identify(src/controller) by extension 'python'
[0.283s] DEBUG:colcon.colcon_core.package_identification:Python package in 'src/controller' passes arguments to the setup() function which requires a different identification extension than 'python'
[0.283s] Level 1:colcon.colcon_core.package_identification:_identify(src/controller) by extensions ['python_setup_py']
[0.283s] Level 1:colcon.colcon_core.package_identification:_identify(src/controller) by extension 'python_setup_py'
[0.515s] DEBUG:colcon.colcon_core.package_identification:Package 'src/controller' with type 'python' and name 'controller'
[0.515s] Level 1:colcon.colcon_core.package_identification:_identify(src/eufs_msgs) by extensions ['ignore', 'ignore_ament_install']
[0.515s] Level 1:colcon.colcon_core.package_identification:_identify(src/eufs_msgs) by extension 'ignore'
[0.516s] Level 1:colcon.colcon_core.package_identification:_identify(src/eufs_msgs) by extension 'ignore_ament_install'
[0.516s] Level 1:colcon.colcon_core.package_identification:_identify(src/eufs_msgs) by extensions ['colcon_pkg']
[0.516s] Level 1:colcon.colcon_core.package_identification:_identify(src/eufs_msgs) by extension 'colcon_pkg'
[0.516s] Level 1:colcon.colcon_core.package_identification:_identify(src/eufs_msgs) by extensions ['colcon_meta']
[0.516s] Level 1:colcon.colcon_core.package_identification:_identify(src/eufs_msgs) by extension 'colcon_meta'
[0.516s] Level 1:colcon.colcon_core.package_identification:_identify(src/eufs_msgs) by extensions ['ros']
[0.517s] Level 1:colcon.colcon_core.package_identification:_identify(src/eufs_msgs) by extension 'ros'
[0.519s] DEBUG:colcon.colcon_core.package_identification:Package 'src/eufs_msgs' with type 'ros.ament_cmake' and name 'eufs_msgs'
[0.519s] Level 1:colcon.colcon_core.package_identification:_identify(src/rslidar_msg) by extensions ['ignore', 'ignore_ament_install']
[0.519s] Level 1:colcon.colcon_core.package_identification:_identify(src/rslidar_msg) by extension 'ignore'
[0.519s] Level 1:colcon.colcon_core.package_identification:_identify(src/rslidar_msg) by extension 'ignore_ament_install'
[0.520s] Level 1:colcon.colcon_core.package_identification:_identify(src/rslidar_msg) by extensions ['colcon_pkg']
[0.520s] Level 1:colcon.colcon_core.package_identification:_identify(src/rslidar_msg) by extension 'colcon_pkg'
[0.520s] Level 1:colcon.colcon_core.package_identification:_identify(src/rslidar_msg) by extensions ['colcon_meta']
[0.520s] Level 1:colcon.colcon_core.package_identification:_identify(src/rslidar_msg) by extension 'colcon_meta'
[0.520s] Level 1:colcon.colcon_core.package_identification:_identify(src/rslidar_msg) by extensions ['ros']
[0.520s] Level 1:colcon.colcon_core.package_identification:_identify(src/rslidar_msg) by extension 'ros'
[0.522s] DEBUG:colcon.colcon_core.package_identification:Package 'src/rslidar_msg' with type 'ros.ament_cmake' and name 'rslidar_msg'
[0.522s] Level 1:colcon.colcon_core.package_identification:_identify(src/rslidar_sdk) by extensions ['ignore', 'ignore_ament_install']
[0.523s] Level 1:colcon.colcon_core.package_identification:_identify(src/rslidar_sdk) by extension 'ignore'
[0.523s] Level 1:colcon.colcon_core.package_identification:_identify(src/rslidar_sdk) by extension 'ignore_ament_install'
[0.523s] Level 1:colcon.colcon_core.package_identification:_identify(src/rslidar_sdk) by extensions ['colcon_pkg']
[0.523s] Level 1:colcon.colcon_core.package_identification:_identify(src/rslidar_sdk) by extension 'colcon_pkg'
[0.523s] Level 1:colcon.colcon_core.package_identification:_identify(src/rslidar_sdk) by extensions ['colcon_meta']
[0.523s] Level 1:colcon.colcon_core.package_identification:_identify(src/rslidar_sdk) by extension 'colcon_meta'
[0.523s] Level 1:colcon.colcon_core.package_identification:_identify(src/rslidar_sdk) by extensions ['ros']
[0.524s] Level 1:colcon.colcon_core.package_identification:_identify(src/rslidar_sdk) by extension 'ros'
[0.529s] DEBUG:colcon.colcon_core.package_identification:Package 'src/rslidar_sdk' with type 'ros.ament_cmake' and name 'rslidar_sdk'
[0.530s] Level 1:colcon.colcon_core.package_discovery:discover_packages(recursive) using defaults
[0.530s] Level 1:colcon.colcon_core.package_discovery:discover_packages(ignore) discover
[0.530s] Level 1:colcon.colcon_core.package_discovery:discover_packages(ignore) using defaults
[0.530s] Level 1:colcon.colcon_core.package_discovery:discover_packages(path) discover
[0.530s] Level 1:colcon.colcon_core.package_discovery:discover_packages(path) using defaults
[0.550s] Level 5:colcon.colcon_core.verb:set package 'controller' build argument 'cmake_args' from command line to 'None'
[0.550s] Level 5:colcon.colcon_core.verb:set package 'controller' build argument 'cmake_target' from command line to 'None'
[0.550s] Level 5:colcon.colcon_core.verb:set package 'controller' build argument 'cmake_target_skip_unavailable' from command line to 'False'
[0.550s] Level 5:colcon.colcon_core.verb:set package 'controller' build argument 'cmake_clean_cache' from command line to 'False'
[0.551s] Level 5:colcon.colcon_core.verb:set package 'controller' build argument 'cmake_clean_first' from command line to 'False'
[0.551s] Level 5:colcon.colcon_core.verb:set package 'controller' build argument 'cmake_force_configure' from command line to 'False'
[0.551s] Level 5:colcon.colcon_core.verb:set package 'controller' build argument 'ament_cmake_args' from command line to 'None'
[0.551s] Level 5:colcon.colcon_core.verb:set package 'controller' build argument 'catkin_cmake_args' from command line to 'None'
[0.551s] Level 5:colcon.colcon_core.verb:set package 'controller' build argument 'catkin_skip_building_tests' from command line to 'False'
[0.551s] DEBUG:colcon.colcon_core.verb:Building package 'controller' with the following arguments: {'ament_cmake_args': None, 'build_base': '/home/ritesh/rc-car/ros2/build/controller', 'catkin_cmake_args': None, 'catkin_skip_building_tests': False, 'cmake_args': None, 'cmake_clean_cache': False, 'cmake_clean_first': False, 'cmake_force_configure': False, 'cmake_target': None, 'cmake_target_skip_unavailable': False, 'install_base': '/home/ritesh/rc-car/ros2/install/controller', 'merge_install': False, 'path': '/home/ritesh/rc-car/ros2/src/controller', 'symlink_install': False, 'test_result_base': None}
[0.551s] Level 5:colcon.colcon_core.verb:set package 'eufs_msgs' build argument 'cmake_args' from command line to 'None'
[0.551s] Level 5:colcon.colcon_core.verb:set package 'eufs_msgs' build argument 'cmake_target' from command line to 'None'
[0.551s] Level 5:colcon.colcon_core.verb:set package 'eufs_msgs' build argument 'cmake_target_skip_unavailable' from command line to 'False'
[0.552s] Level 5:colcon.colcon_core.verb:set package 'eufs_msgs' build argument 'cmake_clean_cache' from command line to 'False'
[0.552s] Level 5:colcon.colcon_core.verb:set package 'eufs_msgs' build argument 'cmake_clean_first' from command line to 'False'
[0.552s] Level 5:colcon.colcon_core.verb:set package 'eufs_msgs' build argument 'cmake_force_configure' from command line to 'False'
[0.552s] Level 5:colcon.colcon_core.verb:set package 'eufs_msgs' build argument 'ament_cmake_args' from command line to 'None'
[0.552s] Level 5:colcon.colcon_core.verb:set package 'eufs_msgs' build argument 'catkin_cmake_args' from command line to 'None'
[0.552s] Level 5:colcon.colcon_core.verb:set package 'eufs_msgs' build argument 'catkin_skip_building_tests' from command line to 'False'
[0.552s] DEBUG:colcon.colcon_core.verb:Building package 'eufs_msgs' with the following arguments: {'ament_cmake_args': None, 'build_base': '/home/ritesh/rc-car/ros2/build/eufs_msgs', 'catkin_cmake_args': None, 'catkin_skip_building_tests': False, 'cmake_args': None, 'cmake_clean_cache': False, 'cmake_clean_first': False, 'cmake_force_configure': False, 'cmake_target': None, 'cmake_target_skip_unavailable': False, 'install_base': '/home/ritesh/rc-car/ros2/install/eufs_msgs', 'merge_install': False, 'path': '/home/ritesh/rc-car/ros2/src/eufs_msgs', 'symlink_install': False, 'test_result_base': None}
[0.552s] Level 5:colcon.colcon_core.verb:set package 'rslidar_msg' build argument 'cmake_args' from command line to 'None'
[0.552s] Level 5:colcon.colcon_core.verb:set package 'rslidar_msg' build argument 'cmake_target' from command line to 'None'
[0.552s] Level 5:colcon.colcon_core.verb:set package 'rslidar_msg' build argument 'cmake_target_skip_unavailable' from command line to 'False'
[0.552s] Level 5:colcon.colcon_core.verb:set package 'rslidar_msg' build argument 'cmake_clean_cache' from command line to 'False'
[0.552s] Level 5:colcon.colcon_core.verb:set package 'rslidar_msg' build argument 'cmake_clean_first' from command line to 'False'
[0.552s] Level 5:colcon.colcon_core.verb:set package 'rslidar_msg' build argument 'cmake_force_configure' from command line to 'False'
[0.552s] Level 5:colcon.colcon_core.verb:set package 'rslidar_msg' build argument 'ament_cmake_args' from command line to 'None'
[0.552s] Level 5:colcon.colcon_core.verb:set package 'rslidar_msg' build argument 'catkin_cmake_args' from command line to 'None'
[0.552s] Level 5:colcon.colcon_core.verb:set package 'rslidar_msg' build argument 'catkin_skip_building_tests' from command line to 'False'
[0.552s] DEBUG:colcon.colcon_core.verb:Building package 'rslidar_msg' with the following arguments: {'ament_cmake_args': None, 'build_base': '/home/ritesh/rc-car/ros2/build/rslidar_msg', 'catkin_cmake_args': None, 'catkin_skip_building_tests': False, 'cmake_args': None, 'cmake_clean_cache': False, 'cmake_clean_first': False, 'cmake_force_configure': False, 'cmake_target': None, 'cmake_target_skip_unavailable': False, 'install_base': '/home/ritesh/rc-car/ros2/install/rslidar_msg', 'merge_install': False, 'path': '/home/ritesh/rc-car/ros2/src/rslidar_msg', 'symlink_install': False, 'test_result_base': None}
[0.552s] Level 5:colcon.colcon_core.verb:set package 'rslidar_sdk' build argument 'cmake_args' from command line to 'None'
[0.552s] Level 5:colcon.colcon_core.verb:set package 'rslidar_sdk' build argument 'cmake_target' from command line to 'None'
[0.553s] Level 5:colcon.colcon_core.verb:set package 'rslidar_sdk' build argument 'cmake_target_skip_unavailable' from command line to 'False'
[0.553s] Level 5:colcon.colcon_core.verb:set package 'rslidar_sdk' build argument 'cmake_clean_cache' from command line to 'False'
[0.553s] Level 5:colcon.colcon_core.verb:set package 'rslidar_sdk' build argument 'cmake_clean_first' from command line to 'False'
[0.553s] Level 5:colcon.colcon_core.verb:set package 'rslidar_sdk' build argument 'cmake_force_configure' from command line to 'False'
[0.553s] Level 5:colcon.colcon_core.verb:set package 'rslidar_sdk' build argument 'ament_cmake_args' from command line to 'None'
[0.553s] Level 5:colcon.colcon_core.verb:set package 'rslidar_sdk' build argument 'catkin_cmake_args' from command line to 'None'
[0.553s] Level 5:colcon.colcon_core.verb:set package 'rslidar_sdk' build argument 'catkin_skip_building_tests' from command line to 'False'
[0.553s] DEBUG:colcon.colcon_core.verb:Building package 'rslidar_sdk' with the following arguments: {'ament_cmake_args': None, 'build_base': '/home/ritesh/rc-car/ros2/build/rslidar_sdk', 'catkin_cmake_args': None, 'catkin_skip_building_tests': False, 'cmake_args': None, 'cmake_clean_cache': False, 'cmake_clean_first': False, 'cmake_force_configure': False, 'cmake_target': None, 'cmake_target_skip_unavailable': False, 'install_base': '/home/ritesh/rc-car/ros2/install/rslidar_sdk', 'merge_install': False, 'path': '/home/ritesh/rc-car/ros2/src/rslidar_sdk', 'symlink_install': False, 'test_result_base': None}
[0.553s] INFO:colcon.colcon_core.executor:Executing jobs using 'parallel' executor
[0.554s] DEBUG:colcon.colcon_parallel_executor.executor.parallel:run_until_complete
[0.555s] INFO:colcon.colcon_ros.task.ament_cmake.build:Building ROS package in '/home/ritesh/rc-car/ros2/src/rslidar_msg' with build type 'ament_cmake'
[0.555s] INFO:colcon.colcon_cmake.task.cmake.build:Building CMake package in '/home/ritesh/rc-car/ros2/src/rslidar_msg'
[0.557s] INFO:colcon.colcon_core.plugin_system:Skipping extension 'colcon_core.shell.bat': Not used on non-Windows systems
[0.557s] INFO:colcon.colcon_core.shell:Skip shell extension 'powershell' for command environment: Not usable outside of PowerShell
[0.557s] DEBUG:colcon.colcon_core.shell:Skip shell extension 'dsv' for command environment
[0.563s] INFO:colcon.colcon_core.task.python.build:Building Python package in '/home/ritesh/rc-car/ros2/src/controller'
[0.564s] INFO:colcon.colcon_core.shell:Skip shell extension 'powershell' for command environment: Not usable outside of PowerShell
[0.565s] DEBUG:colcon.colcon_core.shell:Skip shell extension 'dsv' for command environment
[0.571s] INFO:colcon.colcon_ros.task.ament_cmake.build:Building ROS package in '/home/ritesh/rc-car/ros2/src/eufs_msgs' with build type 'ament_cmake'
[0.571s] INFO:colcon.colcon_cmake.task.cmake.build:Building CMake package in '/home/ritesh/rc-car/ros2/src/eufs_msgs'
[0.571s] INFO:colcon.colcon_core.shell:Skip shell extension 'powershell' for command environment: Not usable outside of PowerShell
[0.572s] DEBUG:colcon.colcon_core.shell:Skip shell extension 'dsv' for command environment
[0.583s] DEBUG:colcon.colcon_core.event_handler.log_command:Invoking command in '/home/ritesh/rc-car/ros2/build/rslidar_msg': CMAKE_PREFIX_PATH=/opt/ros/humble /usr/bin/cmake --build /home/ritesh/rc-car/ros2/build/rslidar_msg -- -j8 -l8
[0.920s] DEBUG:colcon.colcon_core.event_handler.log_command:Invoking command in '/home/ritesh/rc-car/ros2/build/eufs_msgs': CMAKE_PREFIX_PATH=/opt/ros/humble /usr/bin/cmake --build /home/ritesh/rc-car/ros2/build/eufs_msgs -- -j8 -l8
[1.275s] DEBUG:colcon.colcon_core.event_handler.log_command:Invoked command in '/home/ritesh/rc-car/ros2/build/rslidar_msg' returned '0': CMAKE_PREFIX_PATH=/opt/ros/humble /usr/bin/cmake --build /home/ritesh/rc-car/ros2/build/rslidar_msg -- -j8 -l8
[1.500s] DEBUG:colcon.colcon_core.event_handler.log_command:Invoking command in '/home/ritesh/rc-car/ros2/build/rslidar_msg': CMAKE_PREFIX_PATH=/opt/ros/humble /usr/bin/cmake --install /home/ritesh/rc-car/ros2/build/rslidar_msg
[1.606s] Level 1:colcon.colcon_core.environment:create_environment_scripts_only(rslidar_msg)
[1.607s] DEBUG:colcon.colcon_core.event_handler.log_command:Invoked command in '/home/ritesh/rc-car/ros2/build/rslidar_msg' returned '0': CMAKE_PREFIX_PATH=/opt/ros/humble /usr/bin/cmake --install /home/ritesh/rc-car/ros2/build/rslidar_msg
[1.612s] Level 1:colcon.colcon_core.environment:checking '/home/ritesh/rc-car/ros2/install/rslidar_msg' for CMake module files
[1.613s] Level 1:colcon.colcon_core.environment:checking '/home/ritesh/rc-car/ros2/install/rslidar_msg' for CMake config files
[1.613s] Level 1:colcon.colcon_core.shell:create_environment_hook('rslidar_msg', 'cmake_prefix_path')
[1.614s] INFO:colcon.colcon_core.shell:Creating environment hook '/home/ritesh/rc-car/ros2/install/rslidar_msg/share/rslidar_msg/hook/cmake_prefix_path.ps1'
[1.615s] INFO:colcon.colcon_core.shell:Creating environment descriptor '/home/ritesh/rc-car/ros2/install/rslidar_msg/share/rslidar_msg/hook/cmake_prefix_path.dsv'
[1.615s] INFO:colcon.colcon_core.shell:Creating environment hook '/home/ritesh/rc-car/ros2/install/rslidar_msg/share/rslidar_msg/hook/cmake_prefix_path.sh'
[1.617s] Level 1:colcon.colcon_core.environment:checking '/home/ritesh/rc-car/ros2/install/rslidar_msg/lib'
[1.621s] Level 1:colcon.colcon_core.shell:create_environment_hook('rslidar_msg', 'ld_library_path_lib')
[1.621s] INFO:colcon.colcon_core.shell:Creating environment hook '/home/ritesh/rc-car/ros2/install/rslidar_msg/share/rslidar_msg/hook/ld_library_path_lib.ps1'
[1.622s] INFO:colcon.colcon_core.shell:Creating environment descriptor '/home/ritesh/rc-car/ros2/install/rslidar_msg/share/rslidar_msg/hook/ld_library_path_lib.dsv'
[1.622s] INFO:colcon.colcon_core.shell:Creating environment hook '/home/ritesh/rc-car/ros2/install/rslidar_msg/share/rslidar_msg/hook/ld_library_path_lib.sh'
[1.623s] Level 1:colcon.colcon_core.environment:checking '/home/ritesh/rc-car/ros2/install/rslidar_msg/bin'
[1.623s] Level 1:colcon.colcon_core.environment:checking '/home/ritesh/rc-car/ros2/install/rslidar_msg/lib/pkgconfig/rslidar_msg.pc'
[1.623s] Level 1:colcon.colcon_core.environment:checking '/home/ritesh/rc-car/ros2/install/rslidar_msg/lib/python3.10/site-packages'
[1.623s] Level 1:colcon.colcon_core.environment:checking '/home/ritesh/rc-car/ros2/install/rslidar_msg/bin'
[1.624s] INFO:colcon.colcon_core.shell:Creating package script '/home/ritesh/rc-car/ros2/install/rslidar_msg/share/rslidar_msg/package.ps1'
[1.624s] INFO:colcon.colcon_core.shell:Creating package descriptor '/home/ritesh/rc-car/ros2/install/rslidar_msg/share/rslidar_msg/package.dsv'
[1.628s] INFO:colcon.colcon_core.shell:Creating package script '/home/ritesh/rc-car/ros2/install/rslidar_msg/share/rslidar_msg/package.sh'
[1.629s] INFO:colcon.colcon_core.shell:Creating package script '/home/ritesh/rc-car/ros2/install/rslidar_msg/share/rslidar_msg/package.bash'
[1.630s] INFO:colcon.colcon_core.shell:Creating package script '/home/ritesh/rc-car/ros2/install/rslidar_msg/share/rslidar_msg/package.zsh'
[1.631s] Level 1:colcon.colcon_core.environment:create_file_with_runtime_dependencies(/home/ritesh/rc-car/ros2/install/rslidar_msg/share/colcon-core/packages/rslidar_msg)
[1.738s] DEBUG:colcon.colcon_core.event_handler.log_command:Invoking command in '/home/ritesh/rc-car/ros2/src/controller': PYTHONPATH=/home/ritesh/rc-car/ros2/build/controller/prefix_override:/usr/local/lib/python3.10/dist-packages/colcon_core/task/python/colcon_distutils_commands:/home/ritesh/rc-car/ros2/install/controller/lib/python3.10/site-packages:${PYTHONPATH} /usr/bin/python3 -W ignore:setup.py install is deprecated setup.py egg_info --egg-base ../../build/controller build --build-base /home/ritesh/rc-car/ros2/build/controller/build install --record /home/ritesh/rc-car/ros2/build/controller/install.log --single-version-externally-managed install_data
[1.836s] Level 1:colcon.colcon_core.environment:create_environment_scripts_only(rslidar_msg)
[1.836s] Level 1:colcon.colcon_core.environment:checking '/home/ritesh/rc-car/ros2/install/rslidar_msg' for CMake module files
[1.837s] Level 1:colcon.colcon_core.environment:checking '/home/ritesh/rc-car/ros2/install/rslidar_msg' for CMake config files
[1.837s] Level 1:colcon.colcon_core.shell:create_environment_hook('rslidar_msg', 'cmake_prefix_path')
[1.838s] INFO:colcon.colcon_core.shell:Creating environment hook '/home/ritesh/rc-car/ros2/install/rslidar_msg/share/rslidar_msg/hook/cmake_prefix_path.ps1'
[1.838s] INFO:colcon.colcon_core.shell:Creating environment descriptor '/home/ritesh/rc-car/ros2/install/rslidar_msg/share/rslidar_msg/hook/cmake_prefix_path.dsv'
[1.843s] INFO:colcon.colcon_core.shell:Creating environment hook '/home/ritesh/rc-car/ros2/install/rslidar_msg/share/rslidar_msg/hook/cmake_prefix_path.sh'
[1.844s] Level 1:colcon.colcon_core.environment:checking '/home/ritesh/rc-car/ros2/install/rslidar_msg/lib'
[1.844s] Level 1:colcon.colcon_core.shell:create_environment_hook('rslidar_msg', 'ld_library_path_lib')
[1.844s] INFO:colcon.colcon_core.shell:Creating environment hook '/home/ritesh/rc-car/ros2/install/rslidar_msg/share/rslidar_msg/hook/ld_library_path_lib.ps1'
[1.845s] INFO:colcon.colcon_core.shell:Creating environment descriptor '/home/ritesh/rc-car/ros2/install/rslidar_msg/share/rslidar_msg/hook/ld_library_path_lib.dsv'
[1.845s] INFO:colcon.colcon_core.shell:Creating environment hook '/home/ritesh/rc-car/ros2/install/rslidar_msg/share/rslidar_msg/hook/ld_library_path_lib.sh'
[1.846s] Level 1:colcon.colcon_core.environment:checking '/home/ritesh/rc-car/ros2/install/rslidar_msg/bin'
[1.846s] Level 1:colcon.colcon_core.environment:checking '/home/ritesh/rc-car/ros2/install/rslidar_msg/lib/pkgconfig/rslidar_msg.pc'
[1.850s] Level 1:colcon.colcon_core.environment:checking '/home/ritesh/rc-car/ros2/install/rslidar_msg/lib/python3.10/site-packages'
[1.850s] Level 1:colcon.colcon_core.environment:checking '/home/ritesh/rc-car/ros2/install/rslidar_msg/bin'
[1.851s] INFO:colcon.colcon_core.shell:Creating package script '/home/ritesh/rc-car/ros2/install/rslidar_msg/share/rslidar_msg/package.ps1'
[1.851s] INFO:colcon.colcon_core.shell:Creating package descriptor '/home/ritesh/rc-car/ros2/install/rslidar_msg/share/rslidar_msg/package.dsv'
[1.852s] INFO:colcon.colcon_core.shell:Creating package script '/home/ritesh/rc-car/ros2/install/rslidar_msg/share/rslidar_msg/package.sh'
[1.856s] INFO:colcon.colcon_core.shell:Creating package script '/home/ritesh/rc-car/ros2/install/rslidar_msg/share/rslidar_msg/package.bash'
[1.857s] INFO:colcon.colcon_core.shell:Creating package script '/home/ritesh/rc-car/ros2/install/rslidar_msg/share/rslidar_msg/package.zsh'
[1.857s] Level 1:colcon.colcon_core.environment:create_file_with_runtime_dependencies(/home/ritesh/rc-car/ros2/install/rslidar_msg/share/colcon-core/packages/rslidar_msg)
[1.859s] INFO:colcon.colcon_ros.task.ament_cmake.build:Building ROS package in '/home/ritesh/rc-car/ros2/src/rslidar_sdk' with build type 'ament_cmake'
[1.859s] INFO:colcon.colcon_cmake.task.cmake.build:Building CMake package in '/home/ritesh/rc-car/ros2/src/rslidar_sdk'
[1.859s] INFO:colcon.colcon_core.shell:Skip shell extension 'powershell' for command environment: Not usable outside of PowerShell
[1.859s] DEBUG:colcon.colcon_core.shell:Skip shell extension 'dsv' for command environment
[1.873s] DEBUG:colcon.colcon_core.event_handler.log_command:Invoking command in '/home/ritesh/rc-car/ros2/build/rslidar_sdk': AMENT_PREFIX_PATH=/home/ritesh/rc-car/ros2/install/rslidar_msg:${AMENT_PREFIX_PATH} CMAKE_PREFIX_PATH=/home/ritesh/rc-car/ros2/install/rslidar_msg:/opt/ros/humble LD_LIBRARY_PATH=/home/ritesh/rc-car/ros2/install/rslidar_msg/lib:/home/ritesh/local_yaml_cpp/lib:/home/ritesh/local_libpcap/lib:/usr/lib/x86_64-linux-gnu/gazebo-11/plugins:/opt/ros/humble/opt/rviz_ogre_vendor/lib:/opt/ros/humble/lib/x86_64-linux-gnu:/opt/ros/humble/lib:/lib/hsl-install/lib PYTHONPATH=/home/ritesh/rc-car/ros2/install/rslidar_msg/local/lib/python3.10/dist-packages:${PYTHONPATH} /usr/bin/cmake --build /home/ritesh/rc-car/ros2/build/rslidar_sdk -- -j8 -l8
[2.214s] Level 1:colcon.colcon_core.environment:checking '/home/ritesh/rc-car/ros2/install/controller' for CMake module files
[2.214s] Level 1:colcon.colcon_core.environment:checking '/home/ritesh/rc-car/ros2/install/controller' for CMake config files
[2.215s] Level 1:colcon.colcon_core.environment:checking '/home/ritesh/rc-car/ros2/install/controller/lib'
[2.215s] Level 1:colcon.colcon_core.environment:checking '/home/ritesh/rc-car/ros2/install/controller/bin'
[2.215s] Level 1:colcon.colcon_core.environment:checking '/home/ritesh/rc-car/ros2/install/controller/lib/pkgconfig/controller.pc'
[2.215s] Level 1:colcon.colcon_core.environment:checking '/home/ritesh/rc-car/ros2/install/controller/lib/python3.10/site-packages'
[2.215s] Level 1:colcon.colcon_core.shell:create_environment_hook('controller', 'pythonpath')
[2.216s] INFO:colcon.colcon_core.shell:Creating environment hook '/home/ritesh/rc-car/ros2/install/controller/share/controller/hook/pythonpath.ps1'
[2.216s] INFO:colcon.colcon_core.shell:Creating environment descriptor '/home/ritesh/rc-car/ros2/install/controller/share/controller/hook/pythonpath.dsv'
[2.219s] DEBUG:colcon.colcon_core.event_handler.log_command:Invoked command in '/home/ritesh/rc-car/ros2/src/controller' returned '0': PYTHONPATH=/home/ritesh/rc-car/ros2/build/controller/prefix_override:/usr/local/lib/python3.10/dist-packages/colcon_core/task/python/colcon_distutils_commands:/home/ritesh/rc-car/ros2/install/controller/lib/python3.10/site-packages:${PYTHONPATH} /usr/bin/python3 -W ignore:setup.py install is deprecated setup.py egg_info --egg-base ../../build/controller build --build-base /home/ritesh/rc-car/ros2/build/controller/build install --record /home/ritesh/rc-car/ros2/build/controller/install.log --single-version-externally-managed install_data
[2.219s] INFO:colcon.colcon_core.shell:Creating environment hook '/home/ritesh/rc-car/ros2/install/controller/share/controller/hook/pythonpath.sh'
[2.220s] Level 1:colcon.colcon_core.environment:checking '/home/ritesh/rc-car/ros2/install/controller/bin'
[2.220s] Level 1:colcon.colcon_core.environment:create_environment_scripts_only(controller)
[2.220s] INFO:colcon.colcon_core.shell:Creating package script '/home/ritesh/rc-car/ros2/install/controller/share/controller/package.ps1'
[2.221s] INFO:colcon.colcon_core.shell:Creating package descriptor '/home/ritesh/rc-car/ros2/install/controller/share/controller/package.dsv'
[2.225s] INFO:colcon.colcon_core.shell:Creating package script '/home/ritesh/rc-car/ros2/install/controller/share/controller/package.sh'
[2.225s] INFO:colcon.colcon_core.shell:Creating package script '/home/ritesh/rc-car/ros2/install/controller/share/controller/package.bash'
[2.226s] INFO:colcon.colcon_core.shell:Creating package script '/home/ritesh/rc-car/ros2/install/controller/share/controller/package.zsh'
[2.226s] Level 1:colcon.colcon_core.environment:create_file_with_runtime_dependencies(/home/ritesh/rc-car/ros2/install/controller/share/colcon-core/packages/controller)
[2.248s] DEBUG:colcon.colcon_core.event_handler.log_command:Invoked command in '/home/ritesh/rc-car/ros2/build/eufs_msgs' returned '0': CMAKE_PREFIX_PATH=/opt/ros/humble /usr/bin/cmake --build /home/ritesh/rc-car/ros2/build/eufs_msgs -- -j8 -l8
[5.213s] DEBUG:colcon.colcon_core.event_handler.log_command:Invoking command in '/home/ritesh/rc-car/ros2/build/eufs_msgs': CMAKE_PREFIX_PATH=/opt/ros/humble /usr/bin/cmake --install /home/ritesh/rc-car/ros2/build/eufs_msgs
[5.800s] Level 1:colcon.colcon_core.environment:create_environment_scripts_only(eufs_msgs)
[5.801s] Level 1:colcon.colcon_core.environment:checking '/home/ritesh/rc-car/ros2/install/eufs_msgs' for CMake module files
[5.802s] Level 1:colcon.colcon_core.environment:checking '/home/ritesh/rc-car/ros2/install/eufs_msgs' for CMake config files
[5.805s] Level 1:colcon.colcon_core.shell:create_environment_hook('eufs_msgs', 'cmake_prefix_path')
[5.801s] DEBUG:colcon.colcon_core.event_handler.log_command:Invoked command in '/home/ritesh/rc-car/ros2/build/eufs_msgs' returned '0': CMAKE_PREFIX_PATH=/opt/ros/humble /usr/bin/cmake --install /home/ritesh/rc-car/ros2/build/eufs_msgs
[5.808s] INFO:colcon.colcon_core.shell:Creating environment hook '/home/ritesh/rc-car/ros2/install/eufs_msgs/share/eufs_msgs/hook/cmake_prefix_path.ps1'
[5.809s] INFO:colcon.colcon_core.shell:Creating environment descriptor '/home/ritesh/rc-car/ros2/install/eufs_msgs/share/eufs_msgs/hook/cmake_prefix_path.dsv'
[5.809s] INFO:colcon.colcon_core.shell:Creating environment hook '/home/ritesh/rc-car/ros2/install/eufs_msgs/share/eufs_msgs/hook/cmake_prefix_path.sh'
[5.810s] Level 1:colcon.colcon_core.environment:checking '/home/ritesh/rc-car/ros2/install/eufs_msgs/lib'
[5.810s] Level 1:colcon.colcon_core.shell:create_environment_hook('eufs_msgs', 'ld_library_path_lib')
[5.810s] INFO:colcon.colcon_core.shell:Creating environment hook '/home/ritesh/rc-car/ros2/install/eufs_msgs/share/eufs_msgs/hook/ld_library_path_lib.ps1'
[5.810s] INFO:colcon.colcon_core.shell:Creating environment descriptor '/home/ritesh/rc-car/ros2/install/eufs_msgs/share/eufs_msgs/hook/ld_library_path_lib.dsv'
[5.814s] INFO:colcon.colcon_core.shell:Creating environment hook '/home/ritesh/rc-car/ros2/install/eufs_msgs/share/eufs_msgs/hook/ld_library_path_lib.sh'
[5.814s] Level 1:colcon.colcon_core.environment:checking '/home/ritesh/rc-car/ros2/install/eufs_msgs/bin'
[5.814s] Level 1:colcon.colcon_core.environment:checking '/home/ritesh/rc-car/ros2/install/eufs_msgs/lib/pkgconfig/eufs_msgs.pc'
[5.815s] Level 1:colcon.colcon_core.environment:checking '/home/ritesh/rc-car/ros2/install/eufs_msgs/lib/python3.10/site-packages'
[5.815s] Level 1:colcon.colcon_core.environment:checking '/home/ritesh/rc-car/ros2/install/eufs_msgs/bin'
[5.815s] INFO:colcon.colcon_core.shell:Creating package script '/home/ritesh/rc-car/ros2/install/eufs_msgs/share/eufs_msgs/package.ps1'
[5.816s] INFO:colcon.colcon_core.shell:Creating package descriptor '/home/ritesh/rc-car/ros2/install/eufs_msgs/share/eufs_msgs/package.dsv'
[5.816s] INFO:colcon.colcon_core.shell:Creating package script '/home/ritesh/rc-car/ros2/install/eufs_msgs/share/eufs_msgs/package.sh'
[5.817s] INFO:colcon.colcon_core.shell:Creating package script '/home/ritesh/rc-car/ros2/install/eufs_msgs/share/eufs_msgs/package.bash'
[5.817s] INFO:colcon.colcon_core.shell:Creating package script '/home/ritesh/rc-car/ros2/install/eufs_msgs/share/eufs_msgs/package.zsh'
[5.821s] Level 1:colcon.colcon_core.environment:create_file_with_runtime_dependencies(/home/ritesh/rc-car/ros2/install/eufs_msgs/share/colcon-core/packages/eufs_msgs)
[7.725s] Level 1:colcon.colcon_core.environment:create_environment_scripts_only(eufs_msgs)
[7.726s] Level 1:colcon.colcon_core.environment:checking '/home/ritesh/rc-car/ros2/install/eufs_msgs' for CMake module files
[7.727s] Level 1:colcon.colcon_core.environment:checking '/home/ritesh/rc-car/ros2/install/eufs_msgs' for CMake config files
[7.729s] Level 1:colcon.colcon_core.shell:create_environment_hook('eufs_msgs', 'cmake_prefix_path')
[7.730s] INFO:colcon.colcon_core.shell:Creating environment hook '/home/ritesh/rc-car/ros2/install/eufs_msgs/share/eufs_msgs/hook/cmake_prefix_path.ps1'
[7.731s] INFO:colcon.colcon_core.shell:Creating environment descriptor '/home/ritesh/rc-car/ros2/install/eufs_msgs/share/eufs_msgs/hook/cmake_prefix_path.dsv'
[7.731s] INFO:colcon.colcon_core.shell:Creating environment hook '/home/ritesh/rc-car/ros2/install/eufs_msgs/share/eufs_msgs/hook/cmake_prefix_path.sh'
[7.732s] Level 1:colcon.colcon_core.environment:checking '/home/ritesh/rc-car/ros2/install/eufs_msgs/lib'
[7.732s] Level 1:colcon.colcon_core.shell:create_environment_hook('eufs_msgs', 'ld_library_path_lib')
[7.733s] INFO:colcon.colcon_core.shell:Creating environment hook '/home/ritesh/rc-car/ros2/install/eufs_msgs/share/eufs_msgs/hook/ld_library_path_lib.ps1'
[7.733s] INFO:colcon.colcon_core.shell:Creating environment descriptor '/home/ritesh/rc-car/ros2/install/eufs_msgs/share/eufs_msgs/hook/ld_library_path_lib.dsv'
[7.734s] INFO:colcon.colcon_core.shell:Creating environment hook '/home/ritesh/rc-car/ros2/install/eufs_msgs/share/eufs_msgs/hook/ld_library_path_lib.sh'
[7.735s] Level 1:colcon.colcon_core.environment:checking '/home/ritesh/rc-car/ros2/install/eufs_msgs/bin'
[7.735s] Level 1:colcon.colcon_core.environment:checking '/home/ritesh/rc-car/ros2/install/eufs_msgs/lib/pkgconfig/eufs_msgs.pc'
[7.735s] Level 1:colcon.colcon_core.environment:checking '/home/ritesh/rc-car/ros2/install/eufs_msgs/lib/python3.10/site-packages'
[7.736s] Level 1:colcon.colcon_core.environment:checking '/home/ritesh/rc-car/ros2/install/eufs_msgs/bin'
[7.736s] INFO:colcon.colcon_core.shell:Creating package script '/home/ritesh/rc-car/ros2/install/eufs_msgs/share/eufs_msgs/package.ps1'
[7.737s] INFO:colcon.colcon_core.shell:Creating package descriptor '/home/ritesh/rc-car/ros2/install/eufs_msgs/share/eufs_msgs/package.dsv'
[7.738s] INFO:colcon.colcon_core.shell:Creating package script '/home/ritesh/rc-car/ros2/install/eufs_msgs/share/eufs_msgs/package.sh'
[7.739s] INFO:colcon.colcon_core.shell:Creating package script '/home/ritesh/rc-car/ros2/install/eufs_msgs/share/eufs_msgs/package.bash'
[7.739s] INFO:colcon.colcon_core.shell:Creating package script '/home/ritesh/rc-car/ros2/install/eufs_msgs/share/eufs_msgs/package.zsh'
[7.740s] Level 1:colcon.colcon_core.environment:create_file_with_runtime_dependencies(/home/ritesh/rc-car/ros2/install/eufs_msgs/share/colcon-core/packages/eufs_msgs)
[21.885s] DEBUG:colcon.colcon_core.event_handler.log_command:Invoked command in '/home/ritesh/rc-car/ros2/build/rslidar_sdk' returned '2': AMENT_PREFIX_PATH=/home/ritesh/rc-car/ros2/install/rslidar_msg:${AMENT_PREFIX_PATH} CMAKE_PREFIX_PATH=/home/ritesh/rc-car/ros2/install/rslidar_msg:/opt/ros/humble LD_LIBRARY_PATH=/home/ritesh/rc-car/ros2/install/rslidar_msg/lib:/home/ritesh/local_yaml_cpp/lib:/home/ritesh/local_libpcap/lib:/usr/lib/x86_64-linux-gnu/gazebo-11/plugins:/opt/ros/humble/opt/rviz_ogre_vendor/lib:/opt/ros/humble/lib/x86_64-linux-gnu:/opt/ros/humble/lib:/lib/hsl-install/lib PYTHONPATH=/home/ritesh/rc-car/ros2/install/rslidar_msg/local/lib/python3.10/dist-packages:${PYTHONPATH} /usr/bin/cmake --build /home/ritesh/rc-car/ros2/build/rslidar_sdk -- -j8 -l8
[21.921s] Level 1:colcon.colcon_core.environment:create_environment_scripts_only(rslidar_sdk)
[21.922s] Level 1:colcon.colcon_core.environment:checking '/home/ritesh/rc-car/ros2/install/rslidar_sdk' for CMake module files
[21.922s] Level 1:colcon.colcon_core.environment:checking '/home/ritesh/rc-car/ros2/install/rslidar_sdk' for CMake config files
[21.922s] Level 1:colcon.colcon_core.environment:checking '/home/ritesh/rc-car/ros2/install/rslidar_sdk/bin'
[21.922s] Level 1:colcon.colcon_core.environment:checking '/home/ritesh/rc-car/ros2/install/rslidar_sdk/lib/pkgconfig/rslidar_sdk.pc'
[21.923s] Level 1:colcon.colcon_core.environment:checking '/home/ritesh/rc-car/ros2/install/rslidar_sdk/lib/python3.10/site-packages'
[21.923s] Level 1:colcon.colcon_core.environment:checking '/home/ritesh/rc-car/ros2/install/rslidar_sdk/bin'
[21.923s] INFO:colcon.colcon_core.shell:Creating package script '/home/ritesh/rc-car/ros2/install/rslidar_sdk/share/rslidar_sdk/package.ps1'
[21.924s] INFO:colcon.colcon_core.shell:Creating package descriptor '/home/ritesh/rc-car/ros2/install/rslidar_sdk/share/rslidar_sdk/package.dsv'
[21.924s] INFO:colcon.colcon_core.shell:Creating package script '/home/ritesh/rc-car/ros2/install/rslidar_sdk/share/rslidar_sdk/package.sh'
[21.925s] INFO:colcon.colcon_core.shell:Creating package script '/home/ritesh/rc-car/ros2/install/rslidar_sdk/share/rslidar_sdk/package.bash'
[21.926s] INFO:colcon.colcon_core.shell:Creating package script '/home/ritesh/rc-car/ros2/install/rslidar_sdk/share/rslidar_sdk/package.zsh'
[21.926s] Level 1:colcon.colcon_core.environment:create_file_with_runtime_dependencies(/home/ritesh/rc-car/ros2/install/rslidar_sdk/share/colcon-core/packages/rslidar_sdk)
[21.937s] DEBUG:colcon.colcon_parallel_executor.executor.parallel:closing loop
[21.937s] DEBUG:colcon.colcon_parallel_executor.executor.parallel:loop closed
[21.937s] DEBUG:colcon.colcon_parallel_executor.executor.parallel:run_until_complete finished with '2'
[21.937s] DEBUG:colcon.colcon_core.event_reactor:joining thread
[21.943s] INFO:colcon.colcon_core.plugin_system:Skipping extension 'colcon_notification.desktop_notification.terminal_notifier': Not used on non-Darwin systems
[21.943s] INFO:colcon.colcon_core.plugin_system:Skipping extension 'colcon_notification.desktop_notification.win32': Not used on non-Windows systems
[21.943s] INFO:colcon.colcon_notification.desktop_notification:Sending desktop notification using 'notify2'
[46.969s] DEBUG:colcon.colcon_notification.desktop_notification.notify2:Failed to initialize notify2: org.freedesktop.DBus.Error.NoReply: Did not receive a reply. Possible causes include: the remote application did not send a reply, the message bus security policy blocked the reply, the reply timeout expired, or the network connection was broken.
[46.969s] DEBUG:colcon.colcon_core.event_reactor:joined thread
[46.970s] INFO:colcon.colcon_core.shell:Creating prefix script '/home/ritesh/rc-car/ros2/install/local_setup.ps1'
[46.971s] INFO:colcon.colcon_core.shell:Creating prefix util module '/home/ritesh/rc-car/ros2/install/_local_setup_util_ps1.py'
[46.972s] INFO:colcon.colcon_core.shell:Creating prefix chain script '/home/ritesh/rc-car/ros2/install/setup.ps1'
[46.973s] INFO:colcon.colcon_core.shell:Creating prefix script '/home/ritesh/rc-car/ros2/install/local_setup.sh'
[46.974s] INFO:colcon.colcon_core.shell:Creating prefix util module '/home/ritesh/rc-car/ros2/install/_local_setup_util_sh.py'
[46.974s] INFO:colcon.colcon_core.shell:Creating prefix chain script '/home/ritesh/rc-car/ros2/install/setup.sh'
[46.975s] INFO:colcon.colcon_core.shell:Creating prefix script '/home/ritesh/rc-car/ros2/install/local_setup.bash'
[46.976s] INFO:colcon.colcon_core.shell:Creating prefix chain script '/home/ritesh/rc-car/ros2/install/setup.bash'
[46.977s] INFO:colcon.colcon_core.shell:Creating prefix script '/home/ritesh/rc-car/ros2/install/local_setup.zsh'
[46.977s] INFO:colcon.colcon_core.shell:Creating prefix chain script '/home/ritesh/rc-car/ros2/install/setup.zsh'
