[0.035s] Invoking command in '/home/ritesh/rc-car/build/rslidar_msg': CMAKE_PREFIX_PATH=/opt/ros/humble /usr/bin/cmake --build /home/ritesh/rc-car/build/rslidar_msg -- -j8 -l8
[1.161s] [35m[1mConsolidate compiler generated dependencies of target rslidar_msg__rosidl_generator_c[0m
[1.161s] [  9%] Built target rslidar_msg__rosidl_generator_c
[1.161s] [ 12%] Built target rslidar_msg__cpp
[1.161s] [35m[1mConsolidate compiler generated dependencies of target rslidar_msg__rosidl_typesupport_introspection_c[0m
[1.161s] [35m[1mConsolidate compiler generated dependencies of target rslidar_msg__rosidl_typesupport_cpp[0m
[1.162s] [35m[1mConsolidate compiler generated dependencies of target rslidar_msg__rosidl_typesupport_fastrtps_cpp[0m
[1.162s] [ 12%] Built target ament_cmake_python_copy_rslidar_msg
[1.162s] [35m[1mConsolidate compiler generated dependencies of target rslidar_msg__rosidl_typesupport_introspection_cpp[0m
[1.162s] [35m[1mConsolidate compiler generated dependencies of target rslidar_msg__rosidl_typesupport_c[0m
[1.162s] [ 22%] Built target rslidar_msg__rosidl_typesupport_introspection_c
[1.162s] [35m[1mConsolidate compiler generated dependencies of target rslidar_msg__rosidl_typesupport_fastrtps_c[0m
[1.162s] [ 32%] Built target rslidar_msg__rosidl_typesupport_cpp
[1.162s] [ 41%] Built target rslidar_msg__rosidl_typesupport_fastrtps_cpp
[1.162s] [ 51%] Built target rslidar_msg__rosidl_typesupport_c
[1.162s] [ 61%] Built target rslidar_msg__rosidl_typesupport_introspection_cpp
[1.162s] [ 70%] Built target rslidar_msg__rosidl_typesupport_fastrtps_c
[1.162s] [ 70%] Built target rslidar_msg
[1.162s] [ 74%] Built target rslidar_msg__py
[1.162s] [35m[1mConsolidate compiler generated dependencies of target rslidar_msg__rosidl_generator_py[0m
[1.162s] [ 80%] Built target rslidar_msg__rosidl_generator_py
[1.162s] [35m[1mConsolidate compiler generated dependencies of target rslidar_msg__rosidl_typesupport_introspection_c__pyext[0m
[1.162s] [35m[1mConsolidate compiler generated dependencies of target rslidar_msg__rosidl_typesupport_c__pyext[0m
[1.163s] [35m[1mConsolidate compiler generated dependencies of target rslidar_msg__rosidl_typesupport_fastrtps_c__pyext[0m
[1.163s] [ 87%] Built target rslidar_msg__rosidl_typesupport_introspection_c__pyext
[1.163s] [ 93%] Built target rslidar_msg__rosidl_typesupport_c__pyext
[1.163s] [100%] Built target rslidar_msg__rosidl_typesupport_fastrtps_c__pyext
[1.163s] running egg_info
[1.167s] writing rslidar_msg.egg-info/PKG-INFO
[1.167s] writing dependency_links to rslidar_msg.egg-info/dependency_links.txt
[1.168s] writing top-level names to rslidar_msg.egg-info/top_level.txt
[1.168s] reading manifest file 'rslidar_msg.egg-info/SOURCES.txt'
[1.168s] writing manifest file 'rslidar_msg.egg-info/SOURCES.txt'
[1.168s] [100%] Built target ament_cmake_python_build_rslidar_msg_egg
[1.197s] Invoked command in '/home/ritesh/rc-car/build/rslidar_msg' returned '0': CMAKE_PREFIX_PATH=/opt/ros/humble /usr/bin/cmake --build /home/ritesh/rc-car/build/rslidar_msg -- -j8 -l8
