[0.629s] Invoking command in '/home/ritesh/rc-car/ros2ws/src/read_data': PYTHONPATH=/home/ritesh/rc-car/ros2ws/build/read_data/prefix_override:/usr/local/lib/python3.10/dist-packages/colcon_core/task/python/colcon_distutils_commands:/home/ritesh/rc-car/ros2ws/install/read_data/lib/python3.10/site-packages:${PYTHONPATH} /usr/bin/python3 -W ignore:setup.py install is deprecated setup.py egg_info --egg-base ../../build/read_data build --build-base /home/ritesh/rc-car/ros2ws/build/read_data/build install --record /home/ritesh/rc-car/ros2ws/build/read_data/install.log --single-version-externally-managed install_data
[0.807s] running egg_info
[0.807s] writing ../../build/read_data/read_data.egg-info/PKG-INFO
[0.808s] writing dependency_links to ../../build/read_data/read_data.egg-info/dependency_links.txt
[0.808s] writing entry points to ../../build/read_data/read_data.egg-info/entry_points.txt
[0.808s] writing requirements to ../../build/read_data/read_data.egg-info/requires.txt
[0.808s] writing top-level names to ../../build/read_data/read_data.egg-info/top_level.txt
[0.809s] reading manifest file '../../build/read_data/read_data.egg-info/SOURCES.txt'
[0.810s] writing manifest file '../../build/read_data/read_data.egg-info/SOURCES.txt'
[0.810s] running build
[0.810s] running build_py
[0.810s] copying read_data/read_wheelspeed.py -> /home/ritesh/rc-car/ros2ws/build/read_data/build/lib/read_data
[0.811s] running install
[0.811s] running install_lib
[0.812s] copying /home/ritesh/rc-car/ros2ws/build/read_data/build/lib/read_data/read_wheelspeed.py -> /home/ritesh/rc-car/ros2ws/install/read_data/lib/python3.10/site-packages/read_data
[0.812s] byte-compiling /home/ritesh/rc-car/ros2ws/install/read_data/lib/python3.10/site-packages/read_data/read_wheelspeed.py to read_wheelspeed.cpython-310.pyc
[0.812s] running install_data
[0.813s] running install_egg_info
[0.814s] removing '/home/ritesh/rc-car/ros2ws/install/read_data/lib/python3.10/site-packages/read_data-0.0.0-py3.10.egg-info' (and everything under it)
[0.814s] Copying ../../build/read_data/read_data.egg-info to /home/ritesh/rc-car/ros2ws/install/read_data/lib/python3.10/site-packages/read_data-0.0.0-py3.10.egg-info
[0.815s] running install_scripts
[0.831s] Installing read_imu = read_data.read_imu:mainread_wheelspeed script to /home/ritesh/rc-car/ros2ws/install/read_data/lib/read_data
[0.832s] writing list of installed files to '/home/ritesh/rc-car/ros2ws/build/read_data/install.log'
[0.853s] Invoked command in '/home/ritesh/rc-car/ros2ws/src/read_data' returned '0': PYTHONPATH=/home/ritesh/rc-car/ros2ws/build/read_data/prefix_override:/usr/local/lib/python3.10/dist-packages/colcon_core/task/python/colcon_distutils_commands:/home/ritesh/rc-car/ros2ws/install/read_data/lib/python3.10/site-packages:${PYTHONPATH} /usr/bin/python3 -W ignore:setup.py install is deprecated setup.py egg_info --egg-base ../../build/read_data build --build-base /home/ritesh/rc-car/ros2ws/build/read_data/build install --record /home/ritesh/rc-car/ros2ws/build/read_data/install.log --single-version-externally-managed install_data
