[0.527s] Invoking command in '/home/ritesh/rc-car/ros2ws/src/control': PYTHONPATH=/home/ritesh/rc-car/build/control/prefix_override:/usr/local/lib/python3.10/dist-packages/colcon_core/task/python/colcon_distutils_commands:/home/ritesh/rc-car/install/control/lib/python3.10/site-packages:${PYTHONPATH} /usr/bin/python3 -W ignore:setup.py install is deprecated setup.py egg_info --egg-base ../../../build/control build --build-base /home/ritesh/rc-car/build/control/build install --record /home/ritesh/rc-car/build/control/install.log --single-version-externally-managed install_data
[0.693s] running egg_info
[0.694s] writing ../../../build/control/control.egg-info/PKG-INFO
[0.694s] writing dependency_links to ../../../build/control/control.egg-info/dependency_links.txt
[0.694s] writing entry points to ../../../build/control/control.egg-info/entry_points.txt
[0.694s] writing requirements to ../../../build/control/control.egg-info/requires.txt
[0.694s] writing top-level names to ../../../build/control/control.egg-info/top_level.txt
[0.696s] reading manifest file '../../../build/control/control.egg-info/SOURCES.txt'
[0.696s] writing manifest file '../../../build/control/control.egg-info/SOURCES.txt'
[0.697s] running build
[0.697s] running build_py
[0.697s] running install
[0.697s] running install_lib
[0.698s] running install_data
[0.698s] running install_egg_info
[0.699s] removing '/home/ritesh/rc-car/install/control/lib/python3.10/site-packages/control-0.0.0-py3.10.egg-info' (and everything under it)
[0.699s] Copying ../../../build/control/control.egg-info to /home/ritesh/rc-car/install/control/lib/python3.10/site-packages/control-0.0.0-py3.10.egg-info
[0.700s] running install_scripts
[0.716s] Installing give_control script to /home/ritesh/rc-car/install/control/lib/control
[0.716s] writing list of installed files to '/home/ritesh/rc-car/build/control/install.log'
[0.733s] Invoked command in '/home/ritesh/rc-car/ros2ws/src/control' returned '0': PYTHONPATH=/home/ritesh/rc-car/build/control/prefix_override:/usr/local/lib/python3.10/dist-packages/colcon_core/task/python/colcon_distutils_commands:/home/ritesh/rc-car/install/control/lib/python3.10/site-packages:${PYTHONPATH} /usr/bin/python3 -W ignore:setup.py install is deprecated setup.py egg_info --egg-base ../../../build/control build --build-base /home/ritesh/rc-car/build/control/build install --record /home/ritesh/rc-car/build/control/install.log --single-version-externally-managed install_data
