[0.580s] Invoking command in '/home/ritesh/rc-car/ros2ws/build/eufs_msgs__py': /usr/bin/cmake /home/ritesh/rc-car/ros2ws/src/eufs_msgs/eufs_msgs__py -DCMAKE_INSTALL_PREFIX=/home/ritesh/rc-car/ros2ws/install/eufs_msgs__py
[0.590s] [33mCMake Warning (dev) in CMakeLists.txt:
[0.591s]   No project() command is present.  The top-level CMakeLists.txt file must
[0.591s]   contain a literal, direct call to the project() command.  Add a line of
[0.591s]   code such as
[0.591s] 
[0.591s]     project(ProjectName)
[0.591s] 
[0.591s]   near the top of the file, but after cmake_minimum_required().
[0.591s] 
[0.592s]   CMake is pretending there is a "project(Project)" command on the first
[0.592s]   line.
[0.592s] This warning is for project developers.  Use -Wno-dev to suppress it.
[0.592s] [0m
[0.673s] -- The C compiler identification is GNU 11.4.0
[0.764s] -- The CXX compiler identification is GNU 11.4.0
[0.781s] -- Detecting C compiler ABI info
[0.904s] -- Detecting C compiler ABI info - done
[0.911s] -- Check for working C compiler: /usr/bin/cc - skipped
[0.912s] -- Detecting C compile features
[0.913s] -- Detecting C compile features - done
[0.918s] -- Detecting CXX compiler ABI info
[1.024s] -- Detecting CXX compiler ABI info - done
[1.037s] -- Check for working CXX compiler: /usr/bin/c++ - skipped
[1.038s] -- Detecting CXX compile features
[1.045s] -- Detecting CXX compile features - done
[1.045s] -- Configuring incomplete, errors occurred!
[1.045s] See also "/home/ritesh/rc-car/ros2ws/build/eufs_msgs__py/CMakeFiles/CMakeOutput.log".
[1.045s] [31mCMake Error at CMakeLists.txt:21 (add_custom_command):
[1.045s]   add_custom_command Wrong syntax.  A TARGET or OUTPUT must be specified.
[1.046s] 
[1.046s] [0m
[1.046s] [33mCMake Warning (dev) in CMakeLists.txt:
[1.046s]   No cmake_minimum_required command is present.  A line of code such as
[1.046s] 
[1.046s]     cmake_minimum_required(VERSION 3.22)
[1.046s] 
[1.046s]   should be added at the top of the file.  The version specified may be lower
[1.046s]   if you wish to support older CMake versions for this project.  For more
[1.046s]   information run "cmake --help-policy CMP0000".
[1.046s] This warning is for project developers.  Use -Wno-dev to suppress it.
[1.046s] [0m
[1.056s] Invoked command in '/home/ritesh/rc-car/ros2ws/build/eufs_msgs__py' returned '1': /usr/bin/cmake /home/ritesh/rc-car/ros2ws/src/eufs_msgs/eufs_msgs__py -DCMAKE_INSTALL_PREFIX=/home/ritesh/rc-car/ros2ws/install/eufs_msgs__py
