[  3%] Built target SerializeTarget
[ 44%] Built target pcap_static
[ 85%] Built target pcap
[ 90%] Built target fuzz_pcap
[ 95%] Built target fuzz_filter
[100%] Built target fuzz_both
-- Install configuration: ""
-- Up-to-date: /home/ritesh/rc-car/ros2ws/install/pcap/lib/libpcap.so.1.10.1
-- Up-to-date: /home/ritesh/rc-car/ros2ws/install/pcap/lib/libpcap.so.1
-- Up-to-date: /home/ritesh/rc-car/ros2ws/install/pcap/lib/libpcap.so
-- Up-to-date: /home/ritesh/rc-car/ros2ws/install/pcap/lib/libpcap.a
-- Up-to-date: /home/ritesh/rc-car/ros2ws/install/pcap/include/pcap
-- Up-to-date: /home/ritesh/rc-car/ros2ws/install/pcap/include/pcap/vlan.h
-- Up-to-date: /home/ritesh/rc-car/ros2ws/install/pcap/include/pcap/nflog.h
-- Up-to-date: /home/ritesh/rc-car/ros2ws/install/pcap/include/pcap/dlt.h
-- Up-to-date: /home/ritesh/rc-car/ros2ws/install/pcap/include/pcap/can_socketcan.h
-- Up-to-date: /home/ritesh/rc-car/ros2ws/install/pcap/include/pcap/pcap-inttypes.h
-- Up-to-date: /home/ritesh/rc-car/ros2ws/install/pcap/include/pcap/pcap.h
-- Up-to-date: /home/ritesh/rc-car/ros2ws/install/pcap/include/pcap/usb.h
-- Up-to-date: /home/ritesh/rc-car/ros2ws/install/pcap/include/pcap/ipnet.h
-- Up-to-date: /home/ritesh/rc-car/ros2ws/install/pcap/include/pcap/bluetooth.h
-- Up-to-date: /home/ritesh/rc-car/ros2ws/install/pcap/include/pcap/sll.h
-- Up-to-date: /home/ritesh/rc-car/ros2ws/install/pcap/include/pcap/funcattrs.h
-- Up-to-date: /home/ritesh/rc-car/ros2ws/install/pcap/include/pcap/namedb.h
-- Up-to-date: /home/ritesh/rc-car/ros2ws/install/pcap/include/pcap/compiler-tests.h
-- Up-to-date: /home/ritesh/rc-car/ros2ws/install/pcap/include/pcap/bpf.h
-- Up-to-date: /home/ritesh/rc-car/ros2ws/install/pcap/include/pcap/socket.h
-- Up-to-date: /home/ritesh/rc-car/ros2ws/install/pcap/include/pcap.h
-- Up-to-date: /home/ritesh/rc-car/ros2ws/install/pcap/include/pcap-bpf.h
-- Up-to-date: /home/ritesh/rc-car/ros2ws/install/pcap/include/pcap-namedb.h
-- Up-to-date: /home/ritesh/rc-car/ros2ws/install/pcap/bin/pcap-config
-- Up-to-date: /home/ritesh/rc-car/ros2ws/install/pcap/lib/pkgconfig/libpcap.pc
-- Up-to-date: /home/ritesh/rc-car/ros2ws/install/pcap/share/man/man1/pcap-config.1
-- Up-to-date: /home/ritesh/rc-car/ros2ws/install/pcap/share/man/man3/pcap_activate.3pcap
-- Up-to-date: /home/ritesh/rc-car/ros2ws/install/pcap/share/man/man3/pcap_breakloop.3pcap
-- Up-to-date: /home/ritesh/rc-car/ros2ws/install/pcap/share/man/man3/pcap_can_set_rfmon.3pcap
-- Up-to-date: /home/ritesh/rc-car/ros2ws/install/pcap/share/man/man3/pcap_close.3pcap
-- Up-to-date: /home/ritesh/rc-car/ros2ws/install/pcap/share/man/man3/pcap_create.3pcap
-- Up-to-date: /home/ritesh/rc-car/ros2ws/install/pcap/share/man/man3/pcap_datalink_name_to_val.3pcap
-- Up-to-date: /home/ritesh/rc-car/ros2ws/install/pcap/share/man/man3/pcap_datalink_val_to_name.3pcap
-- Up-to-date: /home/ritesh/rc-car/ros2ws/install/pcap/share/man/man3/pcap_dump.3pcap
-- Up-to-date: /home/ritesh/rc-car/ros2ws/install/pcap/share/man/man3/pcap_dump_close.3pcap
-- Up-to-date: /home/ritesh/rc-car/ros2ws/install/pcap/share/man/man3/pcap_dump_file.3pcap
-- Up-to-date: /home/ritesh/rc-car/ros2ws/install/pcap/share/man/man3/pcap_dump_flush.3pcap
-- Up-to-date: /home/ritesh/rc-car/ros2ws/install/pcap/share/man/man3/pcap_dump_ftell.3pcap
-- Up-to-date: /home/ritesh/rc-car/ros2ws/install/pcap/share/man/man3/pcap_file.3pcap
-- Up-to-date: /home/ritesh/rc-car/ros2ws/install/pcap/share/man/man3/pcap_fileno.3pcap
-- Up-to-date: /home/ritesh/rc-car/ros2ws/install/pcap/share/man/man3/pcap_findalldevs.3pcap
-- Up-to-date: /home/ritesh/rc-car/ros2ws/install/pcap/share/man/man3/pcap_freecode.3pcap
-- Up-to-date: /home/ritesh/rc-car/ros2ws/install/pcap/share/man/man3/pcap_get_required_select_timeout.3pcap
-- Up-to-date: /home/ritesh/rc-car/ros2ws/install/pcap/share/man/man3/pcap_get_selectable_fd.3pcap
-- Up-to-date: /home/ritesh/rc-car/ros2ws/install/pcap/share/man/man3/pcap_geterr.3pcap
-- Up-to-date: /home/ritesh/rc-car/ros2ws/install/pcap/share/man/man3/pcap_init.3pcap
-- Up-to-date: /home/ritesh/rc-car/ros2ws/install/pcap/share/man/man3/pcap_inject.3pcap
-- Up-to-date: /home/ritesh/rc-car/ros2ws/install/pcap/share/man/man3/pcap_is_swapped.3pcap
-- Up-to-date: /home/ritesh/rc-car/ros2ws/install/pcap/share/man/man3/pcap_lib_version.3pcap
-- Up-to-date: /home/ritesh/rc-car/ros2ws/install/pcap/share/man/man3/pcap_lookupdev.3pcap
-- Up-to-date: /home/ritesh/rc-car/ros2ws/install/pcap/share/man/man3/pcap_lookupnet.3pcap
-- Up-to-date: /home/ritesh/rc-car/ros2ws/install/pcap/share/man/man3/pcap_loop.3pcap
-- Up-to-date: /home/ritesh/rc-car/ros2ws/install/pcap/share/man/man3/pcap_major_version.3pcap
-- Up-to-date: /home/ritesh/rc-car/ros2ws/install/pcap/share/man/man3/pcap_next_ex.3pcap
-- Up-to-date: /home/ritesh/rc-car/ros2ws/install/pcap/share/man/man3/pcap_offline_filter.3pcap
-- Up-to-date: /home/ritesh/rc-car/ros2ws/install/pcap/share/man/man3/pcap_open_live.3pcap
-- Up-to-date: /home/ritesh/rc-car/ros2ws/install/pcap/share/man/man3/pcap_set_buffer_size.3pcap
-- Up-to-date: /home/ritesh/rc-car/ros2ws/install/pcap/share/man/man3/pcap_set_datalink.3pcap
-- Up-to-date: /home/ritesh/rc-car/ros2ws/install/pcap/share/man/man3/pcap_set_promisc.3pcap
-- Up-to-date: /home/ritesh/rc-car/ros2ws/install/pcap/share/man/man3/pcap_set_protocol_linux.3pcap
-- Up-to-date: /home/ritesh/rc-car/ros2ws/install/pcap/share/man/man3/pcap_set_rfmon.3pcap
-- Up-to-date: /home/ritesh/rc-car/ros2ws/install/pcap/share/man/man3/pcap_set_snaplen.3pcap
-- Up-to-date: /home/ritesh/rc-car/ros2ws/install/pcap/share/man/man3/pcap_set_timeout.3pcap
-- Up-to-date: /home/ritesh/rc-car/ros2ws/install/pcap/share/man/man3/pcap_setdirection.3pcap
-- Up-to-date: /home/ritesh/rc-car/ros2ws/install/pcap/share/man/man3/pcap_setfilter.3pcap
-- Up-to-date: /home/ritesh/rc-car/ros2ws/install/pcap/share/man/man3/pcap_setnonblock.3pcap
-- Up-to-date: /home/ritesh/rc-car/ros2ws/install/pcap/share/man/man3/pcap_snapshot.3pcap
-- Up-to-date: /home/ritesh/rc-car/ros2ws/install/pcap/share/man/man3/pcap_stats.3pcap
-- Up-to-date: /home/ritesh/rc-car/ros2ws/install/pcap/share/man/man3/pcap_statustostr.3pcap
-- Up-to-date: /home/ritesh/rc-car/ros2ws/install/pcap/share/man/man3/pcap_strerror.3pcap
-- Up-to-date: /home/ritesh/rc-car/ros2ws/install/pcap/share/man/man3/pcap_tstamp_type_name_to_val.3pcap
-- Up-to-date: /home/ritesh/rc-car/ros2ws/install/pcap/share/man/man3/pcap_tstamp_type_val_to_name.3pcap
-- Up-to-date: /home/ritesh/rc-car/ros2ws/install/pcap/share/man/man3/pcap.3pcap
-- Up-to-date: /home/ritesh/rc-car/ros2ws/install/pcap/share/man/man3/pcap_compile.3pcap
-- Up-to-date: /home/ritesh/rc-car/ros2ws/install/pcap/share/man/man3/pcap_datalink.3pcap
-- Up-to-date: /home/ritesh/rc-car/ros2ws/install/pcap/share/man/man3/pcap_dump_open.3pcap
-- Up-to-date: /home/ritesh/rc-car/ros2ws/install/pcap/share/man/man3/pcap_get_tstamp_precision.3pcap
-- Up-to-date: /home/ritesh/rc-car/ros2ws/install/pcap/share/man/man3/pcap_list_datalinks.3pcap
-- Up-to-date: /home/ritesh/rc-car/ros2ws/install/pcap/share/man/man3/pcap_list_tstamp_types.3pcap
-- Up-to-date: /home/ritesh/rc-car/ros2ws/install/pcap/share/man/man3/pcap_open_dead.3pcap
-- Up-to-date: /home/ritesh/rc-car/ros2ws/install/pcap/share/man/man3/pcap_open_offline.3pcap
-- Up-to-date: /home/ritesh/rc-car/ros2ws/install/pcap/share/man/man3/pcap_set_immediate_mode.3pcap
-- Up-to-date: /home/ritesh/rc-car/ros2ws/install/pcap/share/man/man3/pcap_set_tstamp_precision.3pcap
-- Up-to-date: /home/ritesh/rc-car/ros2ws/install/pcap/share/man/man3/pcap_set_tstamp_type.3pcap
-- Symlinking: /home/ritesh/rc-car/ros2ws/install/pcap/share/man/man3/pcap_datalink_val_to_name.3pcap to pcap_datalink_val_to_description.3pcap
-- Symlinking: /home/ritesh/rc-car/ros2ws/install/pcap/share/man/man3/pcap_datalink_val_to_name.3pcap to pcap_datalink_val_to_description_or_dlt.3pcap
-- Symlinking: /home/ritesh/rc-car/ros2ws/install/pcap/share/man/man3/pcap_dump_open.3pcap to pcap_dump_fopen.3pcap
-- Symlinking: /home/ritesh/rc-car/ros2ws/install/pcap/share/man/man3/pcap_findalldevs.3pcap to pcap_freealldevs.3pcap
-- Symlinking: /home/ritesh/rc-car/ros2ws/install/pcap/share/man/man3/pcap_geterr.3pcap to pcap_perror.3pcap
-- Symlinking: /home/ritesh/rc-car/ros2ws/install/pcap/share/man/man3/pcap_inject.3pcap to pcap_sendpacket.3pcap
-- Symlinking: /home/ritesh/rc-car/ros2ws/install/pcap/share/man/man3/pcap_list_datalinks.3pcap to pcap_free_datalinks.3pcap
-- Symlinking: /home/ritesh/rc-car/ros2ws/install/pcap/share/man/man3/pcap_list_tstamp_types.3pcap to pcap_free_tstamp_types.3pcap
-- Symlinking: /home/ritesh/rc-car/ros2ws/install/pcap/share/man/man3/pcap_loop.3pcap to pcap_dispatch.3pcap
-- Symlinking: /home/ritesh/rc-car/ros2ws/install/pcap/share/man/man3/pcap_major_version.3pcap to pcap_minor_version.3pcap
-- Symlinking: /home/ritesh/rc-car/ros2ws/install/pcap/share/man/man3/pcap_next_ex.3pcap to pcap_next.3pcap
-- Symlinking: /home/ritesh/rc-car/ros2ws/install/pcap/share/man/man3/pcap_open_dead.3pcap to pcap_open_dead_with_tstamp_precision.3pcap
-- Symlinking: /home/ritesh/rc-car/ros2ws/install/pcap/share/man/man3/pcap_open_offline.3pcap to pcap_open_offline_with_tstamp_precision.3pcap
-- Symlinking: /home/ritesh/rc-car/ros2ws/install/pcap/share/man/man3/pcap_open_offline.3pcap to pcap_fopen_offline.3pcap
-- Symlinking: /home/ritesh/rc-car/ros2ws/install/pcap/share/man/man3/pcap_open_offline.3pcap to pcap_fopen_offline_with_tstamp_precision.3pcap
-- Symlinking: /home/ritesh/rc-car/ros2ws/install/pcap/share/man/man3/pcap_tstamp_type_val_to_name.3pcap to pcap_tstamp_type_val_to_description.3pcap
-- Symlinking: /home/ritesh/rc-car/ros2ws/install/pcap/share/man/man3/pcap_setnonblock.3pcap to pcap_getnonblock.3pcap
-- Up-to-date: /home/ritesh/rc-car/ros2ws/install/pcap/share/man/man5/pcap-savefile.5
-- Up-to-date: /home/ritesh/rc-car/ros2ws/install/pcap/share/man/man7/pcap-filter.7
-- Up-to-date: /home/ritesh/rc-car/ros2ws/install/pcap/share/man/man7/pcap-linktype.7
-- Up-to-date: /home/ritesh/rc-car/ros2ws/install/pcap/share/man/man7/pcap-tstamp.7
