[1.169s] Invoking command in '/home/ritesh/rc-car/ros2ws/src/control': PYTHONPATH=/home/ritesh/rc-car/build/control/prefix_override:/usr/local/lib/python3.10/dist-packages/colcon_core/task/python/colcon_distutils_commands:/home/ritesh/rc-car/install/control/lib/python3.10/site-packages:${PYTHONPATH} /usr/bin/python3 -W ignore:setup.py install is deprecated setup.py egg_info --egg-base ../../../build/control build --build-base /home/ritesh/rc-car/build/control/build install --record /home/ritesh/rc-car/build/control/install.log --single-version-externally-managed install_data
[1.392s] running egg_info
[1.392s] writing ../../../build/control/control.egg-info/PKG-INFO
[1.392s] writing dependency_links to ../../../build/control/control.egg-info/dependency_links.txt
[1.393s] writing entry points to ../../../build/control/control.egg-info/entry_points.txt
[1.393s] writing requirements to ../../../build/control/control.egg-info/requires.txt
[1.394s] writing top-level names to ../../../build/control/control.egg-info/top_level.txt
[1.396s] reading manifest file '../../../build/control/control.egg-info/SOURCES.txt'
[1.397s] writing manifest file '../../../build/control/control.egg-info/SOURCES.txt'
[1.398s] running build
[1.398s] running build_py
[1.398s] running install
[1.398s] running install_lib
[1.400s] running install_data
[1.402s] running install_egg_info
[1.402s] removing '/home/ritesh/rc-car/install/control/lib/python3.10/site-packages/control-0.0.0-py3.10.egg-info' (and everything under it)
[1.403s] Copying ../../../build/control/control.egg-info to /home/ritesh/rc-car/install/control/lib/python3.10/site-packages/control-0.0.0-py3.10.egg-info
[1.404s] running install_scripts
[1.429s] Installing give_control script to /home/ritesh/rc-car/install/control/lib/control
[1.430s] writing list of installed files to '/home/ritesh/rc-car/build/control/install.log'
