[0.296s] Invoking command in '/home/ritesh/rc-car/ros2/build/eufs_msgs': CMAKE_PREFIX_PATH=/opt/ros/humble /usr/bin/cmake --build /home/ritesh/rc-car/ros2/build/eufs_msgs -- -j8 -l8
[0.512s] [ 12%] Built target eufs_msgs__rosidl_generator_c
[0.515s] [ 12%] Built target eufs_msgs__cpp
[0.581s] [ 12%] Built target ament_cmake_python_copy_eufs_msgs
[0.614s] [ 25%] Built target eufs_msgs__rosidl_typesupport_c
[0.615s] [ 38%] Built target eufs_msgs__rosidl_typesupport_fastrtps_c
[0.616s] [ 51%] Built target eufs_msgs__rosidl_typesupport_introspection_c
[0.622s] [ 63%] Built target eufs_msgs__rosidl_typesupport_cpp
[0.648s] [ 75%] Built target eufs_msgs__rosidl_typesupport_fastrtps_cpp
[0.683s] [ 88%] Built target eufs_msgs__rosidl_typesupport_introspection_cpp
[0.726s] [ 88%] Built target eufs_msgs
[0.781s] [ 88%] Built target eufs_msgs__py
[0.888s] [100%] Built target eufs_msgs__rosidl_generator_py
[0.888s] running egg_info
[0.890s] writing eufs_msgs.egg-info/PKG-INFO
[0.891s] writing dependency_links to eufs_msgs.egg-info/dependency_links.txt
[0.891s] writing top-level names to eufs_msgs.egg-info/top_level.txt
[0.895s] reading manifest file 'eufs_msgs.egg-info/SOURCES.txt'
[0.897s] writing manifest file 'eufs_msgs.egg-info/SOURCES.txt'
[0.933s] [100%] Built target ament_cmake_python_build_eufs_msgs_egg
[0.952s] [100%] Built target eufs_msgs__rosidl_typesupport_c__pyext
[0.957s] [100%] Built target eufs_msgs__rosidl_typesupport_introspection_c__pyext
[0.957s] [100%] Built target eufs_msgs__rosidl_typesupport_fastrtps_c__pyext
[0.982s] Invoked command in '/home/ritesh/rc-car/ros2/build/eufs_msgs' returned '0': CMAKE_PREFIX_PATH=/opt/ros/humble /usr/bin/cmake --build /home/ritesh/rc-car/ros2/build/eufs_msgs -- -j8 -l8
