[0.015s] Invoking command in '/home/ritesh/rc-car/ros2/build/rslidar_msg': CMAKE_PREFIX_PATH=/opt/ros/humble /usr/bin/cmake /home/ritesh/rc-car/ros2/src/rslidar_msg -DCMAKE_INSTALL_PREFIX=/home/ritesh/rc-car/ros2/install/rslidar_msg
[0.279s] -- The C compiler identification is GNU 11.4.0
[0.280s] -- The CXX compiler identification is GNU 11.4.0
[0.280s] -- Detecting C compiler ABI info
[0.280s] -- Detecting C compiler ABI info - done
[0.280s] -- Check for working C compiler: /usr/bin/cc - skipped
[0.280s] -- Detecting C compile features
[0.280s] -- Detecting C compile features - done
[0.280s] -- Detecting CXX compiler ABI info
[0.353s] -- Detecting CXX compiler ABI info - done
[0.367s] -- Check for working CXX compiler: /usr/bin/c++ - skipped
[0.368s] -- Detecting CXX compile features
[0.368s] -- Detecting CXX compile features - done
[0.374s] -- Found ament_cmake: 1.3.10 (/opt/ros/humble/share/ament_cmake/cmake)
[0.547s] -- Found Python3: /usr/bin/python3 (found version "3.10.12") found components: Interpreter 
[0.638s] -- Found std_msgs: 4.2.4 (/opt/ros/humble/share/std_msgs/cmake)
[0.678s] -- Found rosidl_generator_c: 3.1.5 (/opt/ros/humble/share/rosidl_generator_c/cmake)
[0.679s] -- Found rosidl_adapter: 3.1.5 (/opt/ros/humble/share/rosidl_adapter/cmake)
[0.687s] -- Found rosidl_generator_cpp: 3.1.5 (/opt/ros/humble/share/rosidl_generator_cpp/cmake)
[0.707s] -- Using all available rosidl_typesupport_c: rosidl_typesupport_fastrtps_c;rosidl_typesupport_introspection_c
[0.724s] -- Using all available rosidl_typesupport_cpp: rosidl_typesupport_fastrtps_cpp;rosidl_typesupport_introspection_cpp
[0.759s] -- Found rclcpp: 16.0.10 (/opt/ros/humble/share/rclcpp/cmake)
[0.791s] -- Found rmw_implementation_cmake: 6.1.2 (/opt/ros/humble/share/rmw_implementation_cmake/cmake)
[0.793s] -- Found rmw_fastrtps_cpp: 6.2.7 (/opt/ros/humble/share/rmw_fastrtps_cpp/cmake)
[0.917s] -- Found OpenSSL: /usr/lib/x86_64-linux-gnu/libcrypto.so (found version "3.0.2")  
[0.938s] -- Found FastRTPS: /opt/ros/humble/include  
[0.993s] -- Using RMW implementation 'rmw_fastrtps_cpp' as default
[1.012s] -- Looking for pthread.h
[1.140s] -- Looking for pthread.h - found
[1.140s] -- Performing Test CMAKE_HAVE_LIBC_PTHREAD
[1.276s] -- Performing Test CMAKE_HAVE_LIBC_PTHREAD - Success
[1.277s] -- Found Threads: TRUE  
[1.319s] -- Found rosidl_default_generators: 1.2.0 (/opt/ros/humble/share/rosidl_default_generators/cmake)
[1.635s] -- Found ament_cmake_ros: 0.10.0 (/opt/ros/humble/share/ament_cmake_ros/cmake)
[2.133s] -- Using all available rosidl_typesupport_c: rosidl_typesupport_fastrtps_c;rosidl_typesupport_introspection_c
[2.305s] -- Using all available rosidl_typesupport_cpp: rosidl_typesupport_fastrtps_cpp;rosidl_typesupport_introspection_cpp
[2.334s] -- Found PythonInterp: /usr/bin/python3 (found suitable version "3.10.12", minimum required is "3.6") 
[2.335s] -- Found python_cmake_module: 0.10.0 (/opt/ros/humble/share/python_cmake_module/cmake)
[2.363s] -- Found PythonLibs: /usr/lib/x86_64-linux-gnu/libpython3.10.so (found suitable version "3.10.12", minimum required is "3.5") 
[2.363s] -- Using PYTHON_EXECUTABLE: /usr/bin/python3
[2.363s] -- Using PYTHON_INCLUDE_DIRS: /usr/include/python3.10
[2.363s] -- Using PYTHON_LIBRARIES: /usr/lib/x86_64-linux-gnu/libpython3.10.so
[2.385s] -- Found PythonExtra: .so  
[2.441s] -- Found ament_lint_auto: 0.12.11 (/opt/ros/humble/share/ament_lint_auto/cmake)
[2.467s] -- Added test 'copyright' to check source files copyright and LICENSE
[2.477s] -- Added test 'lint_cmake' to check CMake code style
[2.482s] -- Added test 'xmllint' to check XML markup files
[2.487s] -- Configuring done
[2.536s] -- Generating done
[2.540s] -- Build files have been written to: /home/ritesh/rc-car/ros2/build/rslidar_msg
[2.560s] Invoked command in '/home/ritesh/rc-car/ros2/build/rslidar_msg' returned '0': CMAKE_PREFIX_PATH=/opt/ros/humble /usr/bin/cmake /home/ritesh/rc-car/ros2/src/rslidar_msg -DCMAKE_INSTALL_PREFIX=/home/ritesh/rc-car/ros2/install/rslidar_msg
[2.561s] Invoking command in '/home/ritesh/rc-car/ros2/build/rslidar_msg': CMAKE_PREFIX_PATH=/opt/ros/humble /usr/bin/cmake --build /home/ritesh/rc-car/ros2/build/rslidar_msg -- -j8 -l8
[2.628s] [  3%] [34m[1mGenerating C++ code for ROS interfaces[0m
[2.948s] [  3%] Built target rslidar_msg__cpp
[2.985s] [  3%] Built target ament_cmake_python_copy_rslidar_msg
[2.999s] [  6%] [34m[1mGenerating C++ introspection for ROS interfaces[0m
[3.330s] [  9%] [32mBuilding CXX object CMakeFiles/rslidar_msg__rosidl_typesupport_introspection_cpp.dir/rosidl_typesupport_introspection_cpp/rslidar_msg/msg/detail/rslidar_packet__type_support.cpp.o[0m
[3.766s] [ 12%] [32m[1mLinking CXX shared library librslidar_msg__rosidl_typesupport_introspection_cpp.so[0m
[3.947s] [ 12%] Built target rslidar_msg__rosidl_typesupport_introspection_cpp
[4.544s] running egg_info
[4.545s] creating rslidar_msg.egg-info
[4.545s] writing rslidar_msg.egg-info/PKG-INFO
[4.545s] writing dependency_links to rslidar_msg.egg-info/dependency_links.txt
[4.545s] writing top-level names to rslidar_msg.egg-info/top_level.txt
[4.546s] writing manifest file 'rslidar_msg.egg-info/SOURCES.txt'
[4.552s] reading manifest file 'rslidar_msg.egg-info/SOURCES.txt'
[4.552s] writing manifest file 'rslidar_msg.egg-info/SOURCES.txt'
[4.593s] [ 12%] Built target ament_cmake_python_build_rslidar_msg_egg
[4.622s] [ 16%] [34m[1mGenerating C++ type support for eProsima Fast-RTPS[0m
[5.159s] [ 19%] [32mBuilding CXX object CMakeFiles/rslidar_msg__rosidl_typesupport_fastrtps_cpp.dir/rosidl_typesupport_fastrtps_cpp/rslidar_msg/msg/detail/dds_fastrtps/rslidar_packet__type_support.cpp.o[0m
[5.897s] [ 22%] [32m[1mLinking CXX shared library librslidar_msg__rosidl_typesupport_fastrtps_cpp.so[0m
[6.061s] [ 22%] Built target rslidar_msg__rosidl_typesupport_fastrtps_cpp
[6.094s] [ 25%] [34m[1mGenerating C++ type support dispatch for ROS interfaces[0m
[6.410s] [ 29%] [32mBuilding CXX object CMakeFiles/rslidar_msg__rosidl_typesupport_cpp.dir/rosidl_typesupport_cpp/rslidar_msg/msg/rslidar_packet__type_support.cpp.o[0m
[6.778s] [ 32%] [32m[1mLinking CXX shared library librslidar_msg__rosidl_typesupport_cpp.so[0m
[6.890s] [ 32%] Built target rslidar_msg__rosidl_typesupport_cpp
[6.918s] [ 35%] [34m[1mGenerating C code for ROS interfaces[0m
[7.462s] [ 38%] [32mBuilding C object CMakeFiles/rslidar_msg__rosidl_generator_c.dir/rosidl_generator_c/rslidar_msg/msg/detail/rslidar_packet__functions.c.o[0m
[7.554s] [ 41%] [32m[1mLinking C shared library librslidar_msg__rosidl_generator_c.so[0m
[7.635s] [ 41%] Built target rslidar_msg__rosidl_generator_c
[7.650s] [ 45%] [34m[1mGenerating C type support for eProsima Fast-RTPS[0m
[7.986s] [ 48%] [32mBuilding CXX object CMakeFiles/rslidar_msg__rosidl_typesupport_fastrtps_c.dir/rosidl_typesupport_fastrtps_c/rslidar_msg/msg/detail/rslidar_packet__type_support_c.cpp.o[0m
[8.392s] [ 51%] [32m[1mLinking CXX shared library librslidar_msg__rosidl_typesupport_fastrtps_c.so[0m
[8.571s] [ 51%] Built target rslidar_msg__rosidl_typesupport_fastrtps_c
[8.584s] [ 54%] [34m[1mGenerating C type support dispatch for ROS interfaces[0m
[8.828s] [ 58%] [32mBuilding CXX object CMakeFiles/rslidar_msg__rosidl_typesupport_c.dir/rosidl_typesupport_c/rslidar_msg/msg/rslidar_packet__type_support.cpp.o[0m
[8.873s] [ 61%] [32m[1mLinking CXX shared library librslidar_msg__rosidl_typesupport_c.so[0m
[8.978s] [ 61%] Built target rslidar_msg__rosidl_typesupport_c
[9.006s] [ 64%] [34m[1mGenerating C introspection for ROS interfaces[0m
[9.443s] [ 67%] [32mBuilding C object CMakeFiles/rslidar_msg__rosidl_typesupport_introspection_c.dir/rosidl_typesupport_introspection_c/rslidar_msg/msg/detail/rslidar_packet__type_support.c.o[0m
[9.491s] [ 70%] [32m[1mLinking C shared library librslidar_msg__rosidl_typesupport_introspection_c.so[0m
[9.558s] [ 70%] Built target rslidar_msg__rosidl_typesupport_introspection_c
[9.621s] [ 70%] Built target rslidar_msg
[9.672s] [ 74%] [34m[1mGenerating Python code for ROS interfaces[0m
[10.245s] [ 74%] Built target rslidar_msg__py
[10.304s] [ 77%] [32mBuilding C object CMakeFiles/rslidar_msg__rosidl_generator_py.dir/rosidl_generator_py/rslidar_msg/msg/_rslidar_packet_s.c.o[0m
[10.445s] [ 80%] [32m[1mLinking C shared library rosidl_generator_py/rslidar_msg/librslidar_msg__rosidl_generator_py.so[0m
[10.505s] [ 80%] Built target rslidar_msg__rosidl_generator_py
[10.548s] [ 83%] [32mBuilding C object CMakeFiles/rslidar_msg__rosidl_typesupport_fastrtps_c__pyext.dir/rosidl_generator_py/rslidar_msg/_rslidar_msg_s.ep.rosidl_typesupport_fastrtps_c.c.o[0m
[10.771s] [ 87%] [32m[1mLinking C shared library rosidl_generator_py/rslidar_msg/rslidar_msg_s__rosidl_typesupport_fastrtps_c.cpython-310-x86_64-linux-gnu.so[0m
[10.842s] [ 87%] Built target rslidar_msg__rosidl_typesupport_fastrtps_c__pyext
[10.885s] [ 90%] [32mBuilding C object CMakeFiles/rslidar_msg__rosidl_typesupport_c__pyext.dir/rosidl_generator_py/rslidar_msg/_rslidar_msg_s.ep.rosidl_typesupport_c.c.o[0m
[11.083s] [ 93%] [32m[1mLinking C shared library rosidl_generator_py/rslidar_msg/rslidar_msg_s__rosidl_typesupport_c.cpython-310-x86_64-linux-gnu.so[0m
[11.152s] [ 93%] Built target rslidar_msg__rosidl_typesupport_c__pyext
[11.216s] [ 96%] [32mBuilding C object CMakeFiles/rslidar_msg__rosidl_typesupport_introspection_c__pyext.dir/rosidl_generator_py/rslidar_msg/_rslidar_msg_s.ep.rosidl_typesupport_introspection_c.c.o[0m
[11.426s] [100%] [32m[1mLinking C shared library rosidl_generator_py/rslidar_msg/rslidar_msg_s__rosidl_typesupport_introspection_c.cpython-310-x86_64-linux-gnu.so[0m
[11.490s] [100%] Built target rslidar_msg__rosidl_typesupport_introspection_c__pyext
[11.531s] Invoked command in '/home/ritesh/rc-car/ros2/build/rslidar_msg' returned '0': CMAKE_PREFIX_PATH=/opt/ros/humble /usr/bin/cmake --build /home/ritesh/rc-car/ros2/build/rslidar_msg -- -j8 -l8
[11.775s] Invoking command in '/home/ritesh/rc-car/ros2/build/rslidar_msg': CMAKE_PREFIX_PATH=/opt/ros/humble /usr/bin/cmake --install /home/ritesh/rc-car/ros2/build/rslidar_msg
[11.785s] -- Install configuration: ""
[11.786s] -- Installing: /home/ritesh/rc-car/ros2/install/rslidar_msg/share/ament_index/resource_index/rosidl_interfaces/rslidar_msg
[11.792s] -- Installing: /home/ritesh/rc-car/ros2/install/rslidar_msg/include/rslidar_msg/rslidar_msg
[11.792s] -- Installing: /home/ritesh/rc-car/ros2/install/rslidar_msg/include/rslidar_msg/rslidar_msg/msg
[11.792s] -- Installing: /home/ritesh/rc-car/ros2/install/rslidar_msg/include/rslidar_msg/rslidar_msg/msg/rosidl_generator_c__visibility_control.h
[11.792s] -- Installing: /home/ritesh/rc-car/ros2/install/rslidar_msg/include/rslidar_msg/rslidar_msg/msg/detail
[11.792s] -- Installing: /home/ritesh/rc-car/ros2/install/rslidar_msg/include/rslidar_msg/rslidar_msg/msg/detail/rslidar_packet__functions.c
[11.792s] -- Installing: /home/ritesh/rc-car/ros2/install/rslidar_msg/include/rslidar_msg/rslidar_msg/msg/detail/rslidar_packet__struct.h
[11.792s] -- Installing: /home/ritesh/rc-car/ros2/install/rslidar_msg/include/rslidar_msg/rslidar_msg/msg/detail/rslidar_packet__functions.h
[11.793s] -- Installing: /home/ritesh/rc-car/ros2/install/rslidar_msg/include/rslidar_msg/rslidar_msg/msg/detail/rslidar_packet__type_support.h
[11.793s] -- Installing: /home/ritesh/rc-car/ros2/install/rslidar_msg/include/rslidar_msg/rslidar_msg/msg/rslidar_packet.h
[11.793s] -- Installing: /home/ritesh/rc-car/ros2/install/rslidar_msg/share/rslidar_msg/environment/library_path.sh
[11.793s] -- Installing: /home/ritesh/rc-car/ros2/install/rslidar_msg/share/rslidar_msg/environment/library_path.dsv
[11.793s] -- Installing: /home/ritesh/rc-car/ros2/install/rslidar_msg/lib/librslidar_msg__rosidl_generator_c.so
[11.794s] -- Set runtime path of "/home/ritesh/rc-car/ros2/install/rslidar_msg/lib/librslidar_msg__rosidl_generator_c.so" to ""
[11.794s] -- Up-to-date: /home/ritesh/rc-car/ros2/install/rslidar_msg/include/rslidar_msg/rslidar_msg
[11.794s] -- Up-to-date: /home/ritesh/rc-car/ros2/install/rslidar_msg/include/rslidar_msg/rslidar_msg/msg
[11.794s] -- Installing: /home/ritesh/rc-car/ros2/install/rslidar_msg/include/rslidar_msg/rslidar_msg/msg/rosidl_typesupport_fastrtps_c__visibility_control.h
[11.794s] -- Up-to-date: /home/ritesh/rc-car/ros2/install/rslidar_msg/include/rslidar_msg/rslidar_msg/msg/detail
[11.794s] -- Installing: /home/ritesh/rc-car/ros2/install/rslidar_msg/include/rslidar_msg/rslidar_msg/msg/detail/rslidar_packet__rosidl_typesupport_fastrtps_c.h
[11.794s] -- Installing: /home/ritesh/rc-car/ros2/install/rslidar_msg/lib/librslidar_msg__rosidl_typesupport_fastrtps_c.so
[11.795s] -- Set runtime path of "/home/ritesh/rc-car/ros2/install/rslidar_msg/lib/librslidar_msg__rosidl_typesupport_fastrtps_c.so" to ""
[11.795s] -- Up-to-date: /home/ritesh/rc-car/ros2/install/rslidar_msg/include/rslidar_msg/rslidar_msg
[11.795s] -- Up-to-date: /home/ritesh/rc-car/ros2/install/rslidar_msg/include/rslidar_msg/rslidar_msg/msg
[11.795s] -- Installing: /home/ritesh/rc-car/ros2/install/rslidar_msg/include/rslidar_msg/rslidar_msg/msg/rslidar_packet.hpp
[11.795s] -- Up-to-date: /home/ritesh/rc-car/ros2/install/rslidar_msg/include/rslidar_msg/rslidar_msg/msg/detail
[11.795s] -- Installing: /home/ritesh/rc-car/ros2/install/rslidar_msg/include/rslidar_msg/rslidar_msg/msg/detail/rslidar_packet__traits.hpp
[11.796s] -- Installing: /home/ritesh/rc-car/ros2/install/rslidar_msg/include/rslidar_msg/rslidar_msg/msg/detail/rslidar_packet__struct.hpp
[11.796s] -- Installing: /home/ritesh/rc-car/ros2/install/rslidar_msg/include/rslidar_msg/rslidar_msg/msg/detail/rslidar_packet__builder.hpp
[11.796s] -- Up-to-date: /home/ritesh/rc-car/ros2/install/rslidar_msg/include/rslidar_msg/rslidar_msg
[11.796s] -- Up-to-date: /home/ritesh/rc-car/ros2/install/rslidar_msg/include/rslidar_msg/rslidar_msg/msg
[11.796s] -- Installing: /home/ritesh/rc-car/ros2/install/rslidar_msg/include/rslidar_msg/rslidar_msg/msg/rosidl_typesupport_fastrtps_cpp__visibility_control.h
[11.796s] -- Up-to-date: /home/ritesh/rc-car/ros2/install/rslidar_msg/include/rslidar_msg/rslidar_msg/msg/detail
[11.796s] -- Installing: /home/ritesh/rc-car/ros2/install/rslidar_msg/include/rslidar_msg/rslidar_msg/msg/detail/rslidar_packet__rosidl_typesupport_fastrtps_cpp.hpp
[11.796s] -- Installing: /home/ritesh/rc-car/ros2/install/rslidar_msg/include/rslidar_msg/rslidar_msg/msg/detail/dds_fastrtps
[11.801s] -- Installing: /home/ritesh/rc-car/ros2/install/rslidar_msg/lib/librslidar_msg__rosidl_typesupport_fastrtps_cpp.so
[11.801s] -- Set runtime path of "/home/ritesh/rc-car/ros2/install/rslidar_msg/lib/librslidar_msg__rosidl_typesupport_fastrtps_cpp.so" to ""
[11.802s] -- Up-to-date: /home/ritesh/rc-car/ros2/install/rslidar_msg/include/rslidar_msg/rslidar_msg
[11.802s] -- Up-to-date: /home/ritesh/rc-car/ros2/install/rslidar_msg/include/rslidar_msg/rslidar_msg/msg
[11.802s] -- Installing: /home/ritesh/rc-car/ros2/install/rslidar_msg/include/rslidar_msg/rslidar_msg/msg/rosidl_typesupport_introspection_c__visibility_control.h
[11.802s] -- Up-to-date: /home/ritesh/rc-car/ros2/install/rslidar_msg/include/rslidar_msg/rslidar_msg/msg/detail
[11.802s] -- Installing: /home/ritesh/rc-car/ros2/install/rslidar_msg/include/rslidar_msg/rslidar_msg/msg/detail/rslidar_packet__type_support.c
[11.807s] -- Installing: /home/ritesh/rc-car/ros2/install/rslidar_msg/include/rslidar_msg/rslidar_msg/msg/detail/rslidar_packet__rosidl_typesupport_introspection_c.h
[11.808s] -- Installing: /home/ritesh/rc-car/ros2/install/rslidar_msg/lib/librslidar_msg__rosidl_typesupport_introspection_c.so
[11.808s] -- Set runtime path of "/home/ritesh/rc-car/ros2/install/rslidar_msg/lib/librslidar_msg__rosidl_typesupport_introspection_c.so" to ""
[11.808s] -- Installing: /home/ritesh/rc-car/ros2/install/rslidar_msg/lib/librslidar_msg__rosidl_typesupport_c.so
[11.808s] -- Set runtime path of "/home/ritesh/rc-car/ros2/install/rslidar_msg/lib/librslidar_msg__rosidl_typesupport_c.so" to ""
[11.808s] -- Up-to-date: /home/ritesh/rc-car/ros2/install/rslidar_msg/include/rslidar_msg/rslidar_msg
[11.808s] -- Up-to-date: /home/ritesh/rc-car/ros2/install/rslidar_msg/include/rslidar_msg/rslidar_msg/msg
[11.808s] -- Up-to-date: /home/ritesh/rc-car/ros2/install/rslidar_msg/include/rslidar_msg/rslidar_msg/msg/detail
[11.808s] -- Installing: /home/ritesh/rc-car/ros2/install/rslidar_msg/include/rslidar_msg/rslidar_msg/msg/detail/rslidar_packet__type_support.cpp
[11.808s] -- Installing: /home/ritesh/rc-car/ros2/install/rslidar_msg/include/rslidar_msg/rslidar_msg/msg/detail/rslidar_packet__rosidl_typesupport_introspection_cpp.hpp
[11.808s] -- Installing: /home/ritesh/rc-car/ros2/install/rslidar_msg/lib/librslidar_msg__rosidl_typesupport_introspection_cpp.so
[11.808s] -- Set runtime path of "/home/ritesh/rc-car/ros2/install/rslidar_msg/lib/librslidar_msg__rosidl_typesupport_introspection_cpp.so" to ""
[11.809s] -- Installing: /home/ritesh/rc-car/ros2/install/rslidar_msg/lib/librslidar_msg__rosidl_typesupport_cpp.so
[11.810s] -- Set runtime path of "/home/ritesh/rc-car/ros2/install/rslidar_msg/lib/librslidar_msg__rosidl_typesupport_cpp.so" to ""
[11.810s] -- Installing: /home/ritesh/rc-car/ros2/install/rslidar_msg/share/rslidar_msg/environment/pythonpath.sh
[11.810s] -- Installing: /home/ritesh/rc-car/ros2/install/rslidar_msg/share/rslidar_msg/environment/pythonpath.dsv
[11.811s] -- Installing: /home/ritesh/rc-car/ros2/install/rslidar_msg/local/lib/python3.10/dist-packages/rslidar_msg-0.0.0-py3.10.egg-info
[11.820s] -- Installing: /home/ritesh/rc-car/ros2/install/rslidar_msg/local/lib/python3.10/dist-packages/rslidar_msg-0.0.0-py3.10.egg-info/SOURCES.txt
[11.821s] -- Installing: /home/ritesh/rc-car/ros2/install/rslidar_msg/local/lib/python3.10/dist-packages/rslidar_msg-0.0.0-py3.10.egg-info/top_level.txt
[11.821s] -- Installing: /home/ritesh/rc-car/ros2/install/rslidar_msg/local/lib/python3.10/dist-packages/rslidar_msg-0.0.0-py3.10.egg-info/dependency_links.txt
[11.821s] -- Installing: /home/ritesh/rc-car/ros2/install/rslidar_msg/local/lib/python3.10/dist-packages/rslidar_msg-0.0.0-py3.10.egg-info/PKG-INFO
[11.821s] -- Installing: /home/ritesh/rc-car/ros2/install/rslidar_msg/local/lib/python3.10/dist-packages/rslidar_msg
[11.821s] -- Installing: /home/ritesh/rc-car/ros2/install/rslidar_msg/local/lib/python3.10/dist-packages/rslidar_msg/msg
[11.821s] -- Installing: /home/ritesh/rc-car/ros2/install/rslidar_msg/local/lib/python3.10/dist-packages/rslidar_msg/msg/_rslidar_packet.py
[11.821s] -- Installing: /home/ritesh/rc-car/ros2/install/rslidar_msg/local/lib/python3.10/dist-packages/rslidar_msg/msg/__init__.py
[11.821s] -- Installing: /home/ritesh/rc-car/ros2/install/rslidar_msg/local/lib/python3.10/dist-packages/rslidar_msg/msg/_rslidar_packet_s.c
[11.821s] -- Installing: /home/ritesh/rc-car/ros2/install/rslidar_msg/local/lib/python3.10/dist-packages/rslidar_msg/_rslidar_msg_s.ep.rosidl_typesupport_introspection_c.c
[11.821s] -- Installing: /home/ritesh/rc-car/ros2/install/rslidar_msg/local/lib/python3.10/dist-packages/rslidar_msg/__init__.py
[11.821s] -- Installing: /home/ritesh/rc-car/ros2/install/rslidar_msg/local/lib/python3.10/dist-packages/rslidar_msg/rslidar_msg_s__rosidl_typesupport_introspection_c.cpython-310-x86_64-linux-gnu.so
[11.821s] -- Installing: /home/ritesh/rc-car/ros2/install/rslidar_msg/local/lib/python3.10/dist-packages/rslidar_msg/rslidar_msg_s__rosidl_typesupport_c.cpython-310-x86_64-linux-gnu.so
[11.821s] -- Installing: /home/ritesh/rc-car/ros2/install/rslidar_msg/local/lib/python3.10/dist-packages/rslidar_msg/librslidar_msg__rosidl_generator_py.so
[11.821s] -- Installing: /home/ritesh/rc-car/ros2/install/rslidar_msg/local/lib/python3.10/dist-packages/rslidar_msg/_rslidar_msg_s.ep.rosidl_typesupport_c.c
[11.821s] -- Installing: /home/ritesh/rc-car/ros2/install/rslidar_msg/local/lib/python3.10/dist-packages/rslidar_msg/_rslidar_msg_s.ep.rosidl_typesupport_fastrtps_c.c
[11.822s] -- Installing: /home/ritesh/rc-car/ros2/install/rslidar_msg/local/lib/python3.10/dist-packages/rslidar_msg/rslidar_msg_s__rosidl_typesupport_fastrtps_c.cpython-310-x86_64-linux-gnu.so
[11.878s] Listing '/home/ritesh/rc-car/ros2/install/rslidar_msg/local/lib/python3.10/dist-packages/rslidar_msg'...
[11.878s] Compiling '/home/ritesh/rc-car/ros2/install/rslidar_msg/local/lib/python3.10/dist-packages/rslidar_msg/__init__.py'...
[11.878s] Listing '/home/ritesh/rc-car/ros2/install/rslidar_msg/local/lib/python3.10/dist-packages/rslidar_msg/msg'...
[11.879s] Compiling '/home/ritesh/rc-car/ros2/install/rslidar_msg/local/lib/python3.10/dist-packages/rslidar_msg/msg/__init__.py'...
[11.879s] Compiling '/home/ritesh/rc-car/ros2/install/rslidar_msg/local/lib/python3.10/dist-packages/rslidar_msg/msg/_rslidar_packet.py'...
[11.888s] -- Installing: /home/ritesh/rc-car/ros2/install/rslidar_msg/local/lib/python3.10/dist-packages/rslidar_msg/rslidar_msg_s__rosidl_typesupport_fastrtps_c.cpython-310-x86_64-linux-gnu.so
[11.888s] -- Set runtime path of "/home/ritesh/rc-car/ros2/install/rslidar_msg/local/lib/python3.10/dist-packages/rslidar_msg/rslidar_msg_s__rosidl_typesupport_fastrtps_c.cpython-310-x86_64-linux-gnu.so" to ""
[11.888s] -- Installing: /home/ritesh/rc-car/ros2/install/rslidar_msg/local/lib/python3.10/dist-packages/rslidar_msg/rslidar_msg_s__rosidl_typesupport_introspection_c.cpython-310-x86_64-linux-gnu.so
[11.889s] -- Set runtime path of "/home/ritesh/rc-car/ros2/install/rslidar_msg/local/lib/python3.10/dist-packages/rslidar_msg/rslidar_msg_s__rosidl_typesupport_introspection_c.cpython-310-x86_64-linux-gnu.so" to ""
[11.889s] -- Installing: /home/ritesh/rc-car/ros2/install/rslidar_msg/local/lib/python3.10/dist-packages/rslidar_msg/rslidar_msg_s__rosidl_typesupport_c.cpython-310-x86_64-linux-gnu.so
[11.890s] -- Set runtime path of "/home/ritesh/rc-car/ros2/install/rslidar_msg/local/lib/python3.10/dist-packages/rslidar_msg/rslidar_msg_s__rosidl_typesupport_c.cpython-310-x86_64-linux-gnu.so" to ""
[11.890s] -- Installing: /home/ritesh/rc-car/ros2/install/rslidar_msg/lib/librslidar_msg__rosidl_generator_py.so
[11.896s] -- Set runtime path of "/home/ritesh/rc-car/ros2/install/rslidar_msg/lib/librslidar_msg__rosidl_generator_py.so" to ""
[11.896s] -- Installing: /home/ritesh/rc-car/ros2/install/rslidar_msg/share/rslidar_msg/msg/RslidarPacket.idl
[11.896s] -- Installing: /home/ritesh/rc-car/ros2/install/rslidar_msg/share/rslidar_msg/msg/RslidarPacket.msg
[11.897s] -- Installing: /home/ritesh/rc-car/ros2/install/rslidar_msg/share/ament_index/resource_index/package_run_dependencies/rslidar_msg
[11.897s] -- Installing: /home/ritesh/rc-car/ros2/install/rslidar_msg/share/ament_index/resource_index/parent_prefix_path/rslidar_msg
[11.897s] -- Installing: /home/ritesh/rc-car/ros2/install/rslidar_msg/share/rslidar_msg/environment/ament_prefix_path.sh
[11.897s] -- Installing: /home/ritesh/rc-car/ros2/install/rslidar_msg/share/rslidar_msg/environment/ament_prefix_path.dsv
[11.897s] -- Installing: /home/ritesh/rc-car/ros2/install/rslidar_msg/share/rslidar_msg/environment/path.sh
[11.897s] -- Installing: /home/ritesh/rc-car/ros2/install/rslidar_msg/share/rslidar_msg/environment/path.dsv
[11.897s] -- Installing: /home/ritesh/rc-car/ros2/install/rslidar_msg/share/rslidar_msg/local_setup.bash
[11.897s] -- Installing: /home/ritesh/rc-car/ros2/install/rslidar_msg/share/rslidar_msg/local_setup.sh
[11.897s] -- Installing: /home/ritesh/rc-car/ros2/install/rslidar_msg/share/rslidar_msg/local_setup.zsh
[11.897s] -- Installing: /home/ritesh/rc-car/ros2/install/rslidar_msg/share/rslidar_msg/local_setup.dsv
[11.897s] -- Installing: /home/ritesh/rc-car/ros2/install/rslidar_msg/share/rslidar_msg/package.dsv
[11.897s] -- Installing: /home/ritesh/rc-car/ros2/install/rslidar_msg/share/ament_index/resource_index/packages/rslidar_msg
[11.897s] -- Installing: /home/ritesh/rc-car/ros2/install/rslidar_msg/share/rslidar_msg/cmake/export_rslidar_msg__rosidl_generator_cExport.cmake
[11.899s] -- Installing: /home/ritesh/rc-car/ros2/install/rslidar_msg/share/rslidar_msg/cmake/export_rslidar_msg__rosidl_generator_cExport-noconfig.cmake
[11.899s] -- Installing: /home/ritesh/rc-car/ros2/install/rslidar_msg/share/rslidar_msg/cmake/export_rslidar_msg__rosidl_typesupport_fastrtps_cExport.cmake
[11.899s] -- Installing: /home/ritesh/rc-car/ros2/install/rslidar_msg/share/rslidar_msg/cmake/export_rslidar_msg__rosidl_typesupport_fastrtps_cExport-noconfig.cmake
[11.900s] -- Installing: /home/ritesh/rc-car/ros2/install/rslidar_msg/share/rslidar_msg/cmake/export_rslidar_msg__rosidl_generator_cppExport.cmake
[11.904s] -- Installing: /home/ritesh/rc-car/ros2/install/rslidar_msg/share/rslidar_msg/cmake/export_rslidar_msg__rosidl_typesupport_fastrtps_cppExport.cmake
[11.904s] -- Installing: /home/ritesh/rc-car/ros2/install/rslidar_msg/share/rslidar_msg/cmake/export_rslidar_msg__rosidl_typesupport_fastrtps_cppExport-noconfig.cmake
[11.904s] -- Installing: /home/ritesh/rc-car/ros2/install/rslidar_msg/share/rslidar_msg/cmake/rslidar_msg__rosidl_typesupport_introspection_cExport.cmake
[11.906s] -- Installing: /home/ritesh/rc-car/ros2/install/rslidar_msg/share/rslidar_msg/cmake/rslidar_msg__rosidl_typesupport_introspection_cExport-noconfig.cmake
[11.908s] -- Installing: /home/ritesh/rc-car/ros2/install/rslidar_msg/share/rslidar_msg/cmake/rslidar_msg__rosidl_typesupport_cExport.cmake
[11.908s] -- Installing: /home/ritesh/rc-car/ros2/install/rslidar_msg/share/rslidar_msg/cmake/rslidar_msg__rosidl_typesupport_cExport-noconfig.cmake
[11.908s] -- Installing: /home/ritesh/rc-car/ros2/install/rslidar_msg/share/rslidar_msg/cmake/rslidar_msg__rosidl_typesupport_introspection_cppExport.cmake
[11.908s] -- Installing: /home/ritesh/rc-car/ros2/install/rslidar_msg/share/rslidar_msg/cmake/rslidar_msg__rosidl_typesupport_introspection_cppExport-noconfig.cmake
[11.908s] -- Installing: /home/ritesh/rc-car/ros2/install/rslidar_msg/share/rslidar_msg/cmake/rslidar_msg__rosidl_typesupport_cppExport.cmake
[11.908s] -- Installing: /home/ritesh/rc-car/ros2/install/rslidar_msg/share/rslidar_msg/cmake/rslidar_msg__rosidl_typesupport_cppExport-noconfig.cmake
[11.908s] -- Installing: /home/ritesh/rc-car/ros2/install/rslidar_msg/share/rslidar_msg/cmake/export_rslidar_msg__rosidl_generator_pyExport.cmake
[11.908s] -- Installing: /home/ritesh/rc-car/ros2/install/rslidar_msg/share/rslidar_msg/cmake/export_rslidar_msg__rosidl_generator_pyExport-noconfig.cmake
[11.909s] -- Installing: /home/ritesh/rc-car/ros2/install/rslidar_msg/share/rslidar_msg/cmake/rosidl_cmake-extras.cmake
[11.909s] -- Installing: /home/ritesh/rc-car/ros2/install/rslidar_msg/share/rslidar_msg/cmake/ament_cmake_export_dependencies-extras.cmake
[11.918s] -- Installing: /home/ritesh/rc-car/ros2/install/rslidar_msg/share/rslidar_msg/cmake/ament_cmake_export_include_directories-extras.cmake
[11.918s] -- Installing: /home/ritesh/rc-car/ros2/install/rslidar_msg/share/rslidar_msg/cmake/ament_cmake_export_libraries-extras.cmake
[11.919s] -- Installing: /home/ritesh/rc-car/ros2/install/rslidar_msg/share/rslidar_msg/cmake/ament_cmake_export_targets-extras.cmake
[11.919s] -- Installing: /home/ritesh/rc-car/ros2/install/rslidar_msg/share/rslidar_msg/cmake/rosidl_cmake_export_typesupport_targets-extras.cmake
[11.919s] -- Installing: /home/ritesh/rc-car/ros2/install/rslidar_msg/share/rslidar_msg/cmake/rosidl_cmake_export_typesupport_libraries-extras.cmake
[11.919s] -- Installing: /home/ritesh/rc-car/ros2/install/rslidar_msg/share/rslidar_msg/cmake/rslidar_msgConfig.cmake
[11.919s] -- Installing: /home/ritesh/rc-car/ros2/install/rslidar_msg/share/rslidar_msg/cmake/rslidar_msgConfig-version.cmake
[11.919s] -- Installing: /home/ritesh/rc-car/ros2/install/rslidar_msg/share/rslidar_msg/package.xml
[11.923s] Invoked command in '/home/ritesh/rc-car/ros2/build/rslidar_msg' returned '0': CMAKE_PREFIX_PATH=/opt/ros/humble /usr/bin/cmake --install /home/ritesh/rc-car/ros2/build/rslidar_msg
