[0.805s] Invoking command in '/home/ritesh/rc-car/ros2ws/read_data': PYTHONPATH=/home/ritesh/rc-car/ros2ws/build/read_data/prefix_override:/usr/local/lib/python3.10/dist-packages/colcon_core/task/python/colcon_distutils_commands:/home/ritesh/rc-car/ros2ws/install/read_data/lib/python3.10/site-packages:${PYTHONPATH} /usr/bin/python3 -W ignore:setup.py install is deprecated setup.py egg_info --egg-base ../build/read_data build --build-base /home/ritesh/rc-car/ros2ws/build/read_data/build install --record /home/ritesh/rc-car/ros2ws/build/read_data/install.log --single-version-externally-managed install_data
[1.019s] running egg_info
[1.020s] writing ../build/read_data/read_data.egg-info/PKG-INFO
[1.020s] writing dependency_links to ../build/read_data/read_data.egg-info/dependency_links.txt
[1.020s] writing entry points to ../build/read_data/read_data.egg-info/entry_points.txt
[1.020s] writing requirements to ../build/read_data/read_data.egg-info/requires.txt
[1.021s] writing top-level names to ../build/read_data/read_data.egg-info/top_level.txt
[1.022s] reading manifest file '../build/read_data/read_data.egg-info/SOURCES.txt'
[1.023s] writing manifest file '../build/read_data/read_data.egg-info/SOURCES.txt'
[1.023s] running build
[1.023s] running build_py
[1.023s] running install
[1.024s] running install_lib
[1.025s] running install_data
[1.025s] running install_egg_info
[1.027s] removing '/home/ritesh/rc-car/ros2ws/install/read_data/lib/python3.10/site-packages/read_data-0.0.0-py3.10.egg-info' (and everything under it)
[1.027s] Copying ../build/read_data/read_data.egg-info to /home/ritesh/rc-car/ros2ws/install/read_data/lib/python3.10/site-packages/read_data-0.0.0-py3.10.egg-info
[1.028s] running install_scripts
[1.050s] Installing read_imu script to /home/ritesh/rc-car/ros2ws/install/read_data/lib/read_data
[1.051s] Installing read_wheelspeed script to /home/ritesh/rc-car/ros2ws/install/read_data/lib/read_data
[1.051s] writing list of installed files to '/home/ritesh/rc-car/ros2ws/build/read_data/install.log'
[1.077s] Invoked command in '/home/ritesh/rc-car/ros2ws/read_data' returned '0': PYTHONPATH=/home/ritesh/rc-car/ros2ws/build/read_data/prefix_override:/usr/local/lib/python3.10/dist-packages/colcon_core/task/python/colcon_distutils_commands:/home/ritesh/rc-car/ros2ws/install/read_data/lib/python3.10/site-packages:${PYTHONPATH} /usr/bin/python3 -W ignore:setup.py install is deprecated setup.py egg_info --egg-base ../build/read_data build --build-base /home/ritesh/rc-car/ros2ws/build/read_data/build install --record /home/ritesh/rc-car/ros2ws/build/read_data/install.log --single-version-externally-managed install_data
