[0.671s] Invoking command in '/home/ritesh/rc-car/ros2_ws/src/my_robot_controller': PYTHONPATH=/home/ritesh/rc-car/ros2_ws/build/my_robot_controller/prefix_override:/usr/local/lib/python3.10/dist-packages/colcon_core/task/python/colcon_distutils_commands:/home/ritesh/rc-car/ros2_ws/install/my_robot_controller/lib/python3.10/site-packages:${PYTHONPATH} /usr/bin/python3 -W ignore:setup.py install is deprecated setup.py egg_info --egg-base ../../build/my_robot_controller build --build-base /home/ritesh/rc-car/ros2_ws/build/my_robot_controller/build install --record /home/ritesh/rc-car/ros2_ws/build/my_robot_controller/install.log --single-version-externally-managed install_data
[0.835s] running egg_info
[0.836s] creating ../../build/my_robot_controller/my_robot_controller.egg-info
[0.836s] writing ../../build/my_robot_controller/my_robot_controller.egg-info/PKG-INFO
[0.836s] writing dependency_links to ../../build/my_robot_controller/my_robot_controller.egg-info/dependency_links.txt
[0.836s] writing entry points to ../../build/my_robot_controller/my_robot_controller.egg-info/entry_points.txt
[0.836s] writing requirements to ../../build/my_robot_controller/my_robot_controller.egg-info/requires.txt
[0.836s] writing top-level names to ../../build/my_robot_controller/my_robot_controller.egg-info/top_level.txt
[0.836s] writing manifest file '../../build/my_robot_controller/my_robot_controller.egg-info/SOURCES.txt'
[0.838s] reading manifest file '../../build/my_robot_controller/my_robot_controller.egg-info/SOURCES.txt'
[0.838s] writing manifest file '../../build/my_robot_controller/my_robot_controller.egg-info/SOURCES.txt'
[0.838s] running build
[0.838s] running build_py
[0.838s] creating /home/ritesh/rc-car/ros2_ws/build/my_robot_controller/build
[0.838s] creating /home/ritesh/rc-car/ros2_ws/build/my_robot_controller/build/lib
[0.839s] creating /home/ritesh/rc-car/ros2_ws/build/my_robot_controller/build/lib/my_robot_controller
[0.839s] copying my_robot_controller/__init__.py -> /home/ritesh/rc-car/ros2_ws/build/my_robot_controller/build/lib/my_robot_controller
[0.839s] running install
[0.839s] running install_lib
[0.839s] creating /home/ritesh/rc-car/ros2_ws/install/my_robot_controller/lib/python3.10/site-packages/my_robot_controller
[0.839s] copying /home/ritesh/rc-car/ros2_ws/build/my_robot_controller/build/lib/my_robot_controller/__init__.py -> /home/ritesh/rc-car/ros2_ws/install/my_robot_controller/lib/python3.10/site-packages/my_robot_controller
[0.840s] byte-compiling /home/ritesh/rc-car/ros2_ws/install/my_robot_controller/lib/python3.10/site-packages/my_robot_controller/__init__.py to __init__.cpython-310.pyc
[0.840s] running install_data
[0.840s] creating /home/ritesh/rc-car/ros2_ws/install/my_robot_controller/share/ament_index
[0.840s] creating /home/ritesh/rc-car/ros2_ws/install/my_robot_controller/share/ament_index/resource_index
[0.840s] creating /home/ritesh/rc-car/ros2_ws/install/my_robot_controller/share/ament_index/resource_index/packages
[0.840s] copying resource/my_robot_controller -> /home/ritesh/rc-car/ros2_ws/install/my_robot_controller/share/ament_index/resource_index/packages
[0.840s] copying package.xml -> /home/ritesh/rc-car/ros2_ws/install/my_robot_controller/share/my_robot_controller
[0.840s] running install_egg_info
[0.842s] Copying ../../build/my_robot_controller/my_robot_controller.egg-info to /home/ritesh/rc-car/ros2_ws/install/my_robot_controller/lib/python3.10/site-packages/my_robot_controller-0.0.0-py3.10.egg-info
[0.842s] running install_scripts
[0.858s] writing list of installed files to '/home/ritesh/rc-car/ros2_ws/build/my_robot_controller/install.log'
[0.876s] Invoked command in '/home/ritesh/rc-car/ros2_ws/src/my_robot_controller' returned '0': PYTHONPATH=/home/ritesh/rc-car/ros2_ws/build/my_robot_controller/prefix_override:/usr/local/lib/python3.10/dist-packages/colcon_core/task/python/colcon_distutils_commands:/home/ritesh/rc-car/ros2_ws/install/my_robot_controller/lib/python3.10/site-packages:${PYTHONPATH} /usr/bin/python3 -W ignore:setup.py install is deprecated setup.py egg_info --egg-base ../../build/my_robot_controller build --build-base /home/ritesh/rc-car/ros2_ws/build/my_robot_controller/build install --record /home/ritesh/rc-car/ros2_ws/build/my_robot_controller/install.log --single-version-externally-managed install_data
