running egg_info
creating ../../../build/control/control.egg-info
writing ../../../build/control/control.egg-info/PKG-INFO
writing dependency_links to ../../../build/control/control.egg-info/dependency_links.txt
writing entry points to ../../../build/control/control.egg-info/entry_points.txt
writing requirements to ../../../build/control/control.egg-info/requires.txt
writing top-level names to ../../../build/control/control.egg-info/top_level.txt
writing manifest file '../../../build/control/control.egg-info/SOURCES.txt'
reading manifest file '../../../build/control/control.egg-info/SOURCES.txt'
writing manifest file '../../../build/control/control.egg-info/SOURCES.txt'
running build
running build_py
creating /home/ritesh/rc-car/build/control/build
creating /home/ritesh/rc-car/build/control/build/lib
creating /home/ritesh/rc-car/build/control/build/lib/control
copying control/__init__.py -> /home/ritesh/rc-car/build/control/build/lib/control
copying control/give_control.py -> /home/ritesh/rc-car/build/control/build/lib/control
running install
running install_lib
creating /home/ritesh/rc-car/install/control/lib/python3.10/site-packages/control
copying /home/ritesh/rc-car/build/control/build/lib/control/__init__.py -> /home/ritesh/rc-car/install/control/lib/python3.10/site-packages/control
copying /home/ritesh/rc-car/build/control/build/lib/control/give_control.py -> /home/ritesh/rc-car/install/control/lib/python3.10/site-packages/control
byte-compiling /home/ritesh/rc-car/install/control/lib/python3.10/site-packages/control/__init__.py to __init__.cpython-310.pyc
byte-compiling /home/ritesh/rc-car/install/control/lib/python3.10/site-packages/control/give_control.py to give_control.cpython-310.pyc
running install_data
creating /home/ritesh/rc-car/install/control/share
creating /home/ritesh/rc-car/install/control/share/ament_index
creating /home/ritesh/rc-car/install/control/share/ament_index/resource_index
creating /home/ritesh/rc-car/install/control/share/ament_index/resource_index/packages
copying resource/control -> /home/ritesh/rc-car/install/control/share/ament_index/resource_index/packages
creating /home/ritesh/rc-car/install/control/share/control
copying package.xml -> /home/ritesh/rc-car/install/control/share/control
running install_egg_info
Copying ../../../build/control/control.egg-info to /home/ritesh/rc-car/install/control/lib/python3.10/site-packages/control-0.0.0-py3.10.egg-info
running install_scripts
Installing give_control script to /home/ritesh/rc-car/install/control/lib/control
writing list of installed files to '/home/ritesh/rc-car/build/control/install.log'
