[0.535s] Invoking command in '/home/ritesh/rc-car/ros2ws/src/control': PYTHONPATH=/home/ritesh/rc-car/build/control/prefix_override:/usr/local/lib/python3.10/dist-packages/colcon_core/task/python/colcon_distutils_commands:/home/ritesh/rc-car/install/control/lib/python3.10/site-packages:${PYTHONPATH} /usr/bin/python3 -W ignore:setup.py install is deprecated setup.py egg_info --egg-base ../../../build/control build --build-base /home/ritesh/rc-car/build/control/build install --record /home/ritesh/rc-car/build/control/install.log --single-version-externally-managed install_data
[0.702s] running egg_info
[0.702s] creating ../../../build/control/control.egg-info
[0.702s] writing ../../../build/control/control.egg-info/PKG-INFO
[0.702s] writing dependency_links to ../../../build/control/control.egg-info/dependency_links.txt
[0.703s] writing entry points to ../../../build/control/control.egg-info/entry_points.txt
[0.703s] writing requirements to ../../../build/control/control.egg-info/requires.txt
[0.703s] writing top-level names to ../../../build/control/control.egg-info/top_level.txt
[0.703s] writing manifest file '../../../build/control/control.egg-info/SOURCES.txt'
[0.704s] reading manifest file '../../../build/control/control.egg-info/SOURCES.txt'
[0.704s] writing manifest file '../../../build/control/control.egg-info/SOURCES.txt'
[0.705s] running build
[0.705s] running build_py
[0.705s] creating /home/ritesh/rc-car/build/control/build
[0.705s] creating /home/ritesh/rc-car/build/control/build/lib
[0.705s] creating /home/ritesh/rc-car/build/control/build/lib/control
[0.705s] copying control/__init__.py -> /home/ritesh/rc-car/build/control/build/lib/control
[0.705s] copying control/give_control.py -> /home/ritesh/rc-car/build/control/build/lib/control
[0.705s] running install
[0.705s] running install_lib
[0.706s] creating /home/ritesh/rc-car/install/control/lib/python3.10/site-packages/control
[0.706s] copying /home/ritesh/rc-car/build/control/build/lib/control/__init__.py -> /home/ritesh/rc-car/install/control/lib/python3.10/site-packages/control
[0.706s] copying /home/ritesh/rc-car/build/control/build/lib/control/give_control.py -> /home/ritesh/rc-car/install/control/lib/python3.10/site-packages/control
[0.706s] byte-compiling /home/ritesh/rc-car/install/control/lib/python3.10/site-packages/control/__init__.py to __init__.cpython-310.pyc
[0.706s] byte-compiling /home/ritesh/rc-car/install/control/lib/python3.10/site-packages/control/give_control.py to give_control.cpython-310.pyc
[0.707s] running install_data
[0.707s] creating /home/ritesh/rc-car/install/control/share
[0.707s] creating /home/ritesh/rc-car/install/control/share/ament_index
[0.707s] creating /home/ritesh/rc-car/install/control/share/ament_index/resource_index
[0.708s] creating /home/ritesh/rc-car/install/control/share/ament_index/resource_index/packages
[0.708s] copying resource/control -> /home/ritesh/rc-car/install/control/share/ament_index/resource_index/packages
[0.708s] creating /home/ritesh/rc-car/install/control/share/control
[0.708s] copying package.xml -> /home/ritesh/rc-car/install/control/share/control
[0.708s] running install_egg_info
[0.709s] Copying ../../../build/control/control.egg-info to /home/ritesh/rc-car/install/control/lib/python3.10/site-packages/control-0.0.0-py3.10.egg-info
[0.710s] running install_scripts
[0.725s] Installing give_control script to /home/ritesh/rc-car/install/control/lib/control
[0.725s] writing list of installed files to '/home/ritesh/rc-car/build/control/install.log'
[0.742s] Invoked command in '/home/ritesh/rc-car/ros2ws/src/control' returned '0': PYTHONPATH=/home/ritesh/rc-car/build/control/prefix_override:/usr/local/lib/python3.10/dist-packages/colcon_core/task/python/colcon_distutils_commands:/home/ritesh/rc-car/install/control/lib/python3.10/site-packages:${PYTHONPATH} /usr/bin/python3 -W ignore:setup.py install is deprecated setup.py egg_info --egg-base ../../../build/control build --build-base /home/ritesh/rc-car/build/control/build install --record /home/ritesh/rc-car/build/control/install.log --single-version-externally-managed install_data
