[1.888s] Invoking command in '/home/ritesh/rc-car/ros2ws/src/read_data': PYTHONPATH=/home/ritesh/rc-car/build/read_data/prefix_override:/usr/local/lib/python3.10/dist-packages/colcon_core/task/python/colcon_distutils_commands:/home/ritesh/rc-car/install/read_data/lib/python3.10/site-packages:${PYTHONPATH} /usr/bin/python3 -W ignore:setup.py install is deprecated setup.py egg_info --egg-base ../../../build/read_data build --build-base /home/ritesh/rc-car/build/read_data/build install --record /home/ritesh/rc-car/build/read_data/install.log --single-version-externally-managed install_data
[2.201s] running egg_info
[2.202s] writing ../../../build/read_data/read_data.egg-info/PKG-INFO
[2.202s] writing dependency_links to ../../../build/read_data/read_data.egg-info/dependency_links.txt
[2.202s] writing entry points to ../../../build/read_data/read_data.egg-info/entry_points.txt
[2.203s] writing requirements to ../../../build/read_data/read_data.egg-info/requires.txt
[2.203s] writing top-level names to ../../../build/read_data/read_data.egg-info/top_level.txt
[2.205s] reading manifest file '../../../build/read_data/read_data.egg-info/SOURCES.txt'
[2.206s] writing manifest file '../../../build/read_data/read_data.egg-info/SOURCES.txt'
[2.206s] running build
[2.206s] running build_py
[2.207s] running install
[2.207s] running install_lib
[2.209s] running install_data
[2.209s] running install_egg_info
[2.211s] removing '/home/ritesh/rc-car/install/read_data/lib/python3.10/site-packages/read_data-0.0.0-py3.10.egg-info' (and everything under it)
[2.212s] Copying ../../../build/read_data/read_data.egg-info to /home/ritesh/rc-car/install/read_data/lib/python3.10/site-packages/read_data-0.0.0-py3.10.egg-info
[2.212s] running install_scripts
[2.237s] Installing read_imu script to /home/ritesh/rc-car/install/read_data/lib/read_data
[2.237s] Installing read_wheelspeed script to /home/ritesh/rc-car/install/read_data/lib/read_data
[2.237s] writing list of installed files to '/home/ritesh/rc-car/build/read_data/install.log'
[2.261s] Invoked command in '/home/ritesh/rc-car/ros2ws/src/read_data' returned '0': PYTHONPATH=/home/ritesh/rc-car/build/read_data/prefix_override:/usr/local/lib/python3.10/dist-packages/colcon_core/task/python/colcon_distutils_commands:/home/ritesh/rc-car/install/read_data/lib/python3.10/site-packages:${PYTHONPATH} /usr/bin/python3 -W ignore:setup.py install is deprecated setup.py egg_info --egg-base ../../../build/read_data build --build-base /home/ritesh/rc-car/build/read_data/build install --record /home/ritesh/rc-car/build/read_data/install.log --single-version-externally-managed install_data
