[0.020s] Invoking command in '/home/ritesh/rc-car/ros2/build/rslidar_msg': CMAKE_PREFIX_PATH=/opt/ros/humble /usr/bin/cmake --build /home/ritesh/rc-car/ros2/build/rslidar_msg -- -j8 -l8
[0.302s] [  9%] Built target rslidar_msg__rosidl_generator_c
[0.306s] [ 12%] Built target rslidar_msg__cpp
[0.306s] [ 12%] Built target ament_cmake_python_copy_rslidar_msg
[0.306s] [ 22%] Built target rslidar_msg__rosidl_typesupport_introspection_c
[0.306s] [ 32%] Built target rslidar_msg__rosidl_typesupport_fastrtps_c
[0.306s] [ 41%] Built target rslidar_msg__rosidl_typesupport_cpp
[0.306s] [ 51%] Built target rslidar_msg__rosidl_typesupport_c
[0.306s] [ 61%] Built target rslidar_msg__rosidl_typesupport_fastrtps_cpp
[0.306s] [ 70%] Built target rslidar_msg__rosidl_typesupport_introspection_cpp
[0.307s] [ 70%] Built target rslidar_msg
[0.307s] [ 74%] Built target rslidar_msg__py
[0.307s] [ 80%] Built target rslidar_msg__rosidl_generator_py
[0.314s] [ 87%] Built target rslidar_msg__rosidl_typesupport_c__pyext
[0.320s] [ 93%] Built target rslidar_msg__rosidl_typesupport_fastrtps_c__pyext
[0.321s] [100%] Built target rslidar_msg__rosidl_typesupport_introspection_c__pyext
[0.406s] running egg_info
[0.406s] writing rslidar_msg.egg-info/PKG-INFO
[0.406s] writing dependency_links to rslidar_msg.egg-info/dependency_links.txt
[0.406s] writing top-level names to rslidar_msg.egg-info/top_level.txt
[0.406s] reading manifest file 'rslidar_msg.egg-info/SOURCES.txt'
[0.407s] writing manifest file 'rslidar_msg.egg-info/SOURCES.txt'
[0.441s] [100%] Built target ament_cmake_python_build_rslidar_msg_egg
[0.478s] Invoked command in '/home/ritesh/rc-car/ros2/build/rslidar_msg' returned '0': CMAKE_PREFIX_PATH=/opt/ros/humble /usr/bin/cmake --build /home/ritesh/rc-car/ros2/build/rslidar_msg -- -j8 -l8
[0.719s] Invoking command in '/home/ritesh/rc-car/ros2/build/rslidar_msg': CMAKE_PREFIX_PATH=/opt/ros/humble /usr/bin/cmake --install /home/ritesh/rc-car/ros2/build/rslidar_msg
[0.733s] -- Install configuration: ""
[0.733s] -- Up-to-date: /home/ritesh/rc-car/ros2/install/rslidar_msg/share/ament_index/resource_index/rosidl_interfaces/rslidar_msg
[0.734s] -- Up-to-date: /home/ritesh/rc-car/ros2/install/rslidar_msg/include/rslidar_msg/rslidar_msg
[0.734s] -- Up-to-date: /home/ritesh/rc-car/ros2/install/rslidar_msg/include/rslidar_msg/rslidar_msg/msg
[0.734s] -- Up-to-date: /home/ritesh/rc-car/ros2/install/rslidar_msg/include/rslidar_msg/rslidar_msg/msg/rosidl_generator_c__visibility_control.h
[0.735s] -- Up-to-date: /home/ritesh/rc-car/ros2/install/rslidar_msg/include/rslidar_msg/rslidar_msg/msg/detail
[0.735s] -- Up-to-date: /home/ritesh/rc-car/ros2/install/rslidar_msg/include/rslidar_msg/rslidar_msg/msg/detail/rslidar_packet__functions.c
[0.735s] -- Up-to-date: /home/ritesh/rc-car/ros2/install/rslidar_msg/include/rslidar_msg/rslidar_msg/msg/detail/rslidar_packet__struct.h
[0.735s] -- Up-to-date: /home/ritesh/rc-car/ros2/install/rslidar_msg/include/rslidar_msg/rslidar_msg/msg/detail/rslidar_packet__functions.h
[0.735s] -- Up-to-date: /home/ritesh/rc-car/ros2/install/rslidar_msg/include/rslidar_msg/rslidar_msg/msg/detail/rslidar_packet__type_support.h
[0.735s] -- Up-to-date: /home/ritesh/rc-car/ros2/install/rslidar_msg/include/rslidar_msg/rslidar_msg/msg/rslidar_packet.h
[0.735s] -- Up-to-date: /home/ritesh/rc-car/ros2/install/rslidar_msg/share/rslidar_msg/environment/library_path.sh
[0.735s] -- Up-to-date: /home/ritesh/rc-car/ros2/install/rslidar_msg/share/rslidar_msg/environment/library_path.dsv
[0.736s] -- Up-to-date: /home/ritesh/rc-car/ros2/install/rslidar_msg/lib/librslidar_msg__rosidl_generator_c.so
[0.736s] -- Up-to-date: /home/ritesh/rc-car/ros2/install/rslidar_msg/include/rslidar_msg/rslidar_msg
[0.736s] -- Up-to-date: /home/ritesh/rc-car/ros2/install/rslidar_msg/include/rslidar_msg/rslidar_msg/msg
[0.736s] -- Up-to-date: /home/ritesh/rc-car/ros2/install/rslidar_msg/include/rslidar_msg/rslidar_msg/msg/rosidl_typesupport_fastrtps_c__visibility_control.h
[0.737s] -- Up-to-date: /home/ritesh/rc-car/ros2/install/rslidar_msg/include/rslidar_msg/rslidar_msg/msg/detail
[0.737s] -- Up-to-date: /home/ritesh/rc-car/ros2/install/rslidar_msg/include/rslidar_msg/rslidar_msg/msg/detail/rslidar_packet__rosidl_typesupport_fastrtps_c.h
[0.737s] -- Up-to-date: /home/ritesh/rc-car/ros2/install/rslidar_msg/lib/librslidar_msg__rosidl_typesupport_fastrtps_c.so
[0.737s] -- Up-to-date: /home/ritesh/rc-car/ros2/install/rslidar_msg/include/rslidar_msg/rslidar_msg
[0.738s] -- Up-to-date: /home/ritesh/rc-car/ros2/install/rslidar_msg/include/rslidar_msg/rslidar_msg/msg
[0.738s] -- Up-to-date: /home/ritesh/rc-car/ros2/install/rslidar_msg/include/rslidar_msg/rslidar_msg/msg/rslidar_packet.hpp
[0.738s] -- Up-to-date: /home/ritesh/rc-car/ros2/install/rslidar_msg/include/rslidar_msg/rslidar_msg/msg/detail
[0.738s] -- Up-to-date: /home/ritesh/rc-car/ros2/install/rslidar_msg/include/rslidar_msg/rslidar_msg/msg/detail/rslidar_packet__traits.hpp
[0.738s] -- Up-to-date: /home/ritesh/rc-car/ros2/install/rslidar_msg/include/rslidar_msg/rslidar_msg/msg/detail/rslidar_packet__struct.hpp
[0.738s] -- Up-to-date: /home/ritesh/rc-car/ros2/install/rslidar_msg/include/rslidar_msg/rslidar_msg/msg/detail/rslidar_packet__builder.hpp
[0.738s] -- Up-to-date: /home/ritesh/rc-car/ros2/install/rslidar_msg/include/rslidar_msg/rslidar_msg
[0.738s] -- Up-to-date: /home/ritesh/rc-car/ros2/install/rslidar_msg/include/rslidar_msg/rslidar_msg/msg
[0.739s] -- Up-to-date: /home/ritesh/rc-car/ros2/install/rslidar_msg/include/rslidar_msg/rslidar_msg/msg/rosidl_typesupport_fastrtps_cpp__visibility_control.h
[0.739s] -- Up-to-date: /home/ritesh/rc-car/ros2/install/rslidar_msg/include/rslidar_msg/rslidar_msg/msg/detail
[0.739s] -- Up-to-date: /home/ritesh/rc-car/ros2/install/rslidar_msg/include/rslidar_msg/rslidar_msg/msg/detail/rslidar_packet__rosidl_typesupport_fastrtps_cpp.hpp
[0.739s] -- Up-to-date: /home/ritesh/rc-car/ros2/install/rslidar_msg/include/rslidar_msg/rslidar_msg/msg/detail/dds_fastrtps
[0.739s] -- Up-to-date: /home/ritesh/rc-car/ros2/install/rslidar_msg/lib/librslidar_msg__rosidl_typesupport_fastrtps_cpp.so
[0.740s] -- Up-to-date: /home/ritesh/rc-car/ros2/install/rslidar_msg/include/rslidar_msg/rslidar_msg
[0.740s] -- Up-to-date: /home/ritesh/rc-car/ros2/install/rslidar_msg/include/rslidar_msg/rslidar_msg/msg
[0.741s] -- Up-to-date: /home/ritesh/rc-car/ros2/install/rslidar_msg/include/rslidar_msg/rslidar_msg/msg/rosidl_typesupport_introspection_c__visibility_control.h
[0.741s] -- Up-to-date: /home/ritesh/rc-car/ros2/install/rslidar_msg/include/rslidar_msg/rslidar_msg/msg/detail
[0.741s] -- Up-to-date: /home/ritesh/rc-car/ros2/install/rslidar_msg/include/rslidar_msg/rslidar_msg/msg/detail/rslidar_packet__type_support.c
[0.741s] -- Up-to-date: /home/ritesh/rc-car/ros2/install/rslidar_msg/include/rslidar_msg/rslidar_msg/msg/detail/rslidar_packet__rosidl_typesupport_introspection_c.h
[0.742s] -- Up-to-date: /home/ritesh/rc-car/ros2/install/rslidar_msg/lib/librslidar_msg__rosidl_typesupport_introspection_c.so
[0.742s] -- Up-to-date: /home/ritesh/rc-car/ros2/install/rslidar_msg/lib/librslidar_msg__rosidl_typesupport_c.so
[0.742s] -- Up-to-date: /home/ritesh/rc-car/ros2/install/rslidar_msg/include/rslidar_msg/rslidar_msg
[0.742s] -- Up-to-date: /home/ritesh/rc-car/ros2/install/rslidar_msg/include/rslidar_msg/rslidar_msg/msg
[0.742s] -- Up-to-date: /home/ritesh/rc-car/ros2/install/rslidar_msg/include/rslidar_msg/rslidar_msg/msg/detail
[0.743s] -- Up-to-date: /home/ritesh/rc-car/ros2/install/rslidar_msg/include/rslidar_msg/rslidar_msg/msg/detail/rslidar_packet__type_support.cpp
[0.743s] -- Up-to-date: /home/ritesh/rc-car/ros2/install/rslidar_msg/include/rslidar_msg/rslidar_msg/msg/detail/rslidar_packet__rosidl_typesupport_introspection_cpp.hpp
[0.743s] -- Up-to-date: /home/ritesh/rc-car/ros2/install/rslidar_msg/lib/librslidar_msg__rosidl_typesupport_introspection_cpp.so
[0.743s] -- Up-to-date: /home/ritesh/rc-car/ros2/install/rslidar_msg/lib/librslidar_msg__rosidl_typesupport_cpp.so
[0.744s] -- Up-to-date: /home/ritesh/rc-car/ros2/install/rslidar_msg/share/rslidar_msg/environment/pythonpath.sh
[0.744s] -- Up-to-date: /home/ritesh/rc-car/ros2/install/rslidar_msg/share/rslidar_msg/environment/pythonpath.dsv
[0.744s] -- Up-to-date: /home/ritesh/rc-car/ros2/install/rslidar_msg/local/lib/python3.10/dist-packages/rslidar_msg-0.0.0-py3.10.egg-info
[0.744s] -- Installing: /home/ritesh/rc-car/ros2/install/rslidar_msg/local/lib/python3.10/dist-packages/rslidar_msg-0.0.0-py3.10.egg-info/SOURCES.txt
[0.744s] -- Installing: /home/ritesh/rc-car/ros2/install/rslidar_msg/local/lib/python3.10/dist-packages/rslidar_msg-0.0.0-py3.10.egg-info/top_level.txt
[0.745s] -- Installing: /home/ritesh/rc-car/ros2/install/rslidar_msg/local/lib/python3.10/dist-packages/rslidar_msg-0.0.0-py3.10.egg-info/dependency_links.txt
[0.745s] -- Installing: /home/ritesh/rc-car/ros2/install/rslidar_msg/local/lib/python3.10/dist-packages/rslidar_msg-0.0.0-py3.10.egg-info/PKG-INFO
[0.745s] -- Up-to-date: /home/ritesh/rc-car/ros2/install/rslidar_msg/local/lib/python3.10/dist-packages/rslidar_msg
[0.746s] -- Up-to-date: /home/ritesh/rc-car/ros2/install/rslidar_msg/local/lib/python3.10/dist-packages/rslidar_msg/msg
[0.746s] -- Up-to-date: /home/ritesh/rc-car/ros2/install/rslidar_msg/local/lib/python3.10/dist-packages/rslidar_msg/msg/_rslidar_packet.py
[0.746s] -- Up-to-date: /home/ritesh/rc-car/ros2/install/rslidar_msg/local/lib/python3.10/dist-packages/rslidar_msg/msg/__init__.py
[0.747s] -- Up-to-date: /home/ritesh/rc-car/ros2/install/rslidar_msg/local/lib/python3.10/dist-packages/rslidar_msg/msg/_rslidar_packet_s.c
[0.748s] -- Up-to-date: /home/ritesh/rc-car/ros2/install/rslidar_msg/local/lib/python3.10/dist-packages/rslidar_msg/_rslidar_msg_s.ep.rosidl_typesupport_introspection_c.c
[0.748s] -- Up-to-date: /home/ritesh/rc-car/ros2/install/rslidar_msg/local/lib/python3.10/dist-packages/rslidar_msg/__init__.py
[0.748s] -- Up-to-date: /home/ritesh/rc-car/ros2/install/rslidar_msg/local/lib/python3.10/dist-packages/rslidar_msg/rslidar_msg_s__rosidl_typesupport_introspection_c.cpython-310-x86_64-linux-gnu.so
[0.748s] -- Up-to-date: /home/ritesh/rc-car/ros2/install/rslidar_msg/local/lib/python3.10/dist-packages/rslidar_msg/rslidar_msg_s__rosidl_typesupport_c.cpython-310-x86_64-linux-gnu.so
[0.748s] -- Up-to-date: /home/ritesh/rc-car/ros2/install/rslidar_msg/local/lib/python3.10/dist-packages/rslidar_msg/librslidar_msg__rosidl_generator_py.so
[0.749s] -- Up-to-date: /home/ritesh/rc-car/ros2/install/rslidar_msg/local/lib/python3.10/dist-packages/rslidar_msg/_rslidar_msg_s.ep.rosidl_typesupport_c.c
[0.749s] -- Up-to-date: /home/ritesh/rc-car/ros2/install/rslidar_msg/local/lib/python3.10/dist-packages/rslidar_msg/_rslidar_msg_s.ep.rosidl_typesupport_fastrtps_c.c
[0.749s] -- Up-to-date: /home/ritesh/rc-car/ros2/install/rslidar_msg/local/lib/python3.10/dist-packages/rslidar_msg/rslidar_msg_s__rosidl_typesupport_fastrtps_c.cpython-310-x86_64-linux-gnu.so
[0.787s] Listing '/home/ritesh/rc-car/ros2/install/rslidar_msg/local/lib/python3.10/dist-packages/rslidar_msg'...
[0.788s] Listing '/home/ritesh/rc-car/ros2/install/rslidar_msg/local/lib/python3.10/dist-packages/rslidar_msg/msg'...
[0.792s] -- Up-to-date: /home/ritesh/rc-car/ros2/install/rslidar_msg/local/lib/python3.10/dist-packages/rslidar_msg/rslidar_msg_s__rosidl_typesupport_fastrtps_c.cpython-310-x86_64-linux-gnu.so
[0.794s] -- Up-to-date: /home/ritesh/rc-car/ros2/install/rslidar_msg/local/lib/python3.10/dist-packages/rslidar_msg/rslidar_msg_s__rosidl_typesupport_introspection_c.cpython-310-x86_64-linux-gnu.so
[0.795s] -- Up-to-date: /home/ritesh/rc-car/ros2/install/rslidar_msg/local/lib/python3.10/dist-packages/rslidar_msg/rslidar_msg_s__rosidl_typesupport_c.cpython-310-x86_64-linux-gnu.so
[0.796s] -- Up-to-date: /home/ritesh/rc-car/ros2/install/rslidar_msg/lib/librslidar_msg__rosidl_generator_py.so
[0.797s] -- Up-to-date: /home/ritesh/rc-car/ros2/install/rslidar_msg/share/rslidar_msg/msg/RslidarPacket.idl
[0.797s] -- Up-to-date: /home/ritesh/rc-car/ros2/install/rslidar_msg/share/rslidar_msg/msg/RslidarPacket.msg
[0.797s] -- Up-to-date: /home/ritesh/rc-car/ros2/install/rslidar_msg/share/ament_index/resource_index/package_run_dependencies/rslidar_msg
[0.798s] -- Up-to-date: /home/ritesh/rc-car/ros2/install/rslidar_msg/share/ament_index/resource_index/parent_prefix_path/rslidar_msg
[0.799s] -- Up-to-date: /home/ritesh/rc-car/ros2/install/rslidar_msg/share/rslidar_msg/environment/ament_prefix_path.sh
[0.799s] -- Up-to-date: /home/ritesh/rc-car/ros2/install/rslidar_msg/share/rslidar_msg/environment/ament_prefix_path.dsv
[0.799s] -- Up-to-date: /home/ritesh/rc-car/ros2/install/rslidar_msg/share/rslidar_msg/environment/path.sh
[0.799s] -- Up-to-date: /home/ritesh/rc-car/ros2/install/rslidar_msg/share/rslidar_msg/environment/path.dsv
[0.799s] -- Up-to-date: /home/ritesh/rc-car/ros2/install/rslidar_msg/share/rslidar_msg/local_setup.bash
[0.799s] -- Up-to-date: /home/ritesh/rc-car/ros2/install/rslidar_msg/share/rslidar_msg/local_setup.sh
[0.799s] -- Up-to-date: /home/ritesh/rc-car/ros2/install/rslidar_msg/share/rslidar_msg/local_setup.zsh
[0.799s] -- Up-to-date: /home/ritesh/rc-car/ros2/install/rslidar_msg/share/rslidar_msg/local_setup.dsv
[0.799s] -- Installing: /home/ritesh/rc-car/ros2/install/rslidar_msg/share/rslidar_msg/package.dsv
[0.802s] -- Up-to-date: /home/ritesh/rc-car/ros2/install/rslidar_msg/share/ament_index/resource_index/packages/rslidar_msg
[0.804s] -- Up-to-date: /home/ritesh/rc-car/ros2/install/rslidar_msg/share/rslidar_msg/cmake/export_rslidar_msg__rosidl_generator_cExport.cmake
[0.804s] -- Up-to-date: /home/ritesh/rc-car/ros2/install/rslidar_msg/share/rslidar_msg/cmake/export_rslidar_msg__rosidl_generator_cExport-noconfig.cmake
[0.805s] -- Up-to-date: /home/ritesh/rc-car/ros2/install/rslidar_msg/share/rslidar_msg/cmake/export_rslidar_msg__rosidl_typesupport_fastrtps_cExport.cmake
[0.805s] -- Up-to-date: /home/ritesh/rc-car/ros2/install/rslidar_msg/share/rslidar_msg/cmake/export_rslidar_msg__rosidl_typesupport_fastrtps_cExport-noconfig.cmake
[0.805s] -- Up-to-date: /home/ritesh/rc-car/ros2/install/rslidar_msg/share/rslidar_msg/cmake/export_rslidar_msg__rosidl_generator_cppExport.cmake
[0.805s] -- Up-to-date: /home/ritesh/rc-car/ros2/install/rslidar_msg/share/rslidar_msg/cmake/export_rslidar_msg__rosidl_typesupport_fastrtps_cppExport.cmake
[0.805s] -- Up-to-date: /home/ritesh/rc-car/ros2/install/rslidar_msg/share/rslidar_msg/cmake/export_rslidar_msg__rosidl_typesupport_fastrtps_cppExport-noconfig.cmake
[0.805s] -- Up-to-date: /home/ritesh/rc-car/ros2/install/rslidar_msg/share/rslidar_msg/cmake/rslidar_msg__rosidl_typesupport_introspection_cExport.cmake
[0.805s] -- Up-to-date: /home/ritesh/rc-car/ros2/install/rslidar_msg/share/rslidar_msg/cmake/rslidar_msg__rosidl_typesupport_introspection_cExport-noconfig.cmake
[0.805s] -- Up-to-date: /home/ritesh/rc-car/ros2/install/rslidar_msg/share/rslidar_msg/cmake/rslidar_msg__rosidl_typesupport_cExport.cmake
[0.805s] -- Up-to-date: /home/ritesh/rc-car/ros2/install/rslidar_msg/share/rslidar_msg/cmake/rslidar_msg__rosidl_typesupport_cExport-noconfig.cmake
[0.805s] -- Up-to-date: /home/ritesh/rc-car/ros2/install/rslidar_msg/share/rslidar_msg/cmake/rslidar_msg__rosidl_typesupport_introspection_cppExport.cmake
[0.805s] -- Up-to-date: /home/ritesh/rc-car/ros2/install/rslidar_msg/share/rslidar_msg/cmake/rslidar_msg__rosidl_typesupport_introspection_cppExport-noconfig.cmake
[0.805s] -- Up-to-date: /home/ritesh/rc-car/ros2/install/rslidar_msg/share/rslidar_msg/cmake/rslidar_msg__rosidl_typesupport_cppExport.cmake
[0.805s] -- Up-to-date: /home/ritesh/rc-car/ros2/install/rslidar_msg/share/rslidar_msg/cmake/rslidar_msg__rosidl_typesupport_cppExport-noconfig.cmake
[0.805s] -- Up-to-date: /home/ritesh/rc-car/ros2/install/rslidar_msg/share/rslidar_msg/cmake/export_rslidar_msg__rosidl_generator_pyExport.cmake
[0.805s] -- Up-to-date: /home/ritesh/rc-car/ros2/install/rslidar_msg/share/rslidar_msg/cmake/export_rslidar_msg__rosidl_generator_pyExport-noconfig.cmake
[0.805s] -- Up-to-date: /home/ritesh/rc-car/ros2/install/rslidar_msg/share/rslidar_msg/cmake/rosidl_cmake-extras.cmake
[0.805s] -- Up-to-date: /home/ritesh/rc-car/ros2/install/rslidar_msg/share/rslidar_msg/cmake/ament_cmake_export_dependencies-extras.cmake
[0.805s] -- Up-to-date: /home/ritesh/rc-car/ros2/install/rslidar_msg/share/rslidar_msg/cmake/ament_cmake_export_include_directories-extras.cmake
[0.805s] -- Up-to-date: /home/ritesh/rc-car/ros2/install/rslidar_msg/share/rslidar_msg/cmake/ament_cmake_export_libraries-extras.cmake
[0.806s] -- Up-to-date: /home/ritesh/rc-car/ros2/install/rslidar_msg/share/rslidar_msg/cmake/ament_cmake_export_targets-extras.cmake
[0.807s] -- Up-to-date: /home/ritesh/rc-car/ros2/install/rslidar_msg/share/rslidar_msg/cmake/rosidl_cmake_export_typesupport_targets-extras.cmake
[0.807s] -- Up-to-date: /home/ritesh/rc-car/ros2/install/rslidar_msg/share/rslidar_msg/cmake/rosidl_cmake_export_typesupport_libraries-extras.cmake
[0.807s] -- Up-to-date: /home/ritesh/rc-car/ros2/install/rslidar_msg/share/rslidar_msg/cmake/rslidar_msgConfig.cmake
[0.807s] -- Up-to-date: /home/ritesh/rc-car/ros2/install/rslidar_msg/share/rslidar_msg/cmake/rslidar_msgConfig-version.cmake
[0.807s] -- Up-to-date: /home/ritesh/rc-car/ros2/install/rslidar_msg/share/rslidar_msg/package.xml
[0.813s] Invoked command in '/home/ritesh/rc-car/ros2/build/rslidar_msg' returned '0': CMAKE_PREFIX_PATH=/opt/ros/humble /usr/bin/cmake --install /home/ritesh/rc-car/ros2/build/rslidar_msg
