[0.731s] Invoking command in '/home/ritesh/rc-car/ros2ws/src/control': PYTHONPATH=/home/ritesh/rc-car/ros2ws/build/control/prefix_override:/usr/local/lib/python3.10/dist-packages/colcon_core/task/python/colcon_distutils_commands:/home/ritesh/rc-car/ros2ws/install/control/lib/python3.10/site-packages:${PYTHONPATH} /usr/bin/python3 -W ignore:setup.py install is deprecated setup.py egg_info --egg-base ../../build/control build --build-base /home/ritesh/rc-car/ros2ws/build/control/build install --record /home/ritesh/rc-car/ros2ws/build/control/install.log --single-version-externally-managed install_data
[0.971s] running egg_info
[0.972s] writing ../../build/control/control.egg-info/PKG-INFO
[0.973s] writing dependency_links to ../../build/control/control.egg-info/dependency_links.txt
[0.973s] writing entry points to ../../build/control/control.egg-info/entry_points.txt
[0.973s] writing requirements to ../../build/control/control.egg-info/requires.txt
[0.974s] writing top-level names to ../../build/control/control.egg-info/top_level.txt
[0.975s] reading manifest file '../../build/control/control.egg-info/SOURCES.txt'
[0.976s] writing manifest file '../../build/control/control.egg-info/SOURCES.txt'
[0.978s] running build
[0.978s] running build_py
[0.981s] running install
[0.981s] running install_lib
[0.981s] running install_data
[0.981s] running install_egg_info
[0.982s] removing '/home/ritesh/rc-car/ros2ws/install/control/lib/python3.10/site-packages/control-0.0.0-py3.10.egg-info' (and everything under it)
[0.983s] Copying ../../build/control/control.egg-info to /home/ritesh/rc-car/ros2ws/install/control/lib/python3.10/site-packages/control-0.0.0-py3.10.egg-info
[0.986s] running install_scripts
[1.010s] Installing give_control script to /home/ritesh/rc-car/ros2ws/install/control/lib/control
[1.011s] writing list of installed files to '/home/ritesh/rc-car/ros2ws/build/control/install.log'
[1.033s] Invoked command in '/home/ritesh/rc-car/ros2ws/src/control' returned '0': PYTHONPATH=/home/ritesh/rc-car/ros2ws/build/control/prefix_override:/usr/local/lib/python3.10/dist-packages/colcon_core/task/python/colcon_distutils_commands:/home/ritesh/rc-car/ros2ws/install/control/lib/python3.10/site-packages:${PYTHONPATH} /usr/bin/python3 -W ignore:setup.py install is deprecated setup.py egg_info --egg-base ../../build/control build --build-base /home/ritesh/rc-car/ros2ws/build/control/build install --record /home/ritesh/rc-car/ros2ws/build/control/install.log --single-version-externally-managed install_data
