-- The C compiler identification is GNU 11.4.0
-- The CXX compiler identification is GNU 11.4.0
-- Detecting C compiler ABI info
-- Detecting C compiler ABI info - done
-- Check for working C compiler: /usr/bin/cc - skipped
-- Detecting C compile features
-- Detecting C compile features - done
-- Detecting CXX compiler ABI info
-- Detecting CXX compiler ABI info - done
-- Check for working CXX compiler: /usr/bin/c++ - skipped
-- Detecting CXX compile features
-- Detecting CXX compile features - done
-- Checking C compiler flag -std=gnu99
-- Performing Test std-gnu99
-- Performing Test std-gnu99 - Success
-- Use DYNAMIC runtime
-- Looking for inttypes.h
-- Looking for inttypes.h - found
-- Looking for stdint.h
-- Looking for stdint.h - found
-- Looking for unistd.h
-- Looking for unistd.h - found
-- Looking for bitypes.h
-- Looking for bitypes.h - not found
-- Looking for sys/ioccom.h
-- Looking for sys/ioccom.h - not found
-- Looking for sys/sockio.h
-- Looking for sys/sockio.h - not found
-- Looking for sys/select.h
-- Looking for sys/select.h - found
-- Looking for netpacket/packet.h
-- Looking for netpacket/packet.h - found
-- Looking for 4 include files sys/types.h, ..., net/pfvar.h
-- Looking for 4 include files sys/types.h, ..., net/pfvar.h - not found
-- Looking for netinet/if_ether.h
-- Looking for netinet/if_ether.h - found
-- Performing Test HAVE___ATOMIC_LOAD_N
-- Performing Test HAVE___ATOMIC_LOAD_N - Success
-- Performing Test HAVE___ATOMIC_STORE_N
-- Performing Test HAVE___ATOMIC_STORE_N - Success
-- Looking for strerror
-- Looking for strerror - found
-- Looking for strerror_r
-- Looking for strerror_r - found
-- Performing Test HAVE_GNU_STRERROR_R
-- Performing Test HAVE_GNU_STRERROR_R - Success
-- Looking for vsnprintf
-- Looking for vsnprintf - found
-- Looking for snprintf
-- Looking for snprintf - found
-- Looking for strlcpy
-- Looking for strlcpy - not found
-- Looking for strlcat
-- Looking for strlcat - not found
-- Looking for asprintf
-- Looking for asprintf - found
-- Looking for vasprintf
-- Looking for vasprintf - found
-- Looking for strtok_r
-- Looking for strtok_r - found
-- Looking for vsyslog
-- Looking for vsyslog - found
-- Looking for getaddrinfo
-- Looking for getaddrinfo - found
-- Looking for putmsg
-- Looking for putmsg - not found
-- Looking for putmsg in str
-- Looking for putmsg in str - not found
-- Looking for getnetbyname_r
-- Looking for getnetbyname_r - found
-- Performing Test HAVE_LINUX_GETNETBYNAME_R
-- Performing Test HAVE_LINUX_GETNETBYNAME_R - Success
-- Looking for getprotobyname_r
-- Looking for getprotobyname_r - found
-- Performing Test HAVE_LINUX_GETPROTOBYNAME_R
-- Performing Test HAVE_LINUX_GETPROTOBYNAME_R - Success
-- Looking for sys/types.h
-- Looking for sys/types.h - found
-- Looking for stddef.h
-- Looking for stddef.h - found
-- Check size of struct sockaddr_storage
-- Check size of struct sockaddr_storage - done
-- Check size of socklen_t
-- Check size of socklen_t - done
-- Performing Test HAVE_STRUCT_SOCKADDR_SA_LEN
-- Performing Test HAVE_STRUCT_SOCKADDR_SA_LEN - Failed
-- Looking for ffs
-- Looking for ffs - found
-- Looking for ffs
-- Looking for ffs - found
-- Looking for ether_hostton
-- Looking for ether_hostton - found
-- Looking for ether_hostton
-- Looking for ether_hostton - not found
-- Looking for ether_hostton
-- Looking for ether_hostton - found
-- Looking for native LFS support
-- Looking for native LFS support - found
-- Found LFS: TRUE  
-- Looking for native fseeko support
-- Looking for native fseeko support - found
-- Found FSEEKO: TRUE  
-- Support IPv6
-- Looking for pthread.h
-- Looking for pthread.h - found
-- Performing Test CMAKE_HAVE_LIBC_PTHREAD
-- Performing Test CMAKE_HAVE_LIBC_PTHREAD - Success
-- Found Threads: TRUE  
-- Found OpenSSL: /usr/lib/x86_64-linux-gnu/libcrypto.so (found version "3.0.2")  
-- Looking for include files sys/types.h, net/bpf.h
-- Looking for include files sys/types.h, net/bpf.h - not found
-- Looking for net/pfilt.h
-- Looking for net/pfilt.h - not found
-- Looking for net/enet.h
-- Looking for net/enet.h - not found
-- Looking for net/nit.h
-- Looking for net/nit.h - not found
-- Looking for sys/net/nit.h
-- Looking for sys/net/nit.h - not found
-- Looking for linux/socket.h
-- Looking for linux/socket.h - found
-- Looking for net/raw.h
-- Looking for net/raw.h - not found
-- Looking for sys/dlpi.h
-- Looking for sys/dlpi.h - not found
-- Looking for config/HaikuConfig.h
-- Looking for config/HaikuConfig.h - not found
-- Packet capture mechanism type: linux
-- Looking for include files sys/socket.h, linux/wireless.h
-- Looking for include files sys/socket.h, linux/wireless.h - found
-- Checking for module 'libnl-3.0'
--   Found libnl-3.0, version 3.5.0
-- Performing Test HAVE_STRUCT_TPACKET_AUXDATA_TP_VLAN_TCI
-- Performing Test HAVE_STRUCT_TPACKET_AUXDATA_TP_VLAN_TCI - Success
-- Looking for getifaddrs
-- Looking for getifaddrs - found
-- Looking for include files sys/types.h, ifaddrs.h
-- Looking for include files sys/types.h, ifaddrs.h - found
-- Find-interfaces mechanism type: getad
-- Looking for linux/net_tstamp.h
-- Looking for linux/net_tstamp.h - found
-- Looking for include file linux/compiler.h
-- Looking for include file linux/compiler.h - not found
-- Looking for include file linux/usbdevice_fs.h
-- Looking for include file linux/usbdevice_fs.h - found
-- Performing Test HAVE_STRUCT_USBDEVFS_CTRLTRANSFER_BREQUESTTYPE
-- Performing Test HAVE_STRUCT_USBDEVFS_CTRLTRANSFER_BREQUESTTYPE - Success
-- Performing Test PCAP_SUPPORT_NETFILTER
-- Performing Test PCAP_SUPPORT_NETFILTER - Success
-- Performing Test PCAP_SUPPORT_NETMAP
-- Performing Test PCAP_SUPPORT_NETMAP - Failed
-- Executing Finddpdk
-- Executing find_path
-- Could NOT find dpdk (missing: dpdk_INCLUDE_DIRS) 
-- Looking for bluetooth/bluetooth.h
-- Looking for bluetooth/bluetooth.h - not found
-- Checking for module 'dbus-1'
--   Found dbus-1, version 1.12.20
-- Looking for ibv_get_device_list in ibverbs
-- Looking for ibv_get_device_list in ibverbs - found
-- Looking for infiniband/verbs.h
-- Looking for infiniband/verbs.h - found
-- Looking for ibv_create_flow
-- Looking for ibv_create_flow - found
-- Could NOT find DAG (missing: DAG_INCLUDE_DIR DAG_LIBRARY DAGCONF_LIBRARY) 
-- Looking for msg.h
-- Looking for msg.h - not found
-- Could NOT find SNF (missing: SNF_INCLUDE_DIR SNF_LIBRARY) 
-- Could NOT find TC (missing: TC_INCLUDE_DIR TC_LIBRARY) 
-- Checking C compiler flag -fvisibility=hidden
-- Performing Test fvisibility-hidden
-- Performing Test fvisibility-hidden - Success
-- Configuring incomplete, errors occurred!
See also "/home/ritesh/rc-car/build/pcap/CMakeFiles/CMakeOutput.log".
See also "/home/ritesh/rc-car/build/pcap/CMakeFiles/CMakeError.log".
