-- The C compiler identification is GNU 11.4.0
-- The CXX compiler identification is GNU 11.4.0
-- Detecting C compiler ABI info
-- Detecting C compiler ABI info - done
-- Check for working C compiler: /usr/bin/cc - skipped
-- Detecting C compile features
-- Detecting C compile features - done
-- Detecting CXX compiler ABI info
-- Detecting CXX compiler ABI info - done
-- Check for working CXX compiler: /usr/bin/c++ - skipped
-- Detecting CXX compile features
-- Detecting CXX compile features - done
-- Checking C compiler flag -std=gnu99
-- Performing Test std-gnu99
-- Performing Test std-gnu99 - Success
-- Use DYNAMIC runtime
-- Looking for inttypes.h
-- Looking for inttypes.h - found
-- Looking for stdint.h
-- Looking for stdint.h - found
-- Looking for unistd.h
-- Looking for unistd.h - found
-- Looking for bitypes.h
-- Looking for bitypes.h - not found
-- Looking for sys/ioccom.h
-- Looking for sys/ioccom.h - not found
-- Looking for sys/sockio.h
-- Looking for sys/sockio.h - not found
-- Looking for sys/select.h
-- Looking for sys/select.h - found
-- Looking for netpacket/packet.h
-- Looking for netpacket/packet.h - found
-- Looking for 4 include files sys/types.h, ..., net/pfvar.h
-- Looking for 4 include files sys/types.h, ..., net/pfvar.h - not found
-- Looking for netinet/if_ether.h
-- Looking for netinet/if_ether.h - found
-- Performing Test HAVE___ATOMIC_LOAD_N
-- Performing Test HAVE___ATOMIC_LOAD_N - Success
-- Performing Test HAVE___ATOMIC_STORE_N
-- Performing Test HAVE___ATOMIC_STORE_N - Success
-- Looking for strerror
-- Looking for strerror - found
-- Looking for strerror_r
-- Looking for strerror_r - found
-- Performing Test HAVE_GNU_STRERROR_R
-- Performing Test HAVE_GNU_STRERROR_R - Success
-- Looking for vsnprintf
-- Looking for vsnprintf - found
-- Looking for snprintf
-- Looking for snprintf - found
-- Looking for strlcpy
-- Looking for strlcpy - not found
-- Looking for strlcat
-- Looking for strlcat - not found
-- Looking for asprintf
-- Looking for asprintf - found
-- Looking for vasprintf
-- Looking for vasprintf - found
-- Looking for strtok_r
-- Looking for strtok_r - found
-- Looking for vsyslog
-- Looking for vsyslog - found
-- Looking for getaddrinfo
-- Looking for getaddrinfo - found
-- Looking for putmsg
-- Looking for putmsg - not found
-- Looking for putmsg in str
-- Looking for putmsg in str - not found
-- Looking for getnetbyname_r
-- Looking for getnetbyname_r - found
-- Performing Test HAVE_LINUX_GETNETBYNAME_R
-- Performing Test HAVE_LINUX_GETNETBYNAME_R - Success
-- Looking for getprotobyname_r
-- Looking for getprotobyname_r - found
-- Performing Test HAVE_LINUX_GETPROTOBYNAME_R
-- Performing Test HAVE_LINUX_GETPROTOBYNAME_R - Success
-- Looking for sys/types.h
-- Looking for sys/types.h - found
-- Looking for stddef.h
-- Looking for stddef.h - found
-- Check size of struct sockaddr_storage
-- Check size of struct sockaddr_storage - done
-- Check size of socklen_t
-- Check size of socklen_t - done
-- Performing Test HAVE_STRUCT_SOCKADDR_SA_LEN
-- Performing Test HAVE_STRUCT_SOCKADDR_SA_LEN - Failed
-- Looking for ffs
-- Looking for ffs - found
-- Looking for ffs
-- Looking for ffs - found
-- Looking for ether_hostton
-- Looking for ether_hostton - found
-- Looking for ether_hostton
-- Looking for ether_hostton - not found
-- Looking for ether_hostton
-- Looking for ether_hostton - found
-- Looking for native LFS support
-- Looking for native LFS support - found
-- Found LFS: TRUE  
-- Looking for native fseeko support
-- Looking for native fseeko support - found
-- Found FSEEKO: TRUE  
-- Support IPv6
-- Looking for pthread.h
-- Looking for pthread.h - found
-- Performing Test CMAKE_HAVE_LIBC_PTHREAD
-- Performing Test CMAKE_HAVE_LIBC_PTHREAD - Success
-- Found Threads: TRUE  
-- Found OpenSSL: /usr/lib/x86_64-linux-gnu/libcrypto.so (found version "3.0.2")  
-- Looking for include files sys/types.h, net/bpf.h
-- Looking for include files sys/types.h, net/bpf.h - not found
-- Looking for net/pfilt.h
-- Looking for net/pfilt.h - not found
-- Looking for net/enet.h
-- Looking for net/enet.h - not found
-- Looking for net/nit.h
-- Looking for net/nit.h - not found
-- Looking for sys/net/nit.h
-- Looking for sys/net/nit.h - not found
-- Looking for linux/socket.h
-- Looking for linux/socket.h - found
-- Looking for net/raw.h
-- Looking for net/raw.h - not found
-- Looking for sys/dlpi.h
-- Looking for sys/dlpi.h - not found
-- Looking for config/HaikuConfig.h
-- Looking for config/HaikuConfig.h - not found
-- Packet capture mechanism type: linux
-- Looking for include files sys/socket.h, linux/wireless.h
-- Looking for include files sys/socket.h, linux/wireless.h - found
-- Checking for module 'libnl-3.0'
--   Found libnl-3.0, version 3.5.0
-- Performing Test HAVE_STRUCT_TPACKET_AUXDATA_TP_VLAN_TCI
-- Performing Test HAVE_STRUCT_TPACKET_AUXDATA_TP_VLAN_TCI - Success
-- Looking for getifaddrs
-- Looking for getifaddrs - found
-- Looking for include files sys/types.h, ifaddrs.h
-- Looking for include files sys/types.h, ifaddrs.h - found
-- Find-interfaces mechanism type: getad
-- Looking for linux/net_tstamp.h
-- Looking for linux/net_tstamp.h - found
-- Looking for include file linux/compiler.h
-- Looking for include file linux/compiler.h - not found
-- Looking for include file linux/usbdevice_fs.h
-- Looking for include file linux/usbdevice_fs.h - found
-- Performing Test HAVE_STRUCT_USBDEVFS_CTRLTRANSFER_BREQUESTTYPE
-- Performing Test HAVE_STRUCT_USBDEVFS_CTRLTRANSFER_BREQUESTTYPE - Success
-- Performing Test PCAP_SUPPORT_NETFILTER
-- Performing Test PCAP_SUPPORT_NETFILTER - Success
-- Performing Test PCAP_SUPPORT_NETMAP
-- Performing Test PCAP_SUPPORT_NETMAP - Failed
-- Executing Finddpdk
-- Executing find_path
-- Could NOT find dpdk (missing: dpdk_INCLUDE_DIRS) 
-- Looking for bluetooth/bluetooth.h
-- Looking for bluetooth/bluetooth.h - not found
-- Checking for module 'dbus-1'
--   Found dbus-1, version 1.12.20
-- Looking for ibv_get_device_list in ibverbs
-- Looking for ibv_get_device_list in ibverbs - found
-- Looking for infiniband/verbs.h
-- Looking for infiniband/verbs.h - found
-- Looking for ibv_create_flow
-- Looking for ibv_create_flow - found
-- Could NOT find DAG (missing: DAG_INCLUDE_DIR DAG_LIBRARY DAGCONF_LIBRARY) 
-- Looking for msg.h
-- Looking for msg.h - not found
-- Could NOT find SNF (missing: SNF_INCLUDE_DIR SNF_LIBRARY) 
-- Could NOT find TC (missing: TC_INCLUDE_DIR TC_LIBRARY) 
-- Checking C compiler flag -fvisibility=hidden
-- Performing Test fvisibility-hidden
-- Performing Test fvisibility-hidden - Success
-- Lexical analyzer generator: /home/ritesh/rc-car/ros2ws/libs/flex/bin/flex
-- Parser generator: /home/ritesh/rc-car/ros2ws/libs/bison/bin/bison
-- Configuring done
-- Generating done
-- Build files have been written to: /home/ritesh/rc-car/ros2ws/build/pcap
[  1%] [34m[1mGenerating grammar.c, grammar.h[0m
[  3%] [34m[1mGenerating scanner.c, scanner.h[0m
[  3%] Built target SerializeTarget
[  4%] [32mBuilding C object CMakeFiles/pcap.dir/bpf_image.c.o[0m
[  6%] [32mBuilding C object CMakeFiles/pcap_static.dir/bpf_dump.c.o[0m
[  7%] [32mBuilding C object CMakeFiles/pcap.dir/bpf_dump.c.o[0m
[  9%] [32mBuilding C object CMakeFiles/pcap.dir/bpf_filter.c.o[0m
[ 11%] [32mBuilding C object CMakeFiles/pcap_static.dir/bpf_filter.c.o[0m
[ 12%] [32mBuilding C object CMakeFiles/pcap.dir/optimize.c.o[0m
[ 14%] [32mBuilding C object CMakeFiles/pcap.dir/nametoaddr.c.o[0m
[ 15%] [32mBuilding C object CMakeFiles/pcap_static.dir/bpf_image.c.o[0m
[ 17%] [32mBuilding C object CMakeFiles/pcap_static.dir/etherent.c.o[0m
[ 19%] [32mBuilding C object CMakeFiles/pcap.dir/gencode.c.o[0m
[ 20%] [32mBuilding C object CMakeFiles/pcap.dir/fmtutils.c.o[0m
[ 22%] [32mBuilding C object CMakeFiles/pcap.dir/etherent.c.o[0m
[ 23%] [32mBuilding C object CMakeFiles/pcap_static.dir/fmtutils.c.o[0m
[ 25%] [32mBuilding C object CMakeFiles/pcap.dir/pcap-common.c.o[0m
[ 26%] [32mBuilding C object CMakeFiles/pcap_static.dir/gencode.c.o[0m
[ 28%] [32mBuilding C object CMakeFiles/pcap.dir/pcap.c.o[0m
[ 30%] [32mBuilding C object CMakeFiles/pcap_static.dir/nametoaddr.c.o[0m
[ 31%] [32mBuilding C object CMakeFiles/pcap_static.dir/optimize.c.o[0m
[ 33%] [32mBuilding C object CMakeFiles/pcap_static.dir/pcap-common.c.o[0m
[ 34%] [32mBuilding C object CMakeFiles/pcap.dir/savefile.c.o[0m
[ 36%] [32mBuilding C object CMakeFiles/pcap.dir/sf-pcapng.c.o[0m
[ 38%] [32mBuilding C object CMakeFiles/pcap_static.dir/pcap.c.o[0m
[ 39%] [32mBuilding C object CMakeFiles/pcap.dir/sf-pcap.c.o[0m
[ 41%] [32mBuilding C object CMakeFiles/pcap.dir/missing/strlcat.c.o[0m
[ 42%] [32mBuilding C object CMakeFiles/pcap.dir/missing/strlcpy.c.o[0m
[ 44%] [32mBuilding C object CMakeFiles/pcap_static.dir/savefile.c.o[0m
[ 46%] [32mBuilding C object CMakeFiles/pcap.dir/pcap-linux.c.o[0m
[ 47%] [32mBuilding C object CMakeFiles/pcap.dir/fad-getad.c.o[0m
[ 49%] [32mBuilding C object CMakeFiles/pcap_static.dir/sf-pcap.c.o[0m
[ 50%] [32mBuilding C object CMakeFiles/pcap_static.dir/sf-pcapng.c.o[0m
[ 52%] [32mBuilding C object CMakeFiles/pcap.dir/pcap-usb-linux.c.o[0m
[ 53%] [32mBuilding C object CMakeFiles/pcap_static.dir/missing/strlcat.c.o[0m
[ 55%] [32mBuilding C object CMakeFiles/pcap.dir/pcap-netfilter-linux.c.o[0m
[ 57%] [32mBuilding C object CMakeFiles/pcap.dir/pcap-dbus.c.o[0m
[ 58%] [32mBuilding C object CMakeFiles/pcap_static.dir/missing/strlcpy.c.o[0m
[ 60%] [32mBuilding C object CMakeFiles/pcap_static.dir/pcap-linux.c.o[0m
[ 61%] [32mBuilding C object CMakeFiles/pcap.dir/pcap-rdmasniff.c.o[0m
[ 63%] [32mBuilding C object CMakeFiles/pcap_static.dir/fad-getad.c.o[0m
[ 65%] [32mBuilding C object CMakeFiles/pcap_static.dir/pcap-usb-linux.c.o[0m
[ 66%] [32mBuilding C object CMakeFiles/pcap.dir/grammar.c.o[0m
[ 68%] [32mBuilding C object CMakeFiles/pcap.dir/scanner.c.o[0m
[ 69%] [32mBuilding C object CMakeFiles/pcap_static.dir/pcap-netfilter-linux.c.o[0m
[ 71%] [32mBuilding C object CMakeFiles/pcap_static.dir/pcap-dbus.c.o[0m
[ 73%] [32mBuilding C object CMakeFiles/pcap_static.dir/grammar.c.o[0m
[ 74%] [32mBuilding C object CMakeFiles/pcap_static.dir/scanner.c.o[0m
[ 76%] [32mBuilding C object CMakeFiles/pcap_static.dir/pcap-rdmasniff.c.o[0m
[ 77%] [32m[1mLinking C shared library libpcap.so[0m
[ 79%] [32m[1mLinking C static library libpcap.a[0m
[ 82%] Built target pcap
[ 85%] Built target pcap_static
[ 87%] [32mBuilding C object testprogs/fuzz/CMakeFiles/fuzz_pcap.dir/onefile.c.o[0m
[ 88%] [32mBuilding C object testprogs/fuzz/CMakeFiles/fuzz_pcap.dir/fuzz_pcap.c.o[0m
[ 90%] [32mBuilding C object testprogs/fuzz/CMakeFiles/fuzz_filter.dir/onefile.c.o[0m
[ 92%] [32mBuilding C object testprogs/fuzz/CMakeFiles/fuzz_filter.dir/fuzz_filter.c.o[0m
[ 93%] [32m[1mLinking C executable ../../run/fuzz_pcap[0m
[ 95%] [32m[1mLinking C executable ../../run/fuzz_filter[0m
[ 95%] Built target fuzz_pcap
[ 95%] Built target fuzz_filter
[ 96%] [32mBuilding C object testprogs/fuzz/CMakeFiles/fuzz_both.dir/fuzz_both.c.o[0m
[ 98%] [32mBuilding C object testprogs/fuzz/CMakeFiles/fuzz_both.dir/onefile.c.o[0m
[100%] [32m[1mLinking C executable ../../run/fuzz_both[0m
[100%] Built target fuzz_both
-- Install configuration: ""
-- Installing: /home/ritesh/rc-car/ros2ws/install/pcap/lib/libpcap.so.1.10.1
-- Installing: /home/ritesh/rc-car/ros2ws/install/pcap/lib/libpcap.so.1
-- Installing: /home/ritesh/rc-car/ros2ws/install/pcap/lib/libpcap.so
-- Installing: /home/ritesh/rc-car/ros2ws/install/pcap/lib/libpcap.a
-- Installing: /home/ritesh/rc-car/ros2ws/install/pcap/include/pcap
-- Installing: /home/ritesh/rc-car/ros2ws/install/pcap/include/pcap/vlan.h
-- Installing: /home/ritesh/rc-car/ros2ws/install/pcap/include/pcap/nflog.h
-- Installing: /home/ritesh/rc-car/ros2ws/install/pcap/include/pcap/dlt.h
-- Installing: /home/ritesh/rc-car/ros2ws/install/pcap/include/pcap/can_socketcan.h
-- Installing: /home/ritesh/rc-car/ros2ws/install/pcap/include/pcap/pcap-inttypes.h
-- Installing: /home/ritesh/rc-car/ros2ws/install/pcap/include/pcap/pcap.h
-- Installing: /home/ritesh/rc-car/ros2ws/install/pcap/include/pcap/usb.h
-- Installing: /home/ritesh/rc-car/ros2ws/install/pcap/include/pcap/ipnet.h
-- Installing: /home/ritesh/rc-car/ros2ws/install/pcap/include/pcap/bluetooth.h
-- Installing: /home/ritesh/rc-car/ros2ws/install/pcap/include/pcap/sll.h
-- Installing: /home/ritesh/rc-car/ros2ws/install/pcap/include/pcap/funcattrs.h
-- Installing: /home/ritesh/rc-car/ros2ws/install/pcap/include/pcap/namedb.h
-- Installing: /home/ritesh/rc-car/ros2ws/install/pcap/include/pcap/compiler-tests.h
-- Installing: /home/ritesh/rc-car/ros2ws/install/pcap/include/pcap/bpf.h
-- Installing: /home/ritesh/rc-car/ros2ws/install/pcap/include/pcap/socket.h
-- Installing: /home/ritesh/rc-car/ros2ws/install/pcap/include/pcap.h
-- Installing: /home/ritesh/rc-car/ros2ws/install/pcap/include/pcap-bpf.h
-- Installing: /home/ritesh/rc-car/ros2ws/install/pcap/include/pcap-namedb.h
-- Installing: /home/ritesh/rc-car/ros2ws/install/pcap/bin/pcap-config
-- Installing: /home/ritesh/rc-car/ros2ws/install/pcap/lib/pkgconfig/libpcap.pc
-- Installing: /home/ritesh/rc-car/ros2ws/install/pcap/share/man/man1/pcap-config.1
-- Installing: /home/ritesh/rc-car/ros2ws/install/pcap/share/man/man3/pcap_activate.3pcap
-- Installing: /home/ritesh/rc-car/ros2ws/install/pcap/share/man/man3/pcap_breakloop.3pcap
-- Installing: /home/ritesh/rc-car/ros2ws/install/pcap/share/man/man3/pcap_can_set_rfmon.3pcap
-- Installing: /home/ritesh/rc-car/ros2ws/install/pcap/share/man/man3/pcap_close.3pcap
-- Installing: /home/ritesh/rc-car/ros2ws/install/pcap/share/man/man3/pcap_create.3pcap
-- Installing: /home/ritesh/rc-car/ros2ws/install/pcap/share/man/man3/pcap_datalink_name_to_val.3pcap
-- Installing: /home/ritesh/rc-car/ros2ws/install/pcap/share/man/man3/pcap_datalink_val_to_name.3pcap
-- Installing: /home/ritesh/rc-car/ros2ws/install/pcap/share/man/man3/pcap_dump.3pcap
-- Installing: /home/ritesh/rc-car/ros2ws/install/pcap/share/man/man3/pcap_dump_close.3pcap
-- Installing: /home/ritesh/rc-car/ros2ws/install/pcap/share/man/man3/pcap_dump_file.3pcap
-- Installing: /home/ritesh/rc-car/ros2ws/install/pcap/share/man/man3/pcap_dump_flush.3pcap
-- Installing: /home/ritesh/rc-car/ros2ws/install/pcap/share/man/man3/pcap_dump_ftell.3pcap
-- Installing: /home/ritesh/rc-car/ros2ws/install/pcap/share/man/man3/pcap_file.3pcap
-- Installing: /home/ritesh/rc-car/ros2ws/install/pcap/share/man/man3/pcap_fileno.3pcap
-- Installing: /home/ritesh/rc-car/ros2ws/install/pcap/share/man/man3/pcap_findalldevs.3pcap
-- Installing: /home/ritesh/rc-car/ros2ws/install/pcap/share/man/man3/pcap_freecode.3pcap
-- Installing: /home/ritesh/rc-car/ros2ws/install/pcap/share/man/man3/pcap_get_required_select_timeout.3pcap
-- Installing: /home/ritesh/rc-car/ros2ws/install/pcap/share/man/man3/pcap_get_selectable_fd.3pcap
-- Installing: /home/ritesh/rc-car/ros2ws/install/pcap/share/man/man3/pcap_geterr.3pcap
-- Installing: /home/ritesh/rc-car/ros2ws/install/pcap/share/man/man3/pcap_init.3pcap
-- Installing: /home/ritesh/rc-car/ros2ws/install/pcap/share/man/man3/pcap_inject.3pcap
-- Installing: /home/ritesh/rc-car/ros2ws/install/pcap/share/man/man3/pcap_is_swapped.3pcap
-- Installing: /home/ritesh/rc-car/ros2ws/install/pcap/share/man/man3/pcap_lib_version.3pcap
-- Installing: /home/ritesh/rc-car/ros2ws/install/pcap/share/man/man3/pcap_lookupdev.3pcap
-- Installing: /home/ritesh/rc-car/ros2ws/install/pcap/share/man/man3/pcap_lookupnet.3pcap
-- Installing: /home/ritesh/rc-car/ros2ws/install/pcap/share/man/man3/pcap_loop.3pcap
-- Installing: /home/ritesh/rc-car/ros2ws/install/pcap/share/man/man3/pcap_major_version.3pcap
-- Installing: /home/ritesh/rc-car/ros2ws/install/pcap/share/man/man3/pcap_next_ex.3pcap
-- Installing: /home/ritesh/rc-car/ros2ws/install/pcap/share/man/man3/pcap_offline_filter.3pcap
-- Installing: /home/ritesh/rc-car/ros2ws/install/pcap/share/man/man3/pcap_open_live.3pcap
-- Installing: /home/ritesh/rc-car/ros2ws/install/pcap/share/man/man3/pcap_set_buffer_size.3pcap
-- Installing: /home/ritesh/rc-car/ros2ws/install/pcap/share/man/man3/pcap_set_datalink.3pcap
-- Installing: /home/ritesh/rc-car/ros2ws/install/pcap/share/man/man3/pcap_set_promisc.3pcap
-- Installing: /home/ritesh/rc-car/ros2ws/install/pcap/share/man/man3/pcap_set_protocol_linux.3pcap
-- Installing: /home/ritesh/rc-car/ros2ws/install/pcap/share/man/man3/pcap_set_rfmon.3pcap
-- Installing: /home/ritesh/rc-car/ros2ws/install/pcap/share/man/man3/pcap_set_snaplen.3pcap
-- Installing: /home/ritesh/rc-car/ros2ws/install/pcap/share/man/man3/pcap_set_timeout.3pcap
-- Installing: /home/ritesh/rc-car/ros2ws/install/pcap/share/man/man3/pcap_setdirection.3pcap
-- Installing: /home/ritesh/rc-car/ros2ws/install/pcap/share/man/man3/pcap_setfilter.3pcap
-- Installing: /home/ritesh/rc-car/ros2ws/install/pcap/share/man/man3/pcap_setnonblock.3pcap
-- Installing: /home/ritesh/rc-car/ros2ws/install/pcap/share/man/man3/pcap_snapshot.3pcap
-- Installing: /home/ritesh/rc-car/ros2ws/install/pcap/share/man/man3/pcap_stats.3pcap
-- Installing: /home/ritesh/rc-car/ros2ws/install/pcap/share/man/man3/pcap_statustostr.3pcap
-- Installing: /home/ritesh/rc-car/ros2ws/install/pcap/share/man/man3/pcap_strerror.3pcap
-- Installing: /home/ritesh/rc-car/ros2ws/install/pcap/share/man/man3/pcap_tstamp_type_name_to_val.3pcap
-- Installing: /home/ritesh/rc-car/ros2ws/install/pcap/share/man/man3/pcap_tstamp_type_val_to_name.3pcap
-- Installing: /home/ritesh/rc-car/ros2ws/install/pcap/share/man/man3/pcap.3pcap
-- Installing: /home/ritesh/rc-car/ros2ws/install/pcap/share/man/man3/pcap_compile.3pcap
-- Installing: /home/ritesh/rc-car/ros2ws/install/pcap/share/man/man3/pcap_datalink.3pcap
-- Installing: /home/ritesh/rc-car/ros2ws/install/pcap/share/man/man3/pcap_dump_open.3pcap
-- Installing: /home/ritesh/rc-car/ros2ws/install/pcap/share/man/man3/pcap_get_tstamp_precision.3pcap
-- Installing: /home/ritesh/rc-car/ros2ws/install/pcap/share/man/man3/pcap_list_datalinks.3pcap
-- Installing: /home/ritesh/rc-car/ros2ws/install/pcap/share/man/man3/pcap_list_tstamp_types.3pcap
-- Installing: /home/ritesh/rc-car/ros2ws/install/pcap/share/man/man3/pcap_open_dead.3pcap
-- Installing: /home/ritesh/rc-car/ros2ws/install/pcap/share/man/man3/pcap_open_offline.3pcap
-- Installing: /home/ritesh/rc-car/ros2ws/install/pcap/share/man/man3/pcap_set_immediate_mode.3pcap
-- Installing: /home/ritesh/rc-car/ros2ws/install/pcap/share/man/man3/pcap_set_tstamp_precision.3pcap
-- Installing: /home/ritesh/rc-car/ros2ws/install/pcap/share/man/man3/pcap_set_tstamp_type.3pcap
-- Symlinking: /home/ritesh/rc-car/ros2ws/install/pcap/share/man/man3/pcap_datalink_val_to_name.3pcap to pcap_datalink_val_to_description.3pcap
-- Symlinking: /home/ritesh/rc-car/ros2ws/install/pcap/share/man/man3/pcap_datalink_val_to_name.3pcap to pcap_datalink_val_to_description_or_dlt.3pcap
-- Symlinking: /home/ritesh/rc-car/ros2ws/install/pcap/share/man/man3/pcap_dump_open.3pcap to pcap_dump_fopen.3pcap
-- Symlinking: /home/ritesh/rc-car/ros2ws/install/pcap/share/man/man3/pcap_findalldevs.3pcap to pcap_freealldevs.3pcap
-- Symlinking: /home/ritesh/rc-car/ros2ws/install/pcap/share/man/man3/pcap_geterr.3pcap to pcap_perror.3pcap
-- Symlinking: /home/ritesh/rc-car/ros2ws/install/pcap/share/man/man3/pcap_inject.3pcap to pcap_sendpacket.3pcap
-- Symlinking: /home/ritesh/rc-car/ros2ws/install/pcap/share/man/man3/pcap_list_datalinks.3pcap to pcap_free_datalinks.3pcap
-- Symlinking: /home/ritesh/rc-car/ros2ws/install/pcap/share/man/man3/pcap_list_tstamp_types.3pcap to pcap_free_tstamp_types.3pcap
-- Symlinking: /home/ritesh/rc-car/ros2ws/install/pcap/share/man/man3/pcap_loop.3pcap to pcap_dispatch.3pcap
-- Symlinking: /home/ritesh/rc-car/ros2ws/install/pcap/share/man/man3/pcap_major_version.3pcap to pcap_minor_version.3pcap
-- Symlinking: /home/ritesh/rc-car/ros2ws/install/pcap/share/man/man3/pcap_next_ex.3pcap to pcap_next.3pcap
-- Symlinking: /home/ritesh/rc-car/ros2ws/install/pcap/share/man/man3/pcap_open_dead.3pcap to pcap_open_dead_with_tstamp_precision.3pcap
-- Symlinking: /home/ritesh/rc-car/ros2ws/install/pcap/share/man/man3/pcap_open_offline.3pcap to pcap_open_offline_with_tstamp_precision.3pcap
-- Symlinking: /home/ritesh/rc-car/ros2ws/install/pcap/share/man/man3/pcap_open_offline.3pcap to pcap_fopen_offline.3pcap
-- Symlinking: /home/ritesh/rc-car/ros2ws/install/pcap/share/man/man3/pcap_open_offline.3pcap to pcap_fopen_offline_with_tstamp_precision.3pcap
-- Symlinking: /home/ritesh/rc-car/ros2ws/install/pcap/share/man/man3/pcap_tstamp_type_val_to_name.3pcap to pcap_tstamp_type_val_to_description.3pcap
-- Symlinking: /home/ritesh/rc-car/ros2ws/install/pcap/share/man/man3/pcap_setnonblock.3pcap to pcap_getnonblock.3pcap
-- Installing: /home/ritesh/rc-car/ros2ws/install/pcap/share/man/man5/pcap-savefile.5
-- Installing: /home/ritesh/rc-car/ros2ws/install/pcap/share/man/man7/pcap-filter.7
-- Installing: /home/ritesh/rc-car/ros2ws/install/pcap/share/man/man7/pcap-linktype.7
-- Installing: /home/ritesh/rc-car/ros2ws/install/pcap/share/man/man7/pcap-tstamp.7
