[0.277s] Invoking command in '/home/ritesh/rc-car/ros2ws/build/pcap': /usr/bin/cmake /home/ritesh/rc-car/ros2ws/libpcap-1.10.1 -DCMAKE_INSTALL_PREFIX=/home/ritesh/rc-car/ros2ws/install/pcap
[0.289s] [0mCMake Deprecation Warning at CMakeLists.txt:7 (cmake_minimum_required):
[0.289s]   Compatibility with CMake < 2.8.12 will be removed from a future version of
[0.289s]   CMake.
[0.289s] 
[0.289s]   Update the VERSION argument <min> value or use a ...<max> suffix to tell
[0.289s]   CMake that the project does not need compatibility with older versions.
[0.289s] 
[0.289s] [0m
[0.289s] [0mCMake Deprecation Warning at CMakeLists.txt:16 (cmake_policy):
[0.289s]   The OLD behavior for policy CMP0042 will be removed from a future version
[0.289s]   of CMake.
[0.289s] 
[0.289s]   The cmake-policies(7) manual explains that the OLD behaviors of all
[0.290s]   policies are deprecated and that a policy should be set to OLD only under
[0.290s]   specific short-term circumstances.  Projects should be ported to the NEW
[0.290s]   behavior and not rely on setting a policy to OLD.
[0.290s] 
[0.290s] [0m
[0.417s] -- The C compiler identification is GNU 11.4.0
[0.490s] -- The CXX compiler identification is GNU 11.4.0
[0.501s] -- Detecting C compiler ABI info
[0.636s] -- Detecting C compiler ABI info - done
[0.650s] -- Check for working C compiler: /usr/bin/cc - skipped
[0.650s] -- Detecting C compile features
[0.651s] -- Detecting C compile features - done
[0.656s] -- Detecting CXX compiler ABI info
[0.851s] -- Detecting CXX compiler ABI info - done
[0.866s] -- Check for working CXX compiler: /usr/bin/c++ - skipped
[0.866s] -- Detecting CXX compile features
[0.870s] -- Detecting CXX compile features - done
[0.870s] -- Checking C compiler flag -std=gnu99
[0.870s] -- Performing Test std-gnu99
[0.987s] -- Performing Test std-gnu99 - Success
[0.990s] -- Use DYNAMIC runtime
[1.002s] -- Looking for inttypes.h
[1.131s] -- Looking for inttypes.h - found
[1.132s] -- Looking for stdint.h
[1.274s] -- Looking for stdint.h - found
[1.275s] -- Looking for unistd.h
[1.382s] -- Looking for unistd.h - found
[1.382s] -- Looking for bitypes.h
[1.421s] -- Looking for bitypes.h - not found
[1.421s] -- Looking for sys/ioccom.h
[1.457s] -- Looking for sys/ioccom.h - not found
[1.457s] -- Looking for sys/sockio.h
[1.493s] -- Looking for sys/sockio.h - not found
[1.493s] -- Looking for sys/select.h
[1.581s] -- Looking for sys/select.h - found
[1.582s] -- Looking for netpacket/packet.h
[1.679s] -- Looking for netpacket/packet.h - found
[1.682s] -- Looking for 4 include files sys/types.h, ..., net/pfvar.h
[1.739s] -- Looking for 4 include files sys/types.h, ..., net/pfvar.h - not found
[1.739s] -- Looking for netinet/if_ether.h
[1.884s] -- Looking for netinet/if_ether.h - found
[1.884s] -- Performing Test HAVE___ATOMIC_LOAD_N
[2.037s] -- Performing Test HAVE___ATOMIC_LOAD_N - Success
[2.037s] -- Performing Test HAVE___ATOMIC_STORE_N
[2.129s] -- Performing Test HAVE___ATOMIC_STORE_N - Success
[2.130s] -- Looking for strerror
[2.295s] -- Looking for strerror - found
[2.295s] -- Looking for strerror_r
[2.468s] -- Looking for strerror_r - found
[2.468s] -- Performing Test HAVE_GNU_STRERROR_R
[2.618s] -- Performing Test HAVE_GNU_STRERROR_R - Success
[2.619s] -- Looking for vsnprintf
[2.803s] -- Looking for vsnprintf - found
[2.803s] -- Looking for snprintf
[2.982s] -- Looking for snprintf - found
[2.982s] -- Looking for strlcpy
[3.104s] -- Looking for strlcpy - not found
[3.104s] -- Looking for strlcat
[3.203s] -- Looking for strlcat - not found
[3.203s] -- Looking for asprintf
[3.323s] -- Looking for asprintf - found
[3.324s] -- Looking for vasprintf
[3.479s] -- Looking for vasprintf - found
[3.479s] -- Looking for strtok_r
[3.612s] -- Looking for strtok_r - found
[3.613s] -- Looking for vsyslog
[3.715s] -- Looking for vsyslog - found
[3.715s] -- Looking for getaddrinfo
[3.832s] -- Looking for getaddrinfo - found
[3.838s] -- Looking for putmsg
[3.952s] -- Looking for putmsg - not found
[3.952s] -- Looking for putmsg in str
[4.038s] -- Looking for putmsg in str - not found
[4.039s] -- Looking for getnetbyname_r
[4.189s] -- Looking for getnetbyname_r - found
[4.189s] -- Performing Test HAVE_LINUX_GETNETBYNAME_R
[4.335s] -- Performing Test HAVE_LINUX_GETNETBYNAME_R - Success
[4.336s] -- Looking for getprotobyname_r
[4.463s] -- Looking for getprotobyname_r - found
[4.463s] -- Performing Test HAVE_LINUX_GETPROTOBYNAME_R
[4.572s] -- Performing Test HAVE_LINUX_GETPROTOBYNAME_R - Success
[4.578s] -- Looking for sys/types.h
[4.714s] -- Looking for sys/types.h - found
[4.715s] -- Looking for stddef.h
[4.836s] -- Looking for stddef.h - found
[4.836s] -- Check size of struct sockaddr_storage
[4.963s] -- Check size of struct sockaddr_storage - done
[4.964s] -- Check size of socklen_t
[5.115s] -- Check size of socklen_t - done
[5.116s] -- Performing Test HAVE_STRUCT_SOCKADDR_SA_LEN
[5.179s] -- Performing Test HAVE_STRUCT_SOCKADDR_SA_LEN - Failed
[5.180s] -- Looking for ffs
[5.347s] -- Looking for ffs - found
[5.347s] -- Looking for ffs
[5.518s] -- Looking for ffs - found
[5.518s] -- Looking for ether_hostton
[5.674s] -- Looking for ether_hostton - found
[5.675s] -- Looking for ether_hostton
[5.751s] -- Looking for ether_hostton - not found
[5.752s] -- Looking for ether_hostton
[5.872s] -- Looking for ether_hostton - found
[5.874s] -- Looking for native LFS support
[6.049s] -- Looking for native LFS support - found
[6.050s] -- Found LFS: TRUE  
[6.052s] -- Looking for native fseeko support
[6.167s] -- Looking for native fseeko support - found
[6.171s] -- Found FSEEKO: TRUE  
[6.171s] -- Support IPv6
[6.171s] -- Looking for pthread.h
[6.271s] -- Looking for pthread.h - found
[6.271s] -- Performing Test CMAKE_HAVE_LIBC_PTHREAD
[6.376s] -- Performing Test CMAKE_HAVE_LIBC_PTHREAD - Success
[6.376s] -- Found Threads: TRUE  
[6.436s] -- Found OpenSSL: /usr/lib/x86_64-linux-gnu/libcrypto.so (found version "3.0.2")  
[6.437s] -- Looking for include files sys/types.h, net/bpf.h
[6.476s] -- Looking for include files sys/types.h, net/bpf.h - not found
[6.476s] -- Looking for net/pfilt.h
[6.524s] -- Looking for net/pfilt.h - not found
[6.524s] -- Looking for net/enet.h
[6.567s] -- Looking for net/enet.h - not found
[6.567s] -- Looking for net/nit.h
[6.613s] -- Looking for net/nit.h - not found
[6.613s] -- Looking for sys/net/nit.h
[6.663s] -- Looking for sys/net/nit.h - not found
[6.664s] -- Looking for linux/socket.h
[6.828s] -- Looking for linux/socket.h - found
[6.828s] -- Looking for net/raw.h
[6.901s] -- Looking for net/raw.h - not found
[6.902s] -- Looking for sys/dlpi.h
[6.964s] -- Looking for sys/dlpi.h - not found
[6.964s] -- Looking for config/HaikuConfig.h
[7.022s] -- Looking for config/HaikuConfig.h - not found
[7.022s] -- Packet capture mechanism type: linux
[7.029s] -- Looking for include files sys/socket.h, linux/wireless.h
[7.193s] -- Looking for include files sys/socket.h, linux/wireless.h - found
[7.193s] -- Checking for module 'libnl-3.0'
[7.217s] --   Found libnl-3.0, version 3.5.0
[7.288s] -- Performing Test HAVE_STRUCT_TPACKET_AUXDATA_TP_VLAN_TCI
[7.460s] -- Performing Test HAVE_STRUCT_TPACKET_AUXDATA_TP_VLAN_TCI - Success
[7.461s] -- Looking for getifaddrs
[7.586s] -- Looking for getifaddrs - found
[7.586s] -- Looking for include files sys/types.h, ifaddrs.h
[7.745s] -- Looking for include files sys/types.h, ifaddrs.h - found
[7.745s] -- Find-interfaces mechanism type: getad
[7.746s] -- Looking for linux/net_tstamp.h
[7.902s] -- Looking for linux/net_tstamp.h - found
[7.902s] -- Looking for include file linux/compiler.h
[7.964s] -- Looking for include file linux/compiler.h - not found
[7.965s] -- Looking for include file linux/usbdevice_fs.h
[8.124s] -- Looking for include file linux/usbdevice_fs.h - found
[8.124s] -- Performing Test HAVE_STRUCT_USBDEVFS_CTRLTRANSFER_BREQUESTTYPE
[8.245s] -- Performing Test HAVE_STRUCT_USBDEVFS_CTRLTRANSFER_BREQUESTTYPE - Success
[8.251s] -- Performing Test PCAP_SUPPORT_NETFILTER
[8.349s] -- Performing Test PCAP_SUPPORT_NETFILTER - Success
[8.349s] -- Performing Test PCAP_SUPPORT_NETMAP
[8.387s] -- Performing Test PCAP_SUPPORT_NETMAP - Failed
[8.389s] -- Executing Finddpdk
[8.389s] -- Executing find_path
[8.414s] -- Could NOT find dpdk (missing: dpdk_INCLUDE_DIRS) 
[8.414s] -- Looking for bluetooth/bluetooth.h
[8.448s] -- Looking for bluetooth/bluetooth.h - not found
[8.453s] -- Checking for module 'dbus-1'
[8.464s] --   Found dbus-1, version 1.12.20
[8.504s] -- Looking for ibv_get_device_list in ibverbs
[8.584s] -- Looking for ibv_get_device_list in ibverbs - found
[8.584s] -- Looking for infiniband/verbs.h
[8.711s] -- Looking for infiniband/verbs.h - found
[8.712s] -- Looking for ibv_create_flow
[8.822s] -- Looking for ibv_create_flow - found
[8.822s] -- Could NOT find DAG (missing: DAG_INCLUDE_DIR DAG_LIBRARY DAGCONF_LIBRARY) 
[8.822s] -- Looking for msg.h
[8.860s] -- Looking for msg.h - not found
[8.868s] -- Could NOT find SNF (missing: SNF_INCLUDE_DIR SNF_LIBRARY) 
[8.884s] [33mCMake Warning at CMakeLists.txt:1836 (find_package):
[8.884s]   By not providing "FindAirPcap.cmake" in CMAKE_MODULE_PATH this project has
[8.884s]   asked CMake to find a package configuration file provided by "AirPcap", but
[8.884s]   CMake did not find one.
[8.884s] 
[8.884s]   Could not find a package configuration file provided by "AirPcap" with any
[8.884s]   of the following names:
[8.884s] 
[8.884s]     AirPcapConfig.cmake
[8.884s]     airpcap-config.cmake
[8.884s] 
[8.884s]   Add the installation prefix of "AirPcap" to CMAKE_PREFIX_PATH or set
[8.884s]   "AirPcap_DIR" to a directory containing one of the above files.  If
[8.885s]   "AirPcap" provides a separate development package or SDK, be sure it has
[8.885s]   been installed.
[8.885s] 
[8.891s] [0m
[8.891s] -- Could NOT find TC (missing: TC_INCLUDE_DIR TC_LIBRARY) 
[8.891s] -- Checking C compiler flag -fvisibility=hidden
[8.896s] -- Performing Test fvisibility-hidden
[8.985s] -- Performing Test fvisibility-hidden - Success
[8.985s] -- Lexical analyzer generator: /home/ritesh/rc-car/ros2ws/libs/flex/bin/flex
[8.994s] -- Parser generator: /home/ritesh/rc-car/ros2ws/libs/bison/bin/bison
[9.025s] -- Configuring done
[9.085s] -- Generating done
[9.090s] -- Build files have been written to: /home/ritesh/rc-car/ros2ws/build/pcap
[9.107s] Invoked command in '/home/ritesh/rc-car/ros2ws/build/pcap' returned '0': /usr/bin/cmake /home/ritesh/rc-car/ros2ws/libpcap-1.10.1 -DCMAKE_INSTALL_PREFIX=/home/ritesh/rc-car/ros2ws/install/pcap
[9.107s] Invoking command in '/home/ritesh/rc-car/ros2ws/build/pcap': /usr/bin/cmake --build /home/ritesh/rc-car/ros2ws/build/pcap -- -j8 -l8
[9.204s] [  1%] [34m[1mGenerating grammar.c, grammar.h[0m
[9.206s] [  3%] [34m[1mGenerating scanner.c, scanner.h[0m
[9.502s] [  3%] Built target SerializeTarget
[9.549s] [  4%] [32mBuilding C object CMakeFiles/pcap.dir/bpf_image.c.o[0m
[9.556s] [  6%] [32mBuilding C object CMakeFiles/pcap_static.dir/bpf_dump.c.o[0m
[9.557s] [  7%] [32mBuilding C object CMakeFiles/pcap.dir/bpf_dump.c.o[0m
[9.558s] [  9%] [32mBuilding C object CMakeFiles/pcap.dir/bpf_filter.c.o[0m
[9.618s] [ 11%] [32mBuilding C object CMakeFiles/pcap_static.dir/bpf_filter.c.o[0m
[9.620s] [ 12%] [32mBuilding C object CMakeFiles/pcap.dir/optimize.c.o[0m
[9.629s] [ 14%] [32mBuilding C object CMakeFiles/pcap.dir/nametoaddr.c.o[0m
[9.641s] [ 15%] [32mBuilding C object CMakeFiles/pcap_static.dir/bpf_image.c.o[0m
[9.661s] [ 17%] [32mBuilding C object CMakeFiles/pcap_static.dir/etherent.c.o[0m
[9.665s] [ 19%] [32mBuilding C object CMakeFiles/pcap.dir/gencode.c.o[0m
[9.688s] [ 20%] [32mBuilding C object CMakeFiles/pcap.dir/fmtutils.c.o[0m
[9.705s] [ 22%] [32mBuilding C object CMakeFiles/pcap.dir/etherent.c.o[0m
[9.755s] [ 23%] [32mBuilding C object CMakeFiles/pcap_static.dir/fmtutils.c.o[0m
[9.755s] [ 25%] [32mBuilding C object CMakeFiles/pcap.dir/pcap-common.c.o[0m
[9.760s] [ 26%] [32mBuilding C object CMakeFiles/pcap_static.dir/gencode.c.o[0m
[9.769s] [ 28%] [32mBuilding C object CMakeFiles/pcap.dir/pcap.c.o[0m
[9.769s] [ 30%] [32mBuilding C object CMakeFiles/pcap_static.dir/nametoaddr.c.o[0m
[9.814s] [ 31%] [32mBuilding C object CMakeFiles/pcap_static.dir/optimize.c.o[0m
[9.853s] [ 33%] [32mBuilding C object CMakeFiles/pcap_static.dir/pcap-common.c.o[0m
[9.880s] [ 34%] [32mBuilding C object CMakeFiles/pcap.dir/savefile.c.o[0m
[9.890s] [ 36%] [32mBuilding C object CMakeFiles/pcap.dir/sf-pcapng.c.o[0m
[9.891s] [ 38%] [32mBuilding C object CMakeFiles/pcap_static.dir/pcap.c.o[0m
[9.963s] [ 39%] [32mBuilding C object CMakeFiles/pcap.dir/sf-pcap.c.o[0m
[10.005s] [ 41%] [32mBuilding C object CMakeFiles/pcap.dir/missing/strlcat.c.o[0m
[10.062s] [ 42%] [32mBuilding C object CMakeFiles/pcap.dir/missing/strlcpy.c.o[0m
[10.081s] [ 44%] [32mBuilding C object CMakeFiles/pcap_static.dir/savefile.c.o[0m
[10.085s] [ 46%] [32mBuilding C object CMakeFiles/pcap.dir/pcap-linux.c.o[0m
[10.120s] [ 47%] [32mBuilding C object CMakeFiles/pcap.dir/fad-getad.c.o[0m
[10.148s] [ 49%] [32mBuilding C object CMakeFiles/pcap_static.dir/sf-pcap.c.o[0m
[10.149s] [ 50%] [32mBuilding C object CMakeFiles/pcap_static.dir/sf-pcapng.c.o[0m
[10.161s] [ 52%] [32mBuilding C object CMakeFiles/pcap.dir/pcap-usb-linux.c.o[0m
[10.200s] [ 53%] [32mBuilding C object CMakeFiles/pcap_static.dir/missing/strlcat.c.o[0m
[10.227s] [ 55%] [32mBuilding C object CMakeFiles/pcap.dir/pcap-netfilter-linux.c.o[0m
[10.262s] [ 57%] [32mBuilding C object CMakeFiles/pcap.dir/pcap-dbus.c.o[0m
[10.277s] [ 58%] [32mBuilding C object CMakeFiles/pcap_static.dir/missing/strlcpy.c.o[0m
[10.310s] [ 60%] [32mBuilding C object CMakeFiles/pcap_static.dir/pcap-linux.c.o[0m
[10.325s] [ 61%] [32mBuilding C object CMakeFiles/pcap.dir/pcap-rdmasniff.c.o[0m
[10.339s] [ 63%] [32mBuilding C object CMakeFiles/pcap_static.dir/fad-getad.c.o[0m
[10.340s] [ 65%] [32mBuilding C object CMakeFiles/pcap_static.dir/pcap-usb-linux.c.o[0m
[10.353s] [ 66%] [32mBuilding C object CMakeFiles/pcap.dir/grammar.c.o[0m
[10.355s] [ 68%] [32mBuilding C object CMakeFiles/pcap.dir/scanner.c.o[0m
[10.378s] [ 69%] [32mBuilding C object CMakeFiles/pcap_static.dir/pcap-netfilter-linux.c.o[0m
[10.412s] [ 71%] [32mBuilding C object CMakeFiles/pcap_static.dir/pcap-dbus.c.o[0m
[10.490s] [ 73%] [32mBuilding C object CMakeFiles/pcap_static.dir/grammar.c.o[0m
[10.524s] [ 74%] [32mBuilding C object CMakeFiles/pcap_static.dir/scanner.c.o[0m
[10.527s] [ 76%] [32mBuilding C object CMakeFiles/pcap_static.dir/pcap-rdmasniff.c.o[0m
[10.612s] [ 77%] [32m[1mLinking C shared library libpcap.so[0m
[10.700s] [ 79%] [32m[1mLinking C static library libpcap.a[0m
[10.774s] [ 82%] Built target pcap
[10.814s] [ 85%] Built target pcap_static
[10.849s] [ 87%] [32mBuilding C object testprogs/fuzz/CMakeFiles/fuzz_pcap.dir/onefile.c.o[0m
[10.872s] [ 88%] [32mBuilding C object testprogs/fuzz/CMakeFiles/fuzz_pcap.dir/fuzz_pcap.c.o[0m
[10.873s] [ 90%] [32mBuilding C object testprogs/fuzz/CMakeFiles/fuzz_filter.dir/onefile.c.o[0m
[10.875s] [ 92%] [32mBuilding C object testprogs/fuzz/CMakeFiles/fuzz_filter.dir/fuzz_filter.c.o[0m
[10.936s] [ 93%] [32m[1mLinking C executable ../../run/fuzz_pcap[0m
[10.962s] [ 95%] [32m[1mLinking C executable ../../run/fuzz_filter[0m
[11.042s] [ 95%] Built target fuzz_pcap
[11.062s] [ 95%] Built target fuzz_filter
[11.083s] [ 96%] [32mBuilding C object testprogs/fuzz/CMakeFiles/fuzz_both.dir/fuzz_both.c.o[0m
[11.091s] [ 98%] [32mBuilding C object testprogs/fuzz/CMakeFiles/fuzz_both.dir/onefile.c.o[0m
[11.156s] [100%] [32m[1mLinking C executable ../../run/fuzz_both[0m
[11.287s] [100%] Built target fuzz_both
[11.321s] Invoked command in '/home/ritesh/rc-car/ros2ws/build/pcap' returned '0': /usr/bin/cmake --build /home/ritesh/rc-car/ros2ws/build/pcap -- -j8 -l8
[11.467s] Invoking command in '/home/ritesh/rc-car/ros2ws/build/pcap': /usr/bin/cmake --install /home/ritesh/rc-car/ros2ws/build/pcap
[11.488s] -- Install configuration: ""
[11.491s] -- Installing: /home/ritesh/rc-car/ros2ws/install/pcap/lib/libpcap.so.1.10.1
[11.492s] -- Installing: /home/ritesh/rc-car/ros2ws/install/pcap/lib/libpcap.so.1
[11.493s] -- Installing: /home/ritesh/rc-car/ros2ws/install/pcap/lib/libpcap.so
[11.493s] -- Installing: /home/ritesh/rc-car/ros2ws/install/pcap/lib/libpcap.a
[11.495s] -- Installing: /home/ritesh/rc-car/ros2ws/install/pcap/include/pcap
[11.495s] -- Installing: /home/ritesh/rc-car/ros2ws/install/pcap/include/pcap/vlan.h
[11.496s] -- Installing: /home/ritesh/rc-car/ros2ws/install/pcap/include/pcap/nflog.h
[11.497s] -- Installing: /home/ritesh/rc-car/ros2ws/install/pcap/include/pcap/dlt.h
[11.497s] -- Installing: /home/ritesh/rc-car/ros2ws/install/pcap/include/pcap/can_socketcan.h
[11.498s] -- Installing: /home/ritesh/rc-car/ros2ws/install/pcap/include/pcap/pcap-inttypes.h
[11.498s] -- Installing: /home/ritesh/rc-car/ros2ws/install/pcap/include/pcap/pcap.h
[11.498s] -- Installing: /home/ritesh/rc-car/ros2ws/install/pcap/include/pcap/usb.h
[11.499s] -- Installing: /home/ritesh/rc-car/ros2ws/install/pcap/include/pcap/ipnet.h
[11.499s] -- Installing: /home/ritesh/rc-car/ros2ws/install/pcap/include/pcap/bluetooth.h
[11.499s] -- Installing: /home/ritesh/rc-car/ros2ws/install/pcap/include/pcap/sll.h
[11.500s] -- Installing: /home/ritesh/rc-car/ros2ws/install/pcap/include/pcap/funcattrs.h
[11.500s] -- Installing: /home/ritesh/rc-car/ros2ws/install/pcap/include/pcap/namedb.h
[11.500s] -- Installing: /home/ritesh/rc-car/ros2ws/install/pcap/include/pcap/compiler-tests.h
[11.501s] -- Installing: /home/ritesh/rc-car/ros2ws/install/pcap/include/pcap/bpf.h
[11.501s] -- Installing: /home/ritesh/rc-car/ros2ws/install/pcap/include/pcap/socket.h
[11.501s] -- Installing: /home/ritesh/rc-car/ros2ws/install/pcap/include/pcap.h
[11.502s] -- Installing: /home/ritesh/rc-car/ros2ws/install/pcap/include/pcap-bpf.h
[11.502s] -- Installing: /home/ritesh/rc-car/ros2ws/install/pcap/include/pcap-namedb.h
[11.502s] -- Installing: /home/ritesh/rc-car/ros2ws/install/pcap/bin/pcap-config
[11.503s] -- Installing: /home/ritesh/rc-car/ros2ws/install/pcap/lib/pkgconfig/libpcap.pc
[11.503s] -- Installing: /home/ritesh/rc-car/ros2ws/install/pcap/share/man/man1/pcap-config.1
[11.503s] -- Installing: /home/ritesh/rc-car/ros2ws/install/pcap/share/man/man3/pcap_activate.3pcap
[11.503s] -- Installing: /home/ritesh/rc-car/ros2ws/install/pcap/share/man/man3/pcap_breakloop.3pcap
[11.504s] -- Installing: /home/ritesh/rc-car/ros2ws/install/pcap/share/man/man3/pcap_can_set_rfmon.3pcap
[11.504s] -- Installing: /home/ritesh/rc-car/ros2ws/install/pcap/share/man/man3/pcap_close.3pcap
[11.504s] -- Installing: /home/ritesh/rc-car/ros2ws/install/pcap/share/man/man3/pcap_create.3pcap
[11.504s] -- Installing: /home/ritesh/rc-car/ros2ws/install/pcap/share/man/man3/pcap_datalink_name_to_val.3pcap
[11.504s] -- Installing: /home/ritesh/rc-car/ros2ws/install/pcap/share/man/man3/pcap_datalink_val_to_name.3pcap
[11.505s] -- Installing: /home/ritesh/rc-car/ros2ws/install/pcap/share/man/man3/pcap_dump.3pcap
[11.505s] -- Installing: /home/ritesh/rc-car/ros2ws/install/pcap/share/man/man3/pcap_dump_close.3pcap
[11.505s] -- Installing: /home/ritesh/rc-car/ros2ws/install/pcap/share/man/man3/pcap_dump_file.3pcap
[11.505s] -- Installing: /home/ritesh/rc-car/ros2ws/install/pcap/share/man/man3/pcap_dump_flush.3pcap
[11.506s] -- Installing: /home/ritesh/rc-car/ros2ws/install/pcap/share/man/man3/pcap_dump_ftell.3pcap
[11.506s] -- Installing: /home/ritesh/rc-car/ros2ws/install/pcap/share/man/man3/pcap_file.3pcap
[11.506s] -- Installing: /home/ritesh/rc-car/ros2ws/install/pcap/share/man/man3/pcap_fileno.3pcap
[11.507s] -- Installing: /home/ritesh/rc-car/ros2ws/install/pcap/share/man/man3/pcap_findalldevs.3pcap
[11.507s] -- Installing: /home/ritesh/rc-car/ros2ws/install/pcap/share/man/man3/pcap_freecode.3pcap
[11.507s] -- Installing: /home/ritesh/rc-car/ros2ws/install/pcap/share/man/man3/pcap_get_required_select_timeout.3pcap
[11.507s] -- Installing: /home/ritesh/rc-car/ros2ws/install/pcap/share/man/man3/pcap_get_selectable_fd.3pcap
[11.508s] -- Installing: /home/ritesh/rc-car/ros2ws/install/pcap/share/man/man3/pcap_geterr.3pcap
[11.508s] -- Installing: /home/ritesh/rc-car/ros2ws/install/pcap/share/man/man3/pcap_init.3pcap
[11.508s] -- Installing: /home/ritesh/rc-car/ros2ws/install/pcap/share/man/man3/pcap_inject.3pcap
[11.508s] -- Installing: /home/ritesh/rc-car/ros2ws/install/pcap/share/man/man3/pcap_is_swapped.3pcap
[11.508s] -- Installing: /home/ritesh/rc-car/ros2ws/install/pcap/share/man/man3/pcap_lib_version.3pcap
[11.508s] -- Installing: /home/ritesh/rc-car/ros2ws/install/pcap/share/man/man3/pcap_lookupdev.3pcap
[11.509s] -- Installing: /home/ritesh/rc-car/ros2ws/install/pcap/share/man/man3/pcap_lookupnet.3pcap
[11.510s] -- Installing: /home/ritesh/rc-car/ros2ws/install/pcap/share/man/man3/pcap_loop.3pcap
[11.510s] -- Installing: /home/ritesh/rc-car/ros2ws/install/pcap/share/man/man3/pcap_major_version.3pcap
[11.510s] -- Installing: /home/ritesh/rc-car/ros2ws/install/pcap/share/man/man3/pcap_next_ex.3pcap
[11.510s] -- Installing: /home/ritesh/rc-car/ros2ws/install/pcap/share/man/man3/pcap_offline_filter.3pcap
[11.510s] -- Installing: /home/ritesh/rc-car/ros2ws/install/pcap/share/man/man3/pcap_open_live.3pcap
[11.510s] -- Installing: /home/ritesh/rc-car/ros2ws/install/pcap/share/man/man3/pcap_set_buffer_size.3pcap
[11.510s] -- Installing: /home/ritesh/rc-car/ros2ws/install/pcap/share/man/man3/pcap_set_datalink.3pcap
[11.510s] -- Installing: /home/ritesh/rc-car/ros2ws/install/pcap/share/man/man3/pcap_set_promisc.3pcap
[11.510s] -- Installing: /home/ritesh/rc-car/ros2ws/install/pcap/share/man/man3/pcap_set_protocol_linux.3pcap
[11.510s] -- Installing: /home/ritesh/rc-car/ros2ws/install/pcap/share/man/man3/pcap_set_rfmon.3pcap
[11.510s] -- Installing: /home/ritesh/rc-car/ros2ws/install/pcap/share/man/man3/pcap_set_snaplen.3pcap
[11.510s] -- Installing: /home/ritesh/rc-car/ros2ws/install/pcap/share/man/man3/pcap_set_timeout.3pcap
[11.510s] -- Installing: /home/ritesh/rc-car/ros2ws/install/pcap/share/man/man3/pcap_setdirection.3pcap
[11.510s] -- Installing: /home/ritesh/rc-car/ros2ws/install/pcap/share/man/man3/pcap_setfilter.3pcap
[11.513s] -- Installing: /home/ritesh/rc-car/ros2ws/install/pcap/share/man/man3/pcap_setnonblock.3pcap
[11.513s] -- Installing: /home/ritesh/rc-car/ros2ws/install/pcap/share/man/man3/pcap_snapshot.3pcap
[11.513s] -- Installing: /home/ritesh/rc-car/ros2ws/install/pcap/share/man/man3/pcap_stats.3pcap
[11.513s] -- Installing: /home/ritesh/rc-car/ros2ws/install/pcap/share/man/man3/pcap_statustostr.3pcap
[11.513s] -- Installing: /home/ritesh/rc-car/ros2ws/install/pcap/share/man/man3/pcap_strerror.3pcap
[11.513s] -- Installing: /home/ritesh/rc-car/ros2ws/install/pcap/share/man/man3/pcap_tstamp_type_name_to_val.3pcap
[11.513s] -- Installing: /home/ritesh/rc-car/ros2ws/install/pcap/share/man/man3/pcap_tstamp_type_val_to_name.3pcap
[11.513s] -- Installing: /home/ritesh/rc-car/ros2ws/install/pcap/share/man/man3/pcap.3pcap
[11.513s] -- Installing: /home/ritesh/rc-car/ros2ws/install/pcap/share/man/man3/pcap_compile.3pcap
[11.513s] -- Installing: /home/ritesh/rc-car/ros2ws/install/pcap/share/man/man3/pcap_datalink.3pcap
[11.513s] -- Installing: /home/ritesh/rc-car/ros2ws/install/pcap/share/man/man3/pcap_dump_open.3pcap
[11.513s] -- Installing: /home/ritesh/rc-car/ros2ws/install/pcap/share/man/man3/pcap_get_tstamp_precision.3pcap
[11.513s] -- Installing: /home/ritesh/rc-car/ros2ws/install/pcap/share/man/man3/pcap_list_datalinks.3pcap
[11.513s] -- Installing: /home/ritesh/rc-car/ros2ws/install/pcap/share/man/man3/pcap_list_tstamp_types.3pcap
[11.513s] -- Installing: /home/ritesh/rc-car/ros2ws/install/pcap/share/man/man3/pcap_open_dead.3pcap
[11.514s] -- Installing: /home/ritesh/rc-car/ros2ws/install/pcap/share/man/man3/pcap_open_offline.3pcap
[11.514s] -- Installing: /home/ritesh/rc-car/ros2ws/install/pcap/share/man/man3/pcap_set_immediate_mode.3pcap
[11.516s] -- Installing: /home/ritesh/rc-car/ros2ws/install/pcap/share/man/man3/pcap_set_tstamp_precision.3pcap
[11.516s] -- Installing: /home/ritesh/rc-car/ros2ws/install/pcap/share/man/man3/pcap_set_tstamp_type.3pcap
[11.516s] -- Symlinking: /home/ritesh/rc-car/ros2ws/install/pcap/share/man/man3/pcap_datalink_val_to_name.3pcap to pcap_datalink_val_to_description.3pcap
[11.543s] -- Symlinking: /home/ritesh/rc-car/ros2ws/install/pcap/share/man/man3/pcap_datalink_val_to_name.3pcap to pcap_datalink_val_to_description_or_dlt.3pcap
[11.582s] -- Symlinking: /home/ritesh/rc-car/ros2ws/install/pcap/share/man/man3/pcap_dump_open.3pcap to pcap_dump_fopen.3pcap
[11.629s] -- Symlinking: /home/ritesh/rc-car/ros2ws/install/pcap/share/man/man3/pcap_findalldevs.3pcap to pcap_freealldevs.3pcap
[11.652s] -- Symlinking: /home/ritesh/rc-car/ros2ws/install/pcap/share/man/man3/pcap_geterr.3pcap to pcap_perror.3pcap
[11.676s] -- Symlinking: /home/ritesh/rc-car/ros2ws/install/pcap/share/man/man3/pcap_inject.3pcap to pcap_sendpacket.3pcap
[11.698s] -- Symlinking: /home/ritesh/rc-car/ros2ws/install/pcap/share/man/man3/pcap_list_datalinks.3pcap to pcap_free_datalinks.3pcap
[11.726s] -- Symlinking: /home/ritesh/rc-car/ros2ws/install/pcap/share/man/man3/pcap_list_tstamp_types.3pcap to pcap_free_tstamp_types.3pcap
[11.745s] -- Symlinking: /home/ritesh/rc-car/ros2ws/install/pcap/share/man/man3/pcap_loop.3pcap to pcap_dispatch.3pcap
[11.790s] -- Symlinking: /home/ritesh/rc-car/ros2ws/install/pcap/share/man/man3/pcap_major_version.3pcap to pcap_minor_version.3pcap
[11.822s] -- Symlinking: /home/ritesh/rc-car/ros2ws/install/pcap/share/man/man3/pcap_next_ex.3pcap to pcap_next.3pcap
[11.844s] -- Symlinking: /home/ritesh/rc-car/ros2ws/install/pcap/share/man/man3/pcap_open_dead.3pcap to pcap_open_dead_with_tstamp_precision.3pcap
[11.890s] -- Symlinking: /home/ritesh/rc-car/ros2ws/install/pcap/share/man/man3/pcap_open_offline.3pcap to pcap_open_offline_with_tstamp_precision.3pcap
[11.933s] -- Symlinking: /home/ritesh/rc-car/ros2ws/install/pcap/share/man/man3/pcap_open_offline.3pcap to pcap_fopen_offline.3pcap
[11.976s] -- Symlinking: /home/ritesh/rc-car/ros2ws/install/pcap/share/man/man3/pcap_open_offline.3pcap to pcap_fopen_offline_with_tstamp_precision.3pcap
[12.018s] -- Symlinking: /home/ritesh/rc-car/ros2ws/install/pcap/share/man/man3/pcap_tstamp_type_val_to_name.3pcap to pcap_tstamp_type_val_to_description.3pcap
[12.065s] -- Symlinking: /home/ritesh/rc-car/ros2ws/install/pcap/share/man/man3/pcap_setnonblock.3pcap to pcap_getnonblock.3pcap
[12.097s] -- Installing: /home/ritesh/rc-car/ros2ws/install/pcap/share/man/man5/pcap-savefile.5
[12.099s] -- Installing: /home/ritesh/rc-car/ros2ws/install/pcap/share/man/man7/pcap-filter.7
[12.099s] -- Installing: /home/ritesh/rc-car/ros2ws/install/pcap/share/man/man7/pcap-linktype.7
[12.099s] -- Installing: /home/ritesh/rc-car/ros2ws/install/pcap/share/man/man7/pcap-tstamp.7
[12.107s] Invoked command in '/home/ritesh/rc-car/ros2ws/build/pcap' returned '0': /usr/bin/cmake --install /home/ritesh/rc-car/ros2ws/build/pcap
