[0.571s] Invoking command in '/home/ritesh/rc-car/ros2ws/src/read_data': PYTHONPATH=/home/ritesh/rc-car/ros2ws/build/read_data/prefix_override:/usr/local/lib/python3.10/dist-packages/colcon_core/task/python/colcon_distutils_commands:/home/ritesh/rc-car/ros2ws/install/read_data/lib/python3.10/site-packages:${PYTHONPATH} /usr/bin/python3 -W ignore:setup.py install is deprecated setup.py egg_info --egg-base ../../build/read_data build --build-base /home/ritesh/rc-car/ros2ws/build/read_data/build install --record /home/ritesh/rc-car/ros2ws/build/read_data/install.log --single-version-externally-managed install_data
[0.730s] running egg_info
[0.731s] writing ../../build/read_data/read_data.egg-info/PKG-INFO
[0.731s] writing dependency_links to ../../build/read_data/read_data.egg-info/dependency_links.txt
[0.731s] writing entry points to ../../build/read_data/read_data.egg-info/entry_points.txt
[0.731s] writing requirements to ../../build/read_data/read_data.egg-info/requires.txt
[0.731s] writing top-level names to ../../build/read_data/read_data.egg-info/top_level.txt
[0.733s] reading manifest file '../../build/read_data/read_data.egg-info/SOURCES.txt'
[0.733s] writing manifest file '../../build/read_data/read_data.egg-info/SOURCES.txt'
[0.733s] running build
[0.733s] running build_py
[0.734s] copying read_data/read_cone.py -> /home/ritesh/rc-car/ros2ws/build/read_data/build/lib/read_data
[0.734s] running install
[0.734s] running install_lib
[0.735s] creating /home/ritesh/rc-car/ros2ws/install/read_data/lib/python3.10/site-packages/read_data
[0.735s] copying /home/ritesh/rc-car/ros2ws/build/read_data/build/lib/read_data/read_cone.py -> /home/ritesh/rc-car/ros2ws/install/read_data/lib/python3.10/site-packages/read_data
[0.735s] copying /home/ritesh/rc-car/ros2ws/build/read_data/build/lib/read_data/__init__.py -> /home/ritesh/rc-car/ros2ws/install/read_data/lib/python3.10/site-packages/read_data
[0.735s] copying /home/ritesh/rc-car/ros2ws/build/read_data/build/lib/read_data/read_imu.py -> /home/ritesh/rc-car/ros2ws/install/read_data/lib/python3.10/site-packages/read_data
[0.735s] copying /home/ritesh/rc-car/ros2ws/build/read_data/build/lib/read_data/read_wheelspeed.py -> /home/ritesh/rc-car/ros2ws/install/read_data/lib/python3.10/site-packages/read_data
[0.736s] byte-compiling /home/ritesh/rc-car/ros2ws/install/read_data/lib/python3.10/site-packages/read_data/read_cone.py to read_cone.cpython-310.pyc
[0.737s] byte-compiling /home/ritesh/rc-car/ros2ws/install/read_data/lib/python3.10/site-packages/read_data/__init__.py to __init__.cpython-310.pyc
[0.737s] byte-compiling /home/ritesh/rc-car/ros2ws/install/read_data/lib/python3.10/site-packages/read_data/read_imu.py to read_imu.cpython-310.pyc
[0.737s] byte-compiling /home/ritesh/rc-car/ros2ws/install/read_data/lib/python3.10/site-packages/read_data/read_wheelspeed.py to read_wheelspeed.cpython-310.pyc
[0.737s] running install_data
[0.737s] creating /home/ritesh/rc-car/ros2ws/install/read_data/share
[0.738s] creating /home/ritesh/rc-car/ros2ws/install/read_data/share/ament_index
[0.738s] creating /home/ritesh/rc-car/ros2ws/install/read_data/share/ament_index/resource_index
[0.738s] creating /home/ritesh/rc-car/ros2ws/install/read_data/share/ament_index/resource_index/packages
[0.738s] copying resource/read_data -> /home/ritesh/rc-car/ros2ws/install/read_data/share/ament_index/resource_index/packages
[0.739s] creating /home/ritesh/rc-car/ros2ws/install/read_data/share/read_data
[0.739s] copying package.xml -> /home/ritesh/rc-car/ros2ws/install/read_data/share/read_data
[0.739s] running install_egg_info
[0.740s] Copying ../../build/read_data/read_data.egg-info to /home/ritesh/rc-car/ros2ws/install/read_data/lib/python3.10/site-packages/read_data-0.0.0-py3.10.egg-info
[0.741s] running install_scripts
[0.758s] Installing read_imu script to /home/ritesh/rc-car/ros2ws/install/read_data/lib/read_data
[0.758s] Installing read_wheelspeed script to /home/ritesh/rc-car/ros2ws/install/read_data/lib/read_data
[0.758s] writing list of installed files to '/home/ritesh/rc-car/ros2ws/build/read_data/install.log'
[0.776s] Invoked command in '/home/ritesh/rc-car/ros2ws/src/read_data' returned '0': PYTHONPATH=/home/ritesh/rc-car/ros2ws/build/read_data/prefix_override:/usr/local/lib/python3.10/dist-packages/colcon_core/task/python/colcon_distutils_commands:/home/ritesh/rc-car/ros2ws/install/read_data/lib/python3.10/site-packages:${PYTHONPATH} /usr/bin/python3 -W ignore:setup.py install is deprecated setup.py egg_info --egg-base ../../build/read_data build --build-base /home/ritesh/rc-car/ros2ws/build/read_data/build install --record /home/ritesh/rc-car/ros2ws/build/read_data/install.log --single-version-externally-managed install_data
