[1.058s] Invoking command in '/home/ritesh/rc-car/ros2_ws/src/my_robot_controller': PYTHONPATH=/home/ritesh/rc-car/build/my_robot_controller/prefix_override:/usr/local/lib/python3.10/dist-packages/colcon_core/task/python/colcon_distutils_commands:/home/ritesh/rc-car/install/my_robot_controller/lib/python3.10/site-packages:${PYTHONPATH} /usr/bin/python3 -W ignore:setup.py install is deprecated setup.py egg_info --egg-base ../../../build/my_robot_controller build --build-base /home/ritesh/rc-car/build/my_robot_controller/build install --record /home/ritesh/rc-car/build/my_robot_controller/install.log --single-version-externally-managed install_data
[1.214s] running egg_info
[1.215s] writing ../../../build/my_robot_controller/my_robot_controller.egg-info/PKG-INFO
[1.216s] writing dependency_links to ../../../build/my_robot_controller/my_robot_controller.egg-info/dependency_links.txt
[1.216s] writing entry points to ../../../build/my_robot_controller/my_robot_controller.egg-info/entry_points.txt
[1.216s] writing requirements to ../../../build/my_robot_controller/my_robot_controller.egg-info/requires.txt
[1.216s] writing top-level names to ../../../build/my_robot_controller/my_robot_controller.egg-info/top_level.txt
[1.217s] reading manifest file '../../../build/my_robot_controller/my_robot_controller.egg-info/SOURCES.txt'
[1.218s] writing manifest file '../../../build/my_robot_controller/my_robot_controller.egg-info/SOURCES.txt'
[1.218s] running build
[1.218s] running build_py
[1.218s] running install
[1.219s] running install_lib
[1.220s] running install_data
[1.220s] running install_egg_info
[1.221s] removing '/home/ritesh/rc-car/install/my_robot_controller/lib/python3.10/site-packages/my_robot_controller-0.0.0-py3.10.egg-info' (and everything under it)
[1.222s] Copying ../../../build/my_robot_controller/my_robot_controller.egg-info to /home/ritesh/rc-car/install/my_robot_controller/lib/python3.10/site-packages/my_robot_controller-0.0.0-py3.10.egg-info
[1.223s] running install_scripts
[1.239s] Installing draw_circle script to /home/ritesh/rc-car/install/my_robot_controller/lib/my_robot_controller
[1.239s] Installing pose_subscriber script to /home/ritesh/rc-car/install/my_robot_controller/lib/my_robot_controller
[1.239s] Installing test_node script to /home/ritesh/rc-car/install/my_robot_controller/lib/my_robot_controller
[1.239s] Installing turtle_controller script to /home/ritesh/rc-car/install/my_robot_controller/lib/my_robot_controller
[1.240s] writing list of installed files to '/home/ritesh/rc-car/build/my_robot_controller/install.log'
[1.265s] Invoked command in '/home/ritesh/rc-car/ros2_ws/src/my_robot_controller' returned '0': PYTHONPATH=/home/ritesh/rc-car/build/my_robot_controller/prefix_override:/usr/local/lib/python3.10/dist-packages/colcon_core/task/python/colcon_distutils_commands:/home/ritesh/rc-car/install/my_robot_controller/lib/python3.10/site-packages:${PYTHONPATH} /usr/bin/python3 -W ignore:setup.py install is deprecated setup.py egg_info --egg-base ../../../build/my_robot_controller build --build-base /home/ritesh/rc-car/build/my_robot_controller/build install --record /home/ritesh/rc-car/build/my_robot_controller/install.log --single-version-externally-managed install_data
