The system is: Linux - 6.8.0-1014-oracle - x86_64
Compiling the C compiler identification source file "CMakeCCompilerId.c" succeeded.
Compiler: /usr/bin/cc 
Build flags: 
Id flags:  

The output was:
0


Compilation of the C compiler identification source "CMakeCCompilerId.c" produced "a.out"

The C compiler identification is GNU, found in "/home/ritesh/rc-car/ros2ws/build/pcap/CMakeFiles/3.22.1/CompilerIdC/a.out"

Compiling the CXX compiler identification source file "CMakeCXXCompilerId.cpp" succeeded.
Compiler: /usr/bin/c++ 
Build flags: 
Id flags:  

The output was:
0


Compilation of the CXX compiler identification source "CMakeCXXCompilerId.cpp" produced "a.out"

The CXX compiler identification is GNU, found in "/home/ritesh/rc-car/ros2ws/build/pcap/CMakeFiles/3.22.1/CompilerIdCXX/a.out"

Detecting C compiler ABI info compiled with the following output:
Change Dir: /home/ritesh/rc-car/ros2ws/build/pcap/CMakeFiles/CMakeTmp

Run Build Command(s):/usr/bin/gmake -f Makefile cmTC_7a8ba/fast && /usr/bin/gmake  -f CMakeFiles/cmTC_7a8ba.dir/build.make CMakeFiles/cmTC_7a8ba.dir/build
gmake[1]: Entering directory '/home/ritesh/rc-car/ros2ws/build/pcap/CMakeFiles/CMakeTmp'
Building C object CMakeFiles/cmTC_7a8ba.dir/CMakeCCompilerABI.c.o
/usr/bin/cc   -v -o CMakeFiles/cmTC_7a8ba.dir/CMakeCCompilerABI.c.o -c /usr/share/cmake-3.22/Modules/CMakeCCompilerABI.c
Using built-in specs.
COLLECT_GCC=/usr/bin/cc
OFFLOAD_TARGET_NAMES=nvptx-none:amdgcn-amdhsa
OFFLOAD_TARGET_DEFAULT=1
Target: x86_64-linux-gnu
Configured with: ../src/configure -v --with-pkgversion='Ubuntu 11.4.0-1ubuntu1~22.04' --with-bugurl=file:///usr/share/doc/gcc-11/README.Bugs --enable-languages=c,ada,c++,go,brig,d,fortran,objc,obj-c++,m2 --prefix=/usr --with-gcc-major-version-only --program-suffix=-11 --program-prefix=x86_64-linux-gnu- --enable-shared --enable-linker-build-id --libexecdir=/usr/lib --without-included-gettext --enable-threads=posix --libdir=/usr/lib --enable-nls --enable-bootstrap --enable-clocale=gnu --enable-libstdcxx-debug --enable-libstdcxx-time=yes --with-default-libstdcxx-abi=new --enable-gnu-unique-object --disable-vtable-verify --enable-plugin --enable-default-pie --with-system-zlib --enable-libphobos-checking=release --with-target-system-zlib=auto --enable-objc-gc=auto --enable-multiarch --disable-werror --enable-cet --with-arch-32=i686 --with-abi=m64 --with-multilib-list=m32,m64,mx32 --enable-multilib --with-tune=generic --enable-offload-targets=nvptx-none=/build/gcc-11-XeT9lY/gcc-11-11.4.0/debian/tmp-nvptx/usr,amdgcn-amdhsa=/build/gcc-11-XeT9lY/gcc-11-11.4.0/debian/tmp-gcn/usr --without-cuda-driver --enable-checking=release --build=x86_64-linux-gnu --host=x86_64-linux-gnu --target=x86_64-linux-gnu --with-build-config=bootstrap-lto-lean --enable-link-serialization=2
Thread model: posix
Supported LTO compression algorithms: zlib zstd
gcc version 11.4.0 (Ubuntu 11.4.0-1ubuntu1~22.04) 
COLLECT_GCC_OPTIONS='-v' '-o' 'CMakeFiles/cmTC_7a8ba.dir/CMakeCCompilerABI.c.o' '-c' '-mtune=generic' '-march=x86-64' '-dumpdir' 'CMakeFiles/cmTC_7a8ba.dir/'
 /usr/lib/gcc/x86_64-linux-gnu/11/cc1 -quiet -v -imultiarch x86_64-linux-gnu /usr/share/cmake-3.22/Modules/CMakeCCompilerABI.c -quiet -dumpdir CMakeFiles/cmTC_7a8ba.dir/ -dumpbase CMakeCCompilerABI.c.c -dumpbase-ext .c -mtune=generic -march=x86-64 -version -fasynchronous-unwind-tables -fstack-protector-strong -Wformat -Wformat-security -fstack-clash-protection -fcf-protection -o /tmp/ccI6eUPi.s
GNU C17 (Ubuntu 11.4.0-1ubuntu1~22.04) version 11.4.0 (x86_64-linux-gnu)
	compiled by GNU C version 11.4.0, GMP version 6.2.1, MPFR version 4.1.0, MPC version 1.2.1, isl version isl-0.24-GMP

GGC heuristics: --param ggc-min-expand=100 --param ggc-min-heapsize=131072
ignoring nonexistent directory "/usr/local/include/x86_64-linux-gnu"
ignoring nonexistent directory "/usr/lib/gcc/x86_64-linux-gnu/11/include-fixed"
ignoring nonexistent directory "/usr/lib/gcc/x86_64-linux-gnu/11/../../../../x86_64-linux-gnu/include"
#include "..." search starts here:
#include <...> search starts here:
 /usr/lib/gcc/x86_64-linux-gnu/11/include
 /usr/local/include
 /usr/include/x86_64-linux-gnu
 /usr/include
End of search list.
GNU C17 (Ubuntu 11.4.0-1ubuntu1~22.04) version 11.4.0 (x86_64-linux-gnu)
	compiled by GNU C version 11.4.0, GMP version 6.2.1, MPFR version 4.1.0, MPC version 1.2.1, isl version isl-0.24-GMP

GGC heuristics: --param ggc-min-expand=100 --param ggc-min-heapsize=131072
Compiler executable checksum: 50eaa2331df977b8016186198deb2d18
COLLECT_GCC_OPTIONS='-v' '-o' 'CMakeFiles/cmTC_7a8ba.dir/CMakeCCompilerABI.c.o' '-c' '-mtune=generic' '-march=x86-64' '-dumpdir' 'CMakeFiles/cmTC_7a8ba.dir/'
 as -v --64 -o CMakeFiles/cmTC_7a8ba.dir/CMakeCCompilerABI.c.o /tmp/ccI6eUPi.s
GNU assembler version 2.38 (x86_64-linux-gnu) using BFD version (GNU Binutils for Ubuntu) 2.38
COMPILER_PATH=/usr/lib/gcc/x86_64-linux-gnu/11/:/usr/lib/gcc/x86_64-linux-gnu/11/:/usr/lib/gcc/x86_64-linux-gnu/:/usr/lib/gcc/x86_64-linux-gnu/11/:/usr/lib/gcc/x86_64-linux-gnu/
LIBRARY_PATH=/usr/lib/gcc/x86_64-linux-gnu/11/:/usr/lib/gcc/x86_64-linux-gnu/11/../../../x86_64-linux-gnu/:/usr/lib/gcc/x86_64-linux-gnu/11/../../../../lib/:/lib/x86_64-linux-gnu/:/lib/../lib/:/usr/lib/x86_64-linux-gnu/:/usr/lib/../lib/:/usr/lib/gcc/x86_64-linux-gnu/11/../../../:/lib/:/usr/lib/
COLLECT_GCC_OPTIONS='-v' '-o' 'CMakeFiles/cmTC_7a8ba.dir/CMakeCCompilerABI.c.o' '-c' '-mtune=generic' '-march=x86-64' '-dumpdir' 'CMakeFiles/cmTC_7a8ba.dir/CMakeCCompilerABI.c.'
Linking C executable cmTC_7a8ba
/usr/bin/cmake -E cmake_link_script CMakeFiles/cmTC_7a8ba.dir/link.txt --verbose=1
/usr/bin/cc  -v -rdynamic CMakeFiles/cmTC_7a8ba.dir/CMakeCCompilerABI.c.o -o cmTC_7a8ba 
Using built-in specs.
COLLECT_GCC=/usr/bin/cc
COLLECT_LTO_WRAPPER=/usr/lib/gcc/x86_64-linux-gnu/11/lto-wrapper
OFFLOAD_TARGET_NAMES=nvptx-none:amdgcn-amdhsa
OFFLOAD_TARGET_DEFAULT=1
Target: x86_64-linux-gnu
Configured with: ../src/configure -v --with-pkgversion='Ubuntu 11.4.0-1ubuntu1~22.04' --with-bugurl=file:///usr/share/doc/gcc-11/README.Bugs --enable-languages=c,ada,c++,go,brig,d,fortran,objc,obj-c++,m2 --prefix=/usr --with-gcc-major-version-only --program-suffix=-11 --program-prefix=x86_64-linux-gnu- --enable-shared --enable-linker-build-id --libexecdir=/usr/lib --without-included-gettext --enable-threads=posix --libdir=/usr/lib --enable-nls --enable-bootstrap --enable-clocale=gnu --enable-libstdcxx-debug --enable-libstdcxx-time=yes --with-default-libstdcxx-abi=new --enable-gnu-unique-object --disable-vtable-verify --enable-plugin --enable-default-pie --with-system-zlib --enable-libphobos-checking=release --with-target-system-zlib=auto --enable-objc-gc=auto --enable-multiarch --disable-werror --enable-cet --with-arch-32=i686 --with-abi=m64 --with-multilib-list=m32,m64,mx32 --enable-multilib --with-tune=generic --enable-offload-targets=nvptx-none=/build/gcc-11-XeT9lY/gcc-11-11.4.0/debian/tmp-nvptx/usr,amdgcn-amdhsa=/build/gcc-11-XeT9lY/gcc-11-11.4.0/debian/tmp-gcn/usr --without-cuda-driver --enable-checking=release --build=x86_64-linux-gnu --host=x86_64-linux-gnu --target=x86_64-linux-gnu --with-build-config=bootstrap-lto-lean --enable-link-serialization=2
Thread model: posix
Supported LTO compression algorithms: zlib zstd
gcc version 11.4.0 (Ubuntu 11.4.0-1ubuntu1~22.04) 
COMPILER_PATH=/usr/lib/gcc/x86_64-linux-gnu/11/:/usr/lib/gcc/x86_64-linux-gnu/11/:/usr/lib/gcc/x86_64-linux-gnu/:/usr/lib/gcc/x86_64-linux-gnu/11/:/usr/lib/gcc/x86_64-linux-gnu/
LIBRARY_PATH=/usr/lib/gcc/x86_64-linux-gnu/11/:/usr/lib/gcc/x86_64-linux-gnu/11/../../../x86_64-linux-gnu/:/usr/lib/gcc/x86_64-linux-gnu/11/../../../../lib/:/lib/x86_64-linux-gnu/:/lib/../lib/:/usr/lib/x86_64-linux-gnu/:/usr/lib/../lib/:/usr/lib/gcc/x86_64-linux-gnu/11/../../../:/lib/:/usr/lib/
COLLECT_GCC_OPTIONS='-v' '-rdynamic' '-o' 'cmTC_7a8ba' '-mtune=generic' '-march=x86-64' '-dumpdir' 'cmTC_7a8ba.'
 /usr/lib/gcc/x86_64-linux-gnu/11/collect2 -plugin /usr/lib/gcc/x86_64-linux-gnu/11/liblto_plugin.so -plugin-opt=/usr/lib/gcc/x86_64-linux-gnu/11/lto-wrapper -plugin-opt=-fresolution=/tmp/cc7KVbg2.res -plugin-opt=-pass-through=-lgcc -plugin-opt=-pass-through=-lgcc_s -plugin-opt=-pass-through=-lc -plugin-opt=-pass-through=-lgcc -plugin-opt=-pass-through=-lgcc_s --build-id --eh-frame-hdr -m elf_x86_64 --hash-style=gnu --as-needed -export-dynamic -dynamic-linker /lib64/ld-linux-x86-64.so.2 -pie -z now -z relro -o cmTC_7a8ba /usr/lib/gcc/x86_64-linux-gnu/11/../../../x86_64-linux-gnu/Scrt1.o /usr/lib/gcc/x86_64-linux-gnu/11/../../../x86_64-linux-gnu/crti.o /usr/lib/gcc/x86_64-linux-gnu/11/crtbeginS.o -L/usr/lib/gcc/x86_64-linux-gnu/11 -L/usr/lib/gcc/x86_64-linux-gnu/11/../../../x86_64-linux-gnu -L/usr/lib/gcc/x86_64-linux-gnu/11/../../../../lib -L/lib/x86_64-linux-gnu -L/lib/../lib -L/usr/lib/x86_64-linux-gnu -L/usr/lib/../lib -L/usr/lib/gcc/x86_64-linux-gnu/11/../../.. CMakeFiles/cmTC_7a8ba.dir/CMakeCCompilerABI.c.o -lgcc --push-state --as-needed -lgcc_s --pop-state -lc -lgcc --push-state --as-needed -lgcc_s --pop-state /usr/lib/gcc/x86_64-linux-gnu/11/crtendS.o /usr/lib/gcc/x86_64-linux-gnu/11/../../../x86_64-linux-gnu/crtn.o
COLLECT_GCC_OPTIONS='-v' '-rdynamic' '-o' 'cmTC_7a8ba' '-mtune=generic' '-march=x86-64' '-dumpdir' 'cmTC_7a8ba.'
gmake[1]: Leaving directory '/home/ritesh/rc-car/ros2ws/build/pcap/CMakeFiles/CMakeTmp'



Parsed C implicit include dir info from above output: rv=done
  found start of include info
  found start of implicit include info
    add: [/usr/lib/gcc/x86_64-linux-gnu/11/include]
    add: [/usr/local/include]
    add: [/usr/include/x86_64-linux-gnu]
    add: [/usr/include]
  end of search list found
  collapse include dir [/usr/lib/gcc/x86_64-linux-gnu/11/include] ==> [/usr/lib/gcc/x86_64-linux-gnu/11/include]
  collapse include dir [/usr/local/include] ==> [/usr/local/include]
  collapse include dir [/usr/include/x86_64-linux-gnu] ==> [/usr/include/x86_64-linux-gnu]
  collapse include dir [/usr/include] ==> [/usr/include]
  implicit include dirs: [/usr/lib/gcc/x86_64-linux-gnu/11/include;/usr/local/include;/usr/include/x86_64-linux-gnu;/usr/include]


Parsed C implicit link information from above output:
  link line regex: [^( *|.*[/\])(ld|CMAKE_LINK_STARTFILE-NOTFOUND|([^/\]+-)?ld|collect2)[^/\]*( |$)]
  ignore line: [Change Dir: /home/ritesh/rc-car/ros2ws/build/pcap/CMakeFiles/CMakeTmp]
  ignore line: []
  ignore line: [Run Build Command(s):/usr/bin/gmake -f Makefile cmTC_7a8ba/fast && /usr/bin/gmake  -f CMakeFiles/cmTC_7a8ba.dir/build.make CMakeFiles/cmTC_7a8ba.dir/build]
  ignore line: [gmake[1]: Entering directory '/home/ritesh/rc-car/ros2ws/build/pcap/CMakeFiles/CMakeTmp']
  ignore line: [Building C object CMakeFiles/cmTC_7a8ba.dir/CMakeCCompilerABI.c.o]
  ignore line: [/usr/bin/cc   -v -o CMakeFiles/cmTC_7a8ba.dir/CMakeCCompilerABI.c.o -c /usr/share/cmake-3.22/Modules/CMakeCCompilerABI.c]
  ignore line: [Using built-in specs.]
  ignore line: [COLLECT_GCC=/usr/bin/cc]
  ignore line: [OFFLOAD_TARGET_NAMES=nvptx-none:amdgcn-amdhsa]
  ignore line: [OFFLOAD_TARGET_DEFAULT=1]
  ignore line: [Target: x86_64-linux-gnu]
  ignore line: [Configured with: ../src/configure -v --with-pkgversion='Ubuntu 11.4.0-1ubuntu1~22.04' --with-bugurl=file:///usr/share/doc/gcc-11/README.Bugs --enable-languages=c ada c++ go brig d fortran objc obj-c++ m2 --prefix=/usr --with-gcc-major-version-only --program-suffix=-11 --program-prefix=x86_64-linux-gnu- --enable-shared --enable-linker-build-id --libexecdir=/usr/lib --without-included-gettext --enable-threads=posix --libdir=/usr/lib --enable-nls --enable-bootstrap --enable-clocale=gnu --enable-libstdcxx-debug --enable-libstdcxx-time=yes --with-default-libstdcxx-abi=new --enable-gnu-unique-object --disable-vtable-verify --enable-plugin --enable-default-pie --with-system-zlib --enable-libphobos-checking=release --with-target-system-zlib=auto --enable-objc-gc=auto --enable-multiarch --disable-werror --enable-cet --with-arch-32=i686 --with-abi=m64 --with-multilib-list=m32 m64 mx32 --enable-multilib --with-tune=generic --enable-offload-targets=nvptx-none=/build/gcc-11-XeT9lY/gcc-11-11.4.0/debian/tmp-nvptx/usr amdgcn-amdhsa=/build/gcc-11-XeT9lY/gcc-11-11.4.0/debian/tmp-gcn/usr --without-cuda-driver --enable-checking=release --build=x86_64-linux-gnu --host=x86_64-linux-gnu --target=x86_64-linux-gnu --with-build-config=bootstrap-lto-lean --enable-link-serialization=2]
  ignore line: [Thread model: posix]
  ignore line: [Supported LTO compression algorithms: zlib zstd]
  ignore line: [gcc version 11.4.0 (Ubuntu 11.4.0-1ubuntu1~22.04) ]
  ignore line: [COLLECT_GCC_OPTIONS='-v' '-o' 'CMakeFiles/cmTC_7a8ba.dir/CMakeCCompilerABI.c.o' '-c' '-mtune=generic' '-march=x86-64' '-dumpdir' 'CMakeFiles/cmTC_7a8ba.dir/']
  ignore line: [ /usr/lib/gcc/x86_64-linux-gnu/11/cc1 -quiet -v -imultiarch x86_64-linux-gnu /usr/share/cmake-3.22/Modules/CMakeCCompilerABI.c -quiet -dumpdir CMakeFiles/cmTC_7a8ba.dir/ -dumpbase CMakeCCompilerABI.c.c -dumpbase-ext .c -mtune=generic -march=x86-64 -version -fasynchronous-unwind-tables -fstack-protector-strong -Wformat -Wformat-security -fstack-clash-protection -fcf-protection -o /tmp/ccI6eUPi.s]
  ignore line: [GNU C17 (Ubuntu 11.4.0-1ubuntu1~22.04) version 11.4.0 (x86_64-linux-gnu)]
  ignore line: [	compiled by GNU C version 11.4.0  GMP version 6.2.1  MPFR version 4.1.0  MPC version 1.2.1  isl version isl-0.24-GMP]
  ignore line: []
  ignore line: [GGC heuristics: --param ggc-min-expand=100 --param ggc-min-heapsize=131072]
  ignore line: [ignoring nonexistent directory "/usr/local/include/x86_64-linux-gnu"]
  ignore line: [ignoring nonexistent directory "/usr/lib/gcc/x86_64-linux-gnu/11/include-fixed"]
  ignore line: [ignoring nonexistent directory "/usr/lib/gcc/x86_64-linux-gnu/11/../../../../x86_64-linux-gnu/include"]
  ignore line: [#include "..." search starts here:]
  ignore line: [#include <...> search starts here:]
  ignore line: [ /usr/lib/gcc/x86_64-linux-gnu/11/include]
  ignore line: [ /usr/local/include]
  ignore line: [ /usr/include/x86_64-linux-gnu]
  ignore line: [ /usr/include]
  ignore line: [End of search list.]
  ignore line: [GNU C17 (Ubuntu 11.4.0-1ubuntu1~22.04) version 11.4.0 (x86_64-linux-gnu)]
  ignore line: [	compiled by GNU C version 11.4.0  GMP version 6.2.1  MPFR version 4.1.0  MPC version 1.2.1  isl version isl-0.24-GMP]
  ignore line: []
  ignore line: [GGC heuristics: --param ggc-min-expand=100 --param ggc-min-heapsize=131072]
  ignore line: [Compiler executable checksum: 50eaa2331df977b8016186198deb2d18]
  ignore line: [COLLECT_GCC_OPTIONS='-v' '-o' 'CMakeFiles/cmTC_7a8ba.dir/CMakeCCompilerABI.c.o' '-c' '-mtune=generic' '-march=x86-64' '-dumpdir' 'CMakeFiles/cmTC_7a8ba.dir/']
  ignore line: [ as -v --64 -o CMakeFiles/cmTC_7a8ba.dir/CMakeCCompilerABI.c.o /tmp/ccI6eUPi.s]
  ignore line: [GNU assembler version 2.38 (x86_64-linux-gnu) using BFD version (GNU Binutils for Ubuntu) 2.38]
  ignore line: [COMPILER_PATH=/usr/lib/gcc/x86_64-linux-gnu/11/:/usr/lib/gcc/x86_64-linux-gnu/11/:/usr/lib/gcc/x86_64-linux-gnu/:/usr/lib/gcc/x86_64-linux-gnu/11/:/usr/lib/gcc/x86_64-linux-gnu/]
  ignore line: [LIBRARY_PATH=/usr/lib/gcc/x86_64-linux-gnu/11/:/usr/lib/gcc/x86_64-linux-gnu/11/../../../x86_64-linux-gnu/:/usr/lib/gcc/x86_64-linux-gnu/11/../../../../lib/:/lib/x86_64-linux-gnu/:/lib/../lib/:/usr/lib/x86_64-linux-gnu/:/usr/lib/../lib/:/usr/lib/gcc/x86_64-linux-gnu/11/../../../:/lib/:/usr/lib/]
  ignore line: [COLLECT_GCC_OPTIONS='-v' '-o' 'CMakeFiles/cmTC_7a8ba.dir/CMakeCCompilerABI.c.o' '-c' '-mtune=generic' '-march=x86-64' '-dumpdir' 'CMakeFiles/cmTC_7a8ba.dir/CMakeCCompilerABI.c.']
  ignore line: [Linking C executable cmTC_7a8ba]
  ignore line: [/usr/bin/cmake -E cmake_link_script CMakeFiles/cmTC_7a8ba.dir/link.txt --verbose=1]
  ignore line: [/usr/bin/cc  -v -rdynamic CMakeFiles/cmTC_7a8ba.dir/CMakeCCompilerABI.c.o -o cmTC_7a8ba ]
  ignore line: [Using built-in specs.]
  ignore line: [COLLECT_GCC=/usr/bin/cc]
  ignore line: [COLLECT_LTO_WRAPPER=/usr/lib/gcc/x86_64-linux-gnu/11/lto-wrapper]
  ignore line: [OFFLOAD_TARGET_NAMES=nvptx-none:amdgcn-amdhsa]
  ignore line: [OFFLOAD_TARGET_DEFAULT=1]
  ignore line: [Target: x86_64-linux-gnu]
  ignore line: [Configured with: ../src/configure -v --with-pkgversion='Ubuntu 11.4.0-1ubuntu1~22.04' --with-bugurl=file:///usr/share/doc/gcc-11/README.Bugs --enable-languages=c ada c++ go brig d fortran objc obj-c++ m2 --prefix=/usr --with-gcc-major-version-only --program-suffix=-11 --program-prefix=x86_64-linux-gnu- --enable-shared --enable-linker-build-id --libexecdir=/usr/lib --without-included-gettext --enable-threads=posix --libdir=/usr/lib --enable-nls --enable-bootstrap --enable-clocale=gnu --enable-libstdcxx-debug --enable-libstdcxx-time=yes --with-default-libstdcxx-abi=new --enable-gnu-unique-object --disable-vtable-verify --enable-plugin --enable-default-pie --with-system-zlib --enable-libphobos-checking=release --with-target-system-zlib=auto --enable-objc-gc=auto --enable-multiarch --disable-werror --enable-cet --with-arch-32=i686 --with-abi=m64 --with-multilib-list=m32 m64 mx32 --enable-multilib --with-tune=generic --enable-offload-targets=nvptx-none=/build/gcc-11-XeT9lY/gcc-11-11.4.0/debian/tmp-nvptx/usr amdgcn-amdhsa=/build/gcc-11-XeT9lY/gcc-11-11.4.0/debian/tmp-gcn/usr --without-cuda-driver --enable-checking=release --build=x86_64-linux-gnu --host=x86_64-linux-gnu --target=x86_64-linux-gnu --with-build-config=bootstrap-lto-lean --enable-link-serialization=2]
  ignore line: [Thread model: posix]
  ignore line: [Supported LTO compression algorithms: zlib zstd]
  ignore line: [gcc version 11.4.0 (Ubuntu 11.4.0-1ubuntu1~22.04) ]
  ignore line: [COMPILER_PATH=/usr/lib/gcc/x86_64-linux-gnu/11/:/usr/lib/gcc/x86_64-linux-gnu/11/:/usr/lib/gcc/x86_64-linux-gnu/:/usr/lib/gcc/x86_64-linux-gnu/11/:/usr/lib/gcc/x86_64-linux-gnu/]
  ignore line: [LIBRARY_PATH=/usr/lib/gcc/x86_64-linux-gnu/11/:/usr/lib/gcc/x86_64-linux-gnu/11/../../../x86_64-linux-gnu/:/usr/lib/gcc/x86_64-linux-gnu/11/../../../../lib/:/lib/x86_64-linux-gnu/:/lib/../lib/:/usr/lib/x86_64-linux-gnu/:/usr/lib/../lib/:/usr/lib/gcc/x86_64-linux-gnu/11/../../../:/lib/:/usr/lib/]
  ignore line: [COLLECT_GCC_OPTIONS='-v' '-rdynamic' '-o' 'cmTC_7a8ba' '-mtune=generic' '-march=x86-64' '-dumpdir' 'cmTC_7a8ba.']
  link line: [ /usr/lib/gcc/x86_64-linux-gnu/11/collect2 -plugin /usr/lib/gcc/x86_64-linux-gnu/11/liblto_plugin.so -plugin-opt=/usr/lib/gcc/x86_64-linux-gnu/11/lto-wrapper -plugin-opt=-fresolution=/tmp/cc7KVbg2.res -plugin-opt=-pass-through=-lgcc -plugin-opt=-pass-through=-lgcc_s -plugin-opt=-pass-through=-lc -plugin-opt=-pass-through=-lgcc -plugin-opt=-pass-through=-lgcc_s --build-id --eh-frame-hdr -m elf_x86_64 --hash-style=gnu --as-needed -export-dynamic -dynamic-linker /lib64/ld-linux-x86-64.so.2 -pie -z now -z relro -o cmTC_7a8ba /usr/lib/gcc/x86_64-linux-gnu/11/../../../x86_64-linux-gnu/Scrt1.o /usr/lib/gcc/x86_64-linux-gnu/11/../../../x86_64-linux-gnu/crti.o /usr/lib/gcc/x86_64-linux-gnu/11/crtbeginS.o -L/usr/lib/gcc/x86_64-linux-gnu/11 -L/usr/lib/gcc/x86_64-linux-gnu/11/../../../x86_64-linux-gnu -L/usr/lib/gcc/x86_64-linux-gnu/11/../../../../lib -L/lib/x86_64-linux-gnu -L/lib/../lib -L/usr/lib/x86_64-linux-gnu -L/usr/lib/../lib -L/usr/lib/gcc/x86_64-linux-gnu/11/../../.. CMakeFiles/cmTC_7a8ba.dir/CMakeCCompilerABI.c.o -lgcc --push-state --as-needed -lgcc_s --pop-state -lc -lgcc --push-state --as-needed -lgcc_s --pop-state /usr/lib/gcc/x86_64-linux-gnu/11/crtendS.o /usr/lib/gcc/x86_64-linux-gnu/11/../../../x86_64-linux-gnu/crtn.o]
    arg [/usr/lib/gcc/x86_64-linux-gnu/11/collect2] ==> ignore
    arg [-plugin] ==> ignore
    arg [/usr/lib/gcc/x86_64-linux-gnu/11/liblto_plugin.so] ==> ignore
    arg [-plugin-opt=/usr/lib/gcc/x86_64-linux-gnu/11/lto-wrapper] ==> ignore
    arg [-plugin-opt=-fresolution=/tmp/cc7KVbg2.res] ==> ignore
    arg [-plugin-opt=-pass-through=-lgcc] ==> ignore
    arg [-plugin-opt=-pass-through=-lgcc_s] ==> ignore
    arg [-plugin-opt=-pass-through=-lc] ==> ignore
    arg [-plugin-opt=-pass-through=-lgcc] ==> ignore
    arg [-plugin-opt=-pass-through=-lgcc_s] ==> ignore
    arg [--build-id] ==> ignore
    arg [--eh-frame-hdr] ==> ignore
    arg [-m] ==> ignore
    arg [elf_x86_64] ==> ignore
    arg [--hash-style=gnu] ==> ignore
    arg [--as-needed] ==> ignore
    arg [-export-dynamic] ==> ignore
    arg [-dynamic-linker] ==> ignore
    arg [/lib64/ld-linux-x86-64.so.2] ==> ignore
    arg [-pie] ==> ignore
    arg [-znow] ==> ignore
    arg [-zrelro] ==> ignore
    arg [-o] ==> ignore
    arg [cmTC_7a8ba] ==> ignore
    arg [/usr/lib/gcc/x86_64-linux-gnu/11/../../../x86_64-linux-gnu/Scrt1.o] ==> obj [/usr/lib/gcc/x86_64-linux-gnu/11/../../../x86_64-linux-gnu/Scrt1.o]
    arg [/usr/lib/gcc/x86_64-linux-gnu/11/../../../x86_64-linux-gnu/crti.o] ==> obj [/usr/lib/gcc/x86_64-linux-gnu/11/../../../x86_64-linux-gnu/crti.o]
    arg [/usr/lib/gcc/x86_64-linux-gnu/11/crtbeginS.o] ==> obj [/usr/lib/gcc/x86_64-linux-gnu/11/crtbeginS.o]
    arg [-L/usr/lib/gcc/x86_64-linux-gnu/11] ==> dir [/usr/lib/gcc/x86_64-linux-gnu/11]
    arg [-L/usr/lib/gcc/x86_64-linux-gnu/11/../../../x86_64-linux-gnu] ==> dir [/usr/lib/gcc/x86_64-linux-gnu/11/../../../x86_64-linux-gnu]
    arg [-L/usr/lib/gcc/x86_64-linux-gnu/11/../../../../lib] ==> dir [/usr/lib/gcc/x86_64-linux-gnu/11/../../../../lib]
    arg [-L/lib/x86_64-linux-gnu] ==> dir [/lib/x86_64-linux-gnu]
    arg [-L/lib/../lib] ==> dir [/lib/../lib]
    arg [-L/usr/lib/x86_64-linux-gnu] ==> dir [/usr/lib/x86_64-linux-gnu]
    arg [-L/usr/lib/../lib] ==> dir [/usr/lib/../lib]
    arg [-L/usr/lib/gcc/x86_64-linux-gnu/11/../../..] ==> dir [/usr/lib/gcc/x86_64-linux-gnu/11/../../..]
    arg [CMakeFiles/cmTC_7a8ba.dir/CMakeCCompilerABI.c.o] ==> ignore
    arg [-lgcc] ==> lib [gcc]
    arg [--push-state] ==> ignore
    arg [--as-needed] ==> ignore
    arg [-lgcc_s] ==> lib [gcc_s]
    arg [--pop-state] ==> ignore
    arg [-lc] ==> lib [c]
    arg [-lgcc] ==> lib [gcc]
    arg [--push-state] ==> ignore
    arg [--as-needed] ==> ignore
    arg [-lgcc_s] ==> lib [gcc_s]
    arg [--pop-state] ==> ignore
    arg [/usr/lib/gcc/x86_64-linux-gnu/11/crtendS.o] ==> obj [/usr/lib/gcc/x86_64-linux-gnu/11/crtendS.o]
    arg [/usr/lib/gcc/x86_64-linux-gnu/11/../../../x86_64-linux-gnu/crtn.o] ==> obj [/usr/lib/gcc/x86_64-linux-gnu/11/../../../x86_64-linux-gnu/crtn.o]
  collapse obj [/usr/lib/gcc/x86_64-linux-gnu/11/../../../x86_64-linux-gnu/Scrt1.o] ==> [/usr/lib/x86_64-linux-gnu/Scrt1.o]
  collapse obj [/usr/lib/gcc/x86_64-linux-gnu/11/../../../x86_64-linux-gnu/crti.o] ==> [/usr/lib/x86_64-linux-gnu/crti.o]
  collapse obj [/usr/lib/gcc/x86_64-linux-gnu/11/../../../x86_64-linux-gnu/crtn.o] ==> [/usr/lib/x86_64-linux-gnu/crtn.o]
  collapse library dir [/usr/lib/gcc/x86_64-linux-gnu/11] ==> [/usr/lib/gcc/x86_64-linux-gnu/11]
  collapse library dir [/usr/lib/gcc/x86_64-linux-gnu/11/../../../x86_64-linux-gnu] ==> [/usr/lib/x86_64-linux-gnu]
  collapse library dir [/usr/lib/gcc/x86_64-linux-gnu/11/../../../../lib] ==> [/usr/lib]
  collapse library dir [/lib/x86_64-linux-gnu] ==> [/lib/x86_64-linux-gnu]
  collapse library dir [/lib/../lib] ==> [/lib]
  collapse library dir [/usr/lib/x86_64-linux-gnu] ==> [/usr/lib/x86_64-linux-gnu]
  collapse library dir [/usr/lib/../lib] ==> [/usr/lib]
  collapse library dir [/usr/lib/gcc/x86_64-linux-gnu/11/../../..] ==> [/usr/lib]
  implicit libs: [gcc;gcc_s;c;gcc;gcc_s]
  implicit objs: [/usr/lib/x86_64-linux-gnu/Scrt1.o;/usr/lib/x86_64-linux-gnu/crti.o;/usr/lib/gcc/x86_64-linux-gnu/11/crtbeginS.o;/usr/lib/gcc/x86_64-linux-gnu/11/crtendS.o;/usr/lib/x86_64-linux-gnu/crtn.o]
  implicit dirs: [/usr/lib/gcc/x86_64-linux-gnu/11;/usr/lib/x86_64-linux-gnu;/usr/lib;/lib/x86_64-linux-gnu;/lib]
  implicit fwks: []


Detecting CXX compiler ABI info compiled with the following output:
Change Dir: /home/ritesh/rc-car/ros2ws/build/pcap/CMakeFiles/CMakeTmp

Run Build Command(s):/usr/bin/gmake -f Makefile cmTC_16f26/fast && /usr/bin/gmake  -f CMakeFiles/cmTC_16f26.dir/build.make CMakeFiles/cmTC_16f26.dir/build
gmake[1]: Entering directory '/home/ritesh/rc-car/ros2ws/build/pcap/CMakeFiles/CMakeTmp'
Building CXX object CMakeFiles/cmTC_16f26.dir/CMakeCXXCompilerABI.cpp.o
/usr/bin/c++   -v -o CMakeFiles/cmTC_16f26.dir/CMakeCXXCompilerABI.cpp.o -c /usr/share/cmake-3.22/Modules/CMakeCXXCompilerABI.cpp
Using built-in specs.
COLLECT_GCC=/usr/bin/c++
OFFLOAD_TARGET_NAMES=nvptx-none:amdgcn-amdhsa
OFFLOAD_TARGET_DEFAULT=1
Target: x86_64-linux-gnu
Configured with: ../src/configure -v --with-pkgversion='Ubuntu 11.4.0-1ubuntu1~22.04' --with-bugurl=file:///usr/share/doc/gcc-11/README.Bugs --enable-languages=c,ada,c++,go,brig,d,fortran,objc,obj-c++,m2 --prefix=/usr --with-gcc-major-version-only --program-suffix=-11 --program-prefix=x86_64-linux-gnu- --enable-shared --enable-linker-build-id --libexecdir=/usr/lib --without-included-gettext --enable-threads=posix --libdir=/usr/lib --enable-nls --enable-bootstrap --enable-clocale=gnu --enable-libstdcxx-debug --enable-libstdcxx-time=yes --with-default-libstdcxx-abi=new --enable-gnu-unique-object --disable-vtable-verify --enable-plugin --enable-default-pie --with-system-zlib --enable-libphobos-checking=release --with-target-system-zlib=auto --enable-objc-gc=auto --enable-multiarch --disable-werror --enable-cet --with-arch-32=i686 --with-abi=m64 --with-multilib-list=m32,m64,mx32 --enable-multilib --with-tune=generic --enable-offload-targets=nvptx-none=/build/gcc-11-XeT9lY/gcc-11-11.4.0/debian/tmp-nvptx/usr,amdgcn-amdhsa=/build/gcc-11-XeT9lY/gcc-11-11.4.0/debian/tmp-gcn/usr --without-cuda-driver --enable-checking=release --build=x86_64-linux-gnu --host=x86_64-linux-gnu --target=x86_64-linux-gnu --with-build-config=bootstrap-lto-lean --enable-link-serialization=2
Thread model: posix
Supported LTO compression algorithms: zlib zstd
gcc version 11.4.0 (Ubuntu 11.4.0-1ubuntu1~22.04) 
COLLECT_GCC_OPTIONS='-v' '-o' 'CMakeFiles/cmTC_16f26.dir/CMakeCXXCompilerABI.cpp.o' '-c' '-shared-libgcc' '-mtune=generic' '-march=x86-64' '-dumpdir' 'CMakeFiles/cmTC_16f26.dir/'
 /usr/lib/gcc/x86_64-linux-gnu/11/cc1plus -quiet -v -imultiarch x86_64-linux-gnu -D_GNU_SOURCE /usr/share/cmake-3.22/Modules/CMakeCXXCompilerABI.cpp -quiet -dumpdir CMakeFiles/cmTC_16f26.dir/ -dumpbase CMakeCXXCompilerABI.cpp.cpp -dumpbase-ext .cpp -mtune=generic -march=x86-64 -version -fasynchronous-unwind-tables -fstack-protector-strong -Wformat -Wformat-security -fstack-clash-protection -fcf-protection -o /tmp/cchJBWPk.s
GNU C++17 (Ubuntu 11.4.0-1ubuntu1~22.04) version 11.4.0 (x86_64-linux-gnu)
	compiled by GNU C version 11.4.0, GMP version 6.2.1, MPFR version 4.1.0, MPC version 1.2.1, isl version isl-0.24-GMP

GGC heuristics: --param ggc-min-expand=100 --param ggc-min-heapsize=131072
ignoring duplicate directory "/usr/include/x86_64-linux-gnu/c++/11"
ignoring nonexistent directory "/usr/local/include/x86_64-linux-gnu"
ignoring nonexistent directory "/usr/lib/gcc/x86_64-linux-gnu/11/include-fixed"
ignoring nonexistent directory "/usr/lib/gcc/x86_64-linux-gnu/11/../../../../x86_64-linux-gnu/include"
#include "..." search starts here:
#include <...> search starts here:
 /usr/include/c++/11
 /usr/include/x86_64-linux-gnu/c++/11
 /usr/include/c++/11/backward
 /usr/lib/gcc/x86_64-linux-gnu/11/include
 /usr/local/include
 /usr/include/x86_64-linux-gnu
 /usr/include
End of search list.
GNU C++17 (Ubuntu 11.4.0-1ubuntu1~22.04) version 11.4.0 (x86_64-linux-gnu)
	compiled by GNU C version 11.4.0, GMP version 6.2.1, MPFR version 4.1.0, MPC version 1.2.1, isl version isl-0.24-GMP

GGC heuristics: --param ggc-min-expand=100 --param ggc-min-heapsize=131072
Compiler executable checksum: d591828bb4d392ae8b7b160e5bb0b95f
COLLECT_GCC_OPTIONS='-v' '-o' 'CMakeFiles/cmTC_16f26.dir/CMakeCXXCompilerABI.cpp.o' '-c' '-shared-libgcc' '-mtune=generic' '-march=x86-64' '-dumpdir' 'CMakeFiles/cmTC_16f26.dir/'
 as -v --64 -o CMakeFiles/cmTC_16f26.dir/CMakeCXXCompilerABI.cpp.o /tmp/cchJBWPk.s
GNU assembler version 2.38 (x86_64-linux-gnu) using BFD version (GNU Binutils for Ubuntu) 2.38
COMPILER_PATH=/usr/lib/gcc/x86_64-linux-gnu/11/:/usr/lib/gcc/x86_64-linux-gnu/11/:/usr/lib/gcc/x86_64-linux-gnu/:/usr/lib/gcc/x86_64-linux-gnu/11/:/usr/lib/gcc/x86_64-linux-gnu/
LIBRARY_PATH=/usr/lib/gcc/x86_64-linux-gnu/11/:/usr/lib/gcc/x86_64-linux-gnu/11/../../../x86_64-linux-gnu/:/usr/lib/gcc/x86_64-linux-gnu/11/../../../../lib/:/lib/x86_64-linux-gnu/:/lib/../lib/:/usr/lib/x86_64-linux-gnu/:/usr/lib/../lib/:/usr/lib/gcc/x86_64-linux-gnu/11/../../../:/lib/:/usr/lib/
COLLECT_GCC_OPTIONS='-v' '-o' 'CMakeFiles/cmTC_16f26.dir/CMakeCXXCompilerABI.cpp.o' '-c' '-shared-libgcc' '-mtune=generic' '-march=x86-64' '-dumpdir' 'CMakeFiles/cmTC_16f26.dir/CMakeCXXCompilerABI.cpp.'
Linking CXX executable cmTC_16f26
/usr/bin/cmake -E cmake_link_script CMakeFiles/cmTC_16f26.dir/link.txt --verbose=1
/usr/bin/c++  -v -rdynamic CMakeFiles/cmTC_16f26.dir/CMakeCXXCompilerABI.cpp.o -o cmTC_16f26 
Using built-in specs.
COLLECT_GCC=/usr/bin/c++
COLLECT_LTO_WRAPPER=/usr/lib/gcc/x86_64-linux-gnu/11/lto-wrapper
OFFLOAD_TARGET_NAMES=nvptx-none:amdgcn-amdhsa
OFFLOAD_TARGET_DEFAULT=1
Target: x86_64-linux-gnu
Configured with: ../src/configure -v --with-pkgversion='Ubuntu 11.4.0-1ubuntu1~22.04' --with-bugurl=file:///usr/share/doc/gcc-11/README.Bugs --enable-languages=c,ada,c++,go,brig,d,fortran,objc,obj-c++,m2 --prefix=/usr --with-gcc-major-version-only --program-suffix=-11 --program-prefix=x86_64-linux-gnu- --enable-shared --enable-linker-build-id --libexecdir=/usr/lib --without-included-gettext --enable-threads=posix --libdir=/usr/lib --enable-nls --enable-bootstrap --enable-clocale=gnu --enable-libstdcxx-debug --enable-libstdcxx-time=yes --with-default-libstdcxx-abi=new --enable-gnu-unique-object --disable-vtable-verify --enable-plugin --enable-default-pie --with-system-zlib --enable-libphobos-checking=release --with-target-system-zlib=auto --enable-objc-gc=auto --enable-multiarch --disable-werror --enable-cet --with-arch-32=i686 --with-abi=m64 --with-multilib-list=m32,m64,mx32 --enable-multilib --with-tune=generic --enable-offload-targets=nvptx-none=/build/gcc-11-XeT9lY/gcc-11-11.4.0/debian/tmp-nvptx/usr,amdgcn-amdhsa=/build/gcc-11-XeT9lY/gcc-11-11.4.0/debian/tmp-gcn/usr --without-cuda-driver --enable-checking=release --build=x86_64-linux-gnu --host=x86_64-linux-gnu --target=x86_64-linux-gnu --with-build-config=bootstrap-lto-lean --enable-link-serialization=2
Thread model: posix
Supported LTO compression algorithms: zlib zstd
gcc version 11.4.0 (Ubuntu 11.4.0-1ubuntu1~22.04) 
COMPILER_PATH=/usr/lib/gcc/x86_64-linux-gnu/11/:/usr/lib/gcc/x86_64-linux-gnu/11/:/usr/lib/gcc/x86_64-linux-gnu/:/usr/lib/gcc/x86_64-linux-gnu/11/:/usr/lib/gcc/x86_64-linux-gnu/
LIBRARY_PATH=/usr/lib/gcc/x86_64-linux-gnu/11/:/usr/lib/gcc/x86_64-linux-gnu/11/../../../x86_64-linux-gnu/:/usr/lib/gcc/x86_64-linux-gnu/11/../../../../lib/:/lib/x86_64-linux-gnu/:/lib/../lib/:/usr/lib/x86_64-linux-gnu/:/usr/lib/../lib/:/usr/lib/gcc/x86_64-linux-gnu/11/../../../:/lib/:/usr/lib/
COLLECT_GCC_OPTIONS='-v' '-rdynamic' '-o' 'cmTC_16f26' '-shared-libgcc' '-mtune=generic' '-march=x86-64' '-dumpdir' 'cmTC_16f26.'
 /usr/lib/gcc/x86_64-linux-gnu/11/collect2 -plugin /usr/lib/gcc/x86_64-linux-gnu/11/liblto_plugin.so -plugin-opt=/usr/lib/gcc/x86_64-linux-gnu/11/lto-wrapper -plugin-opt=-fresolution=/tmp/ccMEquxl.res -plugin-opt=-pass-through=-lgcc_s -plugin-opt=-pass-through=-lgcc -plugin-opt=-pass-through=-lc -plugin-opt=-pass-through=-lgcc_s -plugin-opt=-pass-through=-lgcc --build-id --eh-frame-hdr -m elf_x86_64 --hash-style=gnu --as-needed -export-dynamic -dynamic-linker /lib64/ld-linux-x86-64.so.2 -pie -z now -z relro -o cmTC_16f26 /usr/lib/gcc/x86_64-linux-gnu/11/../../../x86_64-linux-gnu/Scrt1.o /usr/lib/gcc/x86_64-linux-gnu/11/../../../x86_64-linux-gnu/crti.o /usr/lib/gcc/x86_64-linux-gnu/11/crtbeginS.o -L/usr/lib/gcc/x86_64-linux-gnu/11 -L/usr/lib/gcc/x86_64-linux-gnu/11/../../../x86_64-linux-gnu -L/usr/lib/gcc/x86_64-linux-gnu/11/../../../../lib -L/lib/x86_64-linux-gnu -L/lib/../lib -L/usr/lib/x86_64-linux-gnu -L/usr/lib/../lib -L/usr/lib/gcc/x86_64-linux-gnu/11/../../.. CMakeFiles/cmTC_16f26.dir/CMakeCXXCompilerABI.cpp.o -lstdc++ -lm -lgcc_s -lgcc -lc -lgcc_s -lgcc /usr/lib/gcc/x86_64-linux-gnu/11/crtendS.o /usr/lib/gcc/x86_64-linux-gnu/11/../../../x86_64-linux-gnu/crtn.o
COLLECT_GCC_OPTIONS='-v' '-rdynamic' '-o' 'cmTC_16f26' '-shared-libgcc' '-mtune=generic' '-march=x86-64' '-dumpdir' 'cmTC_16f26.'
gmake[1]: Leaving directory '/home/ritesh/rc-car/ros2ws/build/pcap/CMakeFiles/CMakeTmp'



Parsed CXX implicit include dir info from above output: rv=done
  found start of include info
  found start of implicit include info
    add: [/usr/include/c++/11]
    add: [/usr/include/x86_64-linux-gnu/c++/11]
    add: [/usr/include/c++/11/backward]
    add: [/usr/lib/gcc/x86_64-linux-gnu/11/include]
    add: [/usr/local/include]
    add: [/usr/include/x86_64-linux-gnu]
    add: [/usr/include]
  end of search list found
  collapse include dir [/usr/include/c++/11] ==> [/usr/include/c++/11]
  collapse include dir [/usr/include/x86_64-linux-gnu/c++/11] ==> [/usr/include/x86_64-linux-gnu/c++/11]
  collapse include dir [/usr/include/c++/11/backward] ==> [/usr/include/c++/11/backward]
  collapse include dir [/usr/lib/gcc/x86_64-linux-gnu/11/include] ==> [/usr/lib/gcc/x86_64-linux-gnu/11/include]
  collapse include dir [/usr/local/include] ==> [/usr/local/include]
  collapse include dir [/usr/include/x86_64-linux-gnu] ==> [/usr/include/x86_64-linux-gnu]
  collapse include dir [/usr/include] ==> [/usr/include]
  implicit include dirs: [/usr/include/c++/11;/usr/include/x86_64-linux-gnu/c++/11;/usr/include/c++/11/backward;/usr/lib/gcc/x86_64-linux-gnu/11/include;/usr/local/include;/usr/include/x86_64-linux-gnu;/usr/include]


Parsed CXX implicit link information from above output:
  link line regex: [^( *|.*[/\])(ld|CMAKE_LINK_STARTFILE-NOTFOUND|([^/\]+-)?ld|collect2)[^/\]*( |$)]
  ignore line: [Change Dir: /home/ritesh/rc-car/ros2ws/build/pcap/CMakeFiles/CMakeTmp]
  ignore line: []
  ignore line: [Run Build Command(s):/usr/bin/gmake -f Makefile cmTC_16f26/fast && /usr/bin/gmake  -f CMakeFiles/cmTC_16f26.dir/build.make CMakeFiles/cmTC_16f26.dir/build]
  ignore line: [gmake[1]: Entering directory '/home/ritesh/rc-car/ros2ws/build/pcap/CMakeFiles/CMakeTmp']
  ignore line: [Building CXX object CMakeFiles/cmTC_16f26.dir/CMakeCXXCompilerABI.cpp.o]
  ignore line: [/usr/bin/c++   -v -o CMakeFiles/cmTC_16f26.dir/CMakeCXXCompilerABI.cpp.o -c /usr/share/cmake-3.22/Modules/CMakeCXXCompilerABI.cpp]
  ignore line: [Using built-in specs.]
  ignore line: [COLLECT_GCC=/usr/bin/c++]
  ignore line: [OFFLOAD_TARGET_NAMES=nvptx-none:amdgcn-amdhsa]
  ignore line: [OFFLOAD_TARGET_DEFAULT=1]
  ignore line: [Target: x86_64-linux-gnu]
  ignore line: [Configured with: ../src/configure -v --with-pkgversion='Ubuntu 11.4.0-1ubuntu1~22.04' --with-bugurl=file:///usr/share/doc/gcc-11/README.Bugs --enable-languages=c ada c++ go brig d fortran objc obj-c++ m2 --prefix=/usr --with-gcc-major-version-only --program-suffix=-11 --program-prefix=x86_64-linux-gnu- --enable-shared --enable-linker-build-id --libexecdir=/usr/lib --without-included-gettext --enable-threads=posix --libdir=/usr/lib --enable-nls --enable-bootstrap --enable-clocale=gnu --enable-libstdcxx-debug --enable-libstdcxx-time=yes --with-default-libstdcxx-abi=new --enable-gnu-unique-object --disable-vtable-verify --enable-plugin --enable-default-pie --with-system-zlib --enable-libphobos-checking=release --with-target-system-zlib=auto --enable-objc-gc=auto --enable-multiarch --disable-werror --enable-cet --with-arch-32=i686 --with-abi=m64 --with-multilib-list=m32 m64 mx32 --enable-multilib --with-tune=generic --enable-offload-targets=nvptx-none=/build/gcc-11-XeT9lY/gcc-11-11.4.0/debian/tmp-nvptx/usr amdgcn-amdhsa=/build/gcc-11-XeT9lY/gcc-11-11.4.0/debian/tmp-gcn/usr --without-cuda-driver --enable-checking=release --build=x86_64-linux-gnu --host=x86_64-linux-gnu --target=x86_64-linux-gnu --with-build-config=bootstrap-lto-lean --enable-link-serialization=2]
  ignore line: [Thread model: posix]
  ignore line: [Supported LTO compression algorithms: zlib zstd]
  ignore line: [gcc version 11.4.0 (Ubuntu 11.4.0-1ubuntu1~22.04) ]
  ignore line: [COLLECT_GCC_OPTIONS='-v' '-o' 'CMakeFiles/cmTC_16f26.dir/CMakeCXXCompilerABI.cpp.o' '-c' '-shared-libgcc' '-mtune=generic' '-march=x86-64' '-dumpdir' 'CMakeFiles/cmTC_16f26.dir/']
  ignore line: [ /usr/lib/gcc/x86_64-linux-gnu/11/cc1plus -quiet -v -imultiarch x86_64-linux-gnu -D_GNU_SOURCE /usr/share/cmake-3.22/Modules/CMakeCXXCompilerABI.cpp -quiet -dumpdir CMakeFiles/cmTC_16f26.dir/ -dumpbase CMakeCXXCompilerABI.cpp.cpp -dumpbase-ext .cpp -mtune=generic -march=x86-64 -version -fasynchronous-unwind-tables -fstack-protector-strong -Wformat -Wformat-security -fstack-clash-protection -fcf-protection -o /tmp/cchJBWPk.s]
  ignore line: [GNU C++17 (Ubuntu 11.4.0-1ubuntu1~22.04) version 11.4.0 (x86_64-linux-gnu)]
  ignore line: [	compiled by GNU C version 11.4.0  GMP version 6.2.1  MPFR version 4.1.0  MPC version 1.2.1  isl version isl-0.24-GMP]
  ignore line: []
  ignore line: [GGC heuristics: --param ggc-min-expand=100 --param ggc-min-heapsize=131072]
  ignore line: [ignoring duplicate directory "/usr/include/x86_64-linux-gnu/c++/11"]
  ignore line: [ignoring nonexistent directory "/usr/local/include/x86_64-linux-gnu"]
  ignore line: [ignoring nonexistent directory "/usr/lib/gcc/x86_64-linux-gnu/11/include-fixed"]
  ignore line: [ignoring nonexistent directory "/usr/lib/gcc/x86_64-linux-gnu/11/../../../../x86_64-linux-gnu/include"]
  ignore line: [#include "..." search starts here:]
  ignore line: [#include <...> search starts here:]
  ignore line: [ /usr/include/c++/11]
  ignore line: [ /usr/include/x86_64-linux-gnu/c++/11]
  ignore line: [ /usr/include/c++/11/backward]
  ignore line: [ /usr/lib/gcc/x86_64-linux-gnu/11/include]
  ignore line: [ /usr/local/include]
  ignore line: [ /usr/include/x86_64-linux-gnu]
  ignore line: [ /usr/include]
  ignore line: [End of search list.]
  ignore line: [GNU C++17 (Ubuntu 11.4.0-1ubuntu1~22.04) version 11.4.0 (x86_64-linux-gnu)]
  ignore line: [	compiled by GNU C version 11.4.0  GMP version 6.2.1  MPFR version 4.1.0  MPC version 1.2.1  isl version isl-0.24-GMP]
  ignore line: []
  ignore line: [GGC heuristics: --param ggc-min-expand=100 --param ggc-min-heapsize=131072]
  ignore line: [Compiler executable checksum: d591828bb4d392ae8b7b160e5bb0b95f]
  ignore line: [COLLECT_GCC_OPTIONS='-v' '-o' 'CMakeFiles/cmTC_16f26.dir/CMakeCXXCompilerABI.cpp.o' '-c' '-shared-libgcc' '-mtune=generic' '-march=x86-64' '-dumpdir' 'CMakeFiles/cmTC_16f26.dir/']
  ignore line: [ as -v --64 -o CMakeFiles/cmTC_16f26.dir/CMakeCXXCompilerABI.cpp.o /tmp/cchJBWPk.s]
  ignore line: [GNU assembler version 2.38 (x86_64-linux-gnu) using BFD version (GNU Binutils for Ubuntu) 2.38]
  ignore line: [COMPILER_PATH=/usr/lib/gcc/x86_64-linux-gnu/11/:/usr/lib/gcc/x86_64-linux-gnu/11/:/usr/lib/gcc/x86_64-linux-gnu/:/usr/lib/gcc/x86_64-linux-gnu/11/:/usr/lib/gcc/x86_64-linux-gnu/]
  ignore line: [LIBRARY_PATH=/usr/lib/gcc/x86_64-linux-gnu/11/:/usr/lib/gcc/x86_64-linux-gnu/11/../../../x86_64-linux-gnu/:/usr/lib/gcc/x86_64-linux-gnu/11/../../../../lib/:/lib/x86_64-linux-gnu/:/lib/../lib/:/usr/lib/x86_64-linux-gnu/:/usr/lib/../lib/:/usr/lib/gcc/x86_64-linux-gnu/11/../../../:/lib/:/usr/lib/]
  ignore line: [COLLECT_GCC_OPTIONS='-v' '-o' 'CMakeFiles/cmTC_16f26.dir/CMakeCXXCompilerABI.cpp.o' '-c' '-shared-libgcc' '-mtune=generic' '-march=x86-64' '-dumpdir' 'CMakeFiles/cmTC_16f26.dir/CMakeCXXCompilerABI.cpp.']
  ignore line: [Linking CXX executable cmTC_16f26]
  ignore line: [/usr/bin/cmake -E cmake_link_script CMakeFiles/cmTC_16f26.dir/link.txt --verbose=1]
  ignore line: [/usr/bin/c++  -v -rdynamic CMakeFiles/cmTC_16f26.dir/CMakeCXXCompilerABI.cpp.o -o cmTC_16f26 ]
  ignore line: [Using built-in specs.]
  ignore line: [COLLECT_GCC=/usr/bin/c++]
  ignore line: [COLLECT_LTO_WRAPPER=/usr/lib/gcc/x86_64-linux-gnu/11/lto-wrapper]
  ignore line: [OFFLOAD_TARGET_NAMES=nvptx-none:amdgcn-amdhsa]
  ignore line: [OFFLOAD_TARGET_DEFAULT=1]
  ignore line: [Target: x86_64-linux-gnu]
  ignore line: [Configured with: ../src/configure -v --with-pkgversion='Ubuntu 11.4.0-1ubuntu1~22.04' --with-bugurl=file:///usr/share/doc/gcc-11/README.Bugs --enable-languages=c ada c++ go brig d fortran objc obj-c++ m2 --prefix=/usr --with-gcc-major-version-only --program-suffix=-11 --program-prefix=x86_64-linux-gnu- --enable-shared --enable-linker-build-id --libexecdir=/usr/lib --without-included-gettext --enable-threads=posix --libdir=/usr/lib --enable-nls --enable-bootstrap --enable-clocale=gnu --enable-libstdcxx-debug --enable-libstdcxx-time=yes --with-default-libstdcxx-abi=new --enable-gnu-unique-object --disable-vtable-verify --enable-plugin --enable-default-pie --with-system-zlib --enable-libphobos-checking=release --with-target-system-zlib=auto --enable-objc-gc=auto --enable-multiarch --disable-werror --enable-cet --with-arch-32=i686 --with-abi=m64 --with-multilib-list=m32 m64 mx32 --enable-multilib --with-tune=generic --enable-offload-targets=nvptx-none=/build/gcc-11-XeT9lY/gcc-11-11.4.0/debian/tmp-nvptx/usr amdgcn-amdhsa=/build/gcc-11-XeT9lY/gcc-11-11.4.0/debian/tmp-gcn/usr --without-cuda-driver --enable-checking=release --build=x86_64-linux-gnu --host=x86_64-linux-gnu --target=x86_64-linux-gnu --with-build-config=bootstrap-lto-lean --enable-link-serialization=2]
  ignore line: [Thread model: posix]
  ignore line: [Supported LTO compression algorithms: zlib zstd]
  ignore line: [gcc version 11.4.0 (Ubuntu 11.4.0-1ubuntu1~22.04) ]
  ignore line: [COMPILER_PATH=/usr/lib/gcc/x86_64-linux-gnu/11/:/usr/lib/gcc/x86_64-linux-gnu/11/:/usr/lib/gcc/x86_64-linux-gnu/:/usr/lib/gcc/x86_64-linux-gnu/11/:/usr/lib/gcc/x86_64-linux-gnu/]
  ignore line: [LIBRARY_PATH=/usr/lib/gcc/x86_64-linux-gnu/11/:/usr/lib/gcc/x86_64-linux-gnu/11/../../../x86_64-linux-gnu/:/usr/lib/gcc/x86_64-linux-gnu/11/../../../../lib/:/lib/x86_64-linux-gnu/:/lib/../lib/:/usr/lib/x86_64-linux-gnu/:/usr/lib/../lib/:/usr/lib/gcc/x86_64-linux-gnu/11/../../../:/lib/:/usr/lib/]
  ignore line: [COLLECT_GCC_OPTIONS='-v' '-rdynamic' '-o' 'cmTC_16f26' '-shared-libgcc' '-mtune=generic' '-march=x86-64' '-dumpdir' 'cmTC_16f26.']
  link line: [ /usr/lib/gcc/x86_64-linux-gnu/11/collect2 -plugin /usr/lib/gcc/x86_64-linux-gnu/11/liblto_plugin.so -plugin-opt=/usr/lib/gcc/x86_64-linux-gnu/11/lto-wrapper -plugin-opt=-fresolution=/tmp/ccMEquxl.res -plugin-opt=-pass-through=-lgcc_s -plugin-opt=-pass-through=-lgcc -plugin-opt=-pass-through=-lc -plugin-opt=-pass-through=-lgcc_s -plugin-opt=-pass-through=-lgcc --build-id --eh-frame-hdr -m elf_x86_64 --hash-style=gnu --as-needed -export-dynamic -dynamic-linker /lib64/ld-linux-x86-64.so.2 -pie -z now -z relro -o cmTC_16f26 /usr/lib/gcc/x86_64-linux-gnu/11/../../../x86_64-linux-gnu/Scrt1.o /usr/lib/gcc/x86_64-linux-gnu/11/../../../x86_64-linux-gnu/crti.o /usr/lib/gcc/x86_64-linux-gnu/11/crtbeginS.o -L/usr/lib/gcc/x86_64-linux-gnu/11 -L/usr/lib/gcc/x86_64-linux-gnu/11/../../../x86_64-linux-gnu -L/usr/lib/gcc/x86_64-linux-gnu/11/../../../../lib -L/lib/x86_64-linux-gnu -L/lib/../lib -L/usr/lib/x86_64-linux-gnu -L/usr/lib/../lib -L/usr/lib/gcc/x86_64-linux-gnu/11/../../.. CMakeFiles/cmTC_16f26.dir/CMakeCXXCompilerABI.cpp.o -lstdc++ -lm -lgcc_s -lgcc -lc -lgcc_s -lgcc /usr/lib/gcc/x86_64-linux-gnu/11/crtendS.o /usr/lib/gcc/x86_64-linux-gnu/11/../../../x86_64-linux-gnu/crtn.o]
    arg [/usr/lib/gcc/x86_64-linux-gnu/11/collect2] ==> ignore
    arg [-plugin] ==> ignore
    arg [/usr/lib/gcc/x86_64-linux-gnu/11/liblto_plugin.so] ==> ignore
    arg [-plugin-opt=/usr/lib/gcc/x86_64-linux-gnu/11/lto-wrapper] ==> ignore
    arg [-plugin-opt=-fresolution=/tmp/ccMEquxl.res] ==> ignore
    arg [-plugin-opt=-pass-through=-lgcc_s] ==> ignore
    arg [-plugin-opt=-pass-through=-lgcc] ==> ignore
    arg [-plugin-opt=-pass-through=-lc] ==> ignore
    arg [-plugin-opt=-pass-through=-lgcc_s] ==> ignore
    arg [-plugin-opt=-pass-through=-lgcc] ==> ignore
    arg [--build-id] ==> ignore
    arg [--eh-frame-hdr] ==> ignore
    arg [-m] ==> ignore
    arg [elf_x86_64] ==> ignore
    arg [--hash-style=gnu] ==> ignore
    arg [--as-needed] ==> ignore
    arg [-export-dynamic] ==> ignore
    arg [-dynamic-linker] ==> ignore
    arg [/lib64/ld-linux-x86-64.so.2] ==> ignore
    arg [-pie] ==> ignore
    arg [-znow] ==> ignore
    arg [-zrelro] ==> ignore
    arg [-o] ==> ignore
    arg [cmTC_16f26] ==> ignore
    arg [/usr/lib/gcc/x86_64-linux-gnu/11/../../../x86_64-linux-gnu/Scrt1.o] ==> obj [/usr/lib/gcc/x86_64-linux-gnu/11/../../../x86_64-linux-gnu/Scrt1.o]
    arg [/usr/lib/gcc/x86_64-linux-gnu/11/../../../x86_64-linux-gnu/crti.o] ==> obj [/usr/lib/gcc/x86_64-linux-gnu/11/../../../x86_64-linux-gnu/crti.o]
    arg [/usr/lib/gcc/x86_64-linux-gnu/11/crtbeginS.o] ==> obj [/usr/lib/gcc/x86_64-linux-gnu/11/crtbeginS.o]
    arg [-L/usr/lib/gcc/x86_64-linux-gnu/11] ==> dir [/usr/lib/gcc/x86_64-linux-gnu/11]
    arg [-L/usr/lib/gcc/x86_64-linux-gnu/11/../../../x86_64-linux-gnu] ==> dir [/usr/lib/gcc/x86_64-linux-gnu/11/../../../x86_64-linux-gnu]
    arg [-L/usr/lib/gcc/x86_64-linux-gnu/11/../../../../lib] ==> dir [/usr/lib/gcc/x86_64-linux-gnu/11/../../../../lib]
    arg [-L/lib/x86_64-linux-gnu] ==> dir [/lib/x86_64-linux-gnu]
    arg [-L/lib/../lib] ==> dir [/lib/../lib]
    arg [-L/usr/lib/x86_64-linux-gnu] ==> dir [/usr/lib/x86_64-linux-gnu]
    arg [-L/usr/lib/../lib] ==> dir [/usr/lib/../lib]
    arg [-L/usr/lib/gcc/x86_64-linux-gnu/11/../../..] ==> dir [/usr/lib/gcc/x86_64-linux-gnu/11/../../..]
    arg [CMakeFiles/cmTC_16f26.dir/CMakeCXXCompilerABI.cpp.o] ==> ignore
    arg [-lstdc++] ==> lib [stdc++]
    arg [-lm] ==> lib [m]
    arg [-lgcc_s] ==> lib [gcc_s]
    arg [-lgcc] ==> lib [gcc]
    arg [-lc] ==> lib [c]
    arg [-lgcc_s] ==> lib [gcc_s]
    arg [-lgcc] ==> lib [gcc]
    arg [/usr/lib/gcc/x86_64-linux-gnu/11/crtendS.o] ==> obj [/usr/lib/gcc/x86_64-linux-gnu/11/crtendS.o]
    arg [/usr/lib/gcc/x86_64-linux-gnu/11/../../../x86_64-linux-gnu/crtn.o] ==> obj [/usr/lib/gcc/x86_64-linux-gnu/11/../../../x86_64-linux-gnu/crtn.o]
  collapse obj [/usr/lib/gcc/x86_64-linux-gnu/11/../../../x86_64-linux-gnu/Scrt1.o] ==> [/usr/lib/x86_64-linux-gnu/Scrt1.o]
  collapse obj [/usr/lib/gcc/x86_64-linux-gnu/11/../../../x86_64-linux-gnu/crti.o] ==> [/usr/lib/x86_64-linux-gnu/crti.o]
  collapse obj [/usr/lib/gcc/x86_64-linux-gnu/11/../../../x86_64-linux-gnu/crtn.o] ==> [/usr/lib/x86_64-linux-gnu/crtn.o]
  collapse library dir [/usr/lib/gcc/x86_64-linux-gnu/11] ==> [/usr/lib/gcc/x86_64-linux-gnu/11]
  collapse library dir [/usr/lib/gcc/x86_64-linux-gnu/11/../../../x86_64-linux-gnu] ==> [/usr/lib/x86_64-linux-gnu]
  collapse library dir [/usr/lib/gcc/x86_64-linux-gnu/11/../../../../lib] ==> [/usr/lib]
  collapse library dir [/lib/x86_64-linux-gnu] ==> [/lib/x86_64-linux-gnu]
  collapse library dir [/lib/../lib] ==> [/lib]
  collapse library dir [/usr/lib/x86_64-linux-gnu] ==> [/usr/lib/x86_64-linux-gnu]
  collapse library dir [/usr/lib/../lib] ==> [/usr/lib]
  collapse library dir [/usr/lib/gcc/x86_64-linux-gnu/11/../../..] ==> [/usr/lib]
  implicit libs: [stdc++;m;gcc_s;gcc;c;gcc_s;gcc]
  implicit objs: [/usr/lib/x86_64-linux-gnu/Scrt1.o;/usr/lib/x86_64-linux-gnu/crti.o;/usr/lib/gcc/x86_64-linux-gnu/11/crtbeginS.o;/usr/lib/gcc/x86_64-linux-gnu/11/crtendS.o;/usr/lib/x86_64-linux-gnu/crtn.o]
  implicit dirs: [/usr/lib/gcc/x86_64-linux-gnu/11;/usr/lib/x86_64-linux-gnu;/usr/lib;/lib/x86_64-linux-gnu;/lib]
  implicit fwks: []


Performing C SOURCE FILE Test std-gnu99 succeeded with the following output:
Change Dir: /home/ritesh/rc-car/ros2ws/build/pcap/CMakeFiles/CMakeTmp

Run Build Command(s):/usr/bin/gmake -f Makefile cmTC_ef0f9/fast && /usr/bin/gmake  -f CMakeFiles/cmTC_ef0f9.dir/build.make CMakeFiles/cmTC_ef0f9.dir/build
gmake[1]: Entering directory '/home/ritesh/rc-car/ros2ws/build/pcap/CMakeFiles/CMakeTmp'
Building C object CMakeFiles/cmTC_ef0f9.dir/src.c.o
/usr/bin/cc   -Dstd-gnu99 -std=gnu99 -o CMakeFiles/cmTC_ef0f9.dir/src.c.o -c /home/ritesh/rc-car/ros2ws/build/pcap/CMakeFiles/CMakeTmp/src.c
<command-line>: warning: ISO C99 requires whitespace after the macro name
Linking C executable cmTC_ef0f9
/usr/bin/cmake -E cmake_link_script CMakeFiles/cmTC_ef0f9.dir/link.txt --verbose=1
/usr/bin/cc -rdynamic CMakeFiles/cmTC_ef0f9.dir/src.c.o -o cmTC_ef0f9 
gmake[1]: Leaving directory '/home/ritesh/rc-car/ros2ws/build/pcap/CMakeFiles/CMakeTmp'


Source file was:
int main(void) { return 0; }
Determining if the include file inttypes.h exists passed with the following output:
Change Dir: /home/ritesh/rc-car/ros2ws/build/pcap/CMakeFiles/CMakeTmp

Run Build Command(s):/usr/bin/gmake -f Makefile cmTC_a2576/fast && /usr/bin/gmake  -f CMakeFiles/cmTC_a2576.dir/build.make CMakeFiles/cmTC_a2576.dir/build
gmake[1]: Entering directory '/home/ritesh/rc-car/ros2ws/build/pcap/CMakeFiles/CMakeTmp'
Building C object CMakeFiles/cmTC_a2576.dir/CheckIncludeFile.c.o
/usr/bin/cc    -o CMakeFiles/cmTC_a2576.dir/CheckIncludeFile.c.o -c /home/ritesh/rc-car/ros2ws/build/pcap/CMakeFiles/CMakeTmp/CheckIncludeFile.c
Linking C executable cmTC_a2576
/usr/bin/cmake -E cmake_link_script CMakeFiles/cmTC_a2576.dir/link.txt --verbose=1
/usr/bin/cc -rdynamic CMakeFiles/cmTC_a2576.dir/CheckIncludeFile.c.o -o cmTC_a2576 
gmake[1]: Leaving directory '/home/ritesh/rc-car/ros2ws/build/pcap/CMakeFiles/CMakeTmp'



Determining if the include file stdint.h exists passed with the following output:
Change Dir: /home/ritesh/rc-car/ros2ws/build/pcap/CMakeFiles/CMakeTmp

Run Build Command(s):/usr/bin/gmake -f Makefile cmTC_9f0bf/fast && /usr/bin/gmake  -f CMakeFiles/cmTC_9f0bf.dir/build.make CMakeFiles/cmTC_9f0bf.dir/build
gmake[1]: Entering directory '/home/ritesh/rc-car/ros2ws/build/pcap/CMakeFiles/CMakeTmp'
Building C object CMakeFiles/cmTC_9f0bf.dir/CheckIncludeFile.c.o
/usr/bin/cc    -o CMakeFiles/cmTC_9f0bf.dir/CheckIncludeFile.c.o -c /home/ritesh/rc-car/ros2ws/build/pcap/CMakeFiles/CMakeTmp/CheckIncludeFile.c
Linking C executable cmTC_9f0bf
/usr/bin/cmake -E cmake_link_script CMakeFiles/cmTC_9f0bf.dir/link.txt --verbose=1
/usr/bin/cc -rdynamic CMakeFiles/cmTC_9f0bf.dir/CheckIncludeFile.c.o -o cmTC_9f0bf 
gmake[1]: Leaving directory '/home/ritesh/rc-car/ros2ws/build/pcap/CMakeFiles/CMakeTmp'



Determining if the include file unistd.h exists passed with the following output:
Change Dir: /home/ritesh/rc-car/ros2ws/build/pcap/CMakeFiles/CMakeTmp

Run Build Command(s):/usr/bin/gmake -f Makefile cmTC_bf446/fast && /usr/bin/gmake  -f CMakeFiles/cmTC_bf446.dir/build.make CMakeFiles/cmTC_bf446.dir/build
gmake[1]: Entering directory '/home/ritesh/rc-car/ros2ws/build/pcap/CMakeFiles/CMakeTmp'
Building C object CMakeFiles/cmTC_bf446.dir/CheckIncludeFile.c.o
/usr/bin/cc    -o CMakeFiles/cmTC_bf446.dir/CheckIncludeFile.c.o -c /home/ritesh/rc-car/ros2ws/build/pcap/CMakeFiles/CMakeTmp/CheckIncludeFile.c
Linking C executable cmTC_bf446
/usr/bin/cmake -E cmake_link_script CMakeFiles/cmTC_bf446.dir/link.txt --verbose=1
/usr/bin/cc -rdynamic CMakeFiles/cmTC_bf446.dir/CheckIncludeFile.c.o -o cmTC_bf446 
gmake[1]: Leaving directory '/home/ritesh/rc-car/ros2ws/build/pcap/CMakeFiles/CMakeTmp'



Determining if the include file sys/select.h exists passed with the following output:
Change Dir: /home/ritesh/rc-car/ros2ws/build/pcap/CMakeFiles/CMakeTmp

Run Build Command(s):/usr/bin/gmake -f Makefile cmTC_41b84/fast && /usr/bin/gmake  -f CMakeFiles/cmTC_41b84.dir/build.make CMakeFiles/cmTC_41b84.dir/build
gmake[1]: Entering directory '/home/ritesh/rc-car/ros2ws/build/pcap/CMakeFiles/CMakeTmp'
Building C object CMakeFiles/cmTC_41b84.dir/CheckIncludeFile.c.o
/usr/bin/cc    -o CMakeFiles/cmTC_41b84.dir/CheckIncludeFile.c.o -c /home/ritesh/rc-car/ros2ws/build/pcap/CMakeFiles/CMakeTmp/CheckIncludeFile.c
Linking C executable cmTC_41b84
/usr/bin/cmake -E cmake_link_script CMakeFiles/cmTC_41b84.dir/link.txt --verbose=1
/usr/bin/cc -rdynamic CMakeFiles/cmTC_41b84.dir/CheckIncludeFile.c.o -o cmTC_41b84 
gmake[1]: Leaving directory '/home/ritesh/rc-car/ros2ws/build/pcap/CMakeFiles/CMakeTmp'



Determining if the include file netpacket/packet.h exists passed with the following output:
Change Dir: /home/ritesh/rc-car/ros2ws/build/pcap/CMakeFiles/CMakeTmp

Run Build Command(s):/usr/bin/gmake -f Makefile cmTC_3e90c/fast && /usr/bin/gmake  -f CMakeFiles/cmTC_3e90c.dir/build.make CMakeFiles/cmTC_3e90c.dir/build
gmake[1]: Entering directory '/home/ritesh/rc-car/ros2ws/build/pcap/CMakeFiles/CMakeTmp'
Building C object CMakeFiles/cmTC_3e90c.dir/CheckIncludeFile.c.o
/usr/bin/cc    -o CMakeFiles/cmTC_3e90c.dir/CheckIncludeFile.c.o -c /home/ritesh/rc-car/ros2ws/build/pcap/CMakeFiles/CMakeTmp/CheckIncludeFile.c
Linking C executable cmTC_3e90c
/usr/bin/cmake -E cmake_link_script CMakeFiles/cmTC_3e90c.dir/link.txt --verbose=1
/usr/bin/cc -rdynamic CMakeFiles/cmTC_3e90c.dir/CheckIncludeFile.c.o -o cmTC_3e90c 
gmake[1]: Leaving directory '/home/ritesh/rc-car/ros2ws/build/pcap/CMakeFiles/CMakeTmp'



Determining if the include file netinet/if_ether.h exists passed with the following output:
Change Dir: /home/ritesh/rc-car/ros2ws/build/pcap/CMakeFiles/CMakeTmp

Run Build Command(s):/usr/bin/gmake -f Makefile cmTC_cf244/fast && /usr/bin/gmake  -f CMakeFiles/cmTC_cf244.dir/build.make CMakeFiles/cmTC_cf244.dir/build
gmake[1]: Entering directory '/home/ritesh/rc-car/ros2ws/build/pcap/CMakeFiles/CMakeTmp'
Building C object CMakeFiles/cmTC_cf244.dir/CheckIncludeFile.c.o
/usr/bin/cc    -o CMakeFiles/cmTC_cf244.dir/CheckIncludeFile.c.o -c /home/ritesh/rc-car/ros2ws/build/pcap/CMakeFiles/CMakeTmp/CheckIncludeFile.c
Linking C executable cmTC_cf244
/usr/bin/cmake -E cmake_link_script CMakeFiles/cmTC_cf244.dir/link.txt --verbose=1
/usr/bin/cc -rdynamic CMakeFiles/cmTC_cf244.dir/CheckIncludeFile.c.o -o cmTC_cf244 
gmake[1]: Leaving directory '/home/ritesh/rc-car/ros2ws/build/pcap/CMakeFiles/CMakeTmp'



Performing C SOURCE FILE Test HAVE___ATOMIC_LOAD_N succeeded with the following output:
Change Dir: /home/ritesh/rc-car/ros2ws/build/pcap/CMakeFiles/CMakeTmp

Run Build Command(s):/usr/bin/gmake -f Makefile cmTC_17f06/fast && /usr/bin/gmake  -f CMakeFiles/cmTC_17f06.dir/build.make CMakeFiles/cmTC_17f06.dir/build
gmake[1]: Entering directory '/home/ritesh/rc-car/ros2ws/build/pcap/CMakeFiles/CMakeTmp'
Building C object CMakeFiles/cmTC_17f06.dir/src.c.o
/usr/bin/cc -DHAVE___ATOMIC_LOAD_N   -o CMakeFiles/cmTC_17f06.dir/src.c.o -c /home/ritesh/rc-car/ros2ws/build/pcap/CMakeFiles/CMakeTmp/src.c
Linking C executable cmTC_17f06
/usr/bin/cmake -E cmake_link_script CMakeFiles/cmTC_17f06.dir/link.txt --verbose=1
/usr/bin/cc -rdynamic CMakeFiles/cmTC_17f06.dir/src.c.o -o cmTC_17f06 
gmake[1]: Leaving directory '/home/ritesh/rc-car/ros2ws/build/pcap/CMakeFiles/CMakeTmp'


Source file was:
int
main(void)
{
	int i = 17;
	return __atomic_load_n(&i, __ATOMIC_RELAXED);
}

Performing C SOURCE FILE Test HAVE___ATOMIC_STORE_N succeeded with the following output:
Change Dir: /home/ritesh/rc-car/ros2ws/build/pcap/CMakeFiles/CMakeTmp

Run Build Command(s):/usr/bin/gmake -f Makefile cmTC_995d7/fast && /usr/bin/gmake  -f CMakeFiles/cmTC_995d7.dir/build.make CMakeFiles/cmTC_995d7.dir/build
gmake[1]: Entering directory '/home/ritesh/rc-car/ros2ws/build/pcap/CMakeFiles/CMakeTmp'
Building C object CMakeFiles/cmTC_995d7.dir/src.c.o
/usr/bin/cc -DHAVE___ATOMIC_STORE_N   -o CMakeFiles/cmTC_995d7.dir/src.c.o -c /home/ritesh/rc-car/ros2ws/build/pcap/CMakeFiles/CMakeTmp/src.c
Linking C executable cmTC_995d7
/usr/bin/cmake -E cmake_link_script CMakeFiles/cmTC_995d7.dir/link.txt --verbose=1
/usr/bin/cc -rdynamic CMakeFiles/cmTC_995d7.dir/src.c.o -o cmTC_995d7 
gmake[1]: Leaving directory '/home/ritesh/rc-car/ros2ws/build/pcap/CMakeFiles/CMakeTmp'


Source file was:
int
main(void)
{
	int i;
	__atomic_store_n(&i, 17, __ATOMIC_RELAXED);
	return 0;
}

Determining if the function strerror exists passed with the following output:
Change Dir: /home/ritesh/rc-car/ros2ws/build/pcap/CMakeFiles/CMakeTmp

Run Build Command(s):/usr/bin/gmake -f Makefile cmTC_698c7/fast && /usr/bin/gmake  -f CMakeFiles/cmTC_698c7.dir/build.make CMakeFiles/cmTC_698c7.dir/build
gmake[1]: Entering directory '/home/ritesh/rc-car/ros2ws/build/pcap/CMakeFiles/CMakeTmp'
Building C object CMakeFiles/cmTC_698c7.dir/CheckFunctionExists.c.o
/usr/bin/cc   -DCHECK_FUNCTION_EXISTS=strerror -o CMakeFiles/cmTC_698c7.dir/CheckFunctionExists.c.o -c /usr/share/cmake-3.22/Modules/CheckFunctionExists.c
Linking C executable cmTC_698c7
/usr/bin/cmake -E cmake_link_script CMakeFiles/cmTC_698c7.dir/link.txt --verbose=1
/usr/bin/cc  -DCHECK_FUNCTION_EXISTS=strerror -rdynamic CMakeFiles/cmTC_698c7.dir/CheckFunctionExists.c.o -o cmTC_698c7 
gmake[1]: Leaving directory '/home/ritesh/rc-car/ros2ws/build/pcap/CMakeFiles/CMakeTmp'



Determining if the function strerror_r exists passed with the following output:
Change Dir: /home/ritesh/rc-car/ros2ws/build/pcap/CMakeFiles/CMakeTmp

Run Build Command(s):/usr/bin/gmake -f Makefile cmTC_e8811/fast && /usr/bin/gmake  -f CMakeFiles/cmTC_e8811.dir/build.make CMakeFiles/cmTC_e8811.dir/build
gmake[1]: Entering directory '/home/ritesh/rc-car/ros2ws/build/pcap/CMakeFiles/CMakeTmp'
Building C object CMakeFiles/cmTC_e8811.dir/CheckFunctionExists.c.o
/usr/bin/cc   -DCHECK_FUNCTION_EXISTS=strerror_r -o CMakeFiles/cmTC_e8811.dir/CheckFunctionExists.c.o -c /usr/share/cmake-3.22/Modules/CheckFunctionExists.c
Linking C executable cmTC_e8811
/usr/bin/cmake -E cmake_link_script CMakeFiles/cmTC_e8811.dir/link.txt --verbose=1
/usr/bin/cc  -DCHECK_FUNCTION_EXISTS=strerror_r -rdynamic CMakeFiles/cmTC_e8811.dir/CheckFunctionExists.c.o -o cmTC_e8811 
gmake[1]: Leaving directory '/home/ritesh/rc-car/ros2ws/build/pcap/CMakeFiles/CMakeTmp'



Performing C SOURCE FILE Test HAVE_GNU_STRERROR_R succeeded with the following output:
Change Dir: /home/ritesh/rc-car/ros2ws/build/pcap/CMakeFiles/CMakeTmp

Run Build Command(s):/usr/bin/gmake -f Makefile cmTC_0250d/fast && /usr/bin/gmake  -f CMakeFiles/cmTC_0250d.dir/build.make CMakeFiles/cmTC_0250d.dir/build
gmake[1]: Entering directory '/home/ritesh/rc-car/ros2ws/build/pcap/CMakeFiles/CMakeTmp'
Building C object CMakeFiles/cmTC_0250d.dir/src.c.o
/usr/bin/cc -DHAVE_GNU_STRERROR_R   -o CMakeFiles/cmTC_0250d.dir/src.c.o -c /home/ritesh/rc-car/ros2ws/build/pcap/CMakeFiles/CMakeTmp/src.c
Linking C executable cmTC_0250d
/usr/bin/cmake -E cmake_link_script CMakeFiles/cmTC_0250d.dir/link.txt --verbose=1
/usr/bin/cc -rdynamic CMakeFiles/cmTC_0250d.dir/src.c.o -o cmTC_0250d 
gmake[1]: Leaving directory '/home/ritesh/rc-car/ros2ws/build/pcap/CMakeFiles/CMakeTmp'


Source file was:
#define _GNU_SOURCE
#include <string.h>

/* Define it GNU-style; that will cause an error if it's not GNU-style */
extern char *strerror_r(int, char *, size_t);

int
main(void)
{
	return 0;
}

Determining if the vsnprintf exist passed with the following output:
Change Dir: /home/ritesh/rc-car/ros2ws/build/pcap/CMakeFiles/CMakeTmp

Run Build Command(s):/usr/bin/gmake -f Makefile cmTC_40cd9/fast && /usr/bin/gmake  -f CMakeFiles/cmTC_40cd9.dir/build.make CMakeFiles/cmTC_40cd9.dir/build
gmake[1]: Entering directory '/home/ritesh/rc-car/ros2ws/build/pcap/CMakeFiles/CMakeTmp'
Building C object CMakeFiles/cmTC_40cd9.dir/CheckSymbolExists.c.o
/usr/bin/cc    -o CMakeFiles/cmTC_40cd9.dir/CheckSymbolExists.c.o -c /home/ritesh/rc-car/ros2ws/build/pcap/CMakeFiles/CMakeTmp/CheckSymbolExists.c
Linking C executable cmTC_40cd9
/usr/bin/cmake -E cmake_link_script CMakeFiles/cmTC_40cd9.dir/link.txt --verbose=1
/usr/bin/cc -rdynamic CMakeFiles/cmTC_40cd9.dir/CheckSymbolExists.c.o -o cmTC_40cd9 
gmake[1]: Leaving directory '/home/ritesh/rc-car/ros2ws/build/pcap/CMakeFiles/CMakeTmp'


File /home/ritesh/rc-car/ros2ws/build/pcap/CMakeFiles/CMakeTmp/CheckSymbolExists.c:
/* */
#include <stdio.h>

int main(int argc, char** argv)
{
  (void)argv;
#ifndef vsnprintf
  return ((int*)(&vsnprintf))[argc];
#else
  (void)argc;
  return 0;
#endif
}
Determining if the snprintf exist passed with the following output:
Change Dir: /home/ritesh/rc-car/ros2ws/build/pcap/CMakeFiles/CMakeTmp

Run Build Command(s):/usr/bin/gmake -f Makefile cmTC_3684a/fast && /usr/bin/gmake  -f CMakeFiles/cmTC_3684a.dir/build.make CMakeFiles/cmTC_3684a.dir/build
gmake[1]: Entering directory '/home/ritesh/rc-car/ros2ws/build/pcap/CMakeFiles/CMakeTmp'
Building C object CMakeFiles/cmTC_3684a.dir/CheckSymbolExists.c.o
/usr/bin/cc    -o CMakeFiles/cmTC_3684a.dir/CheckSymbolExists.c.o -c /home/ritesh/rc-car/ros2ws/build/pcap/CMakeFiles/CMakeTmp/CheckSymbolExists.c
Linking C executable cmTC_3684a
/usr/bin/cmake -E cmake_link_script CMakeFiles/cmTC_3684a.dir/link.txt --verbose=1
/usr/bin/cc -rdynamic CMakeFiles/cmTC_3684a.dir/CheckSymbolExists.c.o -o cmTC_3684a 
gmake[1]: Leaving directory '/home/ritesh/rc-car/ros2ws/build/pcap/CMakeFiles/CMakeTmp'


File /home/ritesh/rc-car/ros2ws/build/pcap/CMakeFiles/CMakeTmp/CheckSymbolExists.c:
/* */
#include <stdio.h>

int main(int argc, char** argv)
{
  (void)argv;
#ifndef snprintf
  return ((int*)(&snprintf))[argc];
#else
  (void)argc;
  return 0;
#endif
}
Determining if the function asprintf exists passed with the following output:
Change Dir: /home/ritesh/rc-car/ros2ws/build/pcap/CMakeFiles/CMakeTmp

Run Build Command(s):/usr/bin/gmake -f Makefile cmTC_40483/fast && /usr/bin/gmake  -f CMakeFiles/cmTC_40483.dir/build.make CMakeFiles/cmTC_40483.dir/build
gmake[1]: Entering directory '/home/ritesh/rc-car/ros2ws/build/pcap/CMakeFiles/CMakeTmp'
Building C object CMakeFiles/cmTC_40483.dir/CheckFunctionExists.c.o
/usr/bin/cc   -DCHECK_FUNCTION_EXISTS=asprintf -o CMakeFiles/cmTC_40483.dir/CheckFunctionExists.c.o -c /usr/share/cmake-3.22/Modules/CheckFunctionExists.c
Linking C executable cmTC_40483
/usr/bin/cmake -E cmake_link_script CMakeFiles/cmTC_40483.dir/link.txt --verbose=1
/usr/bin/cc  -DCHECK_FUNCTION_EXISTS=asprintf -rdynamic CMakeFiles/cmTC_40483.dir/CheckFunctionExists.c.o -o cmTC_40483 
gmake[1]: Leaving directory '/home/ritesh/rc-car/ros2ws/build/pcap/CMakeFiles/CMakeTmp'



Determining if the function vasprintf exists passed with the following output:
Change Dir: /home/ritesh/rc-car/ros2ws/build/pcap/CMakeFiles/CMakeTmp

Run Build Command(s):/usr/bin/gmake -f Makefile cmTC_3ef8d/fast && /usr/bin/gmake  -f CMakeFiles/cmTC_3ef8d.dir/build.make CMakeFiles/cmTC_3ef8d.dir/build
gmake[1]: Entering directory '/home/ritesh/rc-car/ros2ws/build/pcap/CMakeFiles/CMakeTmp'
Building C object CMakeFiles/cmTC_3ef8d.dir/CheckFunctionExists.c.o
/usr/bin/cc   -DCHECK_FUNCTION_EXISTS=vasprintf -o CMakeFiles/cmTC_3ef8d.dir/CheckFunctionExists.c.o -c /usr/share/cmake-3.22/Modules/CheckFunctionExists.c
Linking C executable cmTC_3ef8d
/usr/bin/cmake -E cmake_link_script CMakeFiles/cmTC_3ef8d.dir/link.txt --verbose=1
/usr/bin/cc  -DCHECK_FUNCTION_EXISTS=vasprintf -rdynamic CMakeFiles/cmTC_3ef8d.dir/CheckFunctionExists.c.o -o cmTC_3ef8d 
gmake[1]: Leaving directory '/home/ritesh/rc-car/ros2ws/build/pcap/CMakeFiles/CMakeTmp'



Determining if the function strtok_r exists passed with the following output:
Change Dir: /home/ritesh/rc-car/ros2ws/build/pcap/CMakeFiles/CMakeTmp

Run Build Command(s):/usr/bin/gmake -f Makefile cmTC_e6de6/fast && /usr/bin/gmake  -f CMakeFiles/cmTC_e6de6.dir/build.make CMakeFiles/cmTC_e6de6.dir/build
gmake[1]: Entering directory '/home/ritesh/rc-car/ros2ws/build/pcap/CMakeFiles/CMakeTmp'
Building C object CMakeFiles/cmTC_e6de6.dir/CheckFunctionExists.c.o
/usr/bin/cc   -DCHECK_FUNCTION_EXISTS=strtok_r -o CMakeFiles/cmTC_e6de6.dir/CheckFunctionExists.c.o -c /usr/share/cmake-3.22/Modules/CheckFunctionExists.c
Linking C executable cmTC_e6de6
/usr/bin/cmake -E cmake_link_script CMakeFiles/cmTC_e6de6.dir/link.txt --verbose=1
/usr/bin/cc  -DCHECK_FUNCTION_EXISTS=strtok_r -rdynamic CMakeFiles/cmTC_e6de6.dir/CheckFunctionExists.c.o -o cmTC_e6de6 
gmake[1]: Leaving directory '/home/ritesh/rc-car/ros2ws/build/pcap/CMakeFiles/CMakeTmp'



Determining if the function vsyslog exists passed with the following output:
Change Dir: /home/ritesh/rc-car/ros2ws/build/pcap/CMakeFiles/CMakeTmp

Run Build Command(s):/usr/bin/gmake -f Makefile cmTC_f438a/fast && /usr/bin/gmake  -f CMakeFiles/cmTC_f438a.dir/build.make CMakeFiles/cmTC_f438a.dir/build
gmake[1]: Entering directory '/home/ritesh/rc-car/ros2ws/build/pcap/CMakeFiles/CMakeTmp'
Building C object CMakeFiles/cmTC_f438a.dir/CheckFunctionExists.c.o
/usr/bin/cc   -DCHECK_FUNCTION_EXISTS=vsyslog -o CMakeFiles/cmTC_f438a.dir/CheckFunctionExists.c.o -c /usr/share/cmake-3.22/Modules/CheckFunctionExists.c
Linking C executable cmTC_f438a
/usr/bin/cmake -E cmake_link_script CMakeFiles/cmTC_f438a.dir/link.txt --verbose=1
/usr/bin/cc  -DCHECK_FUNCTION_EXISTS=vsyslog -rdynamic CMakeFiles/cmTC_f438a.dir/CheckFunctionExists.c.o -o cmTC_f438a 
gmake[1]: Leaving directory '/home/ritesh/rc-car/ros2ws/build/pcap/CMakeFiles/CMakeTmp'



Determining if the function getaddrinfo exists passed with the following output:
Change Dir: /home/ritesh/rc-car/ros2ws/build/pcap/CMakeFiles/CMakeTmp

Run Build Command(s):/usr/bin/gmake -f Makefile cmTC_0f9e7/fast && /usr/bin/gmake  -f CMakeFiles/cmTC_0f9e7.dir/build.make CMakeFiles/cmTC_0f9e7.dir/build
gmake[1]: Entering directory '/home/ritesh/rc-car/ros2ws/build/pcap/CMakeFiles/CMakeTmp'
Building C object CMakeFiles/cmTC_0f9e7.dir/CheckFunctionExists.c.o
/usr/bin/cc   -DCHECK_FUNCTION_EXISTS=getaddrinfo -o CMakeFiles/cmTC_0f9e7.dir/CheckFunctionExists.c.o -c /usr/share/cmake-3.22/Modules/CheckFunctionExists.c
Linking C executable cmTC_0f9e7
/usr/bin/cmake -E cmake_link_script CMakeFiles/cmTC_0f9e7.dir/link.txt --verbose=1
/usr/bin/cc  -DCHECK_FUNCTION_EXISTS=getaddrinfo -rdynamic CMakeFiles/cmTC_0f9e7.dir/CheckFunctionExists.c.o -o cmTC_0f9e7 
gmake[1]: Leaving directory '/home/ritesh/rc-car/ros2ws/build/pcap/CMakeFiles/CMakeTmp'



Determining if the getnetbyname_r exist passed with the following output:
Change Dir: /home/ritesh/rc-car/ros2ws/build/pcap/CMakeFiles/CMakeTmp

Run Build Command(s):/usr/bin/gmake -f Makefile cmTC_00916/fast && /usr/bin/gmake  -f CMakeFiles/cmTC_00916.dir/build.make CMakeFiles/cmTC_00916.dir/build
gmake[1]: Entering directory '/home/ritesh/rc-car/ros2ws/build/pcap/CMakeFiles/CMakeTmp'
Building C object CMakeFiles/cmTC_00916.dir/CheckSymbolExists.c.o
/usr/bin/cc    -o CMakeFiles/cmTC_00916.dir/CheckSymbolExists.c.o -c /home/ritesh/rc-car/ros2ws/build/pcap/CMakeFiles/CMakeTmp/CheckSymbolExists.c
Linking C executable cmTC_00916
/usr/bin/cmake -E cmake_link_script CMakeFiles/cmTC_00916.dir/link.txt --verbose=1
/usr/bin/cc -rdynamic CMakeFiles/cmTC_00916.dir/CheckSymbolExists.c.o -o cmTC_00916 
gmake[1]: Leaving directory '/home/ritesh/rc-car/ros2ws/build/pcap/CMakeFiles/CMakeTmp'


File /home/ritesh/rc-car/ros2ws/build/pcap/CMakeFiles/CMakeTmp/CheckSymbolExists.c:
/* */
#include <netdb.h>

int main(int argc, char** argv)
{
  (void)argv;
#ifndef getnetbyname_r
  return ((int*)(&getnetbyname_r))[argc];
#else
  (void)argc;
  return 0;
#endif
}
Performing C SOURCE FILE Test HAVE_LINUX_GETNETBYNAME_R succeeded with the following output:
Change Dir: /home/ritesh/rc-car/ros2ws/build/pcap/CMakeFiles/CMakeTmp

Run Build Command(s):/usr/bin/gmake -f Makefile cmTC_d74ee/fast && /usr/bin/gmake  -f CMakeFiles/cmTC_d74ee.dir/build.make CMakeFiles/cmTC_d74ee.dir/build
gmake[1]: Entering directory '/home/ritesh/rc-car/ros2ws/build/pcap/CMakeFiles/CMakeTmp'
Building C object CMakeFiles/cmTC_d74ee.dir/src.c.o
/usr/bin/cc -DHAVE_LINUX_GETNETBYNAME_R   -o CMakeFiles/cmTC_d74ee.dir/src.c.o -c /home/ritesh/rc-car/ros2ws/build/pcap/CMakeFiles/CMakeTmp/src.c
Linking C executable cmTC_d74ee
/usr/bin/cmake -E cmake_link_script CMakeFiles/cmTC_d74ee.dir/link.txt --verbose=1
/usr/bin/cc -rdynamic CMakeFiles/cmTC_d74ee.dir/src.c.o -o cmTC_d74ee 
gmake[1]: Leaving directory '/home/ritesh/rc-car/ros2ws/build/pcap/CMakeFiles/CMakeTmp'


Source file was:
#include <netdb.h>

int
main(void)
{
    struct netent netent_buf;
    char buf[1024];
    struct netent *resultp;
    int h_errnoval;

    return getnetbyname_r((const char *)0, &netent_buf, buf, sizeof buf, &resultp, &h_errnoval);
}

Determining if the getprotobyname_r exist passed with the following output:
Change Dir: /home/ritesh/rc-car/ros2ws/build/pcap/CMakeFiles/CMakeTmp

Run Build Command(s):/usr/bin/gmake -f Makefile cmTC_a38f3/fast && /usr/bin/gmake  -f CMakeFiles/cmTC_a38f3.dir/build.make CMakeFiles/cmTC_a38f3.dir/build
gmake[1]: Entering directory '/home/ritesh/rc-car/ros2ws/build/pcap/CMakeFiles/CMakeTmp'
Building C object CMakeFiles/cmTC_a38f3.dir/CheckSymbolExists.c.o
/usr/bin/cc    -o CMakeFiles/cmTC_a38f3.dir/CheckSymbolExists.c.o -c /home/ritesh/rc-car/ros2ws/build/pcap/CMakeFiles/CMakeTmp/CheckSymbolExists.c
Linking C executable cmTC_a38f3
/usr/bin/cmake -E cmake_link_script CMakeFiles/cmTC_a38f3.dir/link.txt --verbose=1
/usr/bin/cc -rdynamic CMakeFiles/cmTC_a38f3.dir/CheckSymbolExists.c.o -o cmTC_a38f3 
gmake[1]: Leaving directory '/home/ritesh/rc-car/ros2ws/build/pcap/CMakeFiles/CMakeTmp'


File /home/ritesh/rc-car/ros2ws/build/pcap/CMakeFiles/CMakeTmp/CheckSymbolExists.c:
/* */
#include <netdb.h>

int main(int argc, char** argv)
{
  (void)argv;
#ifndef getprotobyname_r
  return ((int*)(&getprotobyname_r))[argc];
#else
  (void)argc;
  return 0;
#endif
}
Performing C SOURCE FILE Test HAVE_LINUX_GETPROTOBYNAME_R succeeded with the following output:
Change Dir: /home/ritesh/rc-car/ros2ws/build/pcap/CMakeFiles/CMakeTmp

Run Build Command(s):/usr/bin/gmake -f Makefile cmTC_b185a/fast && /usr/bin/gmake  -f CMakeFiles/cmTC_b185a.dir/build.make CMakeFiles/cmTC_b185a.dir/build
gmake[1]: Entering directory '/home/ritesh/rc-car/ros2ws/build/pcap/CMakeFiles/CMakeTmp'
Building C object CMakeFiles/cmTC_b185a.dir/src.c.o
/usr/bin/cc -DHAVE_LINUX_GETPROTOBYNAME_R   -o CMakeFiles/cmTC_b185a.dir/src.c.o -c /home/ritesh/rc-car/ros2ws/build/pcap/CMakeFiles/CMakeTmp/src.c
Linking C executable cmTC_b185a
/usr/bin/cmake -E cmake_link_script CMakeFiles/cmTC_b185a.dir/link.txt --verbose=1
/usr/bin/cc -rdynamic CMakeFiles/cmTC_b185a.dir/src.c.o -o cmTC_b185a 
gmake[1]: Leaving directory '/home/ritesh/rc-car/ros2ws/build/pcap/CMakeFiles/CMakeTmp'


Source file was:
#include <netdb.h>

int
main(void)
{
    struct protoent protoent_buf;
    char buf[1024];
    struct protoent *resultp;

    return getprotobyname_r((const char *)0, &protoent_buf, buf, sizeof buf, &resultp);
}

Determining if the include file sys/types.h exists passed with the following output:
Change Dir: /home/ritesh/rc-car/ros2ws/build/pcap/CMakeFiles/CMakeTmp

Run Build Command(s):/usr/bin/gmake -f Makefile cmTC_c276f/fast && /usr/bin/gmake  -f CMakeFiles/cmTC_c276f.dir/build.make CMakeFiles/cmTC_c276f.dir/build
gmake[1]: Entering directory '/home/ritesh/rc-car/ros2ws/build/pcap/CMakeFiles/CMakeTmp'
Building C object CMakeFiles/cmTC_c276f.dir/CheckIncludeFile.c.o
/usr/bin/cc    -o CMakeFiles/cmTC_c276f.dir/CheckIncludeFile.c.o -c /home/ritesh/rc-car/ros2ws/build/pcap/CMakeFiles/CMakeTmp/CheckIncludeFile.c
Linking C executable cmTC_c276f
/usr/bin/cmake -E cmake_link_script CMakeFiles/cmTC_c276f.dir/link.txt --verbose=1
/usr/bin/cc -rdynamic CMakeFiles/cmTC_c276f.dir/CheckIncludeFile.c.o -o cmTC_c276f 
gmake[1]: Leaving directory '/home/ritesh/rc-car/ros2ws/build/pcap/CMakeFiles/CMakeTmp'



Determining if the include file stddef.h exists passed with the following output:
Change Dir: /home/ritesh/rc-car/ros2ws/build/pcap/CMakeFiles/CMakeTmp

Run Build Command(s):/usr/bin/gmake -f Makefile cmTC_af5ca/fast && /usr/bin/gmake  -f CMakeFiles/cmTC_af5ca.dir/build.make CMakeFiles/cmTC_af5ca.dir/build
gmake[1]: Entering directory '/home/ritesh/rc-car/ros2ws/build/pcap/CMakeFiles/CMakeTmp'
Building C object CMakeFiles/cmTC_af5ca.dir/CheckIncludeFile.c.o
/usr/bin/cc    -o CMakeFiles/cmTC_af5ca.dir/CheckIncludeFile.c.o -c /home/ritesh/rc-car/ros2ws/build/pcap/CMakeFiles/CMakeTmp/CheckIncludeFile.c
Linking C executable cmTC_af5ca
/usr/bin/cmake -E cmake_link_script CMakeFiles/cmTC_af5ca.dir/link.txt --verbose=1
/usr/bin/cc -rdynamic CMakeFiles/cmTC_af5ca.dir/CheckIncludeFile.c.o -o cmTC_af5ca 
gmake[1]: Leaving directory '/home/ritesh/rc-car/ros2ws/build/pcap/CMakeFiles/CMakeTmp'



Determining size of struct sockaddr_storage passed with the following output:
Change Dir: /home/ritesh/rc-car/ros2ws/build/pcap/CMakeFiles/CMakeTmp

Run Build Command(s):/usr/bin/gmake -f Makefile cmTC_550e4/fast && /usr/bin/gmake  -f CMakeFiles/cmTC_550e4.dir/build.make CMakeFiles/cmTC_550e4.dir/build
gmake[1]: Entering directory '/home/ritesh/rc-car/ros2ws/build/pcap/CMakeFiles/CMakeTmp'
Building C object CMakeFiles/cmTC_550e4.dir/STRUCT_SOCKADDR_STORAGE.c.o
/usr/bin/cc    -o CMakeFiles/cmTC_550e4.dir/STRUCT_SOCKADDR_STORAGE.c.o -c /home/ritesh/rc-car/ros2ws/build/pcap/CMakeFiles/CheckTypeSize/STRUCT_SOCKADDR_STORAGE.c
Linking C executable cmTC_550e4
/usr/bin/cmake -E cmake_link_script CMakeFiles/cmTC_550e4.dir/link.txt --verbose=1
/usr/bin/cc -rdynamic CMakeFiles/cmTC_550e4.dir/STRUCT_SOCKADDR_STORAGE.c.o -o cmTC_550e4 
gmake[1]: Leaving directory '/home/ritesh/rc-car/ros2ws/build/pcap/CMakeFiles/CMakeTmp'



Determining size of socklen_t passed with the following output:
Change Dir: /home/ritesh/rc-car/ros2ws/build/pcap/CMakeFiles/CMakeTmp

Run Build Command(s):/usr/bin/gmake -f Makefile cmTC_163a5/fast && /usr/bin/gmake  -f CMakeFiles/cmTC_163a5.dir/build.make CMakeFiles/cmTC_163a5.dir/build
gmake[1]: Entering directory '/home/ritesh/rc-car/ros2ws/build/pcap/CMakeFiles/CMakeTmp'
Building C object CMakeFiles/cmTC_163a5.dir/SOCKLEN_T.c.o
/usr/bin/cc    -o CMakeFiles/cmTC_163a5.dir/SOCKLEN_T.c.o -c /home/ritesh/rc-car/ros2ws/build/pcap/CMakeFiles/CheckTypeSize/SOCKLEN_T.c
Linking C executable cmTC_163a5
/usr/bin/cmake -E cmake_link_script CMakeFiles/cmTC_163a5.dir/link.txt --verbose=1
/usr/bin/cc -rdynamic CMakeFiles/cmTC_163a5.dir/SOCKLEN_T.c.o -o cmTC_163a5 
gmake[1]: Leaving directory '/home/ritesh/rc-car/ros2ws/build/pcap/CMakeFiles/CMakeTmp'



Determining if the function ffs exists passed with the following output:
Change Dir: /home/ritesh/rc-car/ros2ws/build/pcap/CMakeFiles/CMakeTmp

Run Build Command(s):/usr/bin/gmake -f Makefile cmTC_8b979/fast && /usr/bin/gmake  -f CMakeFiles/cmTC_8b979.dir/build.make CMakeFiles/cmTC_8b979.dir/build
gmake[1]: Entering directory '/home/ritesh/rc-car/ros2ws/build/pcap/CMakeFiles/CMakeTmp'
Building C object CMakeFiles/cmTC_8b979.dir/CheckFunctionExists.c.o
/usr/bin/cc   -DCHECK_FUNCTION_EXISTS=ffs -o CMakeFiles/cmTC_8b979.dir/CheckFunctionExists.c.o -c /usr/share/cmake-3.22/Modules/CheckFunctionExists.c
<command-line>: warning: conflicting types for built-in function ffs; expected int(int) [-Wbuiltin-declaration-mismatch]
/usr/share/cmake-3.22/Modules/CheckFunctionExists.c:7:3: note: in expansion of macro CHECK_FUNCTION_EXISTS
    7 |   CHECK_FUNCTION_EXISTS(void);
      |   ^~~~~~~~~~~~~~~~~~~~~
Linking C executable cmTC_8b979
/usr/bin/cmake -E cmake_link_script CMakeFiles/cmTC_8b979.dir/link.txt --verbose=1
/usr/bin/cc  -DCHECK_FUNCTION_EXISTS=ffs -rdynamic CMakeFiles/cmTC_8b979.dir/CheckFunctionExists.c.o -o cmTC_8b979 
gmake[1]: Leaving directory '/home/ritesh/rc-car/ros2ws/build/pcap/CMakeFiles/CMakeTmp'



Determining if the ffs exist passed with the following output:
Change Dir: /home/ritesh/rc-car/ros2ws/build/pcap/CMakeFiles/CMakeTmp

Run Build Command(s):/usr/bin/gmake -f Makefile cmTC_6b8bf/fast && /usr/bin/gmake  -f CMakeFiles/cmTC_6b8bf.dir/build.make CMakeFiles/cmTC_6b8bf.dir/build
gmake[1]: Entering directory '/home/ritesh/rc-car/ros2ws/build/pcap/CMakeFiles/CMakeTmp'
Building C object CMakeFiles/cmTC_6b8bf.dir/CheckSymbolExists.c.o
/usr/bin/cc    -o CMakeFiles/cmTC_6b8bf.dir/CheckSymbolExists.c.o -c /home/ritesh/rc-car/ros2ws/build/pcap/CMakeFiles/CMakeTmp/CheckSymbolExists.c
Linking C executable cmTC_6b8bf
/usr/bin/cmake -E cmake_link_script CMakeFiles/cmTC_6b8bf.dir/link.txt --verbose=1
/usr/bin/cc -rdynamic CMakeFiles/cmTC_6b8bf.dir/CheckSymbolExists.c.o -o cmTC_6b8bf 
gmake[1]: Leaving directory '/home/ritesh/rc-car/ros2ws/build/pcap/CMakeFiles/CMakeTmp'


File /home/ritesh/rc-car/ros2ws/build/pcap/CMakeFiles/CMakeTmp/CheckSymbolExists.c:
/* */
#include <strings.h>

int main(int argc, char** argv)
{
  (void)argv;
#ifndef ffs
  return ((int*)(&ffs))[argc];
#else
  (void)argc;
  return 0;
#endif
}
Determining if the function ether_hostton exists passed with the following output:
Change Dir: /home/ritesh/rc-car/ros2ws/build/pcap/CMakeFiles/CMakeTmp

Run Build Command(s):/usr/bin/gmake -f Makefile cmTC_e5333/fast && /usr/bin/gmake  -f CMakeFiles/cmTC_e5333.dir/build.make CMakeFiles/cmTC_e5333.dir/build
gmake[1]: Entering directory '/home/ritesh/rc-car/ros2ws/build/pcap/CMakeFiles/CMakeTmp'
Building C object CMakeFiles/cmTC_e5333.dir/CheckFunctionExists.c.o
/usr/bin/cc   -DCHECK_FUNCTION_EXISTS=ether_hostton -o CMakeFiles/cmTC_e5333.dir/CheckFunctionExists.c.o -c /usr/share/cmake-3.22/Modules/CheckFunctionExists.c
Linking C executable cmTC_e5333
/usr/bin/cmake -E cmake_link_script CMakeFiles/cmTC_e5333.dir/link.txt --verbose=1
/usr/bin/cc  -DCHECK_FUNCTION_EXISTS=ether_hostton -rdynamic CMakeFiles/cmTC_e5333.dir/CheckFunctionExists.c.o -o cmTC_e5333 
gmake[1]: Leaving directory '/home/ritesh/rc-car/ros2ws/build/pcap/CMakeFiles/CMakeTmp'



Determining if the ether_hostton exist passed with the following output:
Change Dir: /home/ritesh/rc-car/ros2ws/build/pcap/CMakeFiles/CMakeTmp

Run Build Command(s):/usr/bin/gmake -f Makefile cmTC_6c1d8/fast && /usr/bin/gmake  -f CMakeFiles/cmTC_6c1d8.dir/build.make CMakeFiles/cmTC_6c1d8.dir/build
gmake[1]: Entering directory '/home/ritesh/rc-car/ros2ws/build/pcap/CMakeFiles/CMakeTmp'
Building C object CMakeFiles/cmTC_6c1d8.dir/CheckSymbolExists.c.o
/usr/bin/cc    -o CMakeFiles/cmTC_6c1d8.dir/CheckSymbolExists.c.o -c /home/ritesh/rc-car/ros2ws/build/pcap/CMakeFiles/CMakeTmp/CheckSymbolExists.c
Linking C executable cmTC_6c1d8
/usr/bin/cmake -E cmake_link_script CMakeFiles/cmTC_6c1d8.dir/link.txt --verbose=1
/usr/bin/cc -rdynamic CMakeFiles/cmTC_6c1d8.dir/CheckSymbolExists.c.o -o cmTC_6c1d8 
gmake[1]: Leaving directory '/home/ritesh/rc-car/ros2ws/build/pcap/CMakeFiles/CMakeTmp'


File /home/ritesh/rc-car/ros2ws/build/pcap/CMakeFiles/CMakeTmp/CheckSymbolExists.c:
/* */
#include <netinet/ether.h>

int main(int argc, char** argv)
{
  (void)argv;
#ifndef ether_hostton
  return ((int*)(&ether_hostton))[argc];
#else
  (void)argc;
  return 0;
#endif
}
Performing C SOURCE FILE Test lfs_native succeeded with the following output:
Change Dir: /home/ritesh/rc-car/ros2ws/build/pcap/CMakeFiles/CMakeTmp

Run Build Command(s):/usr/bin/gmake -f Makefile cmTC_35a3f/fast && /usr/bin/gmake  -f CMakeFiles/cmTC_35a3f.dir/build.make CMakeFiles/cmTC_35a3f.dir/build
gmake[1]: Entering directory '/home/ritesh/rc-car/ros2ws/build/pcap/CMakeFiles/CMakeTmp'
Building C object CMakeFiles/cmTC_35a3f.dir/src.c.o
/usr/bin/cc -Dlfs_native   -o CMakeFiles/cmTC_35a3f.dir/src.c.o -c /home/ritesh/rc-car/ros2ws/build/pcap/CMakeFiles/CMakeTmp/src.c
Linking C executable cmTC_35a3f
/usr/bin/cmake -E cmake_link_script CMakeFiles/cmTC_35a3f.dir/link.txt --verbose=1
/usr/bin/cc -rdynamic CMakeFiles/cmTC_35a3f.dir/src.c.o -o cmTC_35a3f 
gmake[1]: Leaving directory '/home/ritesh/rc-car/ros2ws/build/pcap/CMakeFiles/CMakeTmp'


Source file was:

    #include <sys/types.h>
    typedef char my_static_assert[sizeof(off_t) >= 8 ? 1 : -1];
    int main(void) { return 0; }
    
Determining if the fseeko exist passed with the following output:
Change Dir: /home/ritesh/rc-car/ros2ws/build/pcap/CMakeFiles/CMakeTmp

Run Build Command(s):/usr/bin/gmake -f Makefile cmTC_8225e/fast && /usr/bin/gmake  -f CMakeFiles/cmTC_8225e.dir/build.make CMakeFiles/cmTC_8225e.dir/build
gmake[1]: Entering directory '/home/ritesh/rc-car/ros2ws/build/pcap/CMakeFiles/CMakeTmp'
Building C object CMakeFiles/cmTC_8225e.dir/CheckSymbolExists.c.o
/usr/bin/cc    -o CMakeFiles/cmTC_8225e.dir/CheckSymbolExists.c.o -c /home/ritesh/rc-car/ros2ws/build/pcap/CMakeFiles/CMakeTmp/CheckSymbolExists.c
Linking C executable cmTC_8225e
/usr/bin/cmake -E cmake_link_script CMakeFiles/cmTC_8225e.dir/link.txt --verbose=1
/usr/bin/cc -rdynamic CMakeFiles/cmTC_8225e.dir/CheckSymbolExists.c.o -o cmTC_8225e 
gmake[1]: Leaving directory '/home/ritesh/rc-car/ros2ws/build/pcap/CMakeFiles/CMakeTmp'


File /home/ritesh/rc-car/ros2ws/build/pcap/CMakeFiles/CMakeTmp/CheckSymbolExists.c:
/* */
#include <stdio.h>

int main(int argc, char** argv)
{
  (void)argv;
#ifndef fseeko
  return ((int*)(&fseeko))[argc];
#else
  (void)argc;
  return 0;
#endif
}
Determining if the include file pthread.h exists passed with the following output:
Change Dir: /home/ritesh/rc-car/ros2ws/build/pcap/CMakeFiles/CMakeTmp

Run Build Command(s):/usr/bin/gmake -f Makefile cmTC_d191e/fast && /usr/bin/gmake  -f CMakeFiles/cmTC_d191e.dir/build.make CMakeFiles/cmTC_d191e.dir/build
gmake[1]: Entering directory '/home/ritesh/rc-car/ros2ws/build/pcap/CMakeFiles/CMakeTmp'
Building C object CMakeFiles/cmTC_d191e.dir/CheckIncludeFile.c.o
/usr/bin/cc    -o CMakeFiles/cmTC_d191e.dir/CheckIncludeFile.c.o -c /home/ritesh/rc-car/ros2ws/build/pcap/CMakeFiles/CMakeTmp/CheckIncludeFile.c
Linking C executable cmTC_d191e
/usr/bin/cmake -E cmake_link_script CMakeFiles/cmTC_d191e.dir/link.txt --verbose=1
/usr/bin/cc -rdynamic CMakeFiles/cmTC_d191e.dir/CheckIncludeFile.c.o -o cmTC_d191e 
gmake[1]: Leaving directory '/home/ritesh/rc-car/ros2ws/build/pcap/CMakeFiles/CMakeTmp'



Performing C SOURCE FILE Test CMAKE_HAVE_LIBC_PTHREAD succeeded with the following output:
Change Dir: /home/ritesh/rc-car/ros2ws/build/pcap/CMakeFiles/CMakeTmp

Run Build Command(s):/usr/bin/gmake -f Makefile cmTC_5901a/fast && /usr/bin/gmake  -f CMakeFiles/cmTC_5901a.dir/build.make CMakeFiles/cmTC_5901a.dir/build
gmake[1]: Entering directory '/home/ritesh/rc-car/ros2ws/build/pcap/CMakeFiles/CMakeTmp'
Building C object CMakeFiles/cmTC_5901a.dir/src.c.o
/usr/bin/cc -DCMAKE_HAVE_LIBC_PTHREAD   -o CMakeFiles/cmTC_5901a.dir/src.c.o -c /home/ritesh/rc-car/ros2ws/build/pcap/CMakeFiles/CMakeTmp/src.c
Linking C executable cmTC_5901a
/usr/bin/cmake -E cmake_link_script CMakeFiles/cmTC_5901a.dir/link.txt --verbose=1
/usr/bin/cc -rdynamic CMakeFiles/cmTC_5901a.dir/src.c.o -o cmTC_5901a 
gmake[1]: Leaving directory '/home/ritesh/rc-car/ros2ws/build/pcap/CMakeFiles/CMakeTmp'


Source file was:
#include <pthread.h>

static void* test_func(void* data)
{
  return data;
}

int main(void)
{
  pthread_t thread;
  pthread_create(&thread, NULL, test_func, NULL);
  pthread_detach(thread);
  pthread_cancel(thread);
  pthread_join(thread, NULL);
  pthread_atfork(NULL, NULL, NULL);
  pthread_exit(NULL);

  return 0;
}

Determining if the include file linux/socket.h exists passed with the following output:
Change Dir: /home/ritesh/rc-car/ros2ws/build/pcap/CMakeFiles/CMakeTmp

Run Build Command(s):/usr/bin/gmake -f Makefile cmTC_04e43/fast && /usr/bin/gmake  -f CMakeFiles/cmTC_04e43.dir/build.make CMakeFiles/cmTC_04e43.dir/build
gmake[1]: Entering directory '/home/ritesh/rc-car/ros2ws/build/pcap/CMakeFiles/CMakeTmp'
Building C object CMakeFiles/cmTC_04e43.dir/CheckIncludeFile.c.o
/usr/bin/cc    -o CMakeFiles/cmTC_04e43.dir/CheckIncludeFile.c.o -c /home/ritesh/rc-car/ros2ws/build/pcap/CMakeFiles/CMakeTmp/CheckIncludeFile.c
Linking C executable cmTC_04e43
/usr/bin/cmake -E cmake_link_script CMakeFiles/cmTC_04e43.dir/link.txt --verbose=1
/usr/bin/cc -rdynamic CMakeFiles/cmTC_04e43.dir/CheckIncludeFile.c.o -o cmTC_04e43 
gmake[1]: Leaving directory '/home/ritesh/rc-car/ros2ws/build/pcap/CMakeFiles/CMakeTmp'



Determining if files sys/socket.h;linux/wireless.h exist passed with the following output:
Change Dir: /home/ritesh/rc-car/ros2ws/build/pcap/CMakeFiles/CMakeTmp

Run Build Command(s):/usr/bin/gmake -f Makefile cmTC_140d3/fast && /usr/bin/gmake  -f CMakeFiles/cmTC_140d3.dir/build.make CMakeFiles/cmTC_140d3.dir/build
gmake[1]: Entering directory '/home/ritesh/rc-car/ros2ws/build/pcap/CMakeFiles/CMakeTmp'
Building C object CMakeFiles/cmTC_140d3.dir/HAVE_LINUX_WIRELESS_H.c.o
/usr/bin/cc    -o CMakeFiles/cmTC_140d3.dir/HAVE_LINUX_WIRELESS_H.c.o -c /home/ritesh/rc-car/ros2ws/build/pcap/CMakeFiles/CheckIncludeFiles/HAVE_LINUX_WIRELESS_H.c
Linking C executable cmTC_140d3
/usr/bin/cmake -E cmake_link_script CMakeFiles/cmTC_140d3.dir/link.txt --verbose=1
/usr/bin/cc -rdynamic CMakeFiles/cmTC_140d3.dir/HAVE_LINUX_WIRELESS_H.c.o -o cmTC_140d3 
gmake[1]: Leaving directory '/home/ritesh/rc-car/ros2ws/build/pcap/CMakeFiles/CMakeTmp'



Performing C SOURCE FILE Test HAVE_STRUCT_TPACKET_AUXDATA_TP_VLAN_TCI succeeded with the following output:
Change Dir: /home/ritesh/rc-car/ros2ws/build/pcap/CMakeFiles/CMakeTmp

Run Build Command(s):/usr/bin/gmake -f Makefile cmTC_6bf98/fast && /usr/bin/gmake  -f CMakeFiles/cmTC_6bf98.dir/build.make CMakeFiles/cmTC_6bf98.dir/build
gmake[1]: Entering directory '/home/ritesh/rc-car/ros2ws/build/pcap/CMakeFiles/CMakeTmp'
Building C object CMakeFiles/cmTC_6bf98.dir/src.c.o
/usr/bin/cc -DHAVE_STRUCT_TPACKET_AUXDATA_TP_VLAN_TCI   -o CMakeFiles/cmTC_6bf98.dir/src.c.o -c /home/ritesh/rc-car/ros2ws/build/pcap/CMakeFiles/CMakeTmp/src.c
Linking C executable cmTC_6bf98
/usr/bin/cmake -E cmake_link_script CMakeFiles/cmTC_6bf98.dir/link.txt --verbose=1
/usr/bin/cc -rdynamic CMakeFiles/cmTC_6bf98.dir/src.c.o -o cmTC_6bf98 
gmake[1]: Leaving directory '/home/ritesh/rc-car/ros2ws/build/pcap/CMakeFiles/CMakeTmp'


Source file was:

#include <linux/if_packet.h>

int main()
{
  (void)sizeof(((struct tpacket_auxdata *)0)->tp_vlan_tci);
  return 0;
}

Determining if the function getifaddrs exists passed with the following output:
Change Dir: /home/ritesh/rc-car/ros2ws/build/pcap/CMakeFiles/CMakeTmp

Run Build Command(s):/usr/bin/gmake -f Makefile cmTC_9960b/fast && /usr/bin/gmake  -f CMakeFiles/cmTC_9960b.dir/build.make CMakeFiles/cmTC_9960b.dir/build
gmake[1]: Entering directory '/home/ritesh/rc-car/ros2ws/build/pcap/CMakeFiles/CMakeTmp'
Building C object CMakeFiles/cmTC_9960b.dir/CheckFunctionExists.c.o
/usr/bin/cc   -DCHECK_FUNCTION_EXISTS=getifaddrs -o CMakeFiles/cmTC_9960b.dir/CheckFunctionExists.c.o -c /usr/share/cmake-3.22/Modules/CheckFunctionExists.c
Linking C executable cmTC_9960b
/usr/bin/cmake -E cmake_link_script CMakeFiles/cmTC_9960b.dir/link.txt --verbose=1
/usr/bin/cc  -DCHECK_FUNCTION_EXISTS=getifaddrs -rdynamic CMakeFiles/cmTC_9960b.dir/CheckFunctionExists.c.o -o cmTC_9960b  -lnl-3 /usr/lib/x86_64-linux-gnu/libssl.so /usr/lib/x86_64-linux-gnu/libcrypto.so 
gmake[1]: Leaving directory '/home/ritesh/rc-car/ros2ws/build/pcap/CMakeFiles/CMakeTmp'



Determining if files sys/types.h;ifaddrs.h exist passed with the following output:
Change Dir: /home/ritesh/rc-car/ros2ws/build/pcap/CMakeFiles/CMakeTmp

Run Build Command(s):/usr/bin/gmake -f Makefile cmTC_cbb09/fast && /usr/bin/gmake  -f CMakeFiles/cmTC_cbb09.dir/build.make CMakeFiles/cmTC_cbb09.dir/build
gmake[1]: Entering directory '/home/ritesh/rc-car/ros2ws/build/pcap/CMakeFiles/CMakeTmp'
Building C object CMakeFiles/cmTC_cbb09.dir/HAVE_IFADDRS_H.c.o
/usr/bin/cc    -o CMakeFiles/cmTC_cbb09.dir/HAVE_IFADDRS_H.c.o -c /home/ritesh/rc-car/ros2ws/build/pcap/CMakeFiles/CheckIncludeFiles/HAVE_IFADDRS_H.c
Linking C executable cmTC_cbb09
/usr/bin/cmake -E cmake_link_script CMakeFiles/cmTC_cbb09.dir/link.txt --verbose=1
/usr/bin/cc -rdynamic CMakeFiles/cmTC_cbb09.dir/HAVE_IFADDRS_H.c.o -o cmTC_cbb09 
gmake[1]: Leaving directory '/home/ritesh/rc-car/ros2ws/build/pcap/CMakeFiles/CMakeTmp'



Determining if the include file linux/net_tstamp.h exists passed with the following output:
Change Dir: /home/ritesh/rc-car/ros2ws/build/pcap/CMakeFiles/CMakeTmp

Run Build Command(s):/usr/bin/gmake -f Makefile cmTC_1225c/fast && /usr/bin/gmake  -f CMakeFiles/cmTC_1225c.dir/build.make CMakeFiles/cmTC_1225c.dir/build
gmake[1]: Entering directory '/home/ritesh/rc-car/ros2ws/build/pcap/CMakeFiles/CMakeTmp'
Building C object CMakeFiles/cmTC_1225c.dir/CheckIncludeFile.c.o
/usr/bin/cc    -o CMakeFiles/cmTC_1225c.dir/CheckIncludeFile.c.o -c /home/ritesh/rc-car/ros2ws/build/pcap/CMakeFiles/CMakeTmp/CheckIncludeFile.c
Linking C executable cmTC_1225c
/usr/bin/cmake -E cmake_link_script CMakeFiles/cmTC_1225c.dir/link.txt --verbose=1
/usr/bin/cc -rdynamic CMakeFiles/cmTC_1225c.dir/CheckIncludeFile.c.o -o cmTC_1225c 
gmake[1]: Leaving directory '/home/ritesh/rc-car/ros2ws/build/pcap/CMakeFiles/CMakeTmp'



Determining if files linux/usbdevice_fs.h exist passed with the following output:
Change Dir: /home/ritesh/rc-car/ros2ws/build/pcap/CMakeFiles/CMakeTmp

Run Build Command(s):/usr/bin/gmake -f Makefile cmTC_1c620/fast && /usr/bin/gmake  -f CMakeFiles/cmTC_1c620.dir/build.make CMakeFiles/cmTC_1c620.dir/build
gmake[1]: Entering directory '/home/ritesh/rc-car/ros2ws/build/pcap/CMakeFiles/CMakeTmp'
Building C object CMakeFiles/cmTC_1c620.dir/HAVE_LINUX_USBDEVICE_FS_H.c.o
/usr/bin/cc    -o CMakeFiles/cmTC_1c620.dir/HAVE_LINUX_USBDEVICE_FS_H.c.o -c /home/ritesh/rc-car/ros2ws/build/pcap/CMakeFiles/CheckIncludeFiles/HAVE_LINUX_USBDEVICE_FS_H.c
Linking C executable cmTC_1c620
/usr/bin/cmake -E cmake_link_script CMakeFiles/cmTC_1c620.dir/link.txt --verbose=1
/usr/bin/cc -rdynamic CMakeFiles/cmTC_1c620.dir/HAVE_LINUX_USBDEVICE_FS_H.c.o -o cmTC_1c620 
gmake[1]: Leaving directory '/home/ritesh/rc-car/ros2ws/build/pcap/CMakeFiles/CMakeTmp'



Performing C SOURCE FILE Test HAVE_STRUCT_USBDEVFS_CTRLTRANSFER_BREQUESTTYPE succeeded with the following output:
Change Dir: /home/ritesh/rc-car/ros2ws/build/pcap/CMakeFiles/CMakeTmp

Run Build Command(s):/usr/bin/gmake -f Makefile cmTC_f9470/fast && /usr/bin/gmake  -f CMakeFiles/cmTC_f9470.dir/build.make CMakeFiles/cmTC_f9470.dir/build
gmake[1]: Entering directory '/home/ritesh/rc-car/ros2ws/build/pcap/CMakeFiles/CMakeTmp'
Building C object CMakeFiles/cmTC_f9470.dir/src.c.o
/usr/bin/cc -DHAVE_STRUCT_USBDEVFS_CTRLTRANSFER_BREQUESTTYPE   -o CMakeFiles/cmTC_f9470.dir/src.c.o -c /home/ritesh/rc-car/ros2ws/build/pcap/CMakeFiles/CMakeTmp/src.c
Linking C executable cmTC_f9470
/usr/bin/cmake -E cmake_link_script CMakeFiles/cmTC_f9470.dir/link.txt --verbose=1
/usr/bin/cc -rdynamic CMakeFiles/cmTC_f9470.dir/src.c.o -o cmTC_f9470 
gmake[1]: Leaving directory '/home/ritesh/rc-car/ros2ws/build/pcap/CMakeFiles/CMakeTmp'


Source file was:

#include <linux/usbdevice_fs.h>

int main()
{
  (void)sizeof(((struct usbdevfs_ctrltransfer *)0)->bRequestType);
  return 0;
}

Performing C SOURCE FILE Test PCAP_SUPPORT_NETFILTER succeeded with the following output:
Change Dir: /home/ritesh/rc-car/ros2ws/build/pcap/CMakeFiles/CMakeTmp

Run Build Command(s):/usr/bin/gmake -f Makefile cmTC_55f3d/fast && /usr/bin/gmake  -f CMakeFiles/cmTC_55f3d.dir/build.make CMakeFiles/cmTC_55f3d.dir/build
gmake[1]: Entering directory '/home/ritesh/rc-car/ros2ws/build/pcap/CMakeFiles/CMakeTmp'
Building C object CMakeFiles/cmTC_55f3d.dir/src.c.o
/usr/bin/cc -DPCAP_SUPPORT_NETFILTER   -o CMakeFiles/cmTC_55f3d.dir/src.c.o -c /home/ritesh/rc-car/ros2ws/build/pcap/CMakeFiles/CMakeTmp/src.c
Linking C executable cmTC_55f3d
/usr/bin/cmake -E cmake_link_script CMakeFiles/cmTC_55f3d.dir/link.txt --verbose=1
/usr/bin/cc -rdynamic CMakeFiles/cmTC_55f3d.dir/src.c.o -o cmTC_55f3d 
gmake[1]: Leaving directory '/home/ritesh/rc-car/ros2ws/build/pcap/CMakeFiles/CMakeTmp'


Source file was:
#include <sys/socket.h>
#include <netinet/in.h>
#include <linux/types.h>

#include <linux/netlink.h>
#include <linux/netfilter.h>
#include <linux/netfilter/nfnetlink.h>
#include <linux/netfilter/nfnetlink_log.h>
#include <linux/netfilter/nfnetlink_queue.h>

int
main(void)
{
    return 0;
}

Determining if the function ibv_get_device_list exists in the ibverbs passed with the following output:
Change Dir: /home/ritesh/rc-car/ros2ws/build/pcap/CMakeFiles/CMakeTmp

Run Build Command(s):/usr/bin/gmake -f Makefile cmTC_b3bb9/fast && /usr/bin/gmake  -f CMakeFiles/cmTC_b3bb9.dir/build.make CMakeFiles/cmTC_b3bb9.dir/build
gmake[1]: Entering directory '/home/ritesh/rc-car/ros2ws/build/pcap/CMakeFiles/CMakeTmp'
Building C object CMakeFiles/cmTC_b3bb9.dir/CheckFunctionExists.c.o
/usr/bin/cc   -DCHECK_FUNCTION_EXISTS=ibv_get_device_list -o CMakeFiles/cmTC_b3bb9.dir/CheckFunctionExists.c.o -c /usr/share/cmake-3.22/Modules/CheckFunctionExists.c
Linking C executable cmTC_b3bb9
/usr/bin/cmake -E cmake_link_script CMakeFiles/cmTC_b3bb9.dir/link.txt --verbose=1
/usr/bin/cc  -DCHECK_FUNCTION_EXISTS=ibv_get_device_list -rdynamic CMakeFiles/cmTC_b3bb9.dir/CheckFunctionExists.c.o -o cmTC_b3bb9  -libverbs 
gmake[1]: Leaving directory '/home/ritesh/rc-car/ros2ws/build/pcap/CMakeFiles/CMakeTmp'



Determining if the include file infiniband/verbs.h exists passed with the following output:
Change Dir: /home/ritesh/rc-car/ros2ws/build/pcap/CMakeFiles/CMakeTmp

Run Build Command(s):/usr/bin/gmake -f Makefile cmTC_516d6/fast && /usr/bin/gmake  -f CMakeFiles/cmTC_516d6.dir/build.make CMakeFiles/cmTC_516d6.dir/build
gmake[1]: Entering directory '/home/ritesh/rc-car/ros2ws/build/pcap/CMakeFiles/CMakeTmp'
Building C object CMakeFiles/cmTC_516d6.dir/CheckIncludeFile.c.o
/usr/bin/cc    -o CMakeFiles/cmTC_516d6.dir/CheckIncludeFile.c.o -c /home/ritesh/rc-car/ros2ws/build/pcap/CMakeFiles/CMakeTmp/CheckIncludeFile.c
Linking C executable cmTC_516d6
/usr/bin/cmake -E cmake_link_script CMakeFiles/cmTC_516d6.dir/link.txt --verbose=1
/usr/bin/cc -rdynamic CMakeFiles/cmTC_516d6.dir/CheckIncludeFile.c.o -o cmTC_516d6 
gmake[1]: Leaving directory '/home/ritesh/rc-car/ros2ws/build/pcap/CMakeFiles/CMakeTmp'



Determining if the ibv_create_flow exist passed with the following output:
Change Dir: /home/ritesh/rc-car/ros2ws/build/pcap/CMakeFiles/CMakeTmp

Run Build Command(s):/usr/bin/gmake -f Makefile cmTC_998a1/fast && /usr/bin/gmake  -f CMakeFiles/cmTC_998a1.dir/build.make CMakeFiles/cmTC_998a1.dir/build
gmake[1]: Entering directory '/home/ritesh/rc-car/ros2ws/build/pcap/CMakeFiles/CMakeTmp'
Building C object CMakeFiles/cmTC_998a1.dir/CheckSymbolExists.c.o
/usr/bin/cc    -o CMakeFiles/cmTC_998a1.dir/CheckSymbolExists.c.o -c /home/ritesh/rc-car/ros2ws/build/pcap/CMakeFiles/CMakeTmp/CheckSymbolExists.c
Linking C executable cmTC_998a1
/usr/bin/cmake -E cmake_link_script CMakeFiles/cmTC_998a1.dir/link.txt --verbose=1
/usr/bin/cc -rdynamic CMakeFiles/cmTC_998a1.dir/CheckSymbolExists.c.o -o cmTC_998a1 
gmake[1]: Leaving directory '/home/ritesh/rc-car/ros2ws/build/pcap/CMakeFiles/CMakeTmp'


File /home/ritesh/rc-car/ros2ws/build/pcap/CMakeFiles/CMakeTmp/CheckSymbolExists.c:
/* */
#include <infiniband/verbs.h>

int main(int argc, char** argv)
{
  (void)argv;
#ifndef ibv_create_flow
  return ((int*)(&ibv_create_flow))[argc];
#else
  (void)argc;
  return 0;
#endif
}
Performing C SOURCE FILE Test fvisibility-hidden succeeded with the following output:
Change Dir: /home/ritesh/rc-car/ros2ws/build/pcap/CMakeFiles/CMakeTmp

Run Build Command(s):/usr/bin/gmake -f Makefile cmTC_f045f/fast && /usr/bin/gmake  -f CMakeFiles/cmTC_f045f.dir/build.make CMakeFiles/cmTC_f045f.dir/build
gmake[1]: Entering directory '/home/ritesh/rc-car/ros2ws/build/pcap/CMakeFiles/CMakeTmp'
Building C object CMakeFiles/cmTC_f045f.dir/src.c.o
/usr/bin/cc   -Dfvisibility-hidden -fvisibility=hidden -o CMakeFiles/cmTC_f045f.dir/src.c.o -c /home/ritesh/rc-car/ros2ws/build/pcap/CMakeFiles/CMakeTmp/src.c
<command-line>: warning: ISO C99 requires whitespace after the macro name
Linking C executable cmTC_f045f
/usr/bin/cmake -E cmake_link_script CMakeFiles/cmTC_f045f.dir/link.txt --verbose=1
/usr/bin/cc -rdynamic CMakeFiles/cmTC_f045f.dir/src.c.o -o cmTC_f045f 
gmake[1]: Leaving directory '/home/ritesh/rc-car/ros2ws/build/pcap/CMakeFiles/CMakeTmp'


Source file was:
int main(void) { return 0; }
