[0.527s] Invoking command in '/home/ritesh/rc-car/ros2_ws/build/my_robot_controller': PYTHONPATH=/home/ritesh/rc-car/ros2_ws/build/my_robot_controller/prefix_override:/usr/local/lib/python3.10/dist-packages/colcon_core/task/python/colcon_distutils_commands:/home/ritesh/rc-car/ros2_ws/install/my_robot_controller/lib/python3.10/site-packages:${PYTHONPATH} /usr/bin/python3 -W ignore:setup.py install is deprecated setup.py develop --uninstall --editable --build-directory /home/ritesh/rc-car/ros2_ws/build/my_robot_controller/build
[0.709s] running develop
[0.709s] /usr/lib/python3/dist-packages/setuptools/command/easy_install.py:158: EasyInstallDeprecationWarning: easy_install command is deprecated. Use build and pip and other standards-based tools.
[0.709s]   warnings.warn(
[0.817s] Removing /home/ritesh/rc-car/ros2_ws/install/my_robot_controller/lib/python3.10/site-packages/my-robot-controller.egg-link (link to .)
[0.837s] Invoked command in '/home/ritesh/rc-car/ros2_ws/build/my_robot_controller' returned '0': PYTHONPATH=/home/ritesh/rc-car/ros2_ws/build/my_robot_controller/prefix_override:/usr/local/lib/python3.10/dist-packages/colcon_core/task/python/colcon_distutils_commands:/home/ritesh/rc-car/ros2_ws/install/my_robot_controller/lib/python3.10/site-packages:${PYTHONPATH} /usr/bin/python3 -W ignore:setup.py install is deprecated setup.py develop --uninstall --editable --build-directory /home/ritesh/rc-car/ros2_ws/build/my_robot_controller/build
[0.838s] Invoking command in '/home/ritesh/rc-car/ros2_ws/src/my_robot_controller': PYTHONPATH=/home/ritesh/rc-car/ros2_ws/build/my_robot_controller/prefix_override:/usr/local/lib/python3.10/dist-packages/colcon_core/task/python/colcon_distutils_commands:/home/ritesh/rc-car/ros2_ws/install/my_robot_controller/lib/python3.10/site-packages:${PYTHONPATH} /usr/bin/python3 -W ignore:setup.py install is deprecated setup.py egg_info --egg-base ../../build/my_robot_controller build --build-base /home/ritesh/rc-car/ros2_ws/build/my_robot_controller/build install --record /home/ritesh/rc-car/ros2_ws/build/my_robot_controller/install.log --single-version-externally-managed install_data --force
[1.005s] running egg_info
[1.006s] writing ../../build/my_robot_controller/my_robot_controller.egg-info/PKG-INFO
[1.006s] writing dependency_links to ../../build/my_robot_controller/my_robot_controller.egg-info/dependency_links.txt
[1.006s] writing entry points to ../../build/my_robot_controller/my_robot_controller.egg-info/entry_points.txt
[1.006s] writing requirements to ../../build/my_robot_controller/my_robot_controller.egg-info/requires.txt
[1.006s] writing top-level names to ../../build/my_robot_controller/my_robot_controller.egg-info/top_level.txt
[1.008s] reading manifest file '../../build/my_robot_controller/my_robot_controller.egg-info/SOURCES.txt'
[1.008s] writing manifest file '../../build/my_robot_controller/my_robot_controller.egg-info/SOURCES.txt'
[1.009s] running build
[1.009s] running build_py
[1.009s] running install
[1.009s] running install_lib
[1.009s] creating /home/ritesh/rc-car/ros2_ws/install/my_robot_controller/lib/python3.10/site-packages/my_robot_controller
[1.009s] copying /home/ritesh/rc-car/ros2_ws/build/my_robot_controller/build/lib/my_robot_controller/my_first_node.py -> /home/ritesh/rc-car/ros2_ws/install/my_robot_controller/lib/python3.10/site-packages/my_robot_controller
[1.010s] copying /home/ritesh/rc-car/ros2_ws/build/my_robot_controller/build/lib/my_robot_controller/__init__.py -> /home/ritesh/rc-car/ros2_ws/install/my_robot_controller/lib/python3.10/site-packages/my_robot_controller
[1.010s] byte-compiling /home/ritesh/rc-car/ros2_ws/install/my_robot_controller/lib/python3.10/site-packages/my_robot_controller/my_first_node.py to my_first_node.cpython-310.pyc
[1.010s] byte-compiling /home/ritesh/rc-car/ros2_ws/install/my_robot_controller/lib/python3.10/site-packages/my_robot_controller/__init__.py to __init__.cpython-310.pyc
[1.010s] running install_data
[1.010s] copying resource/my_robot_controller -> /home/ritesh/rc-car/ros2_ws/install/my_robot_controller/share/ament_index/resource_index/packages
[1.011s] copying package.xml -> /home/ritesh/rc-car/ros2_ws/install/my_robot_controller/share/my_robot_controller
[1.011s] running install_egg_info
[1.012s] Copying ../../build/my_robot_controller/my_robot_controller.egg-info to /home/ritesh/rc-car/ros2_ws/install/my_robot_controller/lib/python3.10/site-packages/my_robot_controller-0.0.0-py3.10.egg-info
[1.013s] running install_scripts
[1.029s] Installing test_node script to /home/ritesh/rc-car/ros2_ws/install/my_robot_controller/lib/my_robot_controller
[1.029s] writing list of installed files to '/home/ritesh/rc-car/ros2_ws/build/my_robot_controller/install.log'
[1.046s] Invoked command in '/home/ritesh/rc-car/ros2_ws/src/my_robot_controller' returned '0': PYTHONPATH=/home/ritesh/rc-car/ros2_ws/build/my_robot_controller/prefix_override:/usr/local/lib/python3.10/dist-packages/colcon_core/task/python/colcon_distutils_commands:/home/ritesh/rc-car/ros2_ws/install/my_robot_controller/lib/python3.10/site-packages:${PYTHONPATH} /usr/bin/python3 -W ignore:setup.py install is deprecated setup.py egg_info --egg-base ../../build/my_robot_controller build --build-base /home/ritesh/rc-car/ros2_ws/build/my_robot_controller/build install --record /home/ritesh/rc-car/ros2_ws/build/my_robot_controller/install.log --single-version-externally-managed install_data --force
