[0.492s] Invoking command in '/home/ritesh/rc-car/ros2ws/src/read_data': PYTHONPATH=/home/ritesh/rc-car/ros2ws/build/read_data/prefix_override:/usr/local/lib/python3.10/dist-packages/colcon_core/task/python/colcon_distutils_commands:/home/ritesh/rc-car/ros2ws/install/read_data/lib/python3.10/site-packages:${PYTHONPATH} /usr/bin/python3 -W ignore:setup.py install is deprecated setup.py egg_info --egg-base ../../build/read_data build --build-base /home/ritesh/rc-car/ros2ws/build/read_data/build install --record /home/ritesh/rc-car/ros2ws/build/read_data/install.log --single-version-externally-managed install_data
[0.645s] running egg_info
[0.646s] writing ../../build/read_data/read_data.egg-info/PKG-INFO
[0.646s] writing dependency_links to ../../build/read_data/read_data.egg-info/dependency_links.txt
[0.646s] writing entry points to ../../build/read_data/read_data.egg-info/entry_points.txt
[0.646s] writing requirements to ../../build/read_data/read_data.egg-info/requires.txt
[0.646s] writing top-level names to ../../build/read_data/read_data.egg-info/top_level.txt
[0.647s] reading manifest file '../../build/read_data/read_data.egg-info/SOURCES.txt'
[0.648s] writing manifest file '../../build/read_data/read_data.egg-info/SOURCES.txt'
[0.648s] running build
[0.648s] running build_py
[0.648s] running install
[0.648s] running install_lib
[0.649s] running install_data
[0.649s] running install_egg_info
[0.651s] removing '/home/ritesh/rc-car/ros2ws/install/read_data/lib/python3.10/site-packages/read_data-0.0.0-py3.10.egg-info' (and everything under it)
[0.651s] Copying ../../build/read_data/read_data.egg-info to /home/ritesh/rc-car/ros2ws/install/read_data/lib/python3.10/site-packages/read_data-0.0.0-py3.10.egg-info
[0.652s] running install_scripts
[0.666s] Installing read_imu script to /home/ritesh/rc-car/ros2ws/install/read_data/lib/read_data
[0.667s] Installing read_wheelspeed script to /home/ritesh/rc-car/ros2ws/install/read_data/lib/read_data
[0.667s] writing list of installed files to '/home/ritesh/rc-car/ros2ws/build/read_data/install.log'
[0.682s] Invoked command in '/home/ritesh/rc-car/ros2ws/src/read_data' returned '0': PYTHONPATH=/home/ritesh/rc-car/ros2ws/build/read_data/prefix_override:/usr/local/lib/python3.10/dist-packages/colcon_core/task/python/colcon_distutils_commands:/home/ritesh/rc-car/ros2ws/install/read_data/lib/python3.10/site-packages:${PYTHONPATH} /usr/bin/python3 -W ignore:setup.py install is deprecated setup.py egg_info --egg-base ../../build/read_data build --build-base /home/ritesh/rc-car/ros2ws/build/read_data/build install --record /home/ritesh/rc-car/ros2ws/build/read_data/install.log --single-version-externally-managed install_data
