[0.689s] Invoking command in '/home/ritesh/rc-car/ros2ws/src/control': PYTHONPATH=/home/ritesh/rc-car/ros2ws/build/control/prefix_override:/usr/local/lib/python3.10/dist-packages/colcon_core/task/python/colcon_distutils_commands:/home/ritesh/rc-car/ros2ws/install/control/lib/python3.10/site-packages:${PYTHONPATH} /usr/bin/python3 -W ignore:setup.py install is deprecated setup.py egg_info --egg-base ../../build/control build --build-base /home/ritesh/rc-car/ros2ws/build/control/build install --record /home/ritesh/rc-car/ros2ws/build/control/install.log --single-version-externally-managed install_data
[0.909s] running egg_info
[0.910s] writing ../../build/control/control.egg-info/PKG-INFO
[0.910s] writing dependency_links to ../../build/control/control.egg-info/dependency_links.txt
[0.911s] writing entry points to ../../build/control/control.egg-info/entry_points.txt
[0.911s] writing requirements to ../../build/control/control.egg-info/requires.txt
[0.911s] writing top-level names to ../../build/control/control.egg-info/top_level.txt
[0.913s] reading manifest file '../../build/control/control.egg-info/SOURCES.txt'
[0.914s] writing manifest file '../../build/control/control.egg-info/SOURCES.txt'
[0.914s] running build
[0.914s] running build_py
[0.914s] running install
[0.915s] running install_lib
[0.916s] running install_data
[0.916s] running install_egg_info
[0.919s] removing '/home/ritesh/rc-car/ros2ws/install/control/lib/python3.10/site-packages/control-0.0.0-py3.10.egg-info' (and everything under it)
[0.919s] Copying ../../build/control/control.egg-info to /home/ritesh/rc-car/ros2ws/install/control/lib/python3.10/site-packages/control-0.0.0-py3.10.egg-info
[0.919s] running install_scripts
[0.939s] Installing give_control script to /home/ritesh/rc-car/ros2ws/install/control/lib/control
[0.939s] writing list of installed files to '/home/ritesh/rc-car/ros2ws/build/control/install.log'
[0.962s] Invoked command in '/home/ritesh/rc-car/ros2ws/src/control' returned '0': PYTHONPATH=/home/ritesh/rc-car/ros2ws/build/control/prefix_override:/usr/local/lib/python3.10/dist-packages/colcon_core/task/python/colcon_distutils_commands:/home/ritesh/rc-car/ros2ws/install/control/lib/python3.10/site-packages:${PYTHONPATH} /usr/bin/python3 -W ignore:setup.py install is deprecated setup.py egg_info --egg-base ../../build/control build --build-base /home/ritesh/rc-car/ros2ws/build/control/build install --record /home/ritesh/rc-car/ros2ws/build/control/install.log --single-version-externally-managed install_data
