[0.126s] DEBUG:colcon:Command line arguments: ['/usr/local/bin/colcon', 'build']
[0.126s] DEBUG:colcon:Parsed command line arguments: Namespace(log_base=None, log_level=None, verb_name='build', build_base='build', install_base='install', merge_install=False, symlink_install=False, test_result_base=None, continue_on_error=False, executor='parallel', parallel_workers=8, event_handlers=None, ignore_user_meta=False, metas=['./colcon.meta'], base_paths=['.'], packages_ignore=None, packages_ignore_regex=None, paths=None, packages_up_to=None, packages_up_to_regex=None, packages_above=None, packages_above_and_dependencies=None, packages_above_depth=None, packages_select_by_dep=None, packages_skip_by_dep=None, packages_skip_up_to=None, packages_select_build_failed=False, packages_skip_build_finished=False, packages_select_test_failures=False, packages_skip_test_passed=False, packages_select=None, packages_skip=None, packages_select_regex=None, packages_skip_regex=None, packages_start=None, packages_end=None, cmake_args=None, cmake_target=None, cmake_target_skip_unavailable=False, cmake_clean_cache=False, cmake_clean_first=False, cmake_force_configure=False, ament_cmake_args=None, catkin_cmake_args=None, catkin_skip_building_tests=False, verb_parser=<colcon_defaults.argument_parser.defaults.DefaultArgumentsDecorator object at 0x7458016f2950>, verb_extension=<colcon_core.verb.build.BuildVerb object at 0x7458016f1b10>, main=<bound method BuildVerb.main of <colcon_core.verb.build.BuildVerb object at 0x7458016f1b10>>)
[0.268s] Level 1:colcon.colcon_core.package_discovery:discover_packages(colcon_meta) check parameters
[0.268s] Level 1:colcon.colcon_core.package_discovery:discover_packages(recursive) check parameters
[0.268s] Level 1:colcon.colcon_core.package_discovery:discover_packages(ignore) check parameters
[0.268s] Level 1:colcon.colcon_core.package_discovery:discover_packages(path) check parameters
[0.268s] Level 1:colcon.colcon_core.package_discovery:discover_packages(colcon_meta) discover
[0.268s] Level 1:colcon.colcon_core.package_discovery:discover_packages(recursive) discover
[0.268s] INFO:colcon.colcon_core.package_discovery:Crawling recursively for packages in '/home/ritesh/rc-car/ros2ws'
[0.269s] Level 1:colcon.colcon_core.package_identification:_identify(.) by extensions ['ignore', 'ignore_ament_install']
[0.269s] Level 1:colcon.colcon_core.package_identification:_identify(.) by extension 'ignore'
[0.269s] Level 1:colcon.colcon_core.package_identification:_identify(.) by extension 'ignore_ament_install'
[0.269s] Level 1:colcon.colcon_core.package_identification:_identify(.) by extensions ['colcon_pkg']
[0.269s] Level 1:colcon.colcon_core.package_identification:_identify(.) by extension 'colcon_pkg'
[0.269s] Level 1:colcon.colcon_core.package_identification:_identify(.) by extensions ['colcon_meta']
[0.269s] Level 1:colcon.colcon_core.package_identification:_identify(.) by extension 'colcon_meta'
[0.269s] Level 1:colcon.colcon_core.package_identification:_identify(.) by extensions ['ros']
[0.269s] Level 1:colcon.colcon_core.package_identification:_identify(.) by extension 'ros'
[0.279s] Level 1:colcon.colcon_core.package_identification:_identify(.) by extensions ['cmake', 'python']
[0.279s] Level 1:colcon.colcon_core.package_identification:_identify(.) by extension 'cmake'
[0.280s] Level 1:colcon.colcon_core.package_identification:_identify(.) by extension 'python'
[0.280s] Level 1:colcon.colcon_core.package_identification:_identify(.) by extensions ['python_setup_py']
[0.280s] Level 1:colcon.colcon_core.package_identification:_identify(.) by extension 'python_setup_py'
[0.280s] Level 1:colcon.colcon_core.package_identification:_identify(build) by extensions ['ignore', 'ignore_ament_install']
[0.280s] Level 1:colcon.colcon_core.package_identification:_identify(build) by extension 'ignore'
[0.280s] Level 1:colcon.colcon_core.package_identification:_identify(build) ignored
[0.280s] Level 1:colcon.colcon_core.package_identification:_identify(install) by extensions ['ignore', 'ignore_ament_install']
[0.280s] Level 1:colcon.colcon_core.package_identification:_identify(install) by extension 'ignore'
[0.280s] Level 1:colcon.colcon_core.package_identification:_identify(install) ignored
[0.280s] Level 1:colcon.colcon_core.package_identification:_identify(log) by extensions ['ignore', 'ignore_ament_install']
[0.280s] Level 1:colcon.colcon_core.package_identification:_identify(log) by extension 'ignore'
[0.280s] Level 1:colcon.colcon_core.package_identification:_identify(log) ignored
[0.280s] Level 1:colcon.colcon_core.package_identification:_identify(read_data) by extensions ['ignore', 'ignore_ament_install']
[0.280s] Level 1:colcon.colcon_core.package_identification:_identify(read_data) by extension 'ignore'
[0.280s] Level 1:colcon.colcon_core.package_identification:_identify(read_data) by extension 'ignore_ament_install'
[0.281s] Level 1:colcon.colcon_core.package_identification:_identify(read_data) by extensions ['colcon_pkg']
[0.281s] Level 1:colcon.colcon_core.package_identification:_identify(read_data) by extension 'colcon_pkg'
[0.281s] Level 1:colcon.colcon_core.package_identification:_identify(read_data) by extensions ['colcon_meta']
[0.281s] Level 1:colcon.colcon_core.package_identification:_identify(read_data) by extension 'colcon_meta'
[0.281s] Level 1:colcon.colcon_core.package_identification:_identify(read_data) by extensions ['ros']
[0.281s] Level 1:colcon.colcon_core.package_identification:_identify(read_data) by extension 'ros'
[0.282s] DEBUG:colcon.colcon_core.package_identification:Failed to parse potential ROS package manifest in'read_data': Error(s) in package 'read_data/package.xml':
The manifest contains invalid XML:
mismatched tag: line 23, column 2
[0.283s] Level 1:colcon.colcon_core.package_identification:_identify(read_data) by extensions ['cmake', 'python']
[0.283s] Level 1:colcon.colcon_core.package_identification:_identify(read_data) by extension 'cmake'
[0.283s] Level 1:colcon.colcon_core.package_identification:_identify(read_data) by extension 'python'
[0.283s] DEBUG:colcon.colcon_core.package_identification:Python package in 'read_data' passes arguments to the setup() function which requires a different identification extension than 'python'
[0.283s] Level 1:colcon.colcon_core.package_identification:_identify(read_data) by extensions ['python_setup_py']
[0.283s] Level 1:colcon.colcon_core.package_identification:_identify(read_data) by extension 'python_setup_py'
[0.518s] DEBUG:colcon.colcon_core.package_identification:Package 'read_data' with type 'python' and name 'read_data'
[0.518s] Level 1:colcon.colcon_core.package_identification:_identify(src) by extensions ['ignore', 'ignore_ament_install']
[0.518s] Level 1:colcon.colcon_core.package_identification:_identify(src) by extension 'ignore'
[0.518s] Level 1:colcon.colcon_core.package_identification:_identify(src) by extension 'ignore_ament_install'
[0.518s] Level 1:colcon.colcon_core.package_identification:_identify(src) by extensions ['colcon_pkg']
[0.518s] Level 1:colcon.colcon_core.package_identification:_identify(src) by extension 'colcon_pkg'
[0.518s] Level 1:colcon.colcon_core.package_identification:_identify(src) by extensions ['colcon_meta']
[0.518s] Level 1:colcon.colcon_core.package_identification:_identify(src) by extension 'colcon_meta'
[0.519s] Level 1:colcon.colcon_core.package_identification:_identify(src) by extensions ['ros']
[0.519s] Level 1:colcon.colcon_core.package_identification:_identify(src) by extension 'ros'
[0.519s] Level 1:colcon.colcon_core.package_identification:_identify(src) by extensions ['cmake', 'python']
[0.519s] Level 1:colcon.colcon_core.package_identification:_identify(src) by extension 'cmake'
[0.519s] Level 1:colcon.colcon_core.package_identification:_identify(src) by extension 'python'
[0.519s] Level 1:colcon.colcon_core.package_identification:_identify(src) by extensions ['python_setup_py']
[0.519s] Level 1:colcon.colcon_core.package_identification:_identify(src) by extension 'python_setup_py'
[0.519s] Level 1:colcon.colcon_core.package_identification:_identify(src/control) by extensions ['ignore', 'ignore_ament_install']
[0.519s] Level 1:colcon.colcon_core.package_identification:_identify(src/control) by extension 'ignore'
[0.519s] Level 1:colcon.colcon_core.package_identification:_identify(src/control) by extension 'ignore_ament_install'
[0.519s] Level 1:colcon.colcon_core.package_identification:_identify(src/control) by extensions ['colcon_pkg']
[0.519s] Level 1:colcon.colcon_core.package_identification:_identify(src/control) by extension 'colcon_pkg'
[0.519s] Level 1:colcon.colcon_core.package_identification:_identify(src/control) by extensions ['colcon_meta']
[0.519s] Level 1:colcon.colcon_core.package_identification:_identify(src/control) by extension 'colcon_meta'
[0.519s] Level 1:colcon.colcon_core.package_identification:_identify(src/control) by extensions ['ros']
[0.519s] Level 1:colcon.colcon_core.package_identification:_identify(src/control) by extension 'ros'
[0.520s] DEBUG:colcon.colcon_core.package_identification:Failed to parse potential ROS package manifest in'src/control': Error(s) in package 'src/control/package.xml':
The manifest contains invalid XML:
mismatched tag: line 23, column 2
[0.520s] Level 1:colcon.colcon_core.package_identification:_identify(src/control) by extensions ['cmake', 'python']
[0.520s] Level 1:colcon.colcon_core.package_identification:_identify(src/control) by extension 'cmake'
[0.520s] Level 1:colcon.colcon_core.package_identification:_identify(src/control) by extension 'python'
[0.520s] DEBUG:colcon.colcon_core.package_identification:Python package in 'src/control' passes arguments to the setup() function which requires a different identification extension than 'python'
[0.520s] Level 1:colcon.colcon_core.package_identification:_identify(src/control) by extensions ['python_setup_py']
[0.520s] Level 1:colcon.colcon_core.package_identification:_identify(src/control) by extension 'python_setup_py'
[0.754s] DEBUG:colcon.colcon_core.package_identification:Package 'src/control' with type 'python' and name 'control'
[0.754s] Level 1:colcon.colcon_core.package_identification:_identify(src/rslidar_sdk) by extensions ['ignore', 'ignore_ament_install']
[0.754s] Level 1:colcon.colcon_core.package_identification:_identify(src/rslidar_sdk) by extension 'ignore'
[0.754s] Level 1:colcon.colcon_core.package_identification:_identify(src/rslidar_sdk) by extension 'ignore_ament_install'
[0.755s] Level 1:colcon.colcon_core.package_identification:_identify(src/rslidar_sdk) by extensions ['colcon_pkg']
[0.755s] Level 1:colcon.colcon_core.package_identification:_identify(src/rslidar_sdk) by extension 'colcon_pkg'
[0.755s] Level 1:colcon.colcon_core.package_identification:_identify(src/rslidar_sdk) by extensions ['colcon_meta']
[0.755s] Level 1:colcon.colcon_core.package_identification:_identify(src/rslidar_sdk) by extension 'colcon_meta'
[0.755s] Level 1:colcon.colcon_core.package_identification:_identify(src/rslidar_sdk) by extensions ['ros']
[0.755s] Level 1:colcon.colcon_core.package_identification:_identify(src/rslidar_sdk) by extension 'ros'
[0.762s] DEBUG:colcon.colcon_core.package_identification:Package 'src/rslidar_sdk' with type 'ros.ament_cmake' and name 'rslidar_sdk'
[0.762s] Level 1:colcon.colcon_core.package_discovery:discover_packages(recursive) using defaults
[0.763s] Level 1:colcon.colcon_core.package_discovery:discover_packages(ignore) discover
[0.763s] Level 1:colcon.colcon_core.package_discovery:discover_packages(ignore) using defaults
[0.763s] Level 1:colcon.colcon_core.package_discovery:discover_packages(path) discover
[0.763s] Level 1:colcon.colcon_core.package_discovery:discover_packages(path) using defaults
[0.783s] Level 5:colcon.colcon_core.verb:set package 'control' build argument 'cmake_args' from command line to 'None'
[0.783s] Level 5:colcon.colcon_core.verb:set package 'control' build argument 'cmake_target' from command line to 'None'
[0.783s] Level 5:colcon.colcon_core.verb:set package 'control' build argument 'cmake_target_skip_unavailable' from command line to 'False'
[0.783s] Level 5:colcon.colcon_core.verb:set package 'control' build argument 'cmake_clean_cache' from command line to 'False'
[0.783s] Level 5:colcon.colcon_core.verb:set package 'control' build argument 'cmake_clean_first' from command line to 'False'
[0.783s] Level 5:colcon.colcon_core.verb:set package 'control' build argument 'cmake_force_configure' from command line to 'False'
[0.783s] Level 5:colcon.colcon_core.verb:set package 'control' build argument 'ament_cmake_args' from command line to 'None'
[0.783s] Level 5:colcon.colcon_core.verb:set package 'control' build argument 'catkin_cmake_args' from command line to 'None'
[0.783s] Level 5:colcon.colcon_core.verb:set package 'control' build argument 'catkin_skip_building_tests' from command line to 'False'
[0.783s] DEBUG:colcon.colcon_core.verb:Building package 'control' with the following arguments: {'ament_cmake_args': None, 'build_base': '/home/ritesh/rc-car/ros2ws/build/control', 'catkin_cmake_args': None, 'catkin_skip_building_tests': False, 'cmake_args': None, 'cmake_clean_cache': False, 'cmake_clean_first': False, 'cmake_force_configure': False, 'cmake_target': None, 'cmake_target_skip_unavailable': False, 'install_base': '/home/ritesh/rc-car/ros2ws/install/control', 'merge_install': False, 'path': '/home/ritesh/rc-car/ros2ws/src/control', 'symlink_install': False, 'test_result_base': None}
[0.783s] Level 5:colcon.colcon_core.verb:set package 'read_data' build argument 'cmake_args' from command line to 'None'
[0.783s] Level 5:colcon.colcon_core.verb:set package 'read_data' build argument 'cmake_target' from command line to 'None'
[0.783s] Level 5:colcon.colcon_core.verb:set package 'read_data' build argument 'cmake_target_skip_unavailable' from command line to 'False'
[0.783s] Level 5:colcon.colcon_core.verb:set package 'read_data' build argument 'cmake_clean_cache' from command line to 'False'
[0.784s] Level 5:colcon.colcon_core.verb:set package 'read_data' build argument 'cmake_clean_first' from command line to 'False'
[0.784s] Level 5:colcon.colcon_core.verb:set package 'read_data' build argument 'cmake_force_configure' from command line to 'False'
[0.784s] Level 5:colcon.colcon_core.verb:set package 'read_data' build argument 'ament_cmake_args' from command line to 'None'
[0.784s] Level 5:colcon.colcon_core.verb:set package 'read_data' build argument 'catkin_cmake_args' from command line to 'None'
[0.784s] Level 5:colcon.colcon_core.verb:set package 'read_data' build argument 'catkin_skip_building_tests' from command line to 'False'
[0.784s] DEBUG:colcon.colcon_core.verb:Building package 'read_data' with the following arguments: {'ament_cmake_args': None, 'build_base': '/home/ritesh/rc-car/ros2ws/build/read_data', 'catkin_cmake_args': None, 'catkin_skip_building_tests': False, 'cmake_args': None, 'cmake_clean_cache': False, 'cmake_clean_first': False, 'cmake_force_configure': False, 'cmake_target': None, 'cmake_target_skip_unavailable': False, 'install_base': '/home/ritesh/rc-car/ros2ws/install/read_data', 'merge_install': False, 'path': '/home/ritesh/rc-car/ros2ws/read_data', 'symlink_install': False, 'test_result_base': None}
[0.784s] Level 5:colcon.colcon_core.verb:set package 'rslidar_sdk' build argument 'cmake_args' from command line to 'None'
[0.784s] Level 5:colcon.colcon_core.verb:set package 'rslidar_sdk' build argument 'cmake_target' from command line to 'None'
[0.784s] Level 5:colcon.colcon_core.verb:set package 'rslidar_sdk' build argument 'cmake_target_skip_unavailable' from command line to 'False'
[0.784s] Level 5:colcon.colcon_core.verb:set package 'rslidar_sdk' build argument 'cmake_clean_cache' from command line to 'False'
[0.784s] Level 5:colcon.colcon_core.verb:set package 'rslidar_sdk' build argument 'cmake_clean_first' from command line to 'False'
[0.784s] Level 5:colcon.colcon_core.verb:set package 'rslidar_sdk' build argument 'cmake_force_configure' from command line to 'False'
[0.784s] Level 5:colcon.colcon_core.verb:set package 'rslidar_sdk' build argument 'ament_cmake_args' from command line to 'None'
[0.784s] Level 5:colcon.colcon_core.verb:set package 'rslidar_sdk' build argument 'catkin_cmake_args' from command line to 'None'
[0.784s] Level 5:colcon.colcon_core.verb:set package 'rslidar_sdk' build argument 'catkin_skip_building_tests' from command line to 'False'
[0.784s] DEBUG:colcon.colcon_core.verb:Building package 'rslidar_sdk' with the following arguments: {'ament_cmake_args': None, 'build_base': '/home/ritesh/rc-car/ros2ws/build/rslidar_sdk', 'catkin_cmake_args': None, 'catkin_skip_building_tests': False, 'cmake_args': None, 'cmake_clean_cache': False, 'cmake_clean_first': False, 'cmake_force_configure': False, 'cmake_target': None, 'cmake_target_skip_unavailable': False, 'install_base': '/home/ritesh/rc-car/ros2ws/install/rslidar_sdk', 'merge_install': False, 'path': '/home/ritesh/rc-car/ros2ws/src/rslidar_sdk', 'symlink_install': False, 'test_result_base': None}
[0.784s] INFO:colcon.colcon_core.executor:Executing jobs using 'parallel' executor
[0.786s] DEBUG:colcon.colcon_parallel_executor.executor.parallel:run_until_complete
[0.786s] INFO:colcon.colcon_core.task.python.build:Building Python package in '/home/ritesh/rc-car/ros2ws/src/control'
[0.788s] INFO:colcon.colcon_core.plugin_system:Skipping extension 'colcon_core.shell.bat': Not used on non-Windows systems
[0.788s] INFO:colcon.colcon_core.shell:Skip shell extension 'powershell' for command environment: Not usable outside of PowerShell
[0.788s] DEBUG:colcon.colcon_core.shell:Skip shell extension 'dsv' for command environment
[0.793s] INFO:colcon.colcon_core.task.python.build:Building Python package in '/home/ritesh/rc-car/ros2ws/read_data'
[0.793s] INFO:colcon.colcon_core.shell:Skip shell extension 'powershell' for command environment: Not usable outside of PowerShell
[0.793s] DEBUG:colcon.colcon_core.shell:Skip shell extension 'dsv' for command environment
[0.807s] INFO:colcon.colcon_ros.task.ament_cmake.build:Building ROS package in '/home/ritesh/rc-car/ros2ws/src/rslidar_sdk' with build type 'ament_cmake'
[0.808s] INFO:colcon.colcon_cmake.task.cmake.build:Building CMake package in '/home/ritesh/rc-car/ros2ws/src/rslidar_sdk'
[0.808s] INFO:colcon.colcon_core.shell:Skip shell extension 'powershell' for command environment: Not usable outside of PowerShell
[0.808s] DEBUG:colcon.colcon_core.shell:Skip shell extension 'dsv' for command environment
[1.310s] DEBUG:colcon.colcon_core.event_handler.log_command:Invoking command in '/home/ritesh/rc-car/ros2ws/build/rslidar_sdk': CMAKE_PREFIX_PATH=${CMAKE_PREFIX_PATH}:/opt/ros/humble /usr/bin/cmake /home/ritesh/rc-car/ros2ws/src/rslidar_sdk -DCMAKE_INSTALL_PREFIX=/home/ritesh/rc-car/ros2ws/install/rslidar_sdk
[1.518s] DEBUG:colcon.colcon_core.event_handler.log_command:Invoking command in '/home/ritesh/rc-car/ros2ws/src/control': PYTHONPATH=/home/ritesh/rc-car/ros2ws/build/control/prefix_override:/usr/local/lib/python3.10/dist-packages/colcon_core/task/python/colcon_distutils_commands:/home/ritesh/rc-car/ros2ws/install/control/lib/python3.10/site-packages:${PYTHONPATH} /usr/bin/python3 -W ignore:setup.py install is deprecated setup.py egg_info --egg-base ../../build/control build --build-base /home/ritesh/rc-car/ros2ws/build/control/build install --record /home/ritesh/rc-car/ros2ws/build/control/install.log --single-version-externally-managed install_data
[1.779s] DEBUG:colcon.colcon_core.event_handler.log_command:Invoking command in '/home/ritesh/rc-car/ros2ws/read_data': PYTHONPATH=/home/ritesh/rc-car/ros2ws/build/read_data/prefix_override:/usr/local/lib/python3.10/dist-packages/colcon_core/task/python/colcon_distutils_commands:/home/ritesh/rc-car/ros2ws/install/read_data/lib/python3.10/site-packages:${PYTHONPATH} /usr/bin/python3 -W ignore:setup.py install is deprecated setup.py egg_info --egg-base ../build/read_data build --build-base /home/ritesh/rc-car/ros2ws/build/read_data/build install --record /home/ritesh/rc-car/ros2ws/build/read_data/install.log --single-version-externally-managed install_data
[1.820s] DEBUG:colcon.colcon_core.event_handler.log_command:Invoked command in '/home/ritesh/rc-car/ros2ws/src/control' returned '0': PYTHONPATH=/home/ritesh/rc-car/ros2ws/build/control/prefix_override:/usr/local/lib/python3.10/dist-packages/colcon_core/task/python/colcon_distutils_commands:/home/ritesh/rc-car/ros2ws/install/control/lib/python3.10/site-packages:${PYTHONPATH} /usr/bin/python3 -W ignore:setup.py install is deprecated setup.py egg_info --egg-base ../../build/control build --build-base /home/ritesh/rc-car/ros2ws/build/control/build install --record /home/ritesh/rc-car/ros2ws/build/control/install.log --single-version-externally-managed install_data
[1.822s] Level 1:colcon.colcon_core.environment:checking '/home/ritesh/rc-car/ros2ws/install/control' for CMake module files
[1.823s] Level 1:colcon.colcon_core.environment:checking '/home/ritesh/rc-car/ros2ws/install/control' for CMake config files
[1.823s] Level 1:colcon.colcon_core.environment:checking '/home/ritesh/rc-car/ros2ws/install/control/lib'
[1.824s] Level 1:colcon.colcon_core.environment:checking '/home/ritesh/rc-car/ros2ws/install/control/bin'
[1.824s] Level 1:colcon.colcon_core.environment:checking '/home/ritesh/rc-car/ros2ws/install/control/lib/pkgconfig/control.pc'
[1.824s] Level 1:colcon.colcon_core.environment:checking '/home/ritesh/rc-car/ros2ws/install/control/lib/python3.10/site-packages'
[1.825s] Level 1:colcon.colcon_core.shell:create_environment_hook('control', 'pythonpath')
[1.825s] INFO:colcon.colcon_core.shell:Creating environment hook '/home/ritesh/rc-car/ros2ws/install/control/share/control/hook/pythonpath.ps1'
[1.826s] INFO:colcon.colcon_core.shell:Creating environment descriptor '/home/ritesh/rc-car/ros2ws/install/control/share/control/hook/pythonpath.dsv'
[1.827s] INFO:colcon.colcon_core.shell:Creating environment hook '/home/ritesh/rc-car/ros2ws/install/control/share/control/hook/pythonpath.sh'
[1.830s] Level 1:colcon.colcon_core.environment:checking '/home/ritesh/rc-car/ros2ws/install/control/bin'
[1.830s] Level 1:colcon.colcon_core.environment:create_environment_scripts_only(control)
[1.831s] INFO:colcon.colcon_core.shell:Creating package script '/home/ritesh/rc-car/ros2ws/install/control/share/control/package.ps1'
[1.832s] INFO:colcon.colcon_core.shell:Creating package descriptor '/home/ritesh/rc-car/ros2ws/install/control/share/control/package.dsv'
[1.833s] INFO:colcon.colcon_core.shell:Creating package script '/home/ritesh/rc-car/ros2ws/install/control/share/control/package.sh'
[1.834s] INFO:colcon.colcon_core.shell:Creating package script '/home/ritesh/rc-car/ros2ws/install/control/share/control/package.bash'
[1.835s] INFO:colcon.colcon_core.shell:Creating package script '/home/ritesh/rc-car/ros2ws/install/control/share/control/package.zsh'
[1.836s] Level 1:colcon.colcon_core.environment:create_file_with_runtime_dependencies(/home/ritesh/rc-car/ros2ws/install/control/share/colcon-core/packages/control)
[2.061s] Level 1:colcon.colcon_core.environment:checking '/home/ritesh/rc-car/ros2ws/install/read_data' for CMake module files
[2.061s] DEBUG:colcon.colcon_core.event_handler.log_command:Invoked command in '/home/ritesh/rc-car/ros2ws/read_data' returned '0': PYTHONPATH=/home/ritesh/rc-car/ros2ws/build/read_data/prefix_override:/usr/local/lib/python3.10/dist-packages/colcon_core/task/python/colcon_distutils_commands:/home/ritesh/rc-car/ros2ws/install/read_data/lib/python3.10/site-packages:${PYTHONPATH} /usr/bin/python3 -W ignore:setup.py install is deprecated setup.py egg_info --egg-base ../build/read_data build --build-base /home/ritesh/rc-car/ros2ws/build/read_data/build install --record /home/ritesh/rc-car/ros2ws/build/read_data/install.log --single-version-externally-managed install_data
[2.063s] Level 1:colcon.colcon_core.environment:checking '/home/ritesh/rc-car/ros2ws/install/read_data' for CMake config files
[2.063s] Level 1:colcon.colcon_core.environment:checking '/home/ritesh/rc-car/ros2ws/install/read_data/lib'
[2.063s] Level 1:colcon.colcon_core.environment:checking '/home/ritesh/rc-car/ros2ws/install/read_data/bin'
[2.063s] Level 1:colcon.colcon_core.environment:checking '/home/ritesh/rc-car/ros2ws/install/read_data/lib/pkgconfig/read_data.pc'
[2.064s] Level 1:colcon.colcon_core.environment:checking '/home/ritesh/rc-car/ros2ws/install/read_data/lib/python3.10/site-packages'
[2.064s] Level 1:colcon.colcon_core.shell:create_environment_hook('read_data', 'pythonpath')
[2.064s] INFO:colcon.colcon_core.shell:Creating environment hook '/home/ritesh/rc-car/ros2ws/install/read_data/share/read_data/hook/pythonpath.ps1'
[2.065s] INFO:colcon.colcon_core.shell:Creating environment descriptor '/home/ritesh/rc-car/ros2ws/install/read_data/share/read_data/hook/pythonpath.dsv'
[2.065s] INFO:colcon.colcon_core.shell:Creating environment hook '/home/ritesh/rc-car/ros2ws/install/read_data/share/read_data/hook/pythonpath.sh'
[2.066s] Level 1:colcon.colcon_core.environment:checking '/home/ritesh/rc-car/ros2ws/install/read_data/bin'
[2.067s] Level 1:colcon.colcon_core.environment:create_environment_scripts_only(read_data)
[2.067s] INFO:colcon.colcon_core.shell:Creating package script '/home/ritesh/rc-car/ros2ws/install/read_data/share/read_data/package.ps1'
[2.068s] INFO:colcon.colcon_core.shell:Creating package descriptor '/home/ritesh/rc-car/ros2ws/install/read_data/share/read_data/package.dsv'
[2.068s] INFO:colcon.colcon_core.shell:Creating package script '/home/ritesh/rc-car/ros2ws/install/read_data/share/read_data/package.sh'
[2.069s] INFO:colcon.colcon_core.shell:Creating package script '/home/ritesh/rc-car/ros2ws/install/read_data/share/read_data/package.bash'
[2.070s] INFO:colcon.colcon_core.shell:Creating package script '/home/ritesh/rc-car/ros2ws/install/read_data/share/read_data/package.zsh'
[2.071s] Level 1:colcon.colcon_core.environment:create_file_with_runtime_dependencies(/home/ritesh/rc-car/ros2ws/install/read_data/share/colcon-core/packages/read_data)
[2.595s] DEBUG:colcon.colcon_core.event_handler.log_command:Invoked command in '/home/ritesh/rc-car/ros2ws/build/rslidar_sdk' returned '1': CMAKE_PREFIX_PATH=${CMAKE_PREFIX_PATH}:/opt/ros/humble /usr/bin/cmake /home/ritesh/rc-car/ros2ws/src/rslidar_sdk -DCMAKE_INSTALL_PREFIX=/home/ritesh/rc-car/ros2ws/install/rslidar_sdk
[2.608s] Level 1:colcon.colcon_core.environment:create_environment_scripts_only(rslidar_sdk)
[2.609s] Level 1:colcon.colcon_core.environment:checking '/home/ritesh/rc-car/ros2ws/install/rslidar_sdk' for CMake module files
[2.609s] Level 1:colcon.colcon_core.environment:checking '/home/ritesh/rc-car/ros2ws/install/rslidar_sdk' for CMake config files
[2.609s] Level 1:colcon.colcon_core.environment:checking '/home/ritesh/rc-car/ros2ws/install/rslidar_sdk/bin'
[2.609s] Level 1:colcon.colcon_core.environment:checking '/home/ritesh/rc-car/ros2ws/install/rslidar_sdk/lib/pkgconfig/rslidar_sdk.pc'
[2.610s] Level 1:colcon.colcon_core.environment:checking '/home/ritesh/rc-car/ros2ws/install/rslidar_sdk/lib/python3.10/site-packages'
[2.610s] Level 1:colcon.colcon_core.environment:checking '/home/ritesh/rc-car/ros2ws/install/rslidar_sdk/bin'
[2.610s] INFO:colcon.colcon_core.shell:Creating package script '/home/ritesh/rc-car/ros2ws/install/rslidar_sdk/share/rslidar_sdk/package.ps1'
[2.610s] INFO:colcon.colcon_core.shell:Creating package descriptor '/home/ritesh/rc-car/ros2ws/install/rslidar_sdk/share/rslidar_sdk/package.dsv'
[2.611s] INFO:colcon.colcon_core.shell:Creating package script '/home/ritesh/rc-car/ros2ws/install/rslidar_sdk/share/rslidar_sdk/package.sh'
[2.611s] INFO:colcon.colcon_core.shell:Creating package script '/home/ritesh/rc-car/ros2ws/install/rslidar_sdk/share/rslidar_sdk/package.bash'
[2.611s] INFO:colcon.colcon_core.shell:Creating package script '/home/ritesh/rc-car/ros2ws/install/rslidar_sdk/share/rslidar_sdk/package.zsh'
[2.612s] Level 1:colcon.colcon_core.environment:create_file_with_runtime_dependencies(/home/ritesh/rc-car/ros2ws/install/rslidar_sdk/share/colcon-core/packages/rslidar_sdk)
[2.613s] DEBUG:colcon.colcon_parallel_executor.executor.parallel:closing loop
[2.613s] DEBUG:colcon.colcon_parallel_executor.executor.parallel:loop closed
[2.613s] DEBUG:colcon.colcon_parallel_executor.executor.parallel:run_until_complete finished with '1'
[2.613s] DEBUG:colcon.colcon_core.event_reactor:joining thread
[2.618s] INFO:colcon.colcon_core.plugin_system:Skipping extension 'colcon_notification.desktop_notification.terminal_notifier': Not used on non-Darwin systems
[2.618s] INFO:colcon.colcon_core.plugin_system:Skipping extension 'colcon_notification.desktop_notification.win32': Not used on non-Windows systems
[2.618s] INFO:colcon.colcon_notification.desktop_notification:Sending desktop notification using 'notify2'
[27.643s] DEBUG:colcon.colcon_notification.desktop_notification.notify2:Failed to initialize notify2: org.freedesktop.DBus.Error.NoReply: Did not receive a reply. Possible causes include: the remote application did not send a reply, the message bus security policy blocked the reply, the reply timeout expired, or the network connection was broken.
[27.644s] DEBUG:colcon.colcon_core.event_reactor:joined thread
[27.644s] INFO:colcon.colcon_core.shell:Creating prefix script '/home/ritesh/rc-car/ros2ws/install/local_setup.ps1'
[27.645s] INFO:colcon.colcon_core.shell:Creating prefix util module '/home/ritesh/rc-car/ros2ws/install/_local_setup_util_ps1.py'
[27.646s] INFO:colcon.colcon_core.shell:Creating prefix chain script '/home/ritesh/rc-car/ros2ws/install/setup.ps1'
[27.648s] INFO:colcon.colcon_core.shell:Creating prefix script '/home/ritesh/rc-car/ros2ws/install/local_setup.sh'
[27.648s] INFO:colcon.colcon_core.shell:Creating prefix util module '/home/ritesh/rc-car/ros2ws/install/_local_setup_util_sh.py'
[27.649s] INFO:colcon.colcon_core.shell:Creating prefix chain script '/home/ritesh/rc-car/ros2ws/install/setup.sh'
[27.650s] INFO:colcon.colcon_core.shell:Creating prefix script '/home/ritesh/rc-car/ros2ws/install/local_setup.bash'
[27.651s] INFO:colcon.colcon_core.shell:Creating prefix chain script '/home/ritesh/rc-car/ros2ws/install/setup.bash'
[27.652s] INFO:colcon.colcon_core.shell:Creating prefix script '/home/ritesh/rc-car/ros2ws/install/local_setup.zsh'
[27.653s] INFO:colcon.colcon_core.shell:Creating prefix chain script '/home/ritesh/rc-car/ros2ws/install/setup.zsh'
