-- Found rosidl_generator_c: 3.1.5 (/opt/ros/humble/share/rosidl_generator_c/cmake)
-- Found rosidl_adapter: 3.1.5 (/opt/ros/humble/share/rosidl_adapter/cmake)
-- Found rosidl_generator_cpp: 3.1.5 (/opt/ros/humble/share/rosidl_generator_cpp/cmake)
-- Using all available rosidl_typesupport_c: rosidl_typesupport_fastrtps_c;rosidl_typesupport_introspection_c
-- Using all available rosidl_typesupport_cpp: rosidl_typesupport_fastrtps_cpp;rosidl_typesupport_introspection_cpp
-- Found rmw_implementation_cmake: 6.1.2 (/opt/ros/humble/share/rmw_implementation_cmake/cmake)
-- Found rmw_fastrtps_cpp: 6.2.7 (/opt/ros/humble/share/rmw_fastrtps_cpp/cmake)
-- Using RMW implementation 'rmw_fastrtps_cpp' as default
-- Found sensor_msgs: 4.2.4 (/opt/ros/humble/share/sensor_msgs/cmake)
-- Found rslidar_msg: 0.0.0 (/home/ritesh/rc-car/ros2ws/install/rslidar_msg/share/rslidar_msg/cmake)
-- Configuring done
-- Generating done
-- Build files have been written to: /home/ritesh/rc-car/ros2ws/build/rslidar_sdk
[35m[1mConsolidate compiler generated dependencies of target rslidar_sdk_node[0m
[ 33%] [32mBuilding CXX object CMakeFiles/rslidar_sdk_node.dir/node/rslidar_sdk_node.cpp.o[0m
[ 66%] [32mBuilding CXX object CMakeFiles/rslidar_sdk_node.dir/src/manager/node_manager.cpp.o[0m
[100%] [32m[1mLinking CXX executable rslidar_sdk_node[0m
[100%] Built target rslidar_sdk_node
-- Install configuration: "Release"
-- Installing: /home/ritesh/rc-car/ros2ws/install/rslidar_sdk/lib/rslidar_sdk/rslidar_sdk_node
-- Set runtime path of "/home/ritesh/rc-car/ros2ws/install/rslidar_sdk/lib/rslidar_sdk/rslidar_sdk_node" to ""
-- Installing: /home/ritesh/rc-car/ros2ws/install/rslidar_sdk/share/rslidar_sdk/launch
-- Installing: /home/ritesh/rc-car/ros2ws/install/rslidar_sdk/share/rslidar_sdk/launch/start.py
-- Installing: /home/ritesh/rc-car/ros2ws/install/rslidar_sdk/share/rslidar_sdk/launch/start.launch
-- Installing: /home/ritesh/rc-car/ros2ws/install/rslidar_sdk/share/rslidar_sdk/launch/elequent_start.py
-- Installing: /home/ritesh/rc-car/ros2ws/install/rslidar_sdk/share/rslidar_sdk/rviz
-- Installing: /home/ritesh/rc-car/ros2ws/install/rslidar_sdk/share/rslidar_sdk/rviz/rviz.rviz
-- Installing: /home/ritesh/rc-car/ros2ws/install/rslidar_sdk/share/rslidar_sdk/rviz/rviz2.rviz
-- Installing: /home/ritesh/rc-car/ros2ws/install/rslidar_sdk/share/ament_index/resource_index/package_run_dependencies/rslidar_sdk
-- Installing: /home/ritesh/rc-car/ros2ws/install/rslidar_sdk/share/ament_index/resource_index/parent_prefix_path/rslidar_sdk
-- Installing: /home/ritesh/rc-car/ros2ws/install/rslidar_sdk/share/rslidar_sdk/environment/ament_prefix_path.sh
-- Installing: /home/ritesh/rc-car/ros2ws/install/rslidar_sdk/share/rslidar_sdk/environment/ament_prefix_path.dsv
-- Installing: /home/ritesh/rc-car/ros2ws/install/rslidar_sdk/share/rslidar_sdk/environment/path.sh
-- Installing: /home/ritesh/rc-car/ros2ws/install/rslidar_sdk/share/rslidar_sdk/environment/path.dsv
-- Installing: /home/ritesh/rc-car/ros2ws/install/rslidar_sdk/share/rslidar_sdk/local_setup.bash
-- Installing: /home/ritesh/rc-car/ros2ws/install/rslidar_sdk/share/rslidar_sdk/local_setup.sh
-- Installing: /home/ritesh/rc-car/ros2ws/install/rslidar_sdk/share/rslidar_sdk/local_setup.zsh
-- Installing: /home/ritesh/rc-car/ros2ws/install/rslidar_sdk/share/rslidar_sdk/local_setup.dsv
-- Installing: /home/ritesh/rc-car/ros2ws/install/rslidar_sdk/share/rslidar_sdk/package.dsv
-- Installing: /home/ritesh/rc-car/ros2ws/install/rslidar_sdk/share/ament_index/resource_index/packages/rslidar_sdk
-- Installing: /home/ritesh/rc-car/ros2ws/install/rslidar_sdk/share/rslidar_sdk/cmake/rslidar_sdkConfig.cmake
-- Installing: /home/ritesh/rc-car/ros2ws/install/rslidar_sdk/share/rslidar_sdk/cmake/rslidar_sdkConfig-version.cmake
-- Installing: /home/ritesh/rc-car/ros2ws/install/rslidar_sdk/share/rslidar_sdk/package.xml
