[0.028s] Invoking command in '/home/ritesh/rc-car/ros2ws/build/rslidar_sdk': AMENT_PREFIX_PATH=/home/ritesh/rc-car/ros2ws/install/rslidar_msg:${AMENT_PREFIX_PATH} CMAKE_PREFIX_PATH=/home/ritesh/rc-car/ros2ws/install/rslidar_msg:/home/ritesh/rc-car/ros2ws/install/eufs_msgs:/opt/ros/humble LD_LIBRARY_PATH=/home/ritesh/rc-car/ros2ws/install/rslidar_msg/lib:/home/ritesh/rc-car/ros2ws/install/eufs_msgs/lib:/usr/lib/x86_64-linux-gnu/gazebo-11/plugins:/opt/ros/humble/opt/rviz_ogre_vendor/lib:/opt/ros/humble/lib/x86_64-linux-gnu:/opt/ros/humble/lib:/lib/hsl-install/lib PYTHONPATH=/home/ritesh/rc-car/ros2ws/install/rslidar_msg/local/lib/python3.10/dist-packages:${PYTHONPATH} /usr/bin/cmake --build /home/ritesh/rc-car/ros2ws/build/rslidar_sdk -- -j8 -l8
[0.073s] [0m=============================================================[0m
[0.073s] [0m-- POINT_TYPE is XYZI[0m
[0.073s] [0m=============================================================[0m
[0.084s] [0m=============================================================[0m
[0.084s] [0m-- ROS Not Found. ROS Support is turned Off.[0m
[0.084s] [0m=============================================================[0m
[0.291s] -- Found rosidl_generator_c: 3.1.5 (/opt/ros/humble/share/rosidl_generator_c/cmake)
[0.293s] -- Found rosidl_adapter: 3.1.5 (/opt/ros/humble/share/rosidl_adapter/cmake)
[0.300s] -- Found rosidl_generator_cpp: 3.1.5 (/opt/ros/humble/share/rosidl_generator_cpp/cmake)
[0.310s] -- Using all available rosidl_typesupport_c: rosidl_typesupport_fastrtps_c;rosidl_typesupport_introspection_c
[0.330s] -- Using all available rosidl_typesupport_cpp: rosidl_typesupport_fastrtps_cpp;rosidl_typesupport_introspection_cpp
[0.370s] -- Found rmw_implementation_cmake: 6.1.2 (/opt/ros/humble/share/rmw_implementation_cmake/cmake)
[0.370s] -- Found rmw_fastrtps_cpp: 6.2.7 (/opt/ros/humble/share/rmw_fastrtps_cpp/cmake)
[0.443s] -- Using RMW implementation 'rmw_fastrtps_cpp' as default
[0.496s] [0m=============================================================[0m
[0.496s] [0m-- ROS2 Found. ROS2 Support is turned On.[0m
[0.497s] [0m=============================================================[0m
[0.497s] -- Found sensor_msgs: 4.2.4 (/opt/ros/humble/share/sensor_msgs/cmake)
[0.527s] -- Found rslidar_msg: 0.0.0 (/home/ritesh/rc-car/ros2ws/install/rslidar_msg/share/rslidar_msg/cmake)
[0.543s] [0m=============================================================[0m
[0.543s] [0m-- CMake run for UNIX GNU Compiler[0m
[0.543s] [0m=============================================================[0m
[0.544s] [0m=============================================================[0m
[0.544s] [0m-- rs_driver Version : v1.5.16[0m
[0.544s] [0m=============================================================[0m
[0.621s] -- Configuring done
[0.636s] -- Generating done
[0.641s] -- Build files have been written to: /home/ritesh/rc-car/ros2ws/build/rslidar_sdk
[0.678s] [35m[1mConsolidate compiler generated dependencies of target rslidar_sdk_node[0m
[0.701s] [ 33%] [32mBuilding CXX object CMakeFiles/rslidar_sdk_node.dir/node/rslidar_sdk_node.cpp.o[0m
[0.705s] [ 66%] [32mBuilding CXX object CMakeFiles/rslidar_sdk_node.dir/src/manager/node_manager.cpp.o[0m
[21.086s] [100%] [32m[1mLinking CXX executable rslidar_sdk_node[0m
[21.309s] [100%] Built target rslidar_sdk_node
[21.325s] Invoked command in '/home/ritesh/rc-car/ros2ws/build/rslidar_sdk' returned '0': AMENT_PREFIX_PATH=/home/ritesh/rc-car/ros2ws/install/rslidar_msg:${AMENT_PREFIX_PATH} CMAKE_PREFIX_PATH=/home/ritesh/rc-car/ros2ws/install/rslidar_msg:/home/ritesh/rc-car/ros2ws/install/eufs_msgs:/opt/ros/humble LD_LIBRARY_PATH=/home/ritesh/rc-car/ros2ws/install/rslidar_msg/lib:/home/ritesh/rc-car/ros2ws/install/eufs_msgs/lib:/usr/lib/x86_64-linux-gnu/gazebo-11/plugins:/opt/ros/humble/opt/rviz_ogre_vendor/lib:/opt/ros/humble/lib/x86_64-linux-gnu:/opt/ros/humble/lib:/lib/hsl-install/lib PYTHONPATH=/home/ritesh/rc-car/ros2ws/install/rslidar_msg/local/lib/python3.10/dist-packages:${PYTHONPATH} /usr/bin/cmake --build /home/ritesh/rc-car/ros2ws/build/rslidar_sdk -- -j8 -l8
[21.360s] Invoking command in '/home/ritesh/rc-car/ros2ws/build/rslidar_sdk': AMENT_PREFIX_PATH=/home/ritesh/rc-car/ros2ws/install/rslidar_msg:${AMENT_PREFIX_PATH} CMAKE_PREFIX_PATH=/home/ritesh/rc-car/ros2ws/install/rslidar_msg:/home/ritesh/rc-car/ros2ws/install/eufs_msgs:/opt/ros/humble LD_LIBRARY_PATH=/home/ritesh/rc-car/ros2ws/install/rslidar_msg/lib:/home/ritesh/rc-car/ros2ws/install/eufs_msgs/lib:/usr/lib/x86_64-linux-gnu/gazebo-11/plugins:/opt/ros/humble/opt/rviz_ogre_vendor/lib:/opt/ros/humble/lib/x86_64-linux-gnu:/opt/ros/humble/lib:/lib/hsl-install/lib PYTHONPATH=/home/ritesh/rc-car/ros2ws/install/rslidar_msg/local/lib/python3.10/dist-packages:${PYTHONPATH} /usr/bin/cmake --install /home/ritesh/rc-car/ros2ws/build/rslidar_sdk
[21.369s] -- Install configuration: "Release"
[21.369s] -- Installing: /home/ritesh/rc-car/ros2ws/install/rslidar_sdk/lib/rslidar_sdk/rslidar_sdk_node
[21.373s] -- Set runtime path of "/home/ritesh/rc-car/ros2ws/install/rslidar_sdk/lib/rslidar_sdk/rslidar_sdk_node" to ""
[21.373s] -- Installing: /home/ritesh/rc-car/ros2ws/install/rslidar_sdk/share/rslidar_sdk/launch
[21.373s] -- Installing: /home/ritesh/rc-car/ros2ws/install/rslidar_sdk/share/rslidar_sdk/launch/start.py
[21.373s] -- Installing: /home/ritesh/rc-car/ros2ws/install/rslidar_sdk/share/rslidar_sdk/launch/start.launch
[21.374s] -- Installing: /home/ritesh/rc-car/ros2ws/install/rslidar_sdk/share/rslidar_sdk/launch/elequent_start.py
[21.374s] -- Installing: /home/ritesh/rc-car/ros2ws/install/rslidar_sdk/share/rslidar_sdk/rviz
[21.374s] -- Installing: /home/ritesh/rc-car/ros2ws/install/rslidar_sdk/share/rslidar_sdk/rviz/rviz.rviz
[21.374s] -- Installing: /home/ritesh/rc-car/ros2ws/install/rslidar_sdk/share/rslidar_sdk/rviz/rviz2.rviz
[21.374s] -- Installing: /home/ritesh/rc-car/ros2ws/install/rslidar_sdk/share/ament_index/resource_index/package_run_dependencies/rslidar_sdk
[21.374s] -- Installing: /home/ritesh/rc-car/ros2ws/install/rslidar_sdk/share/ament_index/resource_index/parent_prefix_path/rslidar_sdk
[21.374s] -- Installing: /home/ritesh/rc-car/ros2ws/install/rslidar_sdk/share/rslidar_sdk/environment/ament_prefix_path.sh
[21.374s] -- Installing: /home/ritesh/rc-car/ros2ws/install/rslidar_sdk/share/rslidar_sdk/environment/ament_prefix_path.dsv
[21.374s] -- Installing: /home/ritesh/rc-car/ros2ws/install/rslidar_sdk/share/rslidar_sdk/environment/path.sh
[21.374s] -- Installing: /home/ritesh/rc-car/ros2ws/install/rslidar_sdk/share/rslidar_sdk/environment/path.dsv
[21.375s] -- Installing: /home/ritesh/rc-car/ros2ws/install/rslidar_sdk/share/rslidar_sdk/local_setup.bash
[21.376s] -- Installing: /home/ritesh/rc-car/ros2ws/install/rslidar_sdk/share/rslidar_sdk/local_setup.sh
[21.376s] -- Installing: /home/ritesh/rc-car/ros2ws/install/rslidar_sdk/share/rslidar_sdk/local_setup.zsh
[21.376s] -- Installing: /home/ritesh/rc-car/ros2ws/install/rslidar_sdk/share/rslidar_sdk/local_setup.dsv
[21.376s] -- Installing: /home/ritesh/rc-car/ros2ws/install/rslidar_sdk/share/rslidar_sdk/package.dsv
[21.376s] -- Installing: /home/ritesh/rc-car/ros2ws/install/rslidar_sdk/share/ament_index/resource_index/packages/rslidar_sdk
[21.376s] -- Installing: /home/ritesh/rc-car/ros2ws/install/rslidar_sdk/share/rslidar_sdk/cmake/rslidar_sdkConfig.cmake
[21.376s] -- Installing: /home/ritesh/rc-car/ros2ws/install/rslidar_sdk/share/rslidar_sdk/cmake/rslidar_sdkConfig-version.cmake
[21.377s] -- Installing: /home/ritesh/rc-car/ros2ws/install/rslidar_sdk/share/rslidar_sdk/package.xml
[21.385s] Invoked command in '/home/ritesh/rc-car/ros2ws/build/rslidar_sdk' returned '0': AMENT_PREFIX_PATH=/home/ritesh/rc-car/ros2ws/install/rslidar_msg:${AMENT_PREFIX_PATH} CMAKE_PREFIX_PATH=/home/ritesh/rc-car/ros2ws/install/rslidar_msg:/home/ritesh/rc-car/ros2ws/install/eufs_msgs:/opt/ros/humble LD_LIBRARY_PATH=/home/ritesh/rc-car/ros2ws/install/rslidar_msg/lib:/home/ritesh/rc-car/ros2ws/install/eufs_msgs/lib:/usr/lib/x86_64-linux-gnu/gazebo-11/plugins:/opt/ros/humble/opt/rviz_ogre_vendor/lib:/opt/ros/humble/lib/x86_64-linux-gnu:/opt/ros/humble/lib:/lib/hsl-install/lib PYTHONPATH=/home/ritesh/rc-car/ros2ws/install/rslidar_msg/local/lib/python3.10/dist-packages:${PYTHONPATH} /usr/bin/cmake --install /home/ritesh/rc-car/ros2ws/build/rslidar_sdk
