[0.664s] Invoking command in '/home/ritesh/rc-car/ros2ws/src/read_data': PYTHONPATH=/home/ritesh/rc-car/ros2ws/build/read_data/prefix_override:/usr/local/lib/python3.10/dist-packages/colcon_core/task/python/colcon_distutils_commands:/home/ritesh/rc-car/ros2ws/install/read_data/lib/python3.10/site-packages:${PYTHONPATH} /usr/bin/python3 -W ignore:setup.py install is deprecated setup.py egg_info --egg-base ../../build/read_data build --build-base /home/ritesh/rc-car/ros2ws/build/read_data/build install --record /home/ritesh/rc-car/ros2ws/build/read_data/install.log --single-version-externally-managed install_data
[0.831s] running egg_info
[0.832s] creating ../../build/read_data/read_data.egg-info
[0.832s] writing ../../build/read_data/read_data.egg-info/PKG-INFO
[0.832s] writing dependency_links to ../../build/read_data/read_data.egg-info/dependency_links.txt
[0.832s] writing entry points to ../../build/read_data/read_data.egg-info/entry_points.txt
[0.832s] writing requirements to ../../build/read_data/read_data.egg-info/requires.txt
[0.832s] writing top-level names to ../../build/read_data/read_data.egg-info/top_level.txt
[0.832s] writing manifest file '../../build/read_data/read_data.egg-info/SOURCES.txt'
[0.833s] reading manifest file '../../build/read_data/read_data.egg-info/SOURCES.txt'
[0.834s] writing manifest file '../../build/read_data/read_data.egg-info/SOURCES.txt'
[0.834s] running build
[0.834s] running build_py
[0.834s] creating /home/ritesh/rc-car/ros2ws/build/read_data/build
[0.834s] creating /home/ritesh/rc-car/ros2ws/build/read_data/build/lib
[0.834s] creating /home/ritesh/rc-car/ros2ws/build/read_data/build/lib/read_data
[0.834s] copying read_data/__init__.py -> /home/ritesh/rc-car/ros2ws/build/read_data/build/lib/read_data
[0.834s] running install
[0.834s] running install_lib
[0.835s] creating /home/ritesh/rc-car/ros2ws/install/read_data/lib/python3.10/site-packages/read_data
[0.835s] copying /home/ritesh/rc-car/ros2ws/build/read_data/build/lib/read_data/__init__.py -> /home/ritesh/rc-car/ros2ws/install/read_data/lib/python3.10/site-packages/read_data
[0.835s] byte-compiling /home/ritesh/rc-car/ros2ws/install/read_data/lib/python3.10/site-packages/read_data/__init__.py to __init__.cpython-310.pyc
[0.835s] running install_data
[0.836s] creating /home/ritesh/rc-car/ros2ws/install/read_data/share/ament_index
[0.836s] creating /home/ritesh/rc-car/ros2ws/install/read_data/share/ament_index/resource_index
[0.836s] creating /home/ritesh/rc-car/ros2ws/install/read_data/share/ament_index/resource_index/packages
[0.836s] copying resource/read_data -> /home/ritesh/rc-car/ros2ws/install/read_data/share/ament_index/resource_index/packages
[0.836s] copying package.xml -> /home/ritesh/rc-car/ros2ws/install/read_data/share/read_data
[0.836s] running install_egg_info
[0.837s] Copying ../../build/read_data/read_data.egg-info to /home/ritesh/rc-car/ros2ws/install/read_data/lib/python3.10/site-packages/read_data-0.0.0-py3.10.egg-info
[0.838s] running install_scripts
[0.854s] writing list of installed files to '/home/ritesh/rc-car/ros2ws/build/read_data/install.log'
[0.872s] Invoked command in '/home/ritesh/rc-car/ros2ws/src/read_data' returned '0': PYTHONPATH=/home/ritesh/rc-car/ros2ws/build/read_data/prefix_override:/usr/local/lib/python3.10/dist-packages/colcon_core/task/python/colcon_distutils_commands:/home/ritesh/rc-car/ros2ws/install/read_data/lib/python3.10/site-packages:${PYTHONPATH} /usr/bin/python3 -W ignore:setup.py install is deprecated setup.py egg_info --egg-base ../../build/read_data build --build-base /home/ritesh/rc-car/ros2ws/build/read_data/build install --record /home/ritesh/rc-car/ros2ws/build/read_data/install.log --single-version-externally-managed install_data
