[0.123s] DEBUG:colcon:Command line arguments: ['/usr/local/bin/colcon', 'build']
[0.123s] DEBUG:colcon:Parsed command line arguments: Namespace(log_base=None, log_level=None, verb_name='build', build_base='build', install_base='install', merge_install=False, symlink_install=False, test_result_base=None, continue_on_error=False, executor='parallel', parallel_workers=8, event_handlers=None, ignore_user_meta=False, metas=['./colcon.meta'], base_paths=['.'], packages_ignore=None, packages_ignore_regex=None, paths=None, packages_up_to=None, packages_up_to_regex=None, packages_above=None, packages_above_and_dependencies=None, packages_above_depth=None, packages_select_by_dep=None, packages_skip_by_dep=None, packages_skip_up_to=None, packages_select_build_failed=False, packages_skip_build_finished=False, packages_select_test_failures=False, packages_skip_test_passed=False, packages_select=None, packages_skip=None, packages_select_regex=None, packages_skip_regex=None, packages_start=None, packages_end=None, cmake_args=None, cmake_target=None, cmake_target_skip_unavailable=False, cmake_clean_cache=False, cmake_clean_first=False, cmake_force_configure=False, ament_cmake_args=None, catkin_cmake_args=None, catkin_skip_building_tests=False, verb_parser=<colcon_defaults.argument_parser.defaults.DefaultArgumentsDecorator object at 0x7368032f5b70>, verb_extension=<colcon_core.verb.build.BuildVerb object at 0x7368032f4d30>, main=<bound method BuildVerb.main of <colcon_core.verb.build.BuildVerb object at 0x7368032f4d30>>)
[0.261s] Level 1:colcon.colcon_core.package_discovery:discover_packages(colcon_meta) check parameters
[0.261s] Level 1:colcon.colcon_core.package_discovery:discover_packages(recursive) check parameters
[0.261s] Level 1:colcon.colcon_core.package_discovery:discover_packages(ignore) check parameters
[0.261s] Level 1:colcon.colcon_core.package_discovery:discover_packages(path) check parameters
[0.261s] Level 1:colcon.colcon_core.package_discovery:discover_packages(colcon_meta) discover
[0.261s] Level 1:colcon.colcon_core.package_discovery:discover_packages(recursive) discover
[0.261s] INFO:colcon.colcon_core.package_discovery:Crawling recursively for packages in '/home/ritesh/rc-car/ros2'
[0.261s] Level 1:colcon.colcon_core.package_identification:_identify(.) by extensions ['ignore', 'ignore_ament_install']
[0.261s] Level 1:colcon.colcon_core.package_identification:_identify(.) by extension 'ignore'
[0.261s] Level 1:colcon.colcon_core.package_identification:_identify(.) by extension 'ignore_ament_install'
[0.261s] Level 1:colcon.colcon_core.package_identification:_identify(.) by extensions ['colcon_pkg']
[0.261s] Level 1:colcon.colcon_core.package_identification:_identify(.) by extension 'colcon_pkg'
[0.261s] Level 1:colcon.colcon_core.package_identification:_identify(.) by extensions ['colcon_meta']
[0.261s] Level 1:colcon.colcon_core.package_identification:_identify(.) by extension 'colcon_meta'
[0.261s] Level 1:colcon.colcon_core.package_identification:_identify(.) by extensions ['ros']
[0.261s] Level 1:colcon.colcon_core.package_identification:_identify(.) by extension 'ros'
[0.272s] Level 1:colcon.colcon_core.package_identification:_identify(.) by extensions ['cmake', 'python']
[0.272s] Level 1:colcon.colcon_core.package_identification:_identify(.) by extension 'cmake'
[0.272s] Level 1:colcon.colcon_core.package_identification:_identify(.) by extension 'python'
[0.272s] Level 1:colcon.colcon_core.package_identification:_identify(.) by extensions ['python_setup_py']
[0.272s] Level 1:colcon.colcon_core.package_identification:_identify(.) by extension 'python_setup_py'
[0.272s] Level 1:colcon.colcon_core.package_identification:_identify(build) by extensions ['ignore', 'ignore_ament_install']
[0.272s] Level 1:colcon.colcon_core.package_identification:_identify(build) by extension 'ignore'
[0.272s] Level 1:colcon.colcon_core.package_identification:_identify(build) ignored
[0.272s] Level 1:colcon.colcon_core.package_identification:_identify(install) by extensions ['ignore', 'ignore_ament_install']
[0.273s] Level 1:colcon.colcon_core.package_identification:_identify(install) by extension 'ignore'
[0.273s] Level 1:colcon.colcon_core.package_identification:_identify(install) ignored
[0.273s] Level 1:colcon.colcon_core.package_identification:_identify(log) by extensions ['ignore', 'ignore_ament_install']
[0.273s] Level 1:colcon.colcon_core.package_identification:_identify(log) by extension 'ignore'
[0.273s] Level 1:colcon.colcon_core.package_identification:_identify(log) ignored
[0.273s] Level 1:colcon.colcon_core.package_identification:_identify(src) by extensions ['ignore', 'ignore_ament_install']
[0.273s] Level 1:colcon.colcon_core.package_identification:_identify(src) by extension 'ignore'
[0.273s] Level 1:colcon.colcon_core.package_identification:_identify(src) by extension 'ignore_ament_install'
[0.273s] Level 1:colcon.colcon_core.package_identification:_identify(src) by extensions ['colcon_pkg']
[0.273s] Level 1:colcon.colcon_core.package_identification:_identify(src) by extension 'colcon_pkg'
[0.273s] Level 1:colcon.colcon_core.package_identification:_identify(src) by extensions ['colcon_meta']
[0.273s] Level 1:colcon.colcon_core.package_identification:_identify(src) by extension 'colcon_meta'
[0.273s] Level 1:colcon.colcon_core.package_identification:_identify(src) by extensions ['ros']
[0.273s] Level 1:colcon.colcon_core.package_identification:_identify(src) by extension 'ros'
[0.273s] Level 1:colcon.colcon_core.package_identification:_identify(src) by extensions ['cmake', 'python']
[0.273s] Level 1:colcon.colcon_core.package_identification:_identify(src) by extension 'cmake'
[0.273s] Level 1:colcon.colcon_core.package_identification:_identify(src) by extension 'python'
[0.273s] Level 1:colcon.colcon_core.package_identification:_identify(src) by extensions ['python_setup_py']
[0.273s] Level 1:colcon.colcon_core.package_identification:_identify(src) by extension 'python_setup_py'
[0.273s] Level 1:colcon.colcon_core.package_identification:_identify(src/controller) by extensions ['ignore', 'ignore_ament_install']
[0.273s] Level 1:colcon.colcon_core.package_identification:_identify(src/controller) by extension 'ignore'
[0.273s] Level 1:colcon.colcon_core.package_identification:_identify(src/controller) by extension 'ignore_ament_install'
[0.274s] Level 1:colcon.colcon_core.package_identification:_identify(src/controller) by extensions ['colcon_pkg']
[0.274s] Level 1:colcon.colcon_core.package_identification:_identify(src/controller) by extension 'colcon_pkg'
[0.274s] Level 1:colcon.colcon_core.package_identification:_identify(src/controller) by extensions ['colcon_meta']
[0.274s] Level 1:colcon.colcon_core.package_identification:_identify(src/controller) by extension 'colcon_meta'
[0.274s] Level 1:colcon.colcon_core.package_identification:_identify(src/controller) by extensions ['ros']
[0.274s] Level 1:colcon.colcon_core.package_identification:_identify(src/controller) by extension 'ros'
[0.275s] DEBUG:colcon.colcon_core.package_identification:Failed to parse potential ROS package manifest in'src/controller': Error(s) in package 'src/controller/package.xml':
The manifest contains invalid XML:
mismatched tag: line 26, column 2
[0.275s] Level 1:colcon.colcon_core.package_identification:_identify(src/controller) by extensions ['cmake', 'python']
[0.275s] Level 1:colcon.colcon_core.package_identification:_identify(src/controller) by extension 'cmake'
[0.275s] Level 1:colcon.colcon_core.package_identification:_identify(src/controller) by extension 'python'
[0.275s] DEBUG:colcon.colcon_core.package_identification:Python package in 'src/controller' passes arguments to the setup() function which requires a different identification extension than 'python'
[0.275s] Level 1:colcon.colcon_core.package_identification:_identify(src/controller) by extensions ['python_setup_py']
[0.275s] Level 1:colcon.colcon_core.package_identification:_identify(src/controller) by extension 'python_setup_py'
[0.509s] DEBUG:colcon.colcon_core.package_identification:Package 'src/controller' with type 'python' and name 'controller'
[0.509s] Level 1:colcon.colcon_core.package_identification:_identify(src/eufs_msgs) by extensions ['ignore', 'ignore_ament_install']
[0.509s] Level 1:colcon.colcon_core.package_identification:_identify(src/eufs_msgs) by extension 'ignore'
[0.509s] Level 1:colcon.colcon_core.package_identification:_identify(src/eufs_msgs) by extension 'ignore_ament_install'
[0.510s] Level 1:colcon.colcon_core.package_identification:_identify(src/eufs_msgs) by extensions ['colcon_pkg']
[0.510s] Level 1:colcon.colcon_core.package_identification:_identify(src/eufs_msgs) by extension 'colcon_pkg'
[0.510s] Level 1:colcon.colcon_core.package_identification:_identify(src/eufs_msgs) by extensions ['colcon_meta']
[0.510s] Level 1:colcon.colcon_core.package_identification:_identify(src/eufs_msgs) by extension 'colcon_meta'
[0.510s] Level 1:colcon.colcon_core.package_identification:_identify(src/eufs_msgs) by extensions ['ros']
[0.510s] Level 1:colcon.colcon_core.package_identification:_identify(src/eufs_msgs) by extension 'ros'
[0.512s] DEBUG:colcon.colcon_core.package_identification:Package 'src/eufs_msgs' with type 'ros.ament_cmake' and name 'eufs_msgs'
[0.512s] Level 1:colcon.colcon_core.package_identification:_identify(src/rslidar_msg) by extensions ['ignore', 'ignore_ament_install']
[0.512s] Level 1:colcon.colcon_core.package_identification:_identify(src/rslidar_msg) by extension 'ignore'
[0.512s] Level 1:colcon.colcon_core.package_identification:_identify(src/rslidar_msg) by extension 'ignore_ament_install'
[0.512s] Level 1:colcon.colcon_core.package_identification:_identify(src/rslidar_msg) by extensions ['colcon_pkg']
[0.512s] Level 1:colcon.colcon_core.package_identification:_identify(src/rslidar_msg) by extension 'colcon_pkg'
[0.512s] Level 1:colcon.colcon_core.package_identification:_identify(src/rslidar_msg) by extensions ['colcon_meta']
[0.512s] Level 1:colcon.colcon_core.package_identification:_identify(src/rslidar_msg) by extension 'colcon_meta'
[0.512s] Level 1:colcon.colcon_core.package_identification:_identify(src/rslidar_msg) by extensions ['ros']
[0.512s] Level 1:colcon.colcon_core.package_identification:_identify(src/rslidar_msg) by extension 'ros'
[0.514s] DEBUG:colcon.colcon_core.package_identification:Package 'src/rslidar_msg' with type 'ros.ament_cmake' and name 'rslidar_msg'
[0.514s] Level 1:colcon.colcon_core.package_identification:_identify(src/rslidar_sdk) by extensions ['ignore', 'ignore_ament_install']
[0.514s] Level 1:colcon.colcon_core.package_identification:_identify(src/rslidar_sdk) by extension 'ignore'
[0.514s] Level 1:colcon.colcon_core.package_identification:_identify(src/rslidar_sdk) by extension 'ignore_ament_install'
[0.514s] Level 1:colcon.colcon_core.package_identification:_identify(src/rslidar_sdk) by extensions ['colcon_pkg']
[0.514s] Level 1:colcon.colcon_core.package_identification:_identify(src/rslidar_sdk) by extension 'colcon_pkg'
[0.514s] Level 1:colcon.colcon_core.package_identification:_identify(src/rslidar_sdk) by extensions ['colcon_meta']
[0.515s] Level 1:colcon.colcon_core.package_identification:_identify(src/rslidar_sdk) by extension 'colcon_meta'
[0.515s] Level 1:colcon.colcon_core.package_identification:_identify(src/rslidar_sdk) by extensions ['ros']
[0.515s] Level 1:colcon.colcon_core.package_identification:_identify(src/rslidar_sdk) by extension 'ros'
[0.520s] DEBUG:colcon.colcon_core.package_identification:Package 'src/rslidar_sdk' with type 'ros.ament_cmake' and name 'rslidar_sdk'
[0.520s] Level 1:colcon.colcon_core.package_discovery:discover_packages(recursive) using defaults
[0.520s] Level 1:colcon.colcon_core.package_discovery:discover_packages(ignore) discover
[0.520s] Level 1:colcon.colcon_core.package_discovery:discover_packages(ignore) using defaults
[0.520s] Level 1:colcon.colcon_core.package_discovery:discover_packages(path) discover
[0.521s] Level 1:colcon.colcon_core.package_discovery:discover_packages(path) using defaults
[0.540s] Level 5:colcon.colcon_core.verb:set package 'controller' build argument 'cmake_args' from command line to 'None'
[0.540s] Level 5:colcon.colcon_core.verb:set package 'controller' build argument 'cmake_target' from command line to 'None'
[0.540s] Level 5:colcon.colcon_core.verb:set package 'controller' build argument 'cmake_target_skip_unavailable' from command line to 'False'
[0.540s] Level 5:colcon.colcon_core.verb:set package 'controller' build argument 'cmake_clean_cache' from command line to 'False'
[0.540s] Level 5:colcon.colcon_core.verb:set package 'controller' build argument 'cmake_clean_first' from command line to 'False'
[0.540s] Level 5:colcon.colcon_core.verb:set package 'controller' build argument 'cmake_force_configure' from command line to 'False'
[0.540s] Level 5:colcon.colcon_core.verb:set package 'controller' build argument 'ament_cmake_args' from command line to 'None'
[0.540s] Level 5:colcon.colcon_core.verb:set package 'controller' build argument 'catkin_cmake_args' from command line to 'None'
[0.540s] Level 5:colcon.colcon_core.verb:set package 'controller' build argument 'catkin_skip_building_tests' from command line to 'False'
[0.540s] DEBUG:colcon.colcon_core.verb:Building package 'controller' with the following arguments: {'ament_cmake_args': None, 'build_base': '/home/ritesh/rc-car/ros2/build/controller', 'catkin_cmake_args': None, 'catkin_skip_building_tests': False, 'cmake_args': None, 'cmake_clean_cache': False, 'cmake_clean_first': False, 'cmake_force_configure': False, 'cmake_target': None, 'cmake_target_skip_unavailable': False, 'install_base': '/home/ritesh/rc-car/ros2/install/controller', 'merge_install': False, 'path': '/home/ritesh/rc-car/ros2/src/controller', 'symlink_install': False, 'test_result_base': None}
[0.540s] Level 5:colcon.colcon_core.verb:set package 'eufs_msgs' build argument 'cmake_args' from command line to 'None'
[0.540s] Level 5:colcon.colcon_core.verb:set package 'eufs_msgs' build argument 'cmake_target' from command line to 'None'
[0.540s] Level 5:colcon.colcon_core.verb:set package 'eufs_msgs' build argument 'cmake_target_skip_unavailable' from command line to 'False'
[0.541s] Level 5:colcon.colcon_core.verb:set package 'eufs_msgs' build argument 'cmake_clean_cache' from command line to 'False'
[0.541s] Level 5:colcon.colcon_core.verb:set package 'eufs_msgs' build argument 'cmake_clean_first' from command line to 'False'
[0.541s] Level 5:colcon.colcon_core.verb:set package 'eufs_msgs' build argument 'cmake_force_configure' from command line to 'False'
[0.541s] Level 5:colcon.colcon_core.verb:set package 'eufs_msgs' build argument 'ament_cmake_args' from command line to 'None'
[0.541s] Level 5:colcon.colcon_core.verb:set package 'eufs_msgs' build argument 'catkin_cmake_args' from command line to 'None'
[0.541s] Level 5:colcon.colcon_core.verb:set package 'eufs_msgs' build argument 'catkin_skip_building_tests' from command line to 'False'
[0.541s] DEBUG:colcon.colcon_core.verb:Building package 'eufs_msgs' with the following arguments: {'ament_cmake_args': None, 'build_base': '/home/ritesh/rc-car/ros2/build/eufs_msgs', 'catkin_cmake_args': None, 'catkin_skip_building_tests': False, 'cmake_args': None, 'cmake_clean_cache': False, 'cmake_clean_first': False, 'cmake_force_configure': False, 'cmake_target': None, 'cmake_target_skip_unavailable': False, 'install_base': '/home/ritesh/rc-car/ros2/install/eufs_msgs', 'merge_install': False, 'path': '/home/ritesh/rc-car/ros2/src/eufs_msgs', 'symlink_install': False, 'test_result_base': None}
[0.541s] Level 5:colcon.colcon_core.verb:set package 'rslidar_msg' build argument 'cmake_args' from command line to 'None'
[0.541s] Level 5:colcon.colcon_core.verb:set package 'rslidar_msg' build argument 'cmake_target' from command line to 'None'
[0.541s] Level 5:colcon.colcon_core.verb:set package 'rslidar_msg' build argument 'cmake_target_skip_unavailable' from command line to 'False'
[0.541s] Level 5:colcon.colcon_core.verb:set package 'rslidar_msg' build argument 'cmake_clean_cache' from command line to 'False'
[0.541s] Level 5:colcon.colcon_core.verb:set package 'rslidar_msg' build argument 'cmake_clean_first' from command line to 'False'
[0.541s] Level 5:colcon.colcon_core.verb:set package 'rslidar_msg' build argument 'cmake_force_configure' from command line to 'False'
[0.541s] Level 5:colcon.colcon_core.verb:set package 'rslidar_msg' build argument 'ament_cmake_args' from command line to 'None'
[0.541s] Level 5:colcon.colcon_core.verb:set package 'rslidar_msg' build argument 'catkin_cmake_args' from command line to 'None'
[0.541s] Level 5:colcon.colcon_core.verb:set package 'rslidar_msg' build argument 'catkin_skip_building_tests' from command line to 'False'
[0.541s] DEBUG:colcon.colcon_core.verb:Building package 'rslidar_msg' with the following arguments: {'ament_cmake_args': None, 'build_base': '/home/ritesh/rc-car/ros2/build/rslidar_msg', 'catkin_cmake_args': None, 'catkin_skip_building_tests': False, 'cmake_args': None, 'cmake_clean_cache': False, 'cmake_clean_first': False, 'cmake_force_configure': False, 'cmake_target': None, 'cmake_target_skip_unavailable': False, 'install_base': '/home/ritesh/rc-car/ros2/install/rslidar_msg', 'merge_install': False, 'path': '/home/ritesh/rc-car/ros2/src/rslidar_msg', 'symlink_install': False, 'test_result_base': None}
[0.541s] Level 5:colcon.colcon_core.verb:set package 'rslidar_sdk' build argument 'cmake_args' from command line to 'None'
[0.541s] Level 5:colcon.colcon_core.verb:set package 'rslidar_sdk' build argument 'cmake_target' from command line to 'None'
[0.542s] Level 5:colcon.colcon_core.verb:set package 'rslidar_sdk' build argument 'cmake_target_skip_unavailable' from command line to 'False'
[0.542s] Level 5:colcon.colcon_core.verb:set package 'rslidar_sdk' build argument 'cmake_clean_cache' from command line to 'False'
[0.542s] Level 5:colcon.colcon_core.verb:set package 'rslidar_sdk' build argument 'cmake_clean_first' from command line to 'False'
[0.542s] Level 5:colcon.colcon_core.verb:set package 'rslidar_sdk' build argument 'cmake_force_configure' from command line to 'False'
[0.542s] Level 5:colcon.colcon_core.verb:set package 'rslidar_sdk' build argument 'ament_cmake_args' from command line to 'None'
[0.542s] Level 5:colcon.colcon_core.verb:set package 'rslidar_sdk' build argument 'catkin_cmake_args' from command line to 'None'
[0.542s] Level 5:colcon.colcon_core.verb:set package 'rslidar_sdk' build argument 'catkin_skip_building_tests' from command line to 'False'
[0.542s] DEBUG:colcon.colcon_core.verb:Building package 'rslidar_sdk' with the following arguments: {'ament_cmake_args': None, 'build_base': '/home/ritesh/rc-car/ros2/build/rslidar_sdk', 'catkin_cmake_args': None, 'catkin_skip_building_tests': False, 'cmake_args': None, 'cmake_clean_cache': False, 'cmake_clean_first': False, 'cmake_force_configure': False, 'cmake_target': None, 'cmake_target_skip_unavailable': False, 'install_base': '/home/ritesh/rc-car/ros2/install/rslidar_sdk', 'merge_install': False, 'path': '/home/ritesh/rc-car/ros2/src/rslidar_sdk', 'symlink_install': False, 'test_result_base': None}
[0.542s] INFO:colcon.colcon_core.executor:Executing jobs using 'parallel' executor
[0.543s] DEBUG:colcon.colcon_parallel_executor.executor.parallel:run_until_complete
[0.543s] INFO:colcon.colcon_ros.task.ament_cmake.build:Building ROS package in '/home/ritesh/rc-car/ros2/src/rslidar_msg' with build type 'ament_cmake'
[0.543s] INFO:colcon.colcon_cmake.task.cmake.build:Building CMake package in '/home/ritesh/rc-car/ros2/src/rslidar_msg'
[0.545s] INFO:colcon.colcon_core.plugin_system:Skipping extension 'colcon_core.shell.bat': Not used on non-Windows systems
[0.545s] INFO:colcon.colcon_core.shell:Skip shell extension 'powershell' for command environment: Not usable outside of PowerShell
[0.545s] DEBUG:colcon.colcon_core.shell:Skip shell extension 'dsv' for command environment
[0.549s] INFO:colcon.colcon_core.task.python.build:Building Python package in '/home/ritesh/rc-car/ros2/src/controller'
[0.550s] INFO:colcon.colcon_core.shell:Skip shell extension 'powershell' for command environment: Not usable outside of PowerShell
[0.550s] DEBUG:colcon.colcon_core.shell:Skip shell extension 'dsv' for command environment
[0.553s] INFO:colcon.colcon_ros.task.ament_cmake.build:Building ROS package in '/home/ritesh/rc-car/ros2/src/eufs_msgs' with build type 'ament_cmake'
[0.553s] INFO:colcon.colcon_cmake.task.cmake.build:Building CMake package in '/home/ritesh/rc-car/ros2/src/eufs_msgs'
[0.553s] INFO:colcon.colcon_core.shell:Skip shell extension 'powershell' for command environment: Not usable outside of PowerShell
[0.553s] DEBUG:colcon.colcon_core.shell:Skip shell extension 'dsv' for command environment
[0.560s] DEBUG:colcon.colcon_core.event_handler.log_command:Invoking command in '/home/ritesh/rc-car/ros2/build/rslidar_msg': CMAKE_PREFIX_PATH=/opt/ros/humble /usr/bin/cmake /home/ritesh/rc-car/ros2/src/rslidar_msg -DCMAKE_INSTALL_PREFIX=/home/ritesh/rc-car/ros2/install/rslidar_msg
[0.830s] DEBUG:colcon.colcon_core.event_handler.log_command:Invoking command in '/home/ritesh/rc-car/ros2/build/eufs_msgs': CMAKE_PREFIX_PATH=/opt/ros/humble /usr/bin/cmake /home/ritesh/rc-car/ros2/src/eufs_msgs -DCMAKE_INSTALL_PREFIX=/home/ritesh/rc-car/ros2/install/eufs_msgs
[1.326s] DEBUG:colcon.colcon_core.event_handler.log_command:Invoking command in '/home/ritesh/rc-car/ros2/src/controller': PYTHONPATH=/home/ritesh/rc-car/ros2/build/controller/prefix_override:/usr/local/lib/python3.10/dist-packages/colcon_core/task/python/colcon_distutils_commands:/home/ritesh/rc-car/ros2/install/controller/lib/python3.10/site-packages:${PYTHONPATH} /usr/bin/python3 -W ignore:setup.py install is deprecated setup.py egg_info --egg-base ../../build/controller build --build-base /home/ritesh/rc-car/ros2/build/controller/build install --record /home/ritesh/rc-car/ros2/build/controller/install.log --single-version-externally-managed install_data
[1.698s] Level 1:colcon.colcon_core.environment:checking '/home/ritesh/rc-car/ros2/install/controller' for CMake module files
[1.699s] Level 1:colcon.colcon_core.environment:checking '/home/ritesh/rc-car/ros2/install/controller' for CMake config files
[1.699s] Level 1:colcon.colcon_core.environment:checking '/home/ritesh/rc-car/ros2/install/controller/lib'
[1.701s] DEBUG:colcon.colcon_core.event_handler.log_command:Invoked command in '/home/ritesh/rc-car/ros2/src/controller' returned '0': PYTHONPATH=/home/ritesh/rc-car/ros2/build/controller/prefix_override:/usr/local/lib/python3.10/dist-packages/colcon_core/task/python/colcon_distutils_commands:/home/ritesh/rc-car/ros2/install/controller/lib/python3.10/site-packages:${PYTHONPATH} /usr/bin/python3 -W ignore:setup.py install is deprecated setup.py egg_info --egg-base ../../build/controller build --build-base /home/ritesh/rc-car/ros2/build/controller/build install --record /home/ritesh/rc-car/ros2/build/controller/install.log --single-version-externally-managed install_data
[1.705s] Level 1:colcon.colcon_core.environment:checking '/home/ritesh/rc-car/ros2/install/controller/bin'
[1.705s] Level 1:colcon.colcon_core.environment:checking '/home/ritesh/rc-car/ros2/install/controller/lib/pkgconfig/controller.pc'
[1.705s] Level 1:colcon.colcon_core.environment:checking '/home/ritesh/rc-car/ros2/install/controller/lib/python3.10/site-packages'
[1.705s] Level 1:colcon.colcon_core.shell:create_environment_hook('controller', 'pythonpath')
[1.705s] INFO:colcon.colcon_core.shell:Creating environment hook '/home/ritesh/rc-car/ros2/install/controller/share/controller/hook/pythonpath.ps1'
[1.706s] INFO:colcon.colcon_core.shell:Creating environment descriptor '/home/ritesh/rc-car/ros2/install/controller/share/controller/hook/pythonpath.dsv'
[1.706s] INFO:colcon.colcon_core.shell:Creating environment hook '/home/ritesh/rc-car/ros2/install/controller/share/controller/hook/pythonpath.sh'
[1.707s] Level 1:colcon.colcon_core.environment:checking '/home/ritesh/rc-car/ros2/install/controller/bin'
[1.707s] Level 1:colcon.colcon_core.environment:create_environment_scripts_only(controller)
[1.707s] INFO:colcon.colcon_core.shell:Creating package script '/home/ritesh/rc-car/ros2/install/controller/share/controller/package.ps1'
[1.711s] INFO:colcon.colcon_core.shell:Creating package descriptor '/home/ritesh/rc-car/ros2/install/controller/share/controller/package.dsv'
[1.711s] INFO:colcon.colcon_core.shell:Creating package script '/home/ritesh/rc-car/ros2/install/controller/share/controller/package.sh'
[1.712s] INFO:colcon.colcon_core.shell:Creating package script '/home/ritesh/rc-car/ros2/install/controller/share/controller/package.bash'
[1.713s] INFO:colcon.colcon_core.shell:Creating package script '/home/ritesh/rc-car/ros2/install/controller/share/controller/package.zsh'
[1.713s] Level 1:colcon.colcon_core.environment:create_file_with_runtime_dependencies(/home/ritesh/rc-car/ros2/install/controller/share/colcon-core/packages/controller)
[3.104s] DEBUG:colcon.colcon_core.event_handler.log_command:Invoked command in '/home/ritesh/rc-car/ros2/build/rslidar_msg' returned '0': CMAKE_PREFIX_PATH=/opt/ros/humble /usr/bin/cmake /home/ritesh/rc-car/ros2/src/rslidar_msg -DCMAKE_INSTALL_PREFIX=/home/ritesh/rc-car/ros2/install/rslidar_msg
[3.104s] DEBUG:colcon.colcon_core.event_handler.log_command:Invoking command in '/home/ritesh/rc-car/ros2/build/rslidar_msg': CMAKE_PREFIX_PATH=/opt/ros/humble /usr/bin/cmake --build /home/ritesh/rc-car/ros2/build/rslidar_msg -- -j8 -l8
[4.066s] DEBUG:colcon.colcon_core.event_handler.log_command:Invoked command in '/home/ritesh/rc-car/ros2/build/eufs_msgs' returned '0': CMAKE_PREFIX_PATH=/opt/ros/humble /usr/bin/cmake /home/ritesh/rc-car/ros2/src/eufs_msgs -DCMAKE_INSTALL_PREFIX=/home/ritesh/rc-car/ros2/install/eufs_msgs
[4.067s] DEBUG:colcon.colcon_core.event_handler.log_command:Invoking command in '/home/ritesh/rc-car/ros2/build/eufs_msgs': CMAKE_PREFIX_PATH=/opt/ros/humble /usr/bin/cmake --build /home/ritesh/rc-car/ros2/build/eufs_msgs -- -j8 -l8
[12.074s] DEBUG:colcon.colcon_core.event_handler.log_command:Invoked command in '/home/ritesh/rc-car/ros2/build/rslidar_msg' returned '0': CMAKE_PREFIX_PATH=/opt/ros/humble /usr/bin/cmake --build /home/ritesh/rc-car/ros2/build/rslidar_msg -- -j8 -l8
[12.318s] DEBUG:colcon.colcon_core.event_handler.log_command:Invoking command in '/home/ritesh/rc-car/ros2/build/rslidar_msg': CMAKE_PREFIX_PATH=/opt/ros/humble /usr/bin/cmake --install /home/ritesh/rc-car/ros2/build/rslidar_msg
[12.465s] Level 1:colcon.colcon_core.environment:create_environment_scripts_only(rslidar_msg)
[12.466s] Level 1:colcon.colcon_core.environment:checking '/home/ritesh/rc-car/ros2/install/rslidar_msg' for CMake module files
[12.467s] Level 1:colcon.colcon_core.environment:checking '/home/ritesh/rc-car/ros2/install/rslidar_msg' for CMake config files
[12.467s] Level 1:colcon.colcon_core.shell:create_environment_hook('rslidar_msg', 'cmake_prefix_path')
[12.467s] INFO:colcon.colcon_core.shell:Creating environment hook '/home/ritesh/rc-car/ros2/install/rslidar_msg/share/rslidar_msg/hook/cmake_prefix_path.ps1'
[12.468s] INFO:colcon.colcon_core.shell:Creating environment descriptor '/home/ritesh/rc-car/ros2/install/rslidar_msg/share/rslidar_msg/hook/cmake_prefix_path.dsv'
[12.468s] INFO:colcon.colcon_core.shell:Creating environment hook '/home/ritesh/rc-car/ros2/install/rslidar_msg/share/rslidar_msg/hook/cmake_prefix_path.sh'
[12.469s] Level 1:colcon.colcon_core.environment:checking '/home/ritesh/rc-car/ros2/install/rslidar_msg/lib'
[12.469s] Level 1:colcon.colcon_core.shell:create_environment_hook('rslidar_msg', 'ld_library_path_lib')
[12.469s] INFO:colcon.colcon_core.shell:Creating environment hook '/home/ritesh/rc-car/ros2/install/rslidar_msg/share/rslidar_msg/hook/ld_library_path_lib.ps1'
[12.469s] INFO:colcon.colcon_core.shell:Creating environment descriptor '/home/ritesh/rc-car/ros2/install/rslidar_msg/share/rslidar_msg/hook/ld_library_path_lib.dsv'
[12.466s] DEBUG:colcon.colcon_core.event_handler.log_command:Invoked command in '/home/ritesh/rc-car/ros2/build/rslidar_msg' returned '0': CMAKE_PREFIX_PATH=/opt/ros/humble /usr/bin/cmake --install /home/ritesh/rc-car/ros2/build/rslidar_msg
[12.473s] INFO:colcon.colcon_core.shell:Creating environment hook '/home/ritesh/rc-car/ros2/install/rslidar_msg/share/rslidar_msg/hook/ld_library_path_lib.sh'
[12.473s] Level 1:colcon.colcon_core.environment:checking '/home/ritesh/rc-car/ros2/install/rslidar_msg/bin'
[12.473s] Level 1:colcon.colcon_core.environment:checking '/home/ritesh/rc-car/ros2/install/rslidar_msg/lib/pkgconfig/rslidar_msg.pc'
[12.474s] Level 1:colcon.colcon_core.environment:checking '/home/ritesh/rc-car/ros2/install/rslidar_msg/lib/python3.10/site-packages'
[12.474s] Level 1:colcon.colcon_core.environment:checking '/home/ritesh/rc-car/ros2/install/rslidar_msg/bin'
[12.474s] INFO:colcon.colcon_core.shell:Creating package script '/home/ritesh/rc-car/ros2/install/rslidar_msg/share/rslidar_msg/package.ps1'
[12.475s] INFO:colcon.colcon_core.shell:Creating package descriptor '/home/ritesh/rc-car/ros2/install/rslidar_msg/share/rslidar_msg/package.dsv'
[12.475s] INFO:colcon.colcon_core.shell:Creating package script '/home/ritesh/rc-car/ros2/install/rslidar_msg/share/rslidar_msg/package.sh'
[12.476s] INFO:colcon.colcon_core.shell:Creating package script '/home/ritesh/rc-car/ros2/install/rslidar_msg/share/rslidar_msg/package.bash'
[12.476s] INFO:colcon.colcon_core.shell:Creating package script '/home/ritesh/rc-car/ros2/install/rslidar_msg/share/rslidar_msg/package.zsh'
[12.476s] Level 1:colcon.colcon_core.environment:create_file_with_runtime_dependencies(/home/ritesh/rc-car/ros2/install/rslidar_msg/share/colcon-core/packages/rslidar_msg)
[12.664s] Level 1:colcon.colcon_core.environment:create_environment_scripts_only(rslidar_msg)
[12.665s] Level 1:colcon.colcon_core.environment:checking '/home/ritesh/rc-car/ros2/install/rslidar_msg' for CMake module files
[12.665s] Level 1:colcon.colcon_core.environment:checking '/home/ritesh/rc-car/ros2/install/rslidar_msg' for CMake config files
[12.666s] Level 1:colcon.colcon_core.shell:create_environment_hook('rslidar_msg', 'cmake_prefix_path')
[12.666s] INFO:colcon.colcon_core.shell:Creating environment hook '/home/ritesh/rc-car/ros2/install/rslidar_msg/share/rslidar_msg/hook/cmake_prefix_path.ps1'
[12.667s] INFO:colcon.colcon_core.shell:Creating environment descriptor '/home/ritesh/rc-car/ros2/install/rslidar_msg/share/rslidar_msg/hook/cmake_prefix_path.dsv'
[12.672s] INFO:colcon.colcon_core.shell:Creating environment hook '/home/ritesh/rc-car/ros2/install/rslidar_msg/share/rslidar_msg/hook/cmake_prefix_path.sh'
[12.673s] Level 1:colcon.colcon_core.environment:checking '/home/ritesh/rc-car/ros2/install/rslidar_msg/lib'
[12.673s] Level 1:colcon.colcon_core.shell:create_environment_hook('rslidar_msg', 'ld_library_path_lib')
[12.673s] INFO:colcon.colcon_core.shell:Creating environment hook '/home/ritesh/rc-car/ros2/install/rslidar_msg/share/rslidar_msg/hook/ld_library_path_lib.ps1'
[12.674s] INFO:colcon.colcon_core.shell:Creating environment descriptor '/home/ritesh/rc-car/ros2/install/rslidar_msg/share/rslidar_msg/hook/ld_library_path_lib.dsv'
[12.679s] INFO:colcon.colcon_core.shell:Creating environment hook '/home/ritesh/rc-car/ros2/install/rslidar_msg/share/rslidar_msg/hook/ld_library_path_lib.sh'
[12.679s] Level 1:colcon.colcon_core.environment:checking '/home/ritesh/rc-car/ros2/install/rslidar_msg/bin'
[12.679s] Level 1:colcon.colcon_core.environment:checking '/home/ritesh/rc-car/ros2/install/rslidar_msg/lib/pkgconfig/rslidar_msg.pc'
[12.680s] Level 1:colcon.colcon_core.environment:checking '/home/ritesh/rc-car/ros2/install/rslidar_msg/lib/python3.10/site-packages'
[12.680s] Level 1:colcon.colcon_core.environment:checking '/home/ritesh/rc-car/ros2/install/rslidar_msg/bin'
[12.681s] INFO:colcon.colcon_core.shell:Creating package script '/home/ritesh/rc-car/ros2/install/rslidar_msg/share/rslidar_msg/package.ps1'
[12.681s] INFO:colcon.colcon_core.shell:Creating package descriptor '/home/ritesh/rc-car/ros2/install/rslidar_msg/share/rslidar_msg/package.dsv'
[12.682s] INFO:colcon.colcon_core.shell:Creating package script '/home/ritesh/rc-car/ros2/install/rslidar_msg/share/rslidar_msg/package.sh'
[12.684s] INFO:colcon.colcon_core.shell:Creating package script '/home/ritesh/rc-car/ros2/install/rslidar_msg/share/rslidar_msg/package.bash'
[12.685s] INFO:colcon.colcon_core.shell:Creating package script '/home/ritesh/rc-car/ros2/install/rslidar_msg/share/rslidar_msg/package.zsh'
[12.690s] Level 1:colcon.colcon_core.environment:create_file_with_runtime_dependencies(/home/ritesh/rc-car/ros2/install/rslidar_msg/share/colcon-core/packages/rslidar_msg)
[12.691s] INFO:colcon.colcon_ros.task.ament_cmake.build:Building ROS package in '/home/ritesh/rc-car/ros2/src/rslidar_sdk' with build type 'ament_cmake'
[12.691s] INFO:colcon.colcon_cmake.task.cmake.build:Building CMake package in '/home/ritesh/rc-car/ros2/src/rslidar_sdk'
[12.692s] INFO:colcon.colcon_core.shell:Skip shell extension 'powershell' for command environment: Not usable outside of PowerShell
[12.692s] DEBUG:colcon.colcon_core.shell:Skip shell extension 'dsv' for command environment
[12.716s] DEBUG:colcon.colcon_core.event_handler.log_command:Invoking command in '/home/ritesh/rc-car/ros2/build/rslidar_sdk': AMENT_PREFIX_PATH=/home/ritesh/rc-car/ros2/install/rslidar_msg:${AMENT_PREFIX_PATH} CMAKE_PREFIX_PATH=/home/ritesh/rc-car/ros2/install/rslidar_msg:/opt/ros/humble LD_LIBRARY_PATH=/home/ritesh/rc-car/ros2/install/rslidar_msg/lib:/home/ritesh/local_yaml_cpp/lib:/home/ritesh/local_libpcap/lib:/usr/lib/x86_64-linux-gnu/gazebo-11/plugins:/opt/ros/humble/opt/rviz_ogre_vendor/lib:/opt/ros/humble/lib/x86_64-linux-gnu:/opt/ros/humble/lib:/lib/hsl-install/lib PYTHONPATH=/home/ritesh/rc-car/ros2/install/rslidar_msg/local/lib/python3.10/dist-packages:${PYTHONPATH} /usr/bin/cmake /home/ritesh/rc-car/ros2/src/rslidar_sdk -DCMAKE_INSTALL_PREFIX=/home/ritesh/rc-car/ros2/install/rslidar_sdk
[14.707s] DEBUG:colcon.colcon_core.event_handler.log_command:Invoked command in '/home/ritesh/rc-car/ros2/build/rslidar_sdk' returned '0': AMENT_PREFIX_PATH=/home/ritesh/rc-car/ros2/install/rslidar_msg:${AMENT_PREFIX_PATH} CMAKE_PREFIX_PATH=/home/ritesh/rc-car/ros2/install/rslidar_msg:/opt/ros/humble LD_LIBRARY_PATH=/home/ritesh/rc-car/ros2/install/rslidar_msg/lib:/home/ritesh/local_yaml_cpp/lib:/home/ritesh/local_libpcap/lib:/usr/lib/x86_64-linux-gnu/gazebo-11/plugins:/opt/ros/humble/opt/rviz_ogre_vendor/lib:/opt/ros/humble/lib/x86_64-linux-gnu:/opt/ros/humble/lib:/lib/hsl-install/lib PYTHONPATH=/home/ritesh/rc-car/ros2/install/rslidar_msg/local/lib/python3.10/dist-packages:${PYTHONPATH} /usr/bin/cmake /home/ritesh/rc-car/ros2/src/rslidar_sdk -DCMAKE_INSTALL_PREFIX=/home/ritesh/rc-car/ros2/install/rslidar_sdk
[14.715s] DEBUG:colcon.colcon_core.event_handler.log_command:Invoking command in '/home/ritesh/rc-car/ros2/build/rslidar_sdk': AMENT_PREFIX_PATH=/home/ritesh/rc-car/ros2/install/rslidar_msg:${AMENT_PREFIX_PATH} CMAKE_PREFIX_PATH=/home/ritesh/rc-car/ros2/install/rslidar_msg:/opt/ros/humble LD_LIBRARY_PATH=/home/ritesh/rc-car/ros2/install/rslidar_msg/lib:/home/ritesh/local_yaml_cpp/lib:/home/ritesh/local_libpcap/lib:/usr/lib/x86_64-linux-gnu/gazebo-11/plugins:/opt/ros/humble/opt/rviz_ogre_vendor/lib:/opt/ros/humble/lib/x86_64-linux-gnu:/opt/ros/humble/lib:/lib/hsl-install/lib PYTHONPATH=/home/ritesh/rc-car/ros2/install/rslidar_msg/local/lib/python3.10/dist-packages:${PYTHONPATH} /usr/bin/cmake --build /home/ritesh/rc-car/ros2/build/rslidar_sdk -- -j8 -l8
[14.861s] DEBUG:colcon.colcon_core.event_handler.log_command:Invoked command in '/home/ritesh/rc-car/ros2/build/rslidar_sdk' returned '2': AMENT_PREFIX_PATH=/home/ritesh/rc-car/ros2/install/rslidar_msg:${AMENT_PREFIX_PATH} CMAKE_PREFIX_PATH=/home/ritesh/rc-car/ros2/install/rslidar_msg:/opt/ros/humble LD_LIBRARY_PATH=/home/ritesh/rc-car/ros2/install/rslidar_msg/lib:/home/ritesh/local_yaml_cpp/lib:/home/ritesh/local_libpcap/lib:/usr/lib/x86_64-linux-gnu/gazebo-11/plugins:/opt/ros/humble/opt/rviz_ogre_vendor/lib:/opt/ros/humble/lib/x86_64-linux-gnu:/opt/ros/humble/lib:/lib/hsl-install/lib PYTHONPATH=/home/ritesh/rc-car/ros2/install/rslidar_msg/local/lib/python3.10/dist-packages:${PYTHONPATH} /usr/bin/cmake --build /home/ritesh/rc-car/ros2/build/rslidar_sdk -- -j8 -l8
[14.947s] Level 1:colcon.colcon_core.environment:create_environment_scripts_only(rslidar_sdk)
[14.947s] Level 1:colcon.colcon_core.environment:checking '/home/ritesh/rc-car/ros2/install/rslidar_sdk' for CMake module files
[14.948s] Level 1:colcon.colcon_core.environment:checking '/home/ritesh/rc-car/ros2/install/rslidar_sdk' for CMake config files
[14.948s] Level 1:colcon.colcon_core.environment:checking '/home/ritesh/rc-car/ros2/install/rslidar_sdk/bin'
[14.948s] Level 1:colcon.colcon_core.environment:checking '/home/ritesh/rc-car/ros2/install/rslidar_sdk/lib/pkgconfig/rslidar_sdk.pc'
[14.948s] Level 1:colcon.colcon_core.environment:checking '/home/ritesh/rc-car/ros2/install/rslidar_sdk/lib/python3.10/site-packages'
[14.949s] Level 1:colcon.colcon_core.environment:checking '/home/ritesh/rc-car/ros2/install/rslidar_sdk/bin'
[14.949s] INFO:colcon.colcon_core.shell:Creating package script '/home/ritesh/rc-car/ros2/install/rslidar_sdk/share/rslidar_sdk/package.ps1'
[14.950s] INFO:colcon.colcon_core.shell:Creating package descriptor '/home/ritesh/rc-car/ros2/install/rslidar_sdk/share/rslidar_sdk/package.dsv'
[14.950s] INFO:colcon.colcon_core.shell:Creating package script '/home/ritesh/rc-car/ros2/install/rslidar_sdk/share/rslidar_sdk/package.sh'
[14.950s] INFO:colcon.colcon_core.shell:Creating package script '/home/ritesh/rc-car/ros2/install/rslidar_sdk/share/rslidar_sdk/package.bash'
[14.956s] INFO:colcon.colcon_core.shell:Creating package script '/home/ritesh/rc-car/ros2/install/rslidar_sdk/share/rslidar_sdk/package.zsh'
[14.956s] Level 1:colcon.colcon_core.environment:create_file_with_runtime_dependencies(/home/ritesh/rc-car/ros2/install/rslidar_sdk/share/colcon-core/packages/rslidar_sdk)
[177.188s] DEBUG:colcon.colcon_parallel_executor.executor.parallel:closing loop
[177.188s] DEBUG:colcon.colcon_parallel_executor.executor.parallel:loop closed
[177.188s] DEBUG:colcon.colcon_parallel_executor.executor.parallel:run_until_complete finished with '2'
[177.189s] DEBUG:colcon.colcon_core.event_reactor:joining thread
[177.194s] INFO:colcon.colcon_core.plugin_system:Skipping extension 'colcon_notification.desktop_notification.terminal_notifier': Not used on non-Darwin systems
[177.194s] INFO:colcon.colcon_core.plugin_system:Skipping extension 'colcon_notification.desktop_notification.win32': Not used on non-Windows systems
[177.194s] INFO:colcon.colcon_notification.desktop_notification:Sending desktop notification using 'notify2'
[202.221s] DEBUG:colcon.colcon_notification.desktop_notification.notify2:Failed to initialize notify2: org.freedesktop.DBus.Error.NoReply: Did not receive a reply. Possible causes include: the remote application did not send a reply, the message bus security policy blocked the reply, the reply timeout expired, or the network connection was broken.
[202.221s] DEBUG:colcon.colcon_core.event_reactor:joined thread
[202.222s] INFO:colcon.colcon_core.shell:Creating prefix script '/home/ritesh/rc-car/ros2/install/local_setup.ps1'
[202.225s] INFO:colcon.colcon_core.shell:Creating prefix util module '/home/ritesh/rc-car/ros2/install/_local_setup_util_ps1.py'
[202.230s] INFO:colcon.colcon_core.shell:Creating prefix chain script '/home/ritesh/rc-car/ros2/install/setup.ps1'
[202.231s] INFO:colcon.colcon_core.shell:Creating prefix script '/home/ritesh/rc-car/ros2/install/local_setup.sh'
[202.232s] INFO:colcon.colcon_core.shell:Creating prefix util module '/home/ritesh/rc-car/ros2/install/_local_setup_util_sh.py'
[202.232s] INFO:colcon.colcon_core.shell:Creating prefix chain script '/home/ritesh/rc-car/ros2/install/setup.sh'
[202.233s] INFO:colcon.colcon_core.shell:Creating prefix script '/home/ritesh/rc-car/ros2/install/local_setup.bash'
[202.233s] INFO:colcon.colcon_core.shell:Creating prefix chain script '/home/ritesh/rc-car/ros2/install/setup.bash'
[202.237s] INFO:colcon.colcon_core.shell:Creating prefix script '/home/ritesh/rc-car/ros2/install/local_setup.zsh'
[202.238s] INFO:colcon.colcon_core.shell:Creating prefix chain script '/home/ritesh/rc-car/ros2/install/setup.zsh'
