[0.015s] Invoking command in '/home/ritesh/rc-car/ros2/build/rslidar_sdk': AMENT_PREFIX_PATH=/home/ritesh/rc-car/ros2/install/rslidar_msg:${AMENT_PREFIX_PATH} CMAKE_PREFIX_PATH=/home/ritesh/rc-car/ros2/install/rslidar_msg:/opt/ros/humble LD_LIBRARY_PATH=/home/ritesh/rc-car/ros2/install/rslidar_msg/lib:/home/ritesh/local_yaml_cpp/lib:/home/ritesh/local_libpcap/lib:/usr/lib/x86_64-linux-gnu/gazebo-11/plugins:/opt/ros/humble/opt/rviz_ogre_vendor/lib:/opt/ros/humble/lib/x86_64-linux-gnu:/opt/ros/humble/lib:/lib/hsl-install/lib PYTHONPATH=/home/ritesh/rc-car/ros2/install/rslidar_msg/local/lib/python3.10/dist-packages:${PYTHONPATH} /usr/bin/cmake --build /home/ritesh/rc-car/ros2/build/rslidar_sdk -- -j8 -l8
[0.051s] [0m=============================================================[0m
[0.051s] [0m-- POINT_TYPE is XYZI[0m
[0.051s] [0m=============================================================[0m
[0.061s] [0m=============================================================[0m
[0.061s] [0m-- ROS Not Found. ROS Support is turned Off.[0m
[0.061s] [0m=============================================================[0m
[0.306s] -- Found rosidl_generator_c: 3.1.5 (/opt/ros/humble/share/rosidl_generator_c/cmake)
[0.308s] -- Found rosidl_adapter: 3.1.5 (/opt/ros/humble/share/rosidl_adapter/cmake)
[0.315s] -- Found rosidl_generator_cpp: 3.1.5 (/opt/ros/humble/share/rosidl_generator_cpp/cmake)
[0.325s] -- Using all available rosidl_typesupport_c: rosidl_typesupport_fastrtps_c;rosidl_typesupport_introspection_c
[0.339s] -- Using all available rosidl_typesupport_cpp: rosidl_typesupport_fastrtps_cpp;rosidl_typesupport_introspection_cpp
[0.382s] -- Found rmw_implementation_cmake: 6.1.2 (/opt/ros/humble/share/rmw_implementation_cmake/cmake)
[0.383s] -- Found rmw_fastrtps_cpp: 6.2.7 (/opt/ros/humble/share/rmw_fastrtps_cpp/cmake)
[0.450s] -- Using RMW implementation 'rmw_fastrtps_cpp' as default
[0.511s] -- Found sensor_msgs: 4.2.4 (/opt/ros/humble/share/sensor_msgs/cmake)
[0.512s] [0m=============================================================[0m
[0.512s] [0m-- ROS2 Found. ROS2 Support is turned On.[0m
[0.512s] [0m=============================================================[0m
[0.545s] -- Found rslidar_msg: 0.0.0 (/home/ritesh/rc-car/ros2/install/rslidar_msg/share/rslidar_msg/cmake)
[0.562s] [0m=============================================================[0m
[0.562s] [0m-- CMake run for UNIX GNU Compiler[0m
[0.562s] [0m=============================================================[0m
[0.563s] [0m=============================================================[0m
[0.563s] [0m-- rs_driver Version : v1.5.16[0m
[0.563s] [0m=============================================================[0m
[0.670s] -- Configuring done
[0.689s] -- Generating done
[0.693s] -- Build files have been written to: /home/ritesh/rc-car/ros2/build/rslidar_sdk
[0.752s] [ 33%] [32mBuilding CXX object CMakeFiles/rslidar_sdk_node.dir/node/rslidar_sdk_node.cpp.o[0m
[0.758s] [ 66%] [32mBuilding CXX object CMakeFiles/rslidar_sdk_node.dir/src/manager/node_manager.cpp.o[0m
[19.926s] [100%] [32m[1mLinking CXX executable rslidar_sdk_node[0m
[19.961s] /usr/bin/ld: cannot find -lpcap: No such file or directory
[20.021s] collect2: error: ld returned 1 exit status
[20.023s] gmake[2]: *** [CMakeFiles/rslidar_sdk_node.dir/build.make:201: rslidar_sdk_node] Error 1
[20.023s] gmake[1]: *** [CMakeFiles/Makefile2:154: CMakeFiles/rslidar_sdk_node.dir/all] Error 2
[20.024s] gmake: *** [Makefile:146: all] Error 2
[20.027s] Invoked command in '/home/ritesh/rc-car/ros2/build/rslidar_sdk' returned '2': AMENT_PREFIX_PATH=/home/ritesh/rc-car/ros2/install/rslidar_msg:${AMENT_PREFIX_PATH} CMAKE_PREFIX_PATH=/home/ritesh/rc-car/ros2/install/rslidar_msg:/opt/ros/humble LD_LIBRARY_PATH=/home/ritesh/rc-car/ros2/install/rslidar_msg/lib:/home/ritesh/local_yaml_cpp/lib:/home/ritesh/local_libpcap/lib:/usr/lib/x86_64-linux-gnu/gazebo-11/plugins:/opt/ros/humble/opt/rviz_ogre_vendor/lib:/opt/ros/humble/lib/x86_64-linux-gnu:/opt/ros/humble/lib:/lib/hsl-install/lib PYTHONPATH=/home/ritesh/rc-car/ros2/install/rslidar_msg/local/lib/python3.10/dist-packages:${PYTHONPATH} /usr/bin/cmake --build /home/ritesh/rc-car/ros2/build/rslidar_sdk -- -j8 -l8
