[0.526s] Invoking command in '/home/ritesh/rc-car/ros2ws/src/read_data': PYTHONPATH=/home/ritesh/rc-car/ros2ws/build/read_data/prefix_override:/usr/local/lib/python3.10/dist-packages/colcon_core/task/python/colcon_distutils_commands:/home/ritesh/rc-car/ros2ws/install/read_data/lib/python3.10/site-packages:${PYTHONPATH} /usr/bin/python3 -W ignore:setup.py install is deprecated setup.py egg_info --egg-base ../../build/read_data build --build-base /home/ritesh/rc-car/ros2ws/build/read_data/build install --record /home/ritesh/rc-car/ros2ws/build/read_data/install.log --single-version-externally-managed install_data
[0.686s] running egg_info
[0.686s] writing ../../build/read_data/read_data.egg-info/PKG-INFO
[0.687s] writing dependency_links to ../../build/read_data/read_data.egg-info/dependency_links.txt
[0.687s] writing entry points to ../../build/read_data/read_data.egg-info/entry_points.txt
[0.687s] writing requirements to ../../build/read_data/read_data.egg-info/requires.txt
[0.687s] writing top-level names to ../../build/read_data/read_data.egg-info/top_level.txt
[0.688s] reading manifest file '../../build/read_data/read_data.egg-info/SOURCES.txt'
[0.689s] writing manifest file '../../build/read_data/read_data.egg-info/SOURCES.txt'
[0.689s] running build
[0.689s] running build_py
[0.689s] running install
[0.689s] running install_lib
[0.690s] running install_data
[0.690s] running install_egg_info
[0.691s] removing '/home/ritesh/rc-car/ros2ws/install/read_data/lib/python3.10/site-packages/read_data-0.0.0-py3.10.egg-info' (and everything under it)
[0.692s] Copying ../../build/read_data/read_data.egg-info to /home/ritesh/rc-car/ros2ws/install/read_data/lib/python3.10/site-packages/read_data-0.0.0-py3.10.egg-info
[0.693s] running install_scripts
[0.708s] Installing read_imu script to /home/ritesh/rc-car/ros2ws/install/read_data/lib/read_data
[0.708s] writing list of installed files to '/home/ritesh/rc-car/ros2ws/build/read_data/install.log'
[0.724s] Invoked command in '/home/ritesh/rc-car/ros2ws/src/read_data' returned '0': PYTHONPATH=/home/ritesh/rc-car/ros2ws/build/read_data/prefix_override:/usr/local/lib/python3.10/dist-packages/colcon_core/task/python/colcon_distutils_commands:/home/ritesh/rc-car/ros2ws/install/read_data/lib/python3.10/site-packages:${PYTHONPATH} /usr/bin/python3 -W ignore:setup.py install is deprecated setup.py egg_info --egg-base ../../build/read_data build --build-base /home/ritesh/rc-car/ros2ws/build/read_data/build install --record /home/ritesh/rc-car/ros2ws/build/read_data/install.log --single-version-externally-managed install_data
