[0.025s] Invoking command in '/home/ritesh/rc-car/ros2/build/rslidar_sdk': CMAKE_PREFIX_PATH=${CMAKE_PREFIX_PATH}:/opt/ros/humble LD_LIBRARY_PATH=/home/ritesh/rc-car/ros2/install/rslidar_msg/lib:/home/ritesh/rc-car/ros2/install/eufs_msgs/lib:/home/ritesh/local_yaml_cpp/lib:/home/ritesh/local_libpcap/lib:/usr/lib/x86_64-linux-gnu/gazebo-11/plugins:/opt/ros/humble/opt/rviz_ogre_vendor/lib:/opt/ros/humble/lib/x86_64-linux-gnu:/opt/ros/humble/lib:/lib/hsl-install/lib /usr/bin/cmake /home/ritesh/rc-car/ros2/src/rslidar_sdk -DCMAKE_INSTALL_PREFIX=/home/ritesh/rc-car/ros2/install/rslidar_sdk
[0.080s] -- The C compiler identification is GNU 11.4.0
[0.146s] -- The CXX compiler identification is GNU 11.4.0
[0.155s] -- Detecting C compiler ABI info
[0.245s] -- Detecting C compiler ABI info - done
[0.254s] -- Check for working C compiler: /usr/bin/cc - skipped
[0.254s] -- Detecting C compile features
[0.255s] -- Detecting C compile features - done
[0.259s] -- Detecting CXX compiler ABI info
[0.357s] -- Detecting CXX compiler ABI info - done
[0.365s] -- Check for working CXX compiler: /usr/bin/c++ - skipped
[0.366s] -- Detecting CXX compile features
[0.366s] -- Detecting CXX compile features - done
[0.368s] [0m=============================================================[0m
[0.368s] [0m-- POINT_TYPE is XYZI[0m
[0.368s] [0m=============================================================[0m
[0.379s] [0m=============================================================[0m
[0.379s] [0m-- ROS Not Found. ROS Support is turned Off.[0m
[0.379s] [0m=============================================================[0m
[0.539s] -- Found Python3: /usr/bin/python3 (found version "3.10.12") found components: Interpreter 
[0.675s] -- Found rosidl_generator_c: 3.1.5 (/opt/ros/humble/share/rosidl_generator_c/cmake)
[0.680s] -- Found rosidl_adapter: 3.1.5 (/opt/ros/humble/share/rosidl_adapter/cmake)
[0.689s] -- Found rosidl_generator_cpp: 3.1.5 (/opt/ros/humble/share/rosidl_generator_cpp/cmake)
[0.701s] -- Using all available rosidl_typesupport_c: rosidl_typesupport_fastrtps_c;rosidl_typesupport_introspection_c
[0.718s] -- Using all available rosidl_typesupport_cpp: rosidl_typesupport_fastrtps_cpp;rosidl_typesupport_introspection_cpp
[0.765s] -- Found rmw_implementation_cmake: 6.1.2 (/opt/ros/humble/share/rmw_implementation_cmake/cmake)
[0.767s] -- Found rmw_fastrtps_cpp: 6.2.7 (/opt/ros/humble/share/rmw_fastrtps_cpp/cmake)
[0.858s] -- Found OpenSSL: /usr/lib/x86_64-linux-gnu/libcrypto.so (found version "3.0.2")  
[0.876s] -- Found FastRTPS: /opt/ros/humble/include  
[0.901s] -- Using RMW implementation 'rmw_fastrtps_cpp' as default
[0.910s] -- Looking for pthread.h
[1.011s] -- Looking for pthread.h - found
[1.011s] -- Performing Test CMAKE_HAVE_LIBC_PTHREAD
[1.102s] -- Performing Test CMAKE_HAVE_LIBC_PTHREAD - Success
[1.104s] -- Found Threads: TRUE  
[1.160s] [0m=============================================================[0m
[1.160s] [0m-- ROS2 Found. ROS2 Support is turned On.[0m
[1.161s] [0m=============================================================[0m
[1.161s] -- Found sensor_msgs: 4.2.4 (/opt/ros/humble/share/sensor_msgs/cmake)
[1.194s] -- Found rslidar_msg: 0.0.0 (/home/ritesh/rc-car/ros2/install/rslidar_msg/share/rslidar_msg/cmake)
[1.211s] [0m=============================================================[0m
[1.211s] [0m-- CMake run for UNIX GNU Compiler[0m
[1.211s] [0m=============================================================[0m
[1.212s] [0m=============================================================[0m
[1.212s] [0m-- rs_driver Version : v1.5.16[0m
[1.212s] [0m=============================================================[0m
[1.290s] -- Configuring done
[1.301s] -- Generating done
[1.305s] -- Build files have been written to: /home/ritesh/rc-car/ros2/build/rslidar_sdk
[1.319s] Invoked command in '/home/ritesh/rc-car/ros2/build/rslidar_sdk' returned '0': CMAKE_PREFIX_PATH=${CMAKE_PREFIX_PATH}:/opt/ros/humble LD_LIBRARY_PATH=/home/ritesh/rc-car/ros2/install/rslidar_msg/lib:/home/ritesh/rc-car/ros2/install/eufs_msgs/lib:/home/ritesh/local_yaml_cpp/lib:/home/ritesh/local_libpcap/lib:/usr/lib/x86_64-linux-gnu/gazebo-11/plugins:/opt/ros/humble/opt/rviz_ogre_vendor/lib:/opt/ros/humble/lib/x86_64-linux-gnu:/opt/ros/humble/lib:/lib/hsl-install/lib /usr/bin/cmake /home/ritesh/rc-car/ros2/src/rslidar_sdk -DCMAKE_INSTALL_PREFIX=/home/ritesh/rc-car/ros2/install/rslidar_sdk
[1.321s] Invoking command in '/home/ritesh/rc-car/ros2/build/rslidar_sdk': CMAKE_PREFIX_PATH=${CMAKE_PREFIX_PATH}:/opt/ros/humble LD_LIBRARY_PATH=/home/ritesh/rc-car/ros2/install/rslidar_msg/lib:/home/ritesh/rc-car/ros2/install/eufs_msgs/lib:/home/ritesh/local_yaml_cpp/lib:/home/ritesh/local_libpcap/lib:/usr/lib/x86_64-linux-gnu/gazebo-11/plugins:/opt/ros/humble/opt/rviz_ogre_vendor/lib:/opt/ros/humble/lib/x86_64-linux-gnu:/opt/ros/humble/lib:/lib/hsl-install/lib /usr/bin/cmake --build /home/ritesh/rc-car/ros2/build/rslidar_sdk -- -j8 -l8
[1.384s] [ 33%] [32mBuilding CXX object CMakeFiles/rslidar_sdk_node.dir/node/rslidar_sdk_node.cpp.o[0m
[1.390s] [ 66%] [32mBuilding CXX object CMakeFiles/rslidar_sdk_node.dir/src/manager/node_manager.cpp.o[0m
[1.398s] [01m[Kc++:[m[K [01;31m[Kerror: [m[Kunrecognized command-line option ‘[01m[K-ENABLE_MODIFY_RECVBUF[m[K’
[1.398s] gmake[2]: *** [CMakeFiles/rslidar_sdk_node.dir/build.make:76: CMakeFiles/rslidar_sdk_node.dir/node/rslidar_sdk_node.cpp.o] Error 1
[1.398s] gmake[2]: *** Waiting for unfinished jobs....
[1.399s] [01m[Kc++:[m[K [01;31m[Kerror: [m[Kunrecognized command-line option ‘[01m[K-ENABLE_MODIFY_RECVBUF[m[K’
[1.399s] gmake[2]: *** [CMakeFiles/rslidar_sdk_node.dir/build.make:90: CMakeFiles/rslidar_sdk_node.dir/src/manager/node_manager.cpp.o] Error 1
[1.400s] gmake[1]: *** [CMakeFiles/Makefile2:154: CMakeFiles/rslidar_sdk_node.dir/all] Error 2
[1.400s] gmake: *** [Makefile:146: all] Error 2
[1.404s] Invoked command in '/home/ritesh/rc-car/ros2/build/rslidar_sdk' returned '2': CMAKE_PREFIX_PATH=${CMAKE_PREFIX_PATH}:/opt/ros/humble LD_LIBRARY_PATH=/home/ritesh/rc-car/ros2/install/rslidar_msg/lib:/home/ritesh/rc-car/ros2/install/eufs_msgs/lib:/home/ritesh/local_yaml_cpp/lib:/home/ritesh/local_libpcap/lib:/usr/lib/x86_64-linux-gnu/gazebo-11/plugins:/opt/ros/humble/opt/rviz_ogre_vendor/lib:/opt/ros/humble/lib/x86_64-linux-gnu:/opt/ros/humble/lib:/lib/hsl-install/lib /usr/bin/cmake --build /home/ritesh/rc-car/ros2/build/rslidar_sdk -- -j8 -l8
