running egg_info
creating ../../build/controller/controller.egg-info
writing ../../build/controller/controller.egg-info/PKG-INFO
writing dependency_links to ../../build/controller/controller.egg-info/dependency_links.txt
writing entry points to ../../build/controller/controller.egg-info/entry_points.txt
writing requirements to ../../build/controller/controller.egg-info/requires.txt
writing top-level names to ../../build/controller/controller.egg-info/top_level.txt
writing manifest file '../../build/controller/controller.egg-info/SOURCES.txt'
reading manifest file '../../build/controller/controller.egg-info/SOURCES.txt'
writing manifest file '../../build/controller/controller.egg-info/SOURCES.txt'
running build
running build_py
creating /home/ritesh/rc-car/ros2/build/controller/build
creating /home/ritesh/rc-car/ros2/build/controller/build/lib
creating /home/ritesh/rc-car/ros2/build/controller/build/lib/controller
copying controller/give_c.py -> /home/ritesh/rc-car/ros2/build/controller/build/lib/controller
copying controller/__init__.py -> /home/ritesh/rc-car/ros2/build/controller/build/lib/controller
running install
running install_lib
creating /home/ritesh/rc-car/ros2/install/controller/lib/python3.10/site-packages/controller
copying /home/ritesh/rc-car/ros2/build/controller/build/lib/controller/give_c.py -> /home/ritesh/rc-car/ros2/install/controller/lib/python3.10/site-packages/controller
copying /home/ritesh/rc-car/ros2/build/controller/build/lib/controller/__init__.py -> /home/ritesh/rc-car/ros2/install/controller/lib/python3.10/site-packages/controller
byte-compiling /home/ritesh/rc-car/ros2/install/controller/lib/python3.10/site-packages/controller/give_c.py to give_c.cpython-310.pyc
byte-compiling /home/ritesh/rc-car/ros2/install/controller/lib/python3.10/site-packages/controller/__init__.py to __init__.cpython-310.pyc
running install_data
creating /home/ritesh/rc-car/ros2/install/controller/share
creating /home/ritesh/rc-car/ros2/install/controller/share/ament_index
creating /home/ritesh/rc-car/ros2/install/controller/share/ament_index/resource_index
creating /home/ritesh/rc-car/ros2/install/controller/share/ament_index/resource_index/packages
copying resource/controller -> /home/ritesh/rc-car/ros2/install/controller/share/ament_index/resource_index/packages
creating /home/ritesh/rc-car/ros2/install/controller/share/controller
copying package.xml -> /home/ritesh/rc-car/ros2/install/controller/share/controller
running install_egg_info
Copying ../../build/controller/controller.egg-info to /home/ritesh/rc-car/ros2/install/controller/lib/python3.10/site-packages/controller-0.0.0-py3.10.egg-info
running install_scripts
Installing give_c script to /home/ritesh/rc-car/ros2/install/controller/lib/controller
writing list of installed files to '/home/ritesh/rc-car/ros2/build/controller/install.log'
