[0.776s] Invoking command in '/home/ritesh/rc-car/ros2/src/controller': PYTHONPATH=/home/ritesh/rc-car/ros2/build/controller/prefix_override:/usr/local/lib/python3.10/dist-packages/colcon_core/task/python/colcon_distutils_commands:/home/ritesh/rc-car/ros2/install/controller/lib/python3.10/site-packages:${PYTHONPATH} /usr/bin/python3 -W ignore:setup.py install is deprecated setup.py egg_info --egg-base ../../build/controller build --build-base /home/ritesh/rc-car/ros2/build/controller/build install --record /home/ritesh/rc-car/ros2/build/controller/install.log --single-version-externally-managed install_data
[1.074s] running egg_info
[1.075s] creating ../../build/controller/controller.egg-info
[1.076s] writing ../../build/controller/controller.egg-info/PKG-INFO
[1.076s] writing dependency_links to ../../build/controller/controller.egg-info/dependency_links.txt
[1.076s] writing entry points to ../../build/controller/controller.egg-info/entry_points.txt
[1.076s] writing requirements to ../../build/controller/controller.egg-info/requires.txt
[1.076s] writing top-level names to ../../build/controller/controller.egg-info/top_level.txt
[1.076s] writing manifest file '../../build/controller/controller.egg-info/SOURCES.txt'
[1.080s] reading manifest file '../../build/controller/controller.egg-info/SOURCES.txt'
[1.080s] writing manifest file '../../build/controller/controller.egg-info/SOURCES.txt'
[1.080s] running build
[1.080s] running build_py
[1.080s] creating /home/ritesh/rc-car/ros2/build/controller/build
[1.080s] creating /home/ritesh/rc-car/ros2/build/controller/build/lib
[1.080s] creating /home/ritesh/rc-car/ros2/build/controller/build/lib/controller
[1.080s] copying controller/give_c.py -> /home/ritesh/rc-car/ros2/build/controller/build/lib/controller
[1.080s] copying controller/__init__.py -> /home/ritesh/rc-car/ros2/build/controller/build/lib/controller
[1.080s] running install
[1.080s] running install_lib
[1.081s] creating /home/ritesh/rc-car/ros2/install/controller/lib/python3.10/site-packages/controller
[1.081s] copying /home/ritesh/rc-car/ros2/build/controller/build/lib/controller/give_c.py -> /home/ritesh/rc-car/ros2/install/controller/lib/python3.10/site-packages/controller
[1.081s] copying /home/ritesh/rc-car/ros2/build/controller/build/lib/controller/__init__.py -> /home/ritesh/rc-car/ros2/install/controller/lib/python3.10/site-packages/controller
[1.082s] byte-compiling /home/ritesh/rc-car/ros2/install/controller/lib/python3.10/site-packages/controller/give_c.py to give_c.cpython-310.pyc
[1.084s] byte-compiling /home/ritesh/rc-car/ros2/install/controller/lib/python3.10/site-packages/controller/__init__.py to __init__.cpython-310.pyc
[1.088s] running install_data
[1.088s] creating /home/ritesh/rc-car/ros2/install/controller/share
[1.088s] creating /home/ritesh/rc-car/ros2/install/controller/share/ament_index
[1.088s] creating /home/ritesh/rc-car/ros2/install/controller/share/ament_index/resource_index
[1.088s] creating /home/ritesh/rc-car/ros2/install/controller/share/ament_index/resource_index/packages
[1.088s] copying resource/controller -> /home/ritesh/rc-car/ros2/install/controller/share/ament_index/resource_index/packages
[1.088s] creating /home/ritesh/rc-car/ros2/install/controller/share/controller
[1.088s] copying package.xml -> /home/ritesh/rc-car/ros2/install/controller/share/controller
[1.088s] running install_egg_info
[1.088s] Copying ../../build/controller/controller.egg-info to /home/ritesh/rc-car/ros2/install/controller/lib/python3.10/site-packages/controller-0.0.0-py3.10.egg-info
[1.092s] running install_scripts
[1.113s] Installing give_c script to /home/ritesh/rc-car/ros2/install/controller/lib/controller
[1.114s] writing list of installed files to '/home/ritesh/rc-car/ros2/build/controller/install.log'
[1.151s] Invoked command in '/home/ritesh/rc-car/ros2/src/controller' returned '0': PYTHONPATH=/home/ritesh/rc-car/ros2/build/controller/prefix_override:/usr/local/lib/python3.10/dist-packages/colcon_core/task/python/colcon_distutils_commands:/home/ritesh/rc-car/ros2/install/controller/lib/python3.10/site-packages:${PYTHONPATH} /usr/bin/python3 -W ignore:setup.py install is deprecated setup.py egg_info --egg-base ../../build/controller build --build-base /home/ritesh/rc-car/ros2/build/controller/build install --record /home/ritesh/rc-car/ros2/build/controller/install.log --single-version-externally-managed install_data
