[0.035s] Invoking command in '/home/ritesh/rc-car/ros2ws/build/rslidar_msg': CMAKE_PREFIX_PATH=${CMAKE_PREFIX_PATH}:/opt/ros/humble /usr/bin/cmake /home/ritesh/rc-car/ros2ws/src/rslidar_msg -DCMAKE_INSTALL_PREFIX=/home/ritesh/rc-car/ros2ws/install/rslidar_msg
[0.286s] -- The C compiler identification is GNU 11.4.0
[0.286s] -- The CXX compiler identification is GNU 11.4.0
[0.286s] -- Detecting C compiler ABI info
[0.286s] -- Detecting C compiler ABI info - done
[0.286s] -- Check for working C compiler: /usr/bin/cc - skipped
[0.287s] -- Detecting C compile features
[0.287s] -- Detecting C compile features - done
[0.290s] -- Detecting CXX compiler ABI info
[0.389s] -- Detecting CXX compiler ABI info - done
[0.404s] -- Check for working CXX compiler: /usr/bin/c++ - skipped
[0.404s] -- Detecting CXX compile features
[0.405s] -- Detecting CXX compile features - done
[0.409s] -- Found ament_cmake: 1.3.10 (/opt/ros/humble/share/ament_cmake/cmake)
[0.634s] -- Found Python3: /usr/bin/python3 (found version "3.10.12") found components: Interpreter 
[0.732s] -- Found std_msgs: 4.2.4 (/opt/ros/humble/share/std_msgs/cmake)
[0.772s] -- Found rosidl_generator_c: 3.1.5 (/opt/ros/humble/share/rosidl_generator_c/cmake)
[0.781s] -- Found rosidl_adapter: 3.1.5 (/opt/ros/humble/share/rosidl_adapter/cmake)
[0.785s] -- Found rosidl_generator_cpp: 3.1.5 (/opt/ros/humble/share/rosidl_generator_cpp/cmake)
[0.800s] -- Using all available rosidl_typesupport_c: rosidl_typesupport_fastrtps_c;rosidl_typesupport_introspection_c
[0.816s] -- Using all available rosidl_typesupport_cpp: rosidl_typesupport_fastrtps_cpp;rosidl_typesupport_introspection_cpp
[0.842s] -- Found rclcpp: 16.0.10 (/opt/ros/humble/share/rclcpp/cmake)
[0.883s] -- Found rmw_implementation_cmake: 6.1.2 (/opt/ros/humble/share/rmw_implementation_cmake/cmake)
[0.886s] -- Found rmw_fastrtps_cpp: 6.2.7 (/opt/ros/humble/share/rmw_fastrtps_cpp/cmake)
[0.984s] -- Found OpenSSL: /usr/lib/x86_64-linux-gnu/libcrypto.so (found version "3.0.2")  
[1.010s] -- Found FastRTPS: /opt/ros/humble/include  
[1.033s] -- Using RMW implementation 'rmw_fastrtps_cpp' as default
[1.048s] -- Looking for pthread.h
[1.162s] -- Looking for pthread.h - found
[1.162s] -- Performing Test CMAKE_HAVE_LIBC_PTHREAD
[1.253s] -- Performing Test CMAKE_HAVE_LIBC_PTHREAD - Success
[1.254s] -- Found Threads: TRUE  
[1.296s] -- Found rosidl_default_generators: 1.2.0 (/opt/ros/humble/share/rosidl_default_generators/cmake)
[1.591s] -- Found ament_cmake_ros: 0.10.0 (/opt/ros/humble/share/ament_cmake_ros/cmake)
[1.894s] -- Using all available rosidl_typesupport_c: rosidl_typesupport_fastrtps_c;rosidl_typesupport_introspection_c
[2.005s] -- Using all available rosidl_typesupport_cpp: rosidl_typesupport_fastrtps_cpp;rosidl_typesupport_introspection_cpp
[2.023s] -- Found PythonInterp: /usr/bin/python3 (found suitable version "3.10.12", minimum required is "3.6") 
[2.024s] -- Found python_cmake_module: 0.10.0 (/opt/ros/humble/share/python_cmake_module/cmake)
[2.047s] -- Found PythonLibs: /usr/lib/x86_64-linux-gnu/libpython3.10.so (found suitable version "3.10.12", minimum required is "3.5") 
[2.047s] -- Using PYTHON_EXECUTABLE: /usr/bin/python3
[2.047s] -- Using PYTHON_INCLUDE_DIRS: /usr/include/python3.10
[2.047s] -- Using PYTHON_LIBRARIES: /usr/lib/x86_64-linux-gnu/libpython3.10.so
[2.065s] -- Found PythonExtra: .so  
[2.104s] -- Found ament_lint_auto: 0.12.11 (/opt/ros/humble/share/ament_lint_auto/cmake)
[2.121s] -- Added test 'copyright' to check source files copyright and LICENSE
[2.128s] -- Added test 'lint_cmake' to check CMake code style
[2.132s] -- Added test 'xmllint' to check XML markup files
[2.140s] -- Configuring done
[2.171s] -- Generating done
[2.177s] -- Build files have been written to: /home/ritesh/rc-car/ros2ws/build/rslidar_msg
[2.189s] Invoked command in '/home/ritesh/rc-car/ros2ws/build/rslidar_msg' returned '0': CMAKE_PREFIX_PATH=${CMAKE_PREFIX_PATH}:/opt/ros/humble /usr/bin/cmake /home/ritesh/rc-car/ros2ws/src/rslidar_msg -DCMAKE_INSTALL_PREFIX=/home/ritesh/rc-car/ros2ws/install/rslidar_msg
[2.189s] Invoking command in '/home/ritesh/rc-car/ros2ws/build/rslidar_msg': CMAKE_PREFIX_PATH=${CMAKE_PREFIX_PATH}:/opt/ros/humble /usr/bin/cmake --build /home/ritesh/rc-car/ros2ws/build/rslidar_msg -- -j8 -l8
[2.230s] [  3%] [34m[1mGenerating C code for ROS interfaces[0m
[2.242s] [  6%] [34m[1mGenerating C++ code for ROS interfaces[0m
[2.290s] [  6%] Built target ament_cmake_python_copy_rslidar_msg
[2.585s] [  6%] Built target rslidar_msg__cpp
[2.594s] [  9%] [32mBuilding C object CMakeFiles/rslidar_msg__rosidl_generator_c.dir/rosidl_generator_c/rslidar_msg/msg/detail/rslidar_packet__functions.c.o[0m
[2.605s] [ 12%] [34m[1mGenerating C++ type support for eProsima Fast-RTPS[0m
[2.610s] [ 16%] [34m[1mGenerating C++ type support dispatch for ROS interfaces[0m
[2.613s] [ 19%] [34m[1mGenerating C++ introspection for ROS interfaces[0m
[2.657s] [ 22%] [32m[1mLinking C shared library librslidar_msg__rosidl_generator_c.so[0m
[2.670s] running egg_info
[2.671s] creating rslidar_msg.egg-info
[2.672s] writing rslidar_msg.egg-info/PKG-INFO
[2.672s] writing dependency_links to rslidar_msg.egg-info/dependency_links.txt
[2.672s] writing top-level names to rslidar_msg.egg-info/top_level.txt
[2.672s] writing manifest file 'rslidar_msg.egg-info/SOURCES.txt'
[2.674s] reading manifest file 'rslidar_msg.egg-info/SOURCES.txt'
[2.675s] writing manifest file 'rslidar_msg.egg-info/SOURCES.txt'
[2.710s] [ 22%] Built target ament_cmake_python_build_rslidar_msg_egg
[2.714s] [ 22%] Built target rslidar_msg__rosidl_generator_c
[2.747s] [ 25%] [34m[1mGenerating C introspection for ROS interfaces[0m
[2.747s] [ 29%] [34m[1mGenerating C type support dispatch for ROS interfaces[0m
[2.749s] [ 32%] [34m[1mGenerating C type support for eProsima Fast-RTPS[0m
[2.940s] [ 35%] [32mBuilding CXX object CMakeFiles/rslidar_msg__rosidl_typesupport_cpp.dir/rosidl_typesupport_cpp/rslidar_msg/msg/rslidar_packet__type_support.cpp.o[0m
[2.950s] [ 38%] [32mBuilding CXX object CMakeFiles/rslidar_msg__rosidl_typesupport_introspection_cpp.dir/rosidl_typesupport_introspection_cpp/rslidar_msg/msg/detail/rslidar_packet__type_support.cpp.o[0m
[3.077s] [ 41%] [32mBuilding CXX object CMakeFiles/rslidar_msg__rosidl_typesupport_fastrtps_cpp.dir/rosidl_typesupport_fastrtps_cpp/rslidar_msg/msg/detail/dds_fastrtps/rslidar_packet__type_support.cpp.o[0m
[3.188s] [ 45%] [32mBuilding C object CMakeFiles/rslidar_msg__rosidl_typesupport_introspection_c.dir/rosidl_typesupport_introspection_c/rslidar_msg/msg/detail/rslidar_packet__type_support.c.o[0m
[3.215s] [ 48%] [32mBuilding CXX object CMakeFiles/rslidar_msg__rosidl_typesupport_c.dir/rosidl_typesupport_c/rslidar_msg/msg/rslidar_packet__type_support.cpp.o[0m
[3.242s] [ 51%] [32m[1mLinking C shared library librslidar_msg__rosidl_typesupport_introspection_c.so[0m
[3.253s] [ 54%] [32mBuilding CXX object CMakeFiles/rslidar_msg__rosidl_typesupport_fastrtps_c.dir/rosidl_typesupport_fastrtps_c/rslidar_msg/msg/detail/rslidar_packet__type_support_c.cpp.o[0m
[3.263s] [ 58%] [32m[1mLinking CXX shared library librslidar_msg__rosidl_typesupport_c.so[0m
[3.293s] [ 58%] Built target rslidar_msg__rosidl_typesupport_introspection_c
[3.326s] [ 58%] Built target rslidar_msg__rosidl_typesupport_c
[3.392s] [ 61%] [32m[1mLinking CXX shared library librslidar_msg__rosidl_typesupport_cpp.so[0m
[3.507s] [ 61%] Built target rslidar_msg__rosidl_typesupport_cpp
[3.657s] [ 64%] [32m[1mLinking CXX shared library librslidar_msg__rosidl_typesupport_fastrtps_c.so[0m
[3.714s] [ 67%] [32m[1mLinking CXX shared library librslidar_msg__rosidl_typesupport_introspection_cpp.so[0m
[3.756s] [ 67%] Built target rslidar_msg__rosidl_typesupport_fastrtps_c
[3.822s] [ 67%] Built target rslidar_msg__rosidl_typesupport_introspection_cpp
[3.826s] [ 70%] [32m[1mLinking CXX shared library librslidar_msg__rosidl_typesupport_fastrtps_cpp.so[0m
[3.924s] [ 70%] Built target rslidar_msg__rosidl_typesupport_fastrtps_cpp
[3.978s] [ 70%] Built target rslidar_msg
[4.033s] [ 74%] [34m[1mGenerating Python code for ROS interfaces[0m
[4.382s] [ 74%] Built target rslidar_msg__py
[4.413s] [ 77%] [32mBuilding C object CMakeFiles/rslidar_msg__rosidl_generator_py.dir/rosidl_generator_py/rslidar_msg/msg/_rslidar_packet_s.c.o[0m
[4.593s] [ 80%] [32m[1mLinking C shared library rosidl_generator_py/rslidar_msg/librslidar_msg__rosidl_generator_py.so[0m
[4.657s] [ 80%] Built target rslidar_msg__rosidl_generator_py
[4.713s] [ 87%] [32mBuilding C object CMakeFiles/rslidar_msg__rosidl_typesupport_introspection_c__pyext.dir/rosidl_generator_py/rslidar_msg/_rslidar_msg_s.ep.rosidl_typesupport_introspection_c.c.o[0m
[4.713s] [ 87%] [32mBuilding C object CMakeFiles/rslidar_msg__rosidl_typesupport_fastrtps_c__pyext.dir/rosidl_generator_py/rslidar_msg/_rslidar_msg_s.ep.rosidl_typesupport_fastrtps_c.c.o[0m
[4.719s] [ 90%] [32mBuilding C object CMakeFiles/rslidar_msg__rosidl_typesupport_c__pyext.dir/rosidl_generator_py/rslidar_msg/_rslidar_msg_s.ep.rosidl_typesupport_c.c.o[0m
[4.847s] [ 93%] [32m[1mLinking C shared library rosidl_generator_py/rslidar_msg/rslidar_msg_s__rosidl_typesupport_introspection_c.cpython-310-x86_64-linux-gnu.so[0m
[4.870s] [ 96%] [32m[1mLinking C shared library rosidl_generator_py/rslidar_msg/rslidar_msg_s__rosidl_typesupport_fastrtps_c.cpython-310-x86_64-linux-gnu.so[0m
[4.920s] [100%] [32m[1mLinking C shared library rosidl_generator_py/rslidar_msg/rslidar_msg_s__rosidl_typesupport_c.cpython-310-x86_64-linux-gnu.so[0m
[4.924s] [100%] Built target rslidar_msg__rosidl_typesupport_introspection_c__pyext
[4.955s] [100%] Built target rslidar_msg__rosidl_typesupport_fastrtps_c__pyext
[4.968s] [100%] Built target rslidar_msg__rosidl_typesupport_c__pyext
[4.987s] Invoked command in '/home/ritesh/rc-car/ros2ws/build/rslidar_msg' returned '0': CMAKE_PREFIX_PATH=${CMAKE_PREFIX_PATH}:/opt/ros/humble /usr/bin/cmake --build /home/ritesh/rc-car/ros2ws/build/rslidar_msg -- -j8 -l8
[5.090s] Invoking command in '/home/ritesh/rc-car/ros2ws/build/rslidar_msg': CMAKE_PREFIX_PATH=${CMAKE_PREFIX_PATH}:/opt/ros/humble /usr/bin/cmake --install /home/ritesh/rc-car/ros2ws/build/rslidar_msg
[5.099s] -- Install configuration: ""
[5.099s] -- Installing: /home/ritesh/rc-car/ros2ws/install/rslidar_msg/share/ament_index/resource_index/rosidl_interfaces/rslidar_msg
[5.099s] -- Installing: /home/ritesh/rc-car/ros2ws/install/rslidar_msg/include/rslidar_msg/rslidar_msg
[5.099s] -- Installing: /home/ritesh/rc-car/ros2ws/install/rslidar_msg/include/rslidar_msg/rslidar_msg/msg
[5.099s] -- Installing: /home/ritesh/rc-car/ros2ws/install/rslidar_msg/include/rslidar_msg/rslidar_msg/msg/rosidl_generator_c__visibility_control.h
[5.099s] -- Installing: /home/ritesh/rc-car/ros2ws/install/rslidar_msg/include/rslidar_msg/rslidar_msg/msg/detail
[5.099s] -- Installing: /home/ritesh/rc-car/ros2ws/install/rslidar_msg/include/rslidar_msg/rslidar_msg/msg/detail/rslidar_packet__functions.c
[5.099s] -- Installing: /home/ritesh/rc-car/ros2ws/install/rslidar_msg/include/rslidar_msg/rslidar_msg/msg/detail/rslidar_packet__struct.h
[5.100s] -- Installing: /home/ritesh/rc-car/ros2ws/install/rslidar_msg/include/rslidar_msg/rslidar_msg/msg/detail/rslidar_packet__functions.h
[5.100s] -- Installing: /home/ritesh/rc-car/ros2ws/install/rslidar_msg/include/rslidar_msg/rslidar_msg/msg/detail/rslidar_packet__type_support.h
[5.101s] -- Installing: /home/ritesh/rc-car/ros2ws/install/rslidar_msg/include/rslidar_msg/rslidar_msg/msg/rslidar_packet.h
[5.103s] -- Installing: /home/ritesh/rc-car/ros2ws/install/rslidar_msg/share/rslidar_msg/environment/library_path.sh
[5.103s] -- Installing: /home/ritesh/rc-car/ros2ws/install/rslidar_msg/share/rslidar_msg/environment/library_path.dsv
[5.103s] -- Installing: /home/ritesh/rc-car/ros2ws/install/rslidar_msg/lib/librslidar_msg__rosidl_generator_c.so
[5.103s] -- Set runtime path of "/home/ritesh/rc-car/ros2ws/install/rslidar_msg/lib/librslidar_msg__rosidl_generator_c.so" to ""
[5.106s] -- Up-to-date: /home/ritesh/rc-car/ros2ws/install/rslidar_msg/include/rslidar_msg/rslidar_msg
[5.106s] -- Up-to-date: /home/ritesh/rc-car/ros2ws/install/rslidar_msg/include/rslidar_msg/rslidar_msg/msg
[5.106s] -- Installing: /home/ritesh/rc-car/ros2ws/install/rslidar_msg/include/rslidar_msg/rslidar_msg/msg/rosidl_typesupport_fastrtps_c__visibility_control.h
[5.106s] -- Up-to-date: /home/ritesh/rc-car/ros2ws/install/rslidar_msg/include/rslidar_msg/rslidar_msg/msg/detail
[5.106s] -- Installing: /home/ritesh/rc-car/ros2ws/install/rslidar_msg/include/rslidar_msg/rslidar_msg/msg/detail/rslidar_packet__rosidl_typesupport_fastrtps_c.h
[5.106s] -- Installing: /home/ritesh/rc-car/ros2ws/install/rslidar_msg/lib/librslidar_msg__rosidl_typesupport_fastrtps_c.so
[5.106s] -- Set runtime path of "/home/ritesh/rc-car/ros2ws/install/rslidar_msg/lib/librslidar_msg__rosidl_typesupport_fastrtps_c.so" to ""
[5.106s] -- Up-to-date: /home/ritesh/rc-car/ros2ws/install/rslidar_msg/include/rslidar_msg/rslidar_msg
[5.106s] -- Up-to-date: /home/ritesh/rc-car/ros2ws/install/rslidar_msg/include/rslidar_msg/rslidar_msg/msg
[5.107s] -- Installing: /home/ritesh/rc-car/ros2ws/install/rslidar_msg/include/rslidar_msg/rslidar_msg/msg/rslidar_packet.hpp
[5.107s] -- Up-to-date: /home/ritesh/rc-car/ros2ws/install/rslidar_msg/include/rslidar_msg/rslidar_msg/msg/detail
[5.107s] -- Installing: /home/ritesh/rc-car/ros2ws/install/rslidar_msg/include/rslidar_msg/rslidar_msg/msg/detail/rslidar_packet__traits.hpp
[5.107s] -- Installing: /home/ritesh/rc-car/ros2ws/install/rslidar_msg/include/rslidar_msg/rslidar_msg/msg/detail/rslidar_packet__struct.hpp
[5.107s] -- Installing: /home/ritesh/rc-car/ros2ws/install/rslidar_msg/include/rslidar_msg/rslidar_msg/msg/detail/rslidar_packet__builder.hpp
[5.107s] -- Up-to-date: /home/ritesh/rc-car/ros2ws/install/rslidar_msg/include/rslidar_msg/rslidar_msg
[5.107s] -- Up-to-date: /home/ritesh/rc-car/ros2ws/install/rslidar_msg/include/rslidar_msg/rslidar_msg/msg
[5.107s] -- Installing: /home/ritesh/rc-car/ros2ws/install/rslidar_msg/include/rslidar_msg/rslidar_msg/msg/rosidl_typesupport_fastrtps_cpp__visibility_control.h
[5.107s] -- Up-to-date: /home/ritesh/rc-car/ros2ws/install/rslidar_msg/include/rslidar_msg/rslidar_msg/msg/detail
[5.107s] -- Installing: /home/ritesh/rc-car/ros2ws/install/rslidar_msg/include/rslidar_msg/rslidar_msg/msg/detail/rslidar_packet__rosidl_typesupport_fastrtps_cpp.hpp
[5.107s] -- Installing: /home/ritesh/rc-car/ros2ws/install/rslidar_msg/include/rslidar_msg/rslidar_msg/msg/detail/dds_fastrtps
[5.107s] -- Installing: /home/ritesh/rc-car/ros2ws/install/rslidar_msg/lib/librslidar_msg__rosidl_typesupport_fastrtps_cpp.so
[5.107s] -- Set runtime path of "/home/ritesh/rc-car/ros2ws/install/rslidar_msg/lib/librslidar_msg__rosidl_typesupport_fastrtps_cpp.so" to ""
[5.107s] -- Up-to-date: /home/ritesh/rc-car/ros2ws/install/rslidar_msg/include/rslidar_msg/rslidar_msg
[5.108s] -- Up-to-date: /home/ritesh/rc-car/ros2ws/install/rslidar_msg/include/rslidar_msg/rslidar_msg/msg
[5.108s] -- Installing: /home/ritesh/rc-car/ros2ws/install/rslidar_msg/include/rslidar_msg/rslidar_msg/msg/rosidl_typesupport_introspection_c__visibility_control.h
[5.108s] -- Up-to-date: /home/ritesh/rc-car/ros2ws/install/rslidar_msg/include/rslidar_msg/rslidar_msg/msg/detail
[5.108s] -- Installing: /home/ritesh/rc-car/ros2ws/install/rslidar_msg/include/rslidar_msg/rslidar_msg/msg/detail/rslidar_packet__type_support.c
[5.108s] -- Installing: /home/ritesh/rc-car/ros2ws/install/rslidar_msg/include/rslidar_msg/rslidar_msg/msg/detail/rslidar_packet__rosidl_typesupport_introspection_c.h
[5.113s] -- Installing: /home/ritesh/rc-car/ros2ws/install/rslidar_msg/lib/librslidar_msg__rosidl_typesupport_introspection_c.so
[5.113s] -- Set runtime path of "/home/ritesh/rc-car/ros2ws/install/rslidar_msg/lib/librslidar_msg__rosidl_typesupport_introspection_c.so" to ""
[5.113s] -- Installing: /home/ritesh/rc-car/ros2ws/install/rslidar_msg/lib/librslidar_msg__rosidl_typesupport_c.so
[5.113s] -- Set runtime path of "/home/ritesh/rc-car/ros2ws/install/rslidar_msg/lib/librslidar_msg__rosidl_typesupport_c.so" to ""
[5.114s] -- Up-to-date: /home/ritesh/rc-car/ros2ws/install/rslidar_msg/include/rslidar_msg/rslidar_msg
[5.114s] -- Up-to-date: /home/ritesh/rc-car/ros2ws/install/rslidar_msg/include/rslidar_msg/rslidar_msg/msg
[5.114s] -- Up-to-date: /home/ritesh/rc-car/ros2ws/install/rslidar_msg/include/rslidar_msg/rslidar_msg/msg/detail
[5.114s] -- Installing: /home/ritesh/rc-car/ros2ws/install/rslidar_msg/include/rslidar_msg/rslidar_msg/msg/detail/rslidar_packet__type_support.cpp
[5.114s] -- Installing: /home/ritesh/rc-car/ros2ws/install/rslidar_msg/include/rslidar_msg/rslidar_msg/msg/detail/rslidar_packet__rosidl_typesupport_introspection_cpp.hpp
[5.114s] -- Installing: /home/ritesh/rc-car/ros2ws/install/rslidar_msg/lib/librslidar_msg__rosidl_typesupport_introspection_cpp.so
[5.114s] -- Set runtime path of "/home/ritesh/rc-car/ros2ws/install/rslidar_msg/lib/librslidar_msg__rosidl_typesupport_introspection_cpp.so" to ""
[5.115s] -- Installing: /home/ritesh/rc-car/ros2ws/install/rslidar_msg/lib/librslidar_msg__rosidl_typesupport_cpp.so
[5.115s] -- Set runtime path of "/home/ritesh/rc-car/ros2ws/install/rslidar_msg/lib/librslidar_msg__rosidl_typesupport_cpp.so" to ""
[5.115s] -- Installing: /home/ritesh/rc-car/ros2ws/install/rslidar_msg/share/rslidar_msg/environment/pythonpath.sh
[5.115s] -- Installing: /home/ritesh/rc-car/ros2ws/install/rslidar_msg/share/rslidar_msg/environment/pythonpath.dsv
[5.115s] -- Installing: /home/ritesh/rc-car/ros2ws/install/rslidar_msg/local/lib/python3.10/dist-packages/rslidar_msg-0.0.0-py3.10.egg-info
[5.115s] -- Installing: /home/ritesh/rc-car/ros2ws/install/rslidar_msg/local/lib/python3.10/dist-packages/rslidar_msg-0.0.0-py3.10.egg-info/SOURCES.txt
[5.118s] -- Installing: /home/ritesh/rc-car/ros2ws/install/rslidar_msg/local/lib/python3.10/dist-packages/rslidar_msg-0.0.0-py3.10.egg-info/top_level.txt
[5.123s] -- Installing: /home/ritesh/rc-car/ros2ws/install/rslidar_msg/local/lib/python3.10/dist-packages/rslidar_msg-0.0.0-py3.10.egg-info/dependency_links.txt
[5.123s] -- Installing: /home/ritesh/rc-car/ros2ws/install/rslidar_msg/local/lib/python3.10/dist-packages/rslidar_msg-0.0.0-py3.10.egg-info/PKG-INFO
[5.123s] -- Installing: /home/ritesh/rc-car/ros2ws/install/rslidar_msg/local/lib/python3.10/dist-packages/rslidar_msg
[5.123s] -- Installing: /home/ritesh/rc-car/ros2ws/install/rslidar_msg/local/lib/python3.10/dist-packages/rslidar_msg/msg
[5.123s] -- Installing: /home/ritesh/rc-car/ros2ws/install/rslidar_msg/local/lib/python3.10/dist-packages/rslidar_msg/msg/_rslidar_packet.py
[5.123s] -- Installing: /home/ritesh/rc-car/ros2ws/install/rslidar_msg/local/lib/python3.10/dist-packages/rslidar_msg/msg/__init__.py
[5.123s] -- Installing: /home/ritesh/rc-car/ros2ws/install/rslidar_msg/local/lib/python3.10/dist-packages/rslidar_msg/msg/_rslidar_packet_s.c
[5.123s] -- Installing: /home/ritesh/rc-car/ros2ws/install/rslidar_msg/local/lib/python3.10/dist-packages/rslidar_msg/_rslidar_msg_s.ep.rosidl_typesupport_introspection_c.c
[5.123s] -- Installing: /home/ritesh/rc-car/ros2ws/install/rslidar_msg/local/lib/python3.10/dist-packages/rslidar_msg/__init__.py
[5.124s] -- Installing: /home/ritesh/rc-car/ros2ws/install/rslidar_msg/local/lib/python3.10/dist-packages/rslidar_msg/rslidar_msg_s__rosidl_typesupport_introspection_c.cpython-310-x86_64-linux-gnu.so
[5.124s] -- Installing: /home/ritesh/rc-car/ros2ws/install/rslidar_msg/local/lib/python3.10/dist-packages/rslidar_msg/rslidar_msg_s__rosidl_typesupport_c.cpython-310-x86_64-linux-gnu.so
[5.124s] -- Installing: /home/ritesh/rc-car/ros2ws/install/rslidar_msg/local/lib/python3.10/dist-packages/rslidar_msg/librslidar_msg__rosidl_generator_py.so
[5.124s] -- Installing: /home/ritesh/rc-car/ros2ws/install/rslidar_msg/local/lib/python3.10/dist-packages/rslidar_msg/_rslidar_msg_s.ep.rosidl_typesupport_c.c
[5.124s] -- Installing: /home/ritesh/rc-car/ros2ws/install/rslidar_msg/local/lib/python3.10/dist-packages/rslidar_msg/_rslidar_msg_s.ep.rosidl_typesupport_fastrtps_c.c
[5.124s] -- Installing: /home/ritesh/rc-car/ros2ws/install/rslidar_msg/local/lib/python3.10/dist-packages/rslidar_msg/rslidar_msg_s__rosidl_typesupport_fastrtps_c.cpython-310-x86_64-linux-gnu.so
[5.156s] Listing '/home/ritesh/rc-car/ros2ws/install/rslidar_msg/local/lib/python3.10/dist-packages/rslidar_msg'...
[5.157s] Compiling '/home/ritesh/rc-car/ros2ws/install/rslidar_msg/local/lib/python3.10/dist-packages/rslidar_msg/__init__.py'...
[5.157s] Listing '/home/ritesh/rc-car/ros2ws/install/rslidar_msg/local/lib/python3.10/dist-packages/rslidar_msg/msg'...
[5.157s] Compiling '/home/ritesh/rc-car/ros2ws/install/rslidar_msg/local/lib/python3.10/dist-packages/rslidar_msg/msg/__init__.py'...
[5.157s] Compiling '/home/ritesh/rc-car/ros2ws/install/rslidar_msg/local/lib/python3.10/dist-packages/rslidar_msg/msg/_rslidar_packet.py'...
[5.161s] -- Installing: /home/ritesh/rc-car/ros2ws/install/rslidar_msg/local/lib/python3.10/dist-packages/rslidar_msg/rslidar_msg_s__rosidl_typesupport_fastrtps_c.cpython-310-x86_64-linux-gnu.so
[5.161s] -- Set runtime path of "/home/ritesh/rc-car/ros2ws/install/rslidar_msg/local/lib/python3.10/dist-packages/rslidar_msg/rslidar_msg_s__rosidl_typesupport_fastrtps_c.cpython-310-x86_64-linux-gnu.so" to ""
[5.161s] -- Installing: /home/ritesh/rc-car/ros2ws/install/rslidar_msg/local/lib/python3.10/dist-packages/rslidar_msg/rslidar_msg_s__rosidl_typesupport_introspection_c.cpython-310-x86_64-linux-gnu.so
[5.162s] -- Set runtime path of "/home/ritesh/rc-car/ros2ws/install/rslidar_msg/local/lib/python3.10/dist-packages/rslidar_msg/rslidar_msg_s__rosidl_typesupport_introspection_c.cpython-310-x86_64-linux-gnu.so" to ""
[5.162s] -- Installing: /home/ritesh/rc-car/ros2ws/install/rslidar_msg/local/lib/python3.10/dist-packages/rslidar_msg/rslidar_msg_s__rosidl_typesupport_c.cpython-310-x86_64-linux-gnu.so
[5.163s] -- Set runtime path of "/home/ritesh/rc-car/ros2ws/install/rslidar_msg/local/lib/python3.10/dist-packages/rslidar_msg/rslidar_msg_s__rosidl_typesupport_c.cpython-310-x86_64-linux-gnu.so" to ""
[5.163s] -- Installing: /home/ritesh/rc-car/ros2ws/install/rslidar_msg/lib/librslidar_msg__rosidl_generator_py.so
[5.164s] -- Set runtime path of "/home/ritesh/rc-car/ros2ws/install/rslidar_msg/lib/librslidar_msg__rosidl_generator_py.so" to ""
[5.164s] -- Installing: /home/ritesh/rc-car/ros2ws/install/rslidar_msg/share/rslidar_msg/msg/RslidarPacket.idl
[5.164s] -- Installing: /home/ritesh/rc-car/ros2ws/install/rslidar_msg/share/rslidar_msg/msg/RslidarPacket.msg
[5.165s] -- Installing: /home/ritesh/rc-car/ros2ws/install/rslidar_msg/share/ament_index/resource_index/package_run_dependencies/rslidar_msg
[5.165s] -- Installing: /home/ritesh/rc-car/ros2ws/install/rslidar_msg/share/ament_index/resource_index/parent_prefix_path/rslidar_msg
[5.165s] -- Installing: /home/ritesh/rc-car/ros2ws/install/rslidar_msg/share/rslidar_msg/environment/ament_prefix_path.sh
[5.166s] -- Installing: /home/ritesh/rc-car/ros2ws/install/rslidar_msg/share/rslidar_msg/environment/ament_prefix_path.dsv
[5.166s] -- Installing: /home/ritesh/rc-car/ros2ws/install/rslidar_msg/share/rslidar_msg/environment/path.sh
[5.166s] -- Installing: /home/ritesh/rc-car/ros2ws/install/rslidar_msg/share/rslidar_msg/environment/path.dsv
[5.167s] -- Installing: /home/ritesh/rc-car/ros2ws/install/rslidar_msg/share/rslidar_msg/local_setup.bash
[5.167s] -- Installing: /home/ritesh/rc-car/ros2ws/install/rslidar_msg/share/rslidar_msg/local_setup.sh
[5.167s] -- Installing: /home/ritesh/rc-car/ros2ws/install/rslidar_msg/share/rslidar_msg/local_setup.zsh
[5.168s] -- Installing: /home/ritesh/rc-car/ros2ws/install/rslidar_msg/share/rslidar_msg/local_setup.dsv
[5.168s] -- Installing: /home/ritesh/rc-car/ros2ws/install/rslidar_msg/share/rslidar_msg/package.dsv
[5.168s] -- Installing: /home/ritesh/rc-car/ros2ws/install/rslidar_msg/share/ament_index/resource_index/packages/rslidar_msg
[5.169s] -- Installing: /home/ritesh/rc-car/ros2ws/install/rslidar_msg/share/rslidar_msg/cmake/export_rslidar_msg__rosidl_generator_cExport.cmake
[5.169s] -- Installing: /home/ritesh/rc-car/ros2ws/install/rslidar_msg/share/rslidar_msg/cmake/export_rslidar_msg__rosidl_generator_cExport-noconfig.cmake
[5.169s] -- Installing: /home/ritesh/rc-car/ros2ws/install/rslidar_msg/share/rslidar_msg/cmake/export_rslidar_msg__rosidl_typesupport_fastrtps_cExport.cmake
[5.170s] -- Installing: /home/ritesh/rc-car/ros2ws/install/rslidar_msg/share/rslidar_msg/cmake/export_rslidar_msg__rosidl_typesupport_fastrtps_cExport-noconfig.cmake
[5.170s] -- Installing: /home/ritesh/rc-car/ros2ws/install/rslidar_msg/share/rslidar_msg/cmake/export_rslidar_msg__rosidl_generator_cppExport.cmake
[5.170s] -- Installing: /home/ritesh/rc-car/ros2ws/install/rslidar_msg/share/rslidar_msg/cmake/export_rslidar_msg__rosidl_typesupport_fastrtps_cppExport.cmake
[5.171s] -- Installing: /home/ritesh/rc-car/ros2ws/install/rslidar_msg/share/rslidar_msg/cmake/export_rslidar_msg__rosidl_typesupport_fastrtps_cppExport-noconfig.cmake
[5.171s] -- Installing: /home/ritesh/rc-car/ros2ws/install/rslidar_msg/share/rslidar_msg/cmake/rslidar_msg__rosidl_typesupport_introspection_cExport.cmake
[5.171s] -- Installing: /home/ritesh/rc-car/ros2ws/install/rslidar_msg/share/rslidar_msg/cmake/rslidar_msg__rosidl_typesupport_introspection_cExport-noconfig.cmake
[5.171s] -- Installing: /home/ritesh/rc-car/ros2ws/install/rslidar_msg/share/rslidar_msg/cmake/rslidar_msg__rosidl_typesupport_cExport.cmake
[5.172s] -- Installing: /home/ritesh/rc-car/ros2ws/install/rslidar_msg/share/rslidar_msg/cmake/rslidar_msg__rosidl_typesupport_cExport-noconfig.cmake
[5.172s] -- Installing: /home/ritesh/rc-car/ros2ws/install/rslidar_msg/share/rslidar_msg/cmake/rslidar_msg__rosidl_typesupport_introspection_cppExport.cmake
[5.172s] -- Installing: /home/ritesh/rc-car/ros2ws/install/rslidar_msg/share/rslidar_msg/cmake/rslidar_msg__rosidl_typesupport_introspection_cppExport-noconfig.cmake
[5.173s] -- Installing: /home/ritesh/rc-car/ros2ws/install/rslidar_msg/share/rslidar_msg/cmake/rslidar_msg__rosidl_typesupport_cppExport.cmake
[5.173s] -- Installing: /home/ritesh/rc-car/ros2ws/install/rslidar_msg/share/rslidar_msg/cmake/rslidar_msg__rosidl_typesupport_cppExport-noconfig.cmake
[5.173s] -- Installing: /home/ritesh/rc-car/ros2ws/install/rslidar_msg/share/rslidar_msg/cmake/export_rslidar_msg__rosidl_generator_pyExport.cmake
[5.174s] -- Installing: /home/ritesh/rc-car/ros2ws/install/rslidar_msg/share/rslidar_msg/cmake/export_rslidar_msg__rosidl_generator_pyExport-noconfig.cmake
[5.174s] -- Installing: /home/ritesh/rc-car/ros2ws/install/rslidar_msg/share/rslidar_msg/cmake/rosidl_cmake-extras.cmake
[5.174s] -- Installing: /home/ritesh/rc-car/ros2ws/install/rslidar_msg/share/rslidar_msg/cmake/ament_cmake_export_dependencies-extras.cmake
[5.175s] -- Installing: /home/ritesh/rc-car/ros2ws/install/rslidar_msg/share/rslidar_msg/cmake/ament_cmake_export_include_directories-extras.cmake
[5.175s] -- Installing: /home/ritesh/rc-car/ros2ws/install/rslidar_msg/share/rslidar_msg/cmake/ament_cmake_export_libraries-extras.cmake
[5.175s] -- Installing: /home/ritesh/rc-car/ros2ws/install/rslidar_msg/share/rslidar_msg/cmake/ament_cmake_export_targets-extras.cmake
[5.176s] -- Installing: /home/ritesh/rc-car/ros2ws/install/rslidar_msg/share/rslidar_msg/cmake/rosidl_cmake_export_typesupport_targets-extras.cmake
[5.176s] -- Installing: /home/ritesh/rc-car/ros2ws/install/rslidar_msg/share/rslidar_msg/cmake/rosidl_cmake_export_typesupport_libraries-extras.cmake
[5.176s] -- Installing: /home/ritesh/rc-car/ros2ws/install/rslidar_msg/share/rslidar_msg/cmake/rslidar_msgConfig.cmake
[5.177s] -- Installing: /home/ritesh/rc-car/ros2ws/install/rslidar_msg/share/rslidar_msg/cmake/rslidar_msgConfig-version.cmake
[5.177s] -- Installing: /home/ritesh/rc-car/ros2ws/install/rslidar_msg/share/rslidar_msg/package.xml
[5.181s] Invoked command in '/home/ritesh/rc-car/ros2ws/build/rslidar_msg' returned '0': CMAKE_PREFIX_PATH=${CMAKE_PREFIX_PATH}:/opt/ros/humble /usr/bin/cmake --install /home/ritesh/rc-car/ros2ws/build/rslidar_msg
