[0.089s] DEBUG:colcon:Command line arguments: ['/usr/local/bin/colcon', 'build']
[0.089s] DEBUG:colcon:Parsed command line arguments: Namespace(log_base=None, log_level=None, verb_name='build', build_base='build', install_base='install', merge_install=False, symlink_install=False, test_result_base=None, continue_on_error=False, executor='parallel', parallel_workers=8, event_handlers=None, ignore_user_meta=False, metas=['./colcon.meta'], base_paths=['.'], packages_ignore=None, packages_ignore_regex=None, paths=None, packages_up_to=None, packages_up_to_regex=None, packages_above=None, packages_above_and_dependencies=None, packages_above_depth=None, packages_select_by_dep=None, packages_skip_by_dep=None, packages_skip_up_to=None, packages_select_build_failed=False, packages_skip_build_finished=False, packages_select_test_failures=False, packages_skip_test_passed=False, packages_select=None, packages_skip=None, packages_select_regex=None, packages_skip_regex=None, packages_start=None, packages_end=None, cmake_args=None, cmake_target=None, cmake_target_skip_unavailable=False, cmake_clean_cache=False, cmake_clean_first=False, cmake_force_configure=False, ament_cmake_args=None, catkin_cmake_args=None, catkin_skip_building_tests=False, verb_parser=<colcon_defaults.argument_parser.defaults.DefaultArgumentsDecorator object at 0x732e16771b40>, verb_extension=<colcon_core.verb.build.BuildVerb object at 0x732e16770d00>, main=<bound method BuildVerb.main of <colcon_core.verb.build.BuildVerb object at 0x732e16770d00>>)
[0.186s] Level 1:colcon.colcon_core.package_discovery:discover_packages(colcon_meta) check parameters
[0.187s] Level 1:colcon.colcon_core.package_discovery:discover_packages(recursive) check parameters
[0.187s] Level 1:colcon.colcon_core.package_discovery:discover_packages(ignore) check parameters
[0.187s] Level 1:colcon.colcon_core.package_discovery:discover_packages(path) check parameters
[0.187s] Level 1:colcon.colcon_core.package_discovery:discover_packages(colcon_meta) discover
[0.187s] Level 1:colcon.colcon_core.package_discovery:discover_packages(recursive) discover
[0.187s] INFO:colcon.colcon_core.package_discovery:Crawling recursively for packages in '/home/ritesh/rc-car/ros2ws'
[0.187s] Level 1:colcon.colcon_core.package_identification:_identify(.) by extensions ['ignore', 'ignore_ament_install']
[0.187s] Level 1:colcon.colcon_core.package_identification:_identify(.) by extension 'ignore'
[0.187s] Level 1:colcon.colcon_core.package_identification:_identify(.) by extension 'ignore_ament_install'
[0.187s] Level 1:colcon.colcon_core.package_identification:_identify(.) by extensions ['colcon_pkg']
[0.187s] Level 1:colcon.colcon_core.package_identification:_identify(.) by extension 'colcon_pkg'
[0.187s] Level 1:colcon.colcon_core.package_identification:_identify(.) by extensions ['colcon_meta']
[0.187s] Level 1:colcon.colcon_core.package_identification:_identify(.) by extension 'colcon_meta'
[0.187s] Level 1:colcon.colcon_core.package_identification:_identify(.) by extensions ['ros']
[0.187s] Level 1:colcon.colcon_core.package_identification:_identify(.) by extension 'ros'
[0.195s] Level 1:colcon.colcon_core.package_identification:_identify(.) by extensions ['cmake', 'python']
[0.195s] Level 1:colcon.colcon_core.package_identification:_identify(.) by extension 'cmake'
[0.195s] Level 1:colcon.colcon_core.package_identification:_identify(.) by extension 'python'
[0.195s] Level 1:colcon.colcon_core.package_identification:_identify(.) by extensions ['python_setup_py']
[0.195s] Level 1:colcon.colcon_core.package_identification:_identify(.) by extension 'python_setup_py'
[0.195s] Level 1:colcon.colcon_core.package_identification:_identify(build) by extensions ['ignore', 'ignore_ament_install']
[0.195s] Level 1:colcon.colcon_core.package_identification:_identify(build) by extension 'ignore'
[0.195s] Level 1:colcon.colcon_core.package_identification:_identify(build) ignored
[0.195s] Level 1:colcon.colcon_core.package_identification:_identify(eufs_msgs) by extensions ['ignore', 'ignore_ament_install']
[0.195s] Level 1:colcon.colcon_core.package_identification:_identify(eufs_msgs) by extension 'ignore'
[0.195s] Level 1:colcon.colcon_core.package_identification:_identify(eufs_msgs) by extension 'ignore_ament_install'
[0.195s] Level 1:colcon.colcon_core.package_identification:_identify(eufs_msgs) by extensions ['colcon_pkg']
[0.195s] Level 1:colcon.colcon_core.package_identification:_identify(eufs_msgs) by extension 'colcon_pkg'
[0.195s] Level 1:colcon.colcon_core.package_identification:_identify(eufs_msgs) by extensions ['colcon_meta']
[0.195s] Level 1:colcon.colcon_core.package_identification:_identify(eufs_msgs) by extension 'colcon_meta'
[0.195s] Level 1:colcon.colcon_core.package_identification:_identify(eufs_msgs) by extensions ['ros']
[0.195s] Level 1:colcon.colcon_core.package_identification:_identify(eufs_msgs) by extension 'ros'
[0.197s] DEBUG:colcon.colcon_core.package_identification:Package 'eufs_msgs' with type 'ros.ament_cmake' and name 'eufs_msgs'
[0.197s] Level 1:colcon.colcon_core.package_identification:_identify(install) by extensions ['ignore', 'ignore_ament_install']
[0.197s] Level 1:colcon.colcon_core.package_identification:_identify(install) by extension 'ignore'
[0.197s] Level 1:colcon.colcon_core.package_identification:_identify(install) ignored
[0.198s] Level 1:colcon.colcon_core.package_identification:_identify(log) by extensions ['ignore', 'ignore_ament_install']
[0.198s] Level 1:colcon.colcon_core.package_identification:_identify(log) by extension 'ignore'
[0.198s] Level 1:colcon.colcon_core.package_identification:_identify(log) ignored
[0.198s] Level 1:colcon.colcon_core.package_identification:_identify(read_data) by extensions ['ignore', 'ignore_ament_install']
[0.198s] Level 1:colcon.colcon_core.package_identification:_identify(read_data) by extension 'ignore'
[0.198s] Level 1:colcon.colcon_core.package_identification:_identify(read_data) by extension 'ignore_ament_install'
[0.198s] Level 1:colcon.colcon_core.package_identification:_identify(read_data) by extensions ['colcon_pkg']
[0.198s] Level 1:colcon.colcon_core.package_identification:_identify(read_data) by extension 'colcon_pkg'
[0.198s] Level 1:colcon.colcon_core.package_identification:_identify(read_data) by extensions ['colcon_meta']
[0.198s] Level 1:colcon.colcon_core.package_identification:_identify(read_data) by extension 'colcon_meta'
[0.198s] Level 1:colcon.colcon_core.package_identification:_identify(read_data) by extensions ['ros']
[0.198s] Level 1:colcon.colcon_core.package_identification:_identify(read_data) by extension 'ros'
[0.198s] DEBUG:colcon.colcon_core.package_identification:Failed to parse potential ROS package manifest in'read_data': Error(s) in package 'read_data/package.xml':
The manifest contains invalid XML:
mismatched tag: line 23, column 2
[0.198s] Level 1:colcon.colcon_core.package_identification:_identify(read_data) by extensions ['cmake', 'python']
[0.198s] Level 1:colcon.colcon_core.package_identification:_identify(read_data) by extension 'cmake'
[0.198s] Level 1:colcon.colcon_core.package_identification:_identify(read_data) by extension 'python'
[0.198s] DEBUG:colcon.colcon_core.package_identification:Python package in 'read_data' passes arguments to the setup() function which requires a different identification extension than 'python'
[0.198s] Level 1:colcon.colcon_core.package_identification:_identify(read_data) by extensions ['python_setup_py']
[0.198s] Level 1:colcon.colcon_core.package_identification:_identify(read_data) by extension 'python_setup_py'
[0.365s] DEBUG:colcon.colcon_core.package_identification:Package 'read_data' with type 'python' and name 'read_data'
[0.365s] Level 1:colcon.colcon_core.package_identification:_identify(src) by extensions ['ignore', 'ignore_ament_install']
[0.365s] Level 1:colcon.colcon_core.package_identification:_identify(src) by extension 'ignore'
[0.365s] Level 1:colcon.colcon_core.package_identification:_identify(src) by extension 'ignore_ament_install'
[0.365s] Level 1:colcon.colcon_core.package_identification:_identify(src) by extensions ['colcon_pkg']
[0.365s] Level 1:colcon.colcon_core.package_identification:_identify(src) by extension 'colcon_pkg'
[0.365s] Level 1:colcon.colcon_core.package_identification:_identify(src) by extensions ['colcon_meta']
[0.365s] Level 1:colcon.colcon_core.package_identification:_identify(src) by extension 'colcon_meta'
[0.365s] Level 1:colcon.colcon_core.package_identification:_identify(src) by extensions ['ros']
[0.366s] Level 1:colcon.colcon_core.package_identification:_identify(src) by extension 'ros'
[0.366s] Level 1:colcon.colcon_core.package_identification:_identify(src) by extensions ['cmake', 'python']
[0.366s] Level 1:colcon.colcon_core.package_identification:_identify(src) by extension 'cmake'
[0.366s] Level 1:colcon.colcon_core.package_identification:_identify(src) by extension 'python'
[0.366s] Level 1:colcon.colcon_core.package_identification:_identify(src) by extensions ['python_setup_py']
[0.366s] Level 1:colcon.colcon_core.package_identification:_identify(src) by extension 'python_setup_py'
[0.366s] Level 1:colcon.colcon_core.package_discovery:discover_packages(recursive) using defaults
[0.366s] Level 1:colcon.colcon_core.package_discovery:discover_packages(ignore) discover
[0.366s] Level 1:colcon.colcon_core.package_discovery:discover_packages(ignore) using defaults
[0.366s] Level 1:colcon.colcon_core.package_discovery:discover_packages(path) discover
[0.366s] Level 1:colcon.colcon_core.package_discovery:discover_packages(path) using defaults
[0.380s] Level 5:colcon.colcon_core.verb:set package 'eufs_msgs' build argument 'cmake_args' from command line to 'None'
[0.380s] Level 5:colcon.colcon_core.verb:set package 'eufs_msgs' build argument 'cmake_target' from command line to 'None'
[0.380s] Level 5:colcon.colcon_core.verb:set package 'eufs_msgs' build argument 'cmake_target_skip_unavailable' from command line to 'False'
[0.380s] Level 5:colcon.colcon_core.verb:set package 'eufs_msgs' build argument 'cmake_clean_cache' from command line to 'False'
[0.380s] Level 5:colcon.colcon_core.verb:set package 'eufs_msgs' build argument 'cmake_clean_first' from command line to 'False'
[0.380s] Level 5:colcon.colcon_core.verb:set package 'eufs_msgs' build argument 'cmake_force_configure' from command line to 'False'
[0.380s] Level 5:colcon.colcon_core.verb:set package 'eufs_msgs' build argument 'ament_cmake_args' from command line to 'None'
[0.380s] Level 5:colcon.colcon_core.verb:set package 'eufs_msgs' build argument 'catkin_cmake_args' from command line to 'None'
[0.380s] Level 5:colcon.colcon_core.verb:set package 'eufs_msgs' build argument 'catkin_skip_building_tests' from command line to 'False'
[0.380s] DEBUG:colcon.colcon_core.verb:Building package 'eufs_msgs' with the following arguments: {'ament_cmake_args': None, 'build_base': '/home/ritesh/rc-car/ros2ws/build/eufs_msgs', 'catkin_cmake_args': None, 'catkin_skip_building_tests': False, 'cmake_args': None, 'cmake_clean_cache': False, 'cmake_clean_first': False, 'cmake_force_configure': False, 'cmake_target': None, 'cmake_target_skip_unavailable': False, 'install_base': '/home/ritesh/rc-car/ros2ws/install/eufs_msgs', 'merge_install': False, 'path': '/home/ritesh/rc-car/ros2ws/eufs_msgs', 'symlink_install': False, 'test_result_base': None}
[0.380s] Level 5:colcon.colcon_core.verb:set package 'read_data' build argument 'cmake_args' from command line to 'None'
[0.380s] Level 5:colcon.colcon_core.verb:set package 'read_data' build argument 'cmake_target' from command line to 'None'
[0.380s] Level 5:colcon.colcon_core.verb:set package 'read_data' build argument 'cmake_target_skip_unavailable' from command line to 'False'
[0.380s] Level 5:colcon.colcon_core.verb:set package 'read_data' build argument 'cmake_clean_cache' from command line to 'False'
[0.380s] Level 5:colcon.colcon_core.verb:set package 'read_data' build argument 'cmake_clean_first' from command line to 'False'
[0.380s] Level 5:colcon.colcon_core.verb:set package 'read_data' build argument 'cmake_force_configure' from command line to 'False'
[0.380s] Level 5:colcon.colcon_core.verb:set package 'read_data' build argument 'ament_cmake_args' from command line to 'None'
[0.381s] Level 5:colcon.colcon_core.verb:set package 'read_data' build argument 'catkin_cmake_args' from command line to 'None'
[0.381s] Level 5:colcon.colcon_core.verb:set package 'read_data' build argument 'catkin_skip_building_tests' from command line to 'False'
[0.381s] DEBUG:colcon.colcon_core.verb:Building package 'read_data' with the following arguments: {'ament_cmake_args': None, 'build_base': '/home/ritesh/rc-car/ros2ws/build/read_data', 'catkin_cmake_args': None, 'catkin_skip_building_tests': False, 'cmake_args': None, 'cmake_clean_cache': False, 'cmake_clean_first': False, 'cmake_force_configure': False, 'cmake_target': None, 'cmake_target_skip_unavailable': False, 'install_base': '/home/ritesh/rc-car/ros2ws/install/read_data', 'merge_install': False, 'path': '/home/ritesh/rc-car/ros2ws/read_data', 'symlink_install': False, 'test_result_base': None}
[0.381s] INFO:colcon.colcon_core.executor:Executing jobs using 'parallel' executor
[0.382s] DEBUG:colcon.colcon_parallel_executor.executor.parallel:run_until_complete
[0.382s] INFO:colcon.colcon_ros.task.ament_cmake.build:Building ROS package in '/home/ritesh/rc-car/ros2ws/eufs_msgs' with build type 'ament_cmake'
[0.382s] INFO:colcon.colcon_cmake.task.cmake.build:Building CMake package in '/home/ritesh/rc-car/ros2ws/eufs_msgs'
[0.383s] INFO:colcon.colcon_core.plugin_system:Skipping extension 'colcon_core.shell.bat': Not used on non-Windows systems
[0.383s] INFO:colcon.colcon_core.shell:Skip shell extension 'powershell' for command environment: Not usable outside of PowerShell
[0.384s] DEBUG:colcon.colcon_core.shell:Skip shell extension 'dsv' for command environment
[0.387s] INFO:colcon.colcon_core.task.python.build:Building Python package in '/home/ritesh/rc-car/ros2ws/read_data'
[0.387s] INFO:colcon.colcon_core.shell:Skip shell extension 'powershell' for command environment: Not usable outside of PowerShell
[0.387s] DEBUG:colcon.colcon_core.shell:Skip shell extension 'dsv' for command environment
[0.393s] DEBUG:colcon.colcon_core.event_handler.log_command:Invoking command in '/home/ritesh/rc-car/ros2ws/build/eufs_msgs': CMAKE_PREFIX_PATH=/opt/ros/humble /usr/bin/cmake --build /home/ritesh/rc-car/ros2ws/build/eufs_msgs -- -j8 -l8
[0.565s] DEBUG:colcon.colcon_core.event_handler.log_command:Invoked command in '/home/ritesh/rc-car/ros2ws/build/eufs_msgs' returned '2': CMAKE_PREFIX_PATH=/opt/ros/humble /usr/bin/cmake --build /home/ritesh/rc-car/ros2ws/build/eufs_msgs -- -j8 -l8
[0.893s] DEBUG:colcon.colcon_core.event_handler.log_command:Invoking command in '/home/ritesh/rc-car/ros2ws/read_data': PYTHONPATH=/home/ritesh/rc-car/ros2ws/build/read_data/prefix_override:/usr/local/lib/python3.10/dist-packages/colcon_core/task/python/colcon_distutils_commands:/home/ritesh/rc-car/ros2ws/install/read_data/lib/python3.10/site-packages:${PYTHONPATH} /usr/bin/python3 -W ignore:setup.py install is deprecated setup.py egg_info --egg-base ../build/read_data build --build-base /home/ritesh/rc-car/ros2ws/build/read_data/build install --record /home/ritesh/rc-car/ros2ws/build/read_data/install.log --single-version-externally-managed install_data
[1.088s] DEBUG:colcon.colcon_core.event_handler.log_command:Invoked command in '/home/ritesh/rc-car/ros2ws/read_data' returned '0': PYTHONPATH=/home/ritesh/rc-car/ros2ws/build/read_data/prefix_override:/usr/local/lib/python3.10/dist-packages/colcon_core/task/python/colcon_distutils_commands:/home/ritesh/rc-car/ros2ws/install/read_data/lib/python3.10/site-packages:${PYTHONPATH} /usr/bin/python3 -W ignore:setup.py install is deprecated setup.py egg_info --egg-base ../build/read_data build --build-base /home/ritesh/rc-car/ros2ws/build/read_data/build install --record /home/ritesh/rc-car/ros2ws/build/read_data/install.log --single-version-externally-managed install_data
[1.090s] Level 1:colcon.colcon_core.environment:checking '/home/ritesh/rc-car/ros2ws/install/read_data' for CMake module files
[1.090s] Level 1:colcon.colcon_core.environment:checking '/home/ritesh/rc-car/ros2ws/install/read_data' for CMake config files
[1.091s] Level 1:colcon.colcon_core.environment:checking '/home/ritesh/rc-car/ros2ws/install/read_data/lib'
[1.091s] Level 1:colcon.colcon_core.environment:checking '/home/ritesh/rc-car/ros2ws/install/read_data/bin'
[1.091s] Level 1:colcon.colcon_core.environment:checking '/home/ritesh/rc-car/ros2ws/install/read_data/lib/pkgconfig/read_data.pc'
[1.091s] Level 1:colcon.colcon_core.environment:checking '/home/ritesh/rc-car/ros2ws/install/read_data/lib/python3.10/site-packages'
[1.091s] Level 1:colcon.colcon_core.shell:create_environment_hook('read_data', 'pythonpath')
[1.092s] INFO:colcon.colcon_core.shell:Creating environment hook '/home/ritesh/rc-car/ros2ws/install/read_data/share/read_data/hook/pythonpath.ps1'
[1.092s] INFO:colcon.colcon_core.shell:Creating environment descriptor '/home/ritesh/rc-car/ros2ws/install/read_data/share/read_data/hook/pythonpath.dsv'
[1.092s] INFO:colcon.colcon_core.shell:Creating environment hook '/home/ritesh/rc-car/ros2ws/install/read_data/share/read_data/hook/pythonpath.sh'
[1.093s] Level 1:colcon.colcon_core.environment:checking '/home/ritesh/rc-car/ros2ws/install/read_data/bin'
[1.093s] Level 1:colcon.colcon_core.environment:create_environment_scripts_only(read_data)
[1.094s] INFO:colcon.colcon_core.shell:Creating package script '/home/ritesh/rc-car/ros2ws/install/read_data/share/read_data/package.ps1'
[1.094s] INFO:colcon.colcon_core.shell:Creating package descriptor '/home/ritesh/rc-car/ros2ws/install/read_data/share/read_data/package.dsv'
[1.095s] INFO:colcon.colcon_core.shell:Creating package script '/home/ritesh/rc-car/ros2ws/install/read_data/share/read_data/package.sh'
[1.095s] INFO:colcon.colcon_core.shell:Creating package script '/home/ritesh/rc-car/ros2ws/install/read_data/share/read_data/package.bash'
[1.096s] INFO:colcon.colcon_core.shell:Creating package script '/home/ritesh/rc-car/ros2ws/install/read_data/share/read_data/package.zsh'
[1.097s] Level 1:colcon.colcon_core.environment:create_file_with_runtime_dependencies(/home/ritesh/rc-car/ros2ws/install/read_data/share/colcon-core/packages/read_data)
[1.757s] Level 1:colcon.colcon_core.environment:create_environment_scripts_only(eufs_msgs)
[1.758s] Level 1:colcon.colcon_core.environment:checking '/home/ritesh/rc-car/ros2ws/install/eufs_msgs' for CMake module files
[1.758s] Level 1:colcon.colcon_core.environment:checking '/home/ritesh/rc-car/ros2ws/install/eufs_msgs' for CMake config files
[1.760s] Level 1:colcon.colcon_core.shell:create_environment_hook('eufs_msgs', 'cmake_prefix_path')
[1.760s] INFO:colcon.colcon_core.shell:Creating environment hook '/home/ritesh/rc-car/ros2ws/install/eufs_msgs/share/eufs_msgs/hook/cmake_prefix_path.ps1'
[1.760s] INFO:colcon.colcon_core.shell:Creating environment descriptor '/home/ritesh/rc-car/ros2ws/install/eufs_msgs/share/eufs_msgs/hook/cmake_prefix_path.dsv'
[1.761s] INFO:colcon.colcon_core.shell:Creating environment hook '/home/ritesh/rc-car/ros2ws/install/eufs_msgs/share/eufs_msgs/hook/cmake_prefix_path.sh'
[1.761s] Level 1:colcon.colcon_core.environment:checking '/home/ritesh/rc-car/ros2ws/install/eufs_msgs/lib'
[1.761s] Level 1:colcon.colcon_core.shell:create_environment_hook('eufs_msgs', 'ld_library_path_lib')
[1.761s] INFO:colcon.colcon_core.shell:Creating environment hook '/home/ritesh/rc-car/ros2ws/install/eufs_msgs/share/eufs_msgs/hook/ld_library_path_lib.ps1'
[1.762s] INFO:colcon.colcon_core.shell:Creating environment descriptor '/home/ritesh/rc-car/ros2ws/install/eufs_msgs/share/eufs_msgs/hook/ld_library_path_lib.dsv'
[1.762s] INFO:colcon.colcon_core.shell:Creating environment hook '/home/ritesh/rc-car/ros2ws/install/eufs_msgs/share/eufs_msgs/hook/ld_library_path_lib.sh'
[1.762s] Level 1:colcon.colcon_core.environment:checking '/home/ritesh/rc-car/ros2ws/install/eufs_msgs/bin'
[1.762s] Level 1:colcon.colcon_core.environment:checking '/home/ritesh/rc-car/ros2ws/install/eufs_msgs/lib/pkgconfig/eufs_msgs.pc'
[1.763s] Level 1:colcon.colcon_core.environment:checking '/home/ritesh/rc-car/ros2ws/install/eufs_msgs/lib/python3.10/site-packages'
[1.763s] Level 1:colcon.colcon_core.environment:checking '/home/ritesh/rc-car/ros2ws/install/eufs_msgs/bin'
[1.763s] INFO:colcon.colcon_core.shell:Creating package script '/home/ritesh/rc-car/ros2ws/install/eufs_msgs/share/eufs_msgs/package.ps1'
[1.763s] INFO:colcon.colcon_core.shell:Creating package descriptor '/home/ritesh/rc-car/ros2ws/install/eufs_msgs/share/eufs_msgs/package.dsv'
[1.764s] INFO:colcon.colcon_core.shell:Creating package script '/home/ritesh/rc-car/ros2ws/install/eufs_msgs/share/eufs_msgs/package.sh'
[1.764s] INFO:colcon.colcon_core.shell:Creating package script '/home/ritesh/rc-car/ros2ws/install/eufs_msgs/share/eufs_msgs/package.bash'
[1.765s] INFO:colcon.colcon_core.shell:Creating package script '/home/ritesh/rc-car/ros2ws/install/eufs_msgs/share/eufs_msgs/package.zsh'
[1.765s] Level 1:colcon.colcon_core.environment:create_file_with_runtime_dependencies(/home/ritesh/rc-car/ros2ws/install/eufs_msgs/share/colcon-core/packages/eufs_msgs)
[1.765s] DEBUG:colcon.colcon_parallel_executor.executor.parallel:closing loop
[1.765s] DEBUG:colcon.colcon_parallel_executor.executor.parallel:loop closed
[1.765s] DEBUG:colcon.colcon_parallel_executor.executor.parallel:run_until_complete finished with '2'
[1.766s] DEBUG:colcon.colcon_core.event_reactor:joining thread
[1.769s] INFO:colcon.colcon_core.plugin_system:Skipping extension 'colcon_notification.desktop_notification.terminal_notifier': Not used on non-Darwin systems
[1.770s] INFO:colcon.colcon_core.plugin_system:Skipping extension 'colcon_notification.desktop_notification.win32': Not used on non-Windows systems
[1.770s] INFO:colcon.colcon_notification.desktop_notification:Sending desktop notification using 'notify2'
[26.795s] DEBUG:colcon.colcon_notification.desktop_notification.notify2:Failed to initialize notify2: org.freedesktop.DBus.Error.NoReply: Did not receive a reply. Possible causes include: the remote application did not send a reply, the message bus security policy blocked the reply, the reply timeout expired, or the network connection was broken.
[26.795s] DEBUG:colcon.colcon_core.event_reactor:joined thread
[26.796s] INFO:colcon.colcon_core.shell:Creating prefix script '/home/ritesh/rc-car/ros2ws/install/local_setup.ps1'
[26.797s] INFO:colcon.colcon_core.shell:Creating prefix util module '/home/ritesh/rc-car/ros2ws/install/_local_setup_util_ps1.py'
[26.798s] INFO:colcon.colcon_core.shell:Creating prefix chain script '/home/ritesh/rc-car/ros2ws/install/setup.ps1'
[26.798s] INFO:colcon.colcon_core.shell:Creating prefix script '/home/ritesh/rc-car/ros2ws/install/local_setup.sh'
[26.799s] INFO:colcon.colcon_core.shell:Creating prefix util module '/home/ritesh/rc-car/ros2ws/install/_local_setup_util_sh.py'
[26.799s] INFO:colcon.colcon_core.shell:Creating prefix chain script '/home/ritesh/rc-car/ros2ws/install/setup.sh'
[26.800s] INFO:colcon.colcon_core.shell:Creating prefix script '/home/ritesh/rc-car/ros2ws/install/local_setup.bash'
[26.801s] INFO:colcon.colcon_core.shell:Creating prefix chain script '/home/ritesh/rc-car/ros2ws/install/setup.bash'
[26.801s] INFO:colcon.colcon_core.shell:Creating prefix script '/home/ritesh/rc-car/ros2ws/install/local_setup.zsh'
[26.802s] INFO:colcon.colcon_core.shell:Creating prefix chain script '/home/ritesh/rc-car/ros2ws/install/setup.zsh'
